#
# There is insufficient memory for the Java Runtime Environment to continue.
# Native memory allocation (mmap) failed to map 65536 bytes. Error detail: Failed to commit metaspace.
# Possible reasons:
#   The system is out of physical RAM or swap space
#   This process is running with CompressedOops enabled, and the Java Heap may be blocking the growth of the native heap
# Possible solutions:
#   Reduce memory load on the system
#   Increase physical memory or swap space
#   Check if swap backing store is full
#   Decrease Java heap size (-Xmx/-Xms)
#   Decrease number of Java threads
#   Decrease Java thread stack sizes (-Xss)
#   Set larger code cache with -XX:ReservedCodeCacheSize=
#   JVM is running with Unscaled Compressed Oops mode in which the Java heap is
#     placed in the first 4GB address space. The Java Heap base address is the
#     maximum limit for the native heap growth. Please use -XX:HeapBaseMinAddress
#     to set the Java Heap base and to place the Java Heap above 4GB virtual address.
# This output file may be truncated or incomplete.
#
#  Out of Memory Error (virtualSpaceNode.cpp:110), pid=12516, tid=16188
#
# JRE version: OpenJDK Runtime Environment Temurin-17.0.11+9 (17.0.11+9) (build 17.0.11+9)
# Java VM: OpenJDK 64-Bit Server VM Temurin-17.0.11+9 (17.0.11+9, mixed mode, sharing, tiered, compressed oops, compressed class ptrs, g1 gc, windows-amd64)
# No core dump will be written. Minidumps are not enabled by default on client versions of Windows
#

---------------  S U M M A R Y ------------

Command Line: --add-opens=java.base/java.util=ALL-UNNAMED --add-opens=java.base/java.lang=ALL-UNNAMED --add-opens=java.base/java.lang.invoke=ALL-UNNAMED --add-opens=java.prefs/java.util.prefs=ALL-UNNAMED --add-opens=java.base/java.nio.charset=ALL-UNNAMED --add-opens=java.base/java.net=ALL-UNNAMED --add-opens=java.base/java.util.concurrent.atomic=ALL-UNNAMED -XX:MaxMetaspaceSize=384m -XX:+HeapDumpOnOutOfMemoryError -Xms256m -Xmx512m -Dfile.encoding=UTF-8 -Duser.country=KR -Duser.language=ko -Duser.variant -javaagent:C:\Users\USER\.gradle\wrapper\dists\gradle-8.8-bin\dl7vupf4psengwqhwktix4v1\gradle-8.8\lib\agents\gradle-instrumentation-agent-8.8.jar org.gradle.launcher.daemon.bootstrap.GradleDaemon 8.8

Host: Intel(R) Core(TM) i5-8250U CPU @ 1.60GHz, 8 cores, 7G,  Windows 11 , 64 bit Build 22621 (10.0.22621.3672)
Time: Fri Jul 19 10:32:22 2024  Windows 11 , 64 bit Build 22621 (10.0.22621.3672) elapsed time: 651.734658 seconds (0d 0h 10m 51s)

---------------  T H R E A D  ---------------

Current thread (0x000001661ca800f0):  JavaThread "C1 CompilerThread0" daemon [_thread_in_vm, id=16188, stack(0x0000001569900000,0x0000001569a00000)]


Current CompileTask:
C1: 651734 5395       3       org.gradle.internal.snapshot.impl.StringValueSnapshot::getValue (5 bytes)

Stack: [0x0000001569900000,0x0000001569a00000]
Native frames: (J=compiled Java code, j=interpreted, Vv=VM code, C=native code)
V  [jvm.dll+0x67d429]
V  [jvm.dll+0x834b7a]
V  [jvm.dll+0x83663e]
V  [jvm.dll+0x836ca3]
V  [jvm.dll+0x247dbf]
V  [jvm.dll+0x83083b]
V  [jvm.dll+0x621d56]
V  [jvm.dll+0x1c1b3e]
V  [jvm.dll+0x6246b1]
V  [jvm.dll+0x6226f6]
V  [jvm.dll+0x633a4a]
V  [jvm.dll+0x62c7ea]
V  [jvm.dll+0x1cdd30]
V  [jvm.dll+0x1cdf20]
V  [jvm.dll+0x135e7e]
V  [jvm.dll+0x1361a6]
V  [jvm.dll+0x13563a]
V  [jvm.dll+0x1372f1]
V  [jvm.dll+0x2295cd]
V  [jvm.dll+0x22779c]
V  [jvm.dll+0x7e9d07]
V  [jvm.dll+0x7e410a]
V  [jvm.dll+0x67c315]
C  [ucrtbase.dll+0x29333]
C  [KERNEL32.DLL+0x1257d]
C  [ntdll.dll+0x5af28]


---------------  P R O C E S S  ---------------

Threads class SMR info:
_java_thread_list=0x0000016637f6a4f0, length=43, elements={
0x0000016601dec640, 0x000001661c960c60, 0x000001661c961ae0, 0x000001661c9751d0,
0x000001661c975ba0, 0x000001661c976760, 0x000001661c979130, 0x000001661c979ed0,
0x000001661ca800f0, 0x000001661c9bbb90, 0x000001661c94b530, 0x000001661cc81a00,
0x0000016636acd040, 0x0000016636eafff0, 0x00000166371175d0, 0x00000166371b94f0,
0x000001661ce30630, 0x00000166375ef880, 0x0000016636dc4e70, 0x00000166370f40a0,
0x00000166370f3170, 0x00000166370f08f0, 0x00000166370f1d30, 0x00000166370f2750,
0x00000166370f2240, 0x00000166370f3b90, 0x00000166370f1820, 0x0000016637d96300,
0x0000016637d99ab0, 0x0000016637d93a80, 0x0000016637d98b80, 0x0000016637d97c50,
0x0000016637d98160, 0x0000016637d9a4d0, 0x0000016637d98670, 0x0000016637d99fc0,
0x0000016637d93060, 0x0000016637d96d20, 0x0000016637d97230, 0x0000016637d9a9e0,
0x0000016637d953d0, 0x0000016637d958e0, 0x0000016637d949b0
}

Java Threads: ( => current thread )
  0x0000016601dec640 JavaThread "main" [_thread_blocked, id=25572, stack(0x0000001568b00000,0x0000001568c00000)]
  0x000001661c960c60 JavaThread "Reference Handler" daemon [_thread_blocked, id=26444, stack(0x0000001569200000,0x0000001569300000)]
  0x000001661c961ae0 JavaThread "Finalizer" daemon [_thread_blocked, id=428, stack(0x0000001569300000,0x0000001569400000)]
  0x000001661c9751d0 JavaThread "Signal Dispatcher" daemon [_thread_blocked, id=9000, stack(0x0000001569400000,0x0000001569500000)]
  0x000001661c975ba0 JavaThread "Attach Listener" daemon [_thread_blocked, id=15796, stack(0x0000001569500000,0x0000001569600000)]
  0x000001661c976760 JavaThread "Service Thread" daemon [_thread_blocked, id=22480, stack(0x0000001569600000,0x0000001569700000)]
  0x000001661c979130 JavaThread "Monitor Deflation Thread" daemon [_thread_blocked, id=18284, stack(0x0000001569700000,0x0000001569800000)]
  0x000001661c979ed0 JavaThread "C2 CompilerThread0" daemon [_thread_blocked, id=28684, stack(0x0000001569800000,0x0000001569900000)]
=>0x000001661ca800f0 JavaThread "C1 CompilerThread0" daemon [_thread_in_vm, id=16188, stack(0x0000001569900000,0x0000001569a00000)]
  0x000001661c9bbb90 JavaThread "Sweeper thread" daemon [_thread_blocked, id=34284, stack(0x0000001569a00000,0x0000001569b00000)]
  0x000001661c94b530 JavaThread "Common-Cleaner" daemon [_thread_blocked, id=19272, stack(0x0000001569b00000,0x0000001569c00000)]
  0x000001661cc81a00 JavaThread "Notification Thread" daemon [_thread_blocked, id=23180, stack(0x0000001569c00000,0x0000001569d00000)]
  0x0000016636acd040 JavaThread "Daemon health stats" [_thread_blocked, id=37396, stack(0x000000156a200000,0x000000156a300000)]
  0x0000016636eafff0 JavaThread "Incoming local TCP Connector on port 1260" [_thread_in_native, id=26920, stack(0x000000156a600000,0x000000156a700000)]
  0x00000166371175d0 JavaThread "Daemon periodic checks" [_thread_blocked, id=22176, stack(0x000000156a700000,0x000000156a800000)]
  0x00000166371b94f0 JavaThread "Daemon" [_thread_blocked, id=24536, stack(0x000000156a800000,0x000000156a900000)]
  0x000001661ce30630 JavaThread "Handler for socket connection from /127.0.0.1:1260 to /127.0.0.1:1266" [_thread_in_native, id=27700, stack(0x000000156a900000,0x000000156aa00000)]
  0x00000166375ef880 JavaThread "Cancel handler" [_thread_blocked, id=37084, stack(0x000000156aa00000,0x000000156ab00000)]
  0x0000016636dc4e70 JavaThread "Daemon worker" [_thread_blocked, id=18000, stack(0x000000156ab00000,0x000000156ac00000)]
  0x00000166370f40a0 JavaThread "Asynchronous log dispatcher for DefaultDaemonConnection: socket connection from /127.0.0.1:1260 to /127.0.0.1:1266" [_thread_blocked, id=37668, stack(0x000000156ac00000,0x000000156ad00000)]
  0x00000166370f3170 JavaThread "Stdin handler" [_thread_blocked, id=3080, stack(0x000000156ad00000,0x000000156ae00000)]
  0x00000166370f08f0 JavaThread "Daemon client event forwarder" [_thread_blocked, id=28492, stack(0x000000156ae00000,0x000000156af00000)]
  0x00000166370f1d30 JavaThread "Cache worker for journal cache (C:\Users\USER\.gradle\caches\journal-1)" [_thread_blocked, id=37772, stack(0x000000156b100000,0x000000156b200000)]
  0x00000166370f2750 JavaThread "File lock request listener" [_thread_in_native, id=37516, stack(0x000000156b200000,0x000000156b300000)]
  0x00000166370f2240 JavaThread "Cache worker for file hash cache (C:\Users\USER\.gradle\caches\8.8\fileHashes)" [_thread_blocked, id=37572, stack(0x000000156b400000,0x000000156b500000)]
  0x00000166370f3b90 JavaThread "Cache worker for file hash cache (C:\otk\spring\demo\.gradle\8.8\fileHashes)" [_thread_blocked, id=37788, stack(0x000000156b500000,0x000000156b600000)]
  0x00000166370f1820 JavaThread "File watcher server" daemon [_thread_in_native, id=23764, stack(0x000000156b600000,0x000000156b700000)]
  0x0000016637d96300 JavaThread "File watcher consumer" daemon [_thread_blocked, id=22124, stack(0x000000156b700000,0x000000156b800000)]
  0x0000016637d99ab0 JavaThread "Cache worker for checksums cache (C:\otk\spring\demo\.gradle\8.8\checksums)" [_thread_blocked, id=30176, stack(0x000000156b900000,0x000000156ba00000)]
  0x0000016637d93a80 JavaThread "Cache worker for file content cache (C:\Users\USER\.gradle\caches\8.8\fileContent)" [_thread_blocked, id=29296, stack(0x000000156ba00000,0x000000156bb00000)]
  0x0000016637d98b80 JavaThread "Cache worker for cache directory md-rule (C:\Users\USER\.gradle\caches\8.8\md-rule)" [_thread_blocked, id=37456, stack(0x000000156bb00000,0x000000156bc00000)]
  0x0000016637d97c50 JavaThread "Cache worker for cache directory md-supplier (C:\Users\USER\.gradle\caches\8.8\md-supplier)" [_thread_blocked, id=37752, stack(0x000000156bc00000,0x000000156bd00000)]
  0x0000016637d98160 JavaThread "jar transforms" [_thread_blocked, id=37764, stack(0x000000156bd00000,0x000000156be00000)]
  0x0000016637d9a4d0 JavaThread "jar transforms Thread 2" [_thread_blocked, id=38104, stack(0x000000156a100000,0x000000156a200000)]
  0x0000016637d98670 JavaThread "File lock release action executor Thread 2" [_thread_blocked, id=11236, stack(0x000000156a300000,0x000000156a400000)]
  0x0000016637d99fc0 JavaThread "jar transforms Thread 3" [_thread_blocked, id=23020, stack(0x000000156b300000,0x000000156b400000)]
  0x0000016637d93060 JavaThread "jar transforms Thread 4" [_thread_blocked, id=37648, stack(0x000000156be00000,0x000000156bf00000)]
  0x0000016637d96d20 JavaThread "jar transforms Thread 5" [_thread_blocked, id=20848, stack(0x000000156bf00000,0x000000156c000000)]
  0x0000016637d97230 JavaThread "jar transforms Thread 6" [_thread_blocked, id=1776, stack(0x000000156c000000,0x000000156c100000)]
  0x0000016637d9a9e0 JavaThread "Cache worker for Build Output Cleanup Cache (C:\otk\spring\demo\.gradle\buildOutputCleanup)" [_thread_blocked, id=19040, stack(0x000000156c100000,0x000000156c200000)]
  0x0000016637d953d0 JavaThread "jar transforms Thread 7" [_thread_blocked, id=25304, stack(0x000000156c200000,0x000000156c300000)]
  0x0000016637d958e0 JavaThread "Daemon Thread 2" [_thread_blocked, id=38708, stack(0x000000156c300000,0x000000156c400000)]
  0x0000016637d949b0 JavaThread "Daemon Thread 3" [_thread_blocked, id=36400, stack(0x000000156c400000,0x000000156c500000)]

Other Threads:
  0x000001661c95a060 VMThread "VM Thread" [stack: 0x0000001569100000,0x0000001569200000] [id=36128] _threads_hazard_ptr=0x0000016637f6a4f0
  0x0000016601ded4c0 WatcherThread [stack: 0x0000001569d00000,0x0000001569e00000] [id=20168]
  0x0000016601e1ad80 GCTaskThread "GC Thread#0" [stack: 0x0000001568c00000,0x0000001568d00000] [id=29364]
  0x000001661ce00600 GCTaskThread "GC Thread#1" [stack: 0x0000001568900000,0x0000001568a00000] [id=23260]
  0x000001661cc04070 GCTaskThread "GC Thread#2" [stack: 0x0000001568a00000,0x0000001568b00000] [id=33276]
  0x000001661ce36de0 GCTaskThread "GC Thread#3" [stack: 0x0000001569e00000,0x0000001569f00000] [id=15080]
  0x000001661ce370a0 GCTaskThread "GC Thread#4" [stack: 0x0000001569f00000,0x000000156a000000] [id=20104]
  0x0000016636641360 GCTaskThread "GC Thread#5" [stack: 0x000000156a000000,0x000000156a100000] [id=33712]
  0x0000016636f65c70 GCTaskThread "GC Thread#6" [stack: 0x000000156a400000,0x000000156a500000] [id=37328]
  0x00000166367db160 GCTaskThread "GC Thread#7" [stack: 0x000000156a500000,0x000000156a600000] [id=28008]
  0x0000016601e1fcd0 ConcurrentGCThread "G1 Main Marker" [stack: 0x0000001568d00000,0x0000001568e00000] [id=34932]
  0x0000016601e206f0 ConcurrentGCThread "G1 Conc#0" [stack: 0x0000001568e00000,0x0000001568f00000] [id=28844]
  0x000001663871ac30 ConcurrentGCThread "G1 Conc#1" [stack: 0x000000156b800000,0x000000156b900000] [id=37844]
  0x0000016601e9ec60 ConcurrentGCThread "G1 Refine#0" [stack: 0x0000001568f00000,0x0000001569000000] [id=35128]
  0x000001661c81d870 ConcurrentGCThread "G1 Service" [stack: 0x0000001569000000,0x0000001569100000] [id=3940]

Threads with active compile tasks:
C1 CompilerThread0   651870 5395       3       org.gradle.internal.snapshot.impl.StringValueSnapshot::getValue (5 bytes)

VM state: synchronizing (normal execution)

VM Mutex/Monitor currently owned by a thread:  ([mutex/lock_event])
[0x0000016601de75a0] Metaspace_lock - owner thread: 0x000001661ca800f0
[0x0000016601de8010] Threads_lock - owner thread: 0x000001661c95a060
[0x0000016601de8f40] MethodData_lock - owner thread: 0x000001661ca800f0

Heap address: 0x00000000e0000000, size: 512 MB, Compressed Oops mode: 32-bit

CDS archive(s) mapped at: [0x000001661d000000-0x000001661dbb0000-0x000001661dbb0000), size 12255232, SharedBaseAddress: 0x000001661d000000, ArchiveRelocationMode: 1.
Compressed class space mapped at: 0x000001661e000000-0x0000016632000000, reserved size: 335544320
Narrow klass base: 0x000001661d000000, Narrow klass shift: 0, Narrow klass range: 0x100000000

GC Precious Log:
 CPUs: 8 total, 8 available
 Memory: 8106M
 Large Page Support: Disabled
 NUMA Support: Disabled
 Compressed Oops: Enabled (32-bit)
 Heap Region Size: 1M
 Heap Min Capacity: 256M
 Heap Initial Capacity: 256M
 Heap Max Capacity: 512M
 Pre-touch: Disabled
 Parallel Workers: 8
 Concurrent Workers: 2
 Concurrent Refinement Workers: 8
 Periodic GC: Disabled

Heap:
 garbage-first heap   total 262144K, used 51540K [0x00000000e0000000, 0x0000000100000000)
  region size 1024K, 18 young (18432K), 1 survivors (1024K)
 Metaspace       used 44529K, committed 44992K, reserved 393216K
  class space    used 6243K, committed 6464K, reserved 327680K

Heap Regions: E=young(eden), S=young(survivor), O=old, HS=humongous(starts), HC=humongous(continues), CS=collection set, F=free, OA=open archive, CA=closed archive, TAMS=top-at-mark-start (previous, next)
|   0|0x00000000e0000000, 0x00000000e0100000, 0x00000000e0100000|100%|HS|  |TAMS 0x00000000e0100000, 0x00000000e0000000| Complete 
|   1|0x00000000e0100000, 0x00000000e0200000, 0x00000000e0200000|100%|HC|  |TAMS 0x00000000e0200000, 0x00000000e0100000| Complete 
|   2|0x00000000e0200000, 0x00000000e0300000, 0x00000000e0300000|100%|HC|  |TAMS 0x00000000e0300000, 0x00000000e0200000| Complete 
|   3|0x00000000e0300000, 0x00000000e0400000, 0x00000000e0400000|100%|HC|  |TAMS 0x00000000e0400000, 0x00000000e0300000| Complete 
|   4|0x00000000e0400000, 0x00000000e0500000, 0x00000000e0500000|100%| O|  |TAMS 0x00000000e0500000, 0x00000000e0400000| Untracked 
|   5|0x00000000e0500000, 0x00000000e0600000, 0x00000000e0600000|100%| O|  |TAMS 0x00000000e0600000, 0x00000000e0500000| Untracked 
|   6|0x00000000e0600000, 0x00000000e0700000, 0x00000000e0700000|100%| O|  |TAMS 0x00000000e0700000, 0x00000000e0600000| Untracked 
|   7|0x00000000e0700000, 0x00000000e0800000, 0x00000000e0800000|100%| O|  |TAMS 0x00000000e0800000, 0x00000000e0700000| Untracked 
|   8|0x00000000e0800000, 0x00000000e0900000, 0x00000000e0900000|100%| O|  |TAMS 0x00000000e0900000, 0x00000000e0800000| Untracked 
|   9|0x00000000e0900000, 0x00000000e0a00000, 0x00000000e0a00000|100%| O|  |TAMS 0x00000000e0a00000, 0x00000000e0900000| Untracked 
|  10|0x00000000e0a00000, 0x00000000e0b00000, 0x00000000e0b00000|100%| O|  |TAMS 0x00000000e0b00000, 0x00000000e0a00000| Untracked 
|  11|0x00000000e0b00000, 0x00000000e0c00000, 0x00000000e0c00000|100%| O|  |TAMS 0x00000000e0c00000, 0x00000000e0b00000| Untracked 
|  12|0x00000000e0c00000, 0x00000000e0d00000, 0x00000000e0d00000|100%|HS|  |TAMS 0x00000000e0d00000, 0x00000000e0c00000| Complete 
|  13|0x00000000e0d00000, 0x00000000e0e00000, 0x00000000e0e00000|100%| O|  |TAMS 0x00000000e0e00000, 0x00000000e0d00000| Untracked 
|  14|0x00000000e0e00000, 0x00000000e0f00000, 0x00000000e0f00000|100%| O|  |TAMS 0x00000000e0f00000, 0x00000000e0e00000| Untracked 
|  15|0x00000000e0f00000, 0x00000000e1000000, 0x00000000e1000000|100%| O|  |TAMS 0x00000000e1000000, 0x00000000e0f00000| Untracked 
|  16|0x00000000e1000000, 0x00000000e1100000, 0x00000000e1100000|100%| O|  |TAMS 0x00000000e1100000, 0x00000000e1000000| Untracked 
|  17|0x00000000e1100000, 0x00000000e1200000, 0x00000000e1200000|100%| O|  |TAMS 0x00000000e1200000, 0x00000000e1100000| Untracked 
|  18|0x00000000e1200000, 0x00000000e1300000, 0x00000000e1300000|100%| O|  |TAMS 0x00000000e1300000, 0x00000000e1200000| Untracked 
|  19|0x00000000e1300000, 0x00000000e1400000, 0x00000000e1400000|100%| O|  |TAMS 0x00000000e13e6200, 0x00000000e1300000| Untracked 
|  20|0x00000000e1400000, 0x00000000e1500000, 0x00000000e1500000|100%| O|  |TAMS 0x00000000e1400000, 0x00000000e1400000| Untracked 
|  21|0x00000000e1500000, 0x00000000e1600000, 0x00000000e1600000|100%| O|  |TAMS 0x00000000e1500000, 0x00000000e1500000| Untracked 
|  22|0x00000000e1600000, 0x00000000e1700000, 0x00000000e1700000|100%| O|  |TAMS 0x00000000e1600000, 0x00000000e1600000| Untracked 
|  23|0x00000000e1700000, 0x00000000e1800000, 0x00000000e1800000|100%| O|  |TAMS 0x00000000e1700000, 0x00000000e1700000| Untracked 
|  24|0x00000000e1800000, 0x00000000e1900000, 0x00000000e1900000|100%| O|  |TAMS 0x00000000e1800000, 0x00000000e1800000| Untracked 
|  25|0x00000000e1900000, 0x00000000e1a00000, 0x00000000e1a00000|100%| O|  |TAMS 0x00000000e1900000, 0x00000000e1900000| Untracked 
|  26|0x00000000e1a00000, 0x00000000e1b00000, 0x00000000e1b00000|100%| O|  |TAMS 0x00000000e1a00000, 0x00000000e1a00000| Untracked 
|  27|0x00000000e1b00000, 0x00000000e1c00000, 0x00000000e1c00000|100%| O|  |TAMS 0x00000000e1b00000, 0x00000000e1b00000| Untracked 
|  28|0x00000000e1c00000, 0x00000000e1d00000, 0x00000000e1d00000|100%| O|  |TAMS 0x00000000e1c00000, 0x00000000e1c00000| Untracked 
|  29|0x00000000e1d00000, 0x00000000e1e00000, 0x00000000e1e00000|100%| O|  |TAMS 0x00000000e1d00000, 0x00000000e1d00000| Untracked 
|  30|0x00000000e1e00000, 0x00000000e1f00000, 0x00000000e1f00000|100%| O|  |TAMS 0x00000000e1e00000, 0x00000000e1e00000| Untracked 
|  31|0x00000000e1f00000, 0x00000000e2000000, 0x00000000e2000000|100%| O|  |TAMS 0x00000000e1f00000, 0x00000000e1f00000| Untracked 
|  32|0x00000000e2000000, 0x00000000e2100000, 0x00000000e2100000|100%| O|  |TAMS 0x00000000e2000000, 0x00000000e2000000| Untracked 
|  33|0x00000000e2100000, 0x00000000e2189000, 0x00000000e2200000| 53%| O|  |TAMS 0x00000000e2100000, 0x00000000e2100000| Untracked 
|  34|0x00000000e2200000, 0x00000000e2200000, 0x00000000e2300000|  0%| F|  |TAMS 0x00000000e2200000, 0x00000000e2200000| Untracked 
|  35|0x00000000e2300000, 0x00000000e2300000, 0x00000000e2400000|  0%| F|  |TAMS 0x00000000e2300000, 0x00000000e2300000| Untracked 
|  36|0x00000000e2400000, 0x00000000e2400000, 0x00000000e2500000|  0%| F|  |TAMS 0x00000000e2400000, 0x00000000e2400000| Untracked 
|  37|0x00000000e2500000, 0x00000000e2500000, 0x00000000e2600000|  0%| F|  |TAMS 0x00000000e2500000, 0x00000000e2500000| Untracked 
|  38|0x00000000e2600000, 0x00000000e2600000, 0x00000000e2700000|  0%| F|  |TAMS 0x00000000e2600000, 0x00000000e2600000| Untracked 
|  39|0x00000000e2700000, 0x00000000e2700000, 0x00000000e2800000|  0%| F|  |TAMS 0x00000000e2700000, 0x00000000e2700000| Untracked 
|  40|0x00000000e2800000, 0x00000000e2800000, 0x00000000e2900000|  0%| F|  |TAMS 0x00000000e2800000, 0x00000000e2800000| Untracked 
|  41|0x00000000e2900000, 0x00000000e2900000, 0x00000000e2a00000|  0%| F|  |TAMS 0x00000000e2900000, 0x00000000e2900000| Untracked 
|  42|0x00000000e2a00000, 0x00000000e2a00000, 0x00000000e2b00000|  0%| F|  |TAMS 0x00000000e2a00000, 0x00000000e2a00000| Untracked 
|  43|0x00000000e2b00000, 0x00000000e2b00000, 0x00000000e2c00000|  0%| F|  |TAMS 0x00000000e2b00000, 0x00000000e2b00000| Untracked 
|  44|0x00000000e2c00000, 0x00000000e2c00000, 0x00000000e2d00000|  0%| F|  |TAMS 0x00000000e2c00000, 0x00000000e2c00000| Untracked 
|  45|0x00000000e2d00000, 0x00000000e2d00000, 0x00000000e2e00000|  0%| F|  |TAMS 0x00000000e2d00000, 0x00000000e2d00000| Untracked 
|  46|0x00000000e2e00000, 0x00000000e2e00000, 0x00000000e2f00000|  0%| F|  |TAMS 0x00000000e2e00000, 0x00000000e2e00000| Untracked 
|  47|0x00000000e2f00000, 0x00000000e2f00000, 0x00000000e3000000|  0%| F|  |TAMS 0x00000000e2f00000, 0x00000000e2f00000| Untracked 
|  48|0x00000000e3000000, 0x00000000e3000000, 0x00000000e3100000|  0%| F|  |TAMS 0x00000000e3000000, 0x00000000e3000000| Untracked 
|  49|0x00000000e3100000, 0x00000000e3100000, 0x00000000e3200000|  0%| F|  |TAMS 0x00000000e3100000, 0x00000000e3100000| Untracked 
|  50|0x00000000e3200000, 0x00000000e3200000, 0x00000000e3300000|  0%| F|  |TAMS 0x00000000e3200000, 0x00000000e3200000| Untracked 
|  51|0x00000000e3300000, 0x00000000e3300000, 0x00000000e3400000|  0%| F|  |TAMS 0x00000000e3300000, 0x00000000e3300000| Untracked 
|  52|0x00000000e3400000, 0x00000000e3400000, 0x00000000e3500000|  0%| F|  |TAMS 0x00000000e3400000, 0x00000000e3400000| Untracked 
|  53|0x00000000e3500000, 0x00000000e3500000, 0x00000000e3600000|  0%| F|  |TAMS 0x00000000e3500000, 0x00000000e3500000| Untracked 
|  54|0x00000000e3600000, 0x00000000e3600000, 0x00000000e3700000|  0%| F|  |TAMS 0x00000000e3600000, 0x00000000e3600000| Untracked 
|  55|0x00000000e3700000, 0x00000000e3700000, 0x00000000e3800000|  0%| F|  |TAMS 0x00000000e3700000, 0x00000000e3700000| Untracked 
|  56|0x00000000e3800000, 0x00000000e3800000, 0x00000000e3900000|  0%| F|  |TAMS 0x00000000e3800000, 0x00000000e3800000| Untracked 
|  57|0x00000000e3900000, 0x00000000e3900000, 0x00000000e3a00000|  0%| F|  |TAMS 0x00000000e3900000, 0x00000000e3900000| Untracked 
|  58|0x00000000e3a00000, 0x00000000e3a00000, 0x00000000e3b00000|  0%| F|  |TAMS 0x00000000e3a00000, 0x00000000e3a00000| Untracked 
|  59|0x00000000e3b00000, 0x00000000e3b00000, 0x00000000e3c00000|  0%| F|  |TAMS 0x00000000e3b00000, 0x00000000e3b00000| Untracked 
|  60|0x00000000e3c00000, 0x00000000e3c00000, 0x00000000e3d00000|  0%| F|  |TAMS 0x00000000e3c00000, 0x00000000e3c00000| Untracked 
|  61|0x00000000e3d00000, 0x00000000e3d00000, 0x00000000e3e00000|  0%| F|  |TAMS 0x00000000e3d00000, 0x00000000e3d00000| Untracked 
|  62|0x00000000e3e00000, 0x00000000e3e00000, 0x00000000e3f00000|  0%| F|  |TAMS 0x00000000e3e00000, 0x00000000e3e00000| Untracked 
|  63|0x00000000e3f00000, 0x00000000e3f00000, 0x00000000e4000000|  0%| F|  |TAMS 0x00000000e3f00000, 0x00000000e3f00000| Untracked 
|  64|0x00000000e4000000, 0x00000000e4000000, 0x00000000e4100000|  0%| F|  |TAMS 0x00000000e4000000, 0x00000000e4000000| Untracked 
|  65|0x00000000e4100000, 0x00000000e4100000, 0x00000000e4200000|  0%| F|  |TAMS 0x00000000e4100000, 0x00000000e4100000| Untracked 
|  66|0x00000000e4200000, 0x00000000e4200000, 0x00000000e4300000|  0%| F|  |TAMS 0x00000000e4200000, 0x00000000e4200000| Untracked 
|  67|0x00000000e4300000, 0x00000000e4300000, 0x00000000e4400000|  0%| F|  |TAMS 0x00000000e4300000, 0x00000000e4300000| Untracked 
|  68|0x00000000e4400000, 0x00000000e4400000, 0x00000000e4500000|  0%| F|  |TAMS 0x00000000e4400000, 0x00000000e4400000| Untracked 
|  69|0x00000000e4500000, 0x00000000e4500000, 0x00000000e4600000|  0%| F|  |TAMS 0x00000000e4500000, 0x00000000e4500000| Untracked 
|  70|0x00000000e4600000, 0x00000000e4600000, 0x00000000e4700000|  0%| F|  |TAMS 0x00000000e4600000, 0x00000000e4600000| Untracked 
|  71|0x00000000e4700000, 0x00000000e4700000, 0x00000000e4800000|  0%| F|  |TAMS 0x00000000e4700000, 0x00000000e4700000| Untracked 
|  72|0x00000000e4800000, 0x00000000e4800000, 0x00000000e4900000|  0%| F|  |TAMS 0x00000000e4800000, 0x00000000e4800000| Untracked 
|  73|0x00000000e4900000, 0x00000000e4900000, 0x00000000e4a00000|  0%| F|  |TAMS 0x00000000e4900000, 0x00000000e4900000| Untracked 
|  74|0x00000000e4a00000, 0x00000000e4a00000, 0x00000000e4b00000|  0%| F|  |TAMS 0x00000000e4a00000, 0x00000000e4a00000| Untracked 
|  75|0x00000000e4b00000, 0x00000000e4b00000, 0x00000000e4c00000|  0%| F|  |TAMS 0x00000000e4b00000, 0x00000000e4b00000| Untracked 
|  76|0x00000000e4c00000, 0x00000000e4c00000, 0x00000000e4d00000|  0%| F|  |TAMS 0x00000000e4c00000, 0x00000000e4c00000| Untracked 
|  77|0x00000000e4d00000, 0x00000000e4d00000, 0x00000000e4e00000|  0%| F|  |TAMS 0x00000000e4d00000, 0x00000000e4d00000| Untracked 
|  78|0x00000000e4e00000, 0x00000000e4e00000, 0x00000000e4f00000|  0%| F|  |TAMS 0x00000000e4e00000, 0x00000000e4e00000| Untracked 
|  79|0x00000000e4f00000, 0x00000000e4f00000, 0x00000000e5000000|  0%| F|  |TAMS 0x00000000e4f00000, 0x00000000e4f00000| Untracked 
|  80|0x00000000e5000000, 0x00000000e5000000, 0x00000000e5100000|  0%| F|  |TAMS 0x00000000e5000000, 0x00000000e5000000| Untracked 
|  81|0x00000000e5100000, 0x00000000e5100000, 0x00000000e5200000|  0%| F|  |TAMS 0x00000000e5100000, 0x00000000e5100000| Untracked 
|  82|0x00000000e5200000, 0x00000000e5200000, 0x00000000e5300000|  0%| F|  |TAMS 0x00000000e5200000, 0x00000000e5200000| Untracked 
|  83|0x00000000e5300000, 0x00000000e5300000, 0x00000000e5400000|  0%| F|  |TAMS 0x00000000e5300000, 0x00000000e5300000| Untracked 
|  84|0x00000000e5400000, 0x00000000e5400000, 0x00000000e5500000|  0%| F|  |TAMS 0x00000000e5400000, 0x00000000e5400000| Untracked 
|  85|0x00000000e5500000, 0x00000000e5500000, 0x00000000e5600000|  0%| F|  |TAMS 0x00000000e5500000, 0x00000000e5500000| Untracked 
|  86|0x00000000e5600000, 0x00000000e5600000, 0x00000000e5700000|  0%| F|  |TAMS 0x00000000e5600000, 0x00000000e5600000| Untracked 
|  87|0x00000000e5700000, 0x00000000e5700000, 0x00000000e5800000|  0%| F|  |TAMS 0x00000000e5700000, 0x00000000e5700000| Untracked 
|  88|0x00000000e5800000, 0x00000000e5800000, 0x00000000e5900000|  0%| F|  |TAMS 0x00000000e5800000, 0x00000000e5800000| Untracked 
|  89|0x00000000e5900000, 0x00000000e5900000, 0x00000000e5a00000|  0%| F|  |TAMS 0x00000000e5900000, 0x00000000e5900000| Untracked 
|  90|0x00000000e5a00000, 0x00000000e5a00000, 0x00000000e5b00000|  0%| F|  |TAMS 0x00000000e5a00000, 0x00000000e5a00000| Untracked 
|  91|0x00000000e5b00000, 0x00000000e5b00000, 0x00000000e5c00000|  0%| F|  |TAMS 0x00000000e5b00000, 0x00000000e5b00000| Untracked 
|  92|0x00000000e5c00000, 0x00000000e5c00000, 0x00000000e5d00000|  0%| F|  |TAMS 0x00000000e5c00000, 0x00000000e5c00000| Untracked 
|  93|0x00000000e5d00000, 0x00000000e5d00000, 0x00000000e5e00000|  0%| F|  |TAMS 0x00000000e5d00000, 0x00000000e5d00000| Untracked 
|  94|0x00000000e5e00000, 0x00000000e5e00000, 0x00000000e5f00000|  0%| F|  |TAMS 0x00000000e5e00000, 0x00000000e5e00000| Untracked 
|  95|0x00000000e5f00000, 0x00000000e5f00000, 0x00000000e6000000|  0%| F|  |TAMS 0x00000000e5f00000, 0x00000000e5f00000| Untracked 
|  96|0x00000000e6000000, 0x00000000e6000000, 0x00000000e6100000|  0%| F|  |TAMS 0x00000000e6000000, 0x00000000e6000000| Untracked 
|  97|0x00000000e6100000, 0x00000000e6100000, 0x00000000e6200000|  0%| F|  |TAMS 0x00000000e6100000, 0x00000000e6100000| Untracked 
|  98|0x00000000e6200000, 0x00000000e6200000, 0x00000000e6300000|  0%| F|  |TAMS 0x00000000e6200000, 0x00000000e6200000| Untracked 
|  99|0x00000000e6300000, 0x00000000e6300000, 0x00000000e6400000|  0%| F|  |TAMS 0x00000000e6300000, 0x00000000e6300000| Untracked 
| 100|0x00000000e6400000, 0x00000000e6400000, 0x00000000e6500000|  0%| F|  |TAMS 0x00000000e6400000, 0x00000000e6400000| Untracked 
| 101|0x00000000e6500000, 0x00000000e6500000, 0x00000000e6600000|  0%| F|  |TAMS 0x00000000e6500000, 0x00000000e6500000| Untracked 
| 102|0x00000000e6600000, 0x00000000e6600000, 0x00000000e6700000|  0%| F|  |TAMS 0x00000000e6600000, 0x00000000e6600000| Untracked 
| 103|0x00000000e6700000, 0x00000000e6700000, 0x00000000e6800000|  0%| F|  |TAMS 0x00000000e6700000, 0x00000000e6700000| Untracked 
| 104|0x00000000e6800000, 0x00000000e6800000, 0x00000000e6900000|  0%| F|  |TAMS 0x00000000e6800000, 0x00000000e6800000| Untracked 
| 105|0x00000000e6900000, 0x00000000e6900000, 0x00000000e6a00000|  0%| F|  |TAMS 0x00000000e6900000, 0x00000000e6900000| Untracked 
| 106|0x00000000e6a00000, 0x00000000e6a00000, 0x00000000e6b00000|  0%| F|  |TAMS 0x00000000e6a00000, 0x00000000e6a00000| Untracked 
| 107|0x00000000e6b00000, 0x00000000e6b00000, 0x00000000e6c00000|  0%| F|  |TAMS 0x00000000e6b00000, 0x00000000e6b00000| Untracked 
| 108|0x00000000e6c00000, 0x00000000e6c00000, 0x00000000e6d00000|  0%| F|  |TAMS 0x00000000e6c00000, 0x00000000e6c00000| Untracked 
| 109|0x00000000e6d00000, 0x00000000e6d00000, 0x00000000e6e00000|  0%| F|  |TAMS 0x00000000e6d00000, 0x00000000e6d00000| Untracked 
| 110|0x00000000e6e00000, 0x00000000e6e00000, 0x00000000e6f00000|  0%| F|  |TAMS 0x00000000e6e00000, 0x00000000e6e00000| Untracked 
| 111|0x00000000e6f00000, 0x00000000e6f00000, 0x00000000e7000000|  0%| F|  |TAMS 0x00000000e6f00000, 0x00000000e6f00000| Untracked 
| 112|0x00000000e7000000, 0x00000000e7000000, 0x00000000e7100000|  0%| F|  |TAMS 0x00000000e7000000, 0x00000000e7000000| Untracked 
| 113|0x00000000e7100000, 0x00000000e7100000, 0x00000000e7200000|  0%| F|  |TAMS 0x00000000e7100000, 0x00000000e7100000| Untracked 
| 114|0x00000000e7200000, 0x00000000e7200000, 0x00000000e7300000|  0%| F|  |TAMS 0x00000000e7200000, 0x00000000e7200000| Untracked 
| 115|0x00000000e7300000, 0x00000000e7300000, 0x00000000e7400000|  0%| F|  |TAMS 0x00000000e7300000, 0x00000000e7300000| Untracked 
| 116|0x00000000e7400000, 0x00000000e7400000, 0x00000000e7500000|  0%| F|  |TAMS 0x00000000e7400000, 0x00000000e7400000| Untracked 
| 117|0x00000000e7500000, 0x00000000e7500000, 0x00000000e7600000|  0%| F|  |TAMS 0x00000000e7500000, 0x00000000e7500000| Untracked 
| 118|0x00000000e7600000, 0x00000000e7600000, 0x00000000e7700000|  0%| F|  |TAMS 0x00000000e7600000, 0x00000000e7600000| Untracked 
| 119|0x00000000e7700000, 0x00000000e7700000, 0x00000000e7800000|  0%| F|  |TAMS 0x00000000e7700000, 0x00000000e7700000| Untracked 
| 120|0x00000000e7800000, 0x00000000e7800000, 0x00000000e7900000|  0%| F|  |TAMS 0x00000000e7800000, 0x00000000e7800000| Untracked 
| 121|0x00000000e7900000, 0x00000000e7900000, 0x00000000e7a00000|  0%| F|  |TAMS 0x00000000e7900000, 0x00000000e7900000| Untracked 
| 122|0x00000000e7a00000, 0x00000000e7a00000, 0x00000000e7b00000|  0%| F|  |TAMS 0x00000000e7a00000, 0x00000000e7a00000| Untracked 
| 123|0x00000000e7b00000, 0x00000000e7b00000, 0x00000000e7c00000|  0%| F|  |TAMS 0x00000000e7b00000, 0x00000000e7b00000| Untracked 
| 124|0x00000000e7c00000, 0x00000000e7c00000, 0x00000000e7d00000|  0%| F|  |TAMS 0x00000000e7c00000, 0x00000000e7c00000| Untracked 
| 125|0x00000000e7d00000, 0x00000000e7d00000, 0x00000000e7e00000|  0%| F|  |TAMS 0x00000000e7d00000, 0x00000000e7d00000| Untracked 
| 126|0x00000000e7e00000, 0x00000000e7e00000, 0x00000000e7f00000|  0%| F|  |TAMS 0x00000000e7e00000, 0x00000000e7e00000| Untracked 
| 127|0x00000000e7f00000, 0x00000000e7f00000, 0x00000000e8000000|  0%| F|  |TAMS 0x00000000e7f00000, 0x00000000e7f00000| Untracked 
| 128|0x00000000e8000000, 0x00000000e8000000, 0x00000000e8100000|  0%| F|  |TAMS 0x00000000e8000000, 0x00000000e8000000| Untracked 
| 129|0x00000000e8100000, 0x00000000e8100000, 0x00000000e8200000|  0%| F|  |TAMS 0x00000000e8100000, 0x00000000e8100000| Untracked 
| 130|0x00000000e8200000, 0x00000000e8200000, 0x00000000e8300000|  0%| F|  |TAMS 0x00000000e8200000, 0x00000000e8200000| Untracked 
| 131|0x00000000e8300000, 0x00000000e8300000, 0x00000000e8400000|  0%| F|  |TAMS 0x00000000e8300000, 0x00000000e8300000| Untracked 
| 132|0x00000000e8400000, 0x00000000e8400000, 0x00000000e8500000|  0%| F|  |TAMS 0x00000000e8400000, 0x00000000e8400000| Untracked 
| 133|0x00000000e8500000, 0x00000000e8500000, 0x00000000e8600000|  0%| F|  |TAMS 0x00000000e8500000, 0x00000000e8500000| Untracked 
| 134|0x00000000e8600000, 0x00000000e8600000, 0x00000000e8700000|  0%| F|  |TAMS 0x00000000e8600000, 0x00000000e8600000| Untracked 
| 135|0x00000000e8700000, 0x00000000e8700000, 0x00000000e8800000|  0%| F|  |TAMS 0x00000000e8700000, 0x00000000e8700000| Untracked 
| 136|0x00000000e8800000, 0x00000000e8800000, 0x00000000e8900000|  0%| F|  |TAMS 0x00000000e8800000, 0x00000000e8800000| Untracked 
| 137|0x00000000e8900000, 0x00000000e8900000, 0x00000000e8a00000|  0%| F|  |TAMS 0x00000000e8900000, 0x00000000e8900000| Untracked 
| 138|0x00000000e8a00000, 0x00000000e8a00000, 0x00000000e8b00000|  0%| F|  |TAMS 0x00000000e8a00000, 0x00000000e8a00000| Untracked 
| 139|0x00000000e8b00000, 0x00000000e8b00000, 0x00000000e8c00000|  0%| F|  |TAMS 0x00000000e8b00000, 0x00000000e8b00000| Untracked 
| 140|0x00000000e8c00000, 0x00000000e8c00000, 0x00000000e8d00000|  0%| F|  |TAMS 0x00000000e8c00000, 0x00000000e8c00000| Untracked 
| 141|0x00000000e8d00000, 0x00000000e8d00000, 0x00000000e8e00000|  0%| F|  |TAMS 0x00000000e8d00000, 0x00000000e8d00000| Untracked 
| 142|0x00000000e8e00000, 0x00000000e8e00000, 0x00000000e8f00000|  0%| F|  |TAMS 0x00000000e8e00000, 0x00000000e8e00000| Untracked 
| 143|0x00000000e8f00000, 0x00000000e8f00000, 0x00000000e9000000|  0%| F|  |TAMS 0x00000000e8f00000, 0x00000000e8f00000| Untracked 
| 144|0x00000000e9000000, 0x00000000e9000000, 0x00000000e9100000|  0%| F|  |TAMS 0x00000000e9000000, 0x00000000e9000000| Untracked 
| 145|0x00000000e9100000, 0x00000000e9100000, 0x00000000e9200000|  0%| F|  |TAMS 0x00000000e9100000, 0x00000000e9100000| Untracked 
| 146|0x00000000e9200000, 0x00000000e9200000, 0x00000000e9300000|  0%| F|  |TAMS 0x00000000e9200000, 0x00000000e9200000| Untracked 
| 147|0x00000000e9300000, 0x00000000e9300000, 0x00000000e9400000|  0%| F|  |TAMS 0x00000000e9300000, 0x00000000e9300000| Untracked 
| 148|0x00000000e9400000, 0x00000000e9400000, 0x00000000e9500000|  0%| F|  |TAMS 0x00000000e9400000, 0x00000000e9400000| Untracked 
| 149|0x00000000e9500000, 0x00000000e9500000, 0x00000000e9600000|  0%| F|  |TAMS 0x00000000e9500000, 0x00000000e9500000| Untracked 
| 150|0x00000000e9600000, 0x00000000e9600000, 0x00000000e9700000|  0%| F|  |TAMS 0x00000000e9600000, 0x00000000e9600000| Untracked 
| 151|0x00000000e9700000, 0x00000000e9700000, 0x00000000e9800000|  0%| F|  |TAMS 0x00000000e9700000, 0x00000000e9700000| Untracked 
| 152|0x00000000e9800000, 0x00000000e9800000, 0x00000000e9900000|  0%| F|  |TAMS 0x00000000e9800000, 0x00000000e9800000| Untracked 
| 153|0x00000000e9900000, 0x00000000e9900000, 0x00000000e9a00000|  0%| F|  |TAMS 0x00000000e9900000, 0x00000000e9900000| Untracked 
| 154|0x00000000e9a00000, 0x00000000e9a00000, 0x00000000e9b00000|  0%| F|  |TAMS 0x00000000e9a00000, 0x00000000e9a00000| Untracked 
| 155|0x00000000e9b00000, 0x00000000e9b00000, 0x00000000e9c00000|  0%| F|  |TAMS 0x00000000e9b00000, 0x00000000e9b00000| Untracked 
| 156|0x00000000e9c00000, 0x00000000e9c00000, 0x00000000e9d00000|  0%| F|  |TAMS 0x00000000e9c00000, 0x00000000e9c00000| Untracked 
| 157|0x00000000e9d00000, 0x00000000e9d00000, 0x00000000e9e00000|  0%| F|  |TAMS 0x00000000e9d00000, 0x00000000e9d00000| Untracked 
| 158|0x00000000e9e00000, 0x00000000e9e00000, 0x00000000e9f00000|  0%| F|  |TAMS 0x00000000e9e00000, 0x00000000e9e00000| Untracked 
| 159|0x00000000e9f00000, 0x00000000e9f00000, 0x00000000ea000000|  0%| F|  |TAMS 0x00000000e9f00000, 0x00000000e9f00000| Untracked 
| 160|0x00000000ea000000, 0x00000000ea000000, 0x00000000ea100000|  0%| F|  |TAMS 0x00000000ea000000, 0x00000000ea000000| Untracked 
| 161|0x00000000ea100000, 0x00000000ea100000, 0x00000000ea200000|  0%| F|  |TAMS 0x00000000ea100000, 0x00000000ea100000| Untracked 
| 162|0x00000000ea200000, 0x00000000ea200000, 0x00000000ea300000|  0%| F|  |TAMS 0x00000000ea200000, 0x00000000ea200000| Untracked 
| 163|0x00000000ea300000, 0x00000000ea300000, 0x00000000ea400000|  0%| F|  |TAMS 0x00000000ea300000, 0x00000000ea300000| Untracked 
| 164|0x00000000ea400000, 0x00000000ea400000, 0x00000000ea500000|  0%| F|  |TAMS 0x00000000ea400000, 0x00000000ea400000| Untracked 
| 165|0x00000000ea500000, 0x00000000ea500000, 0x00000000ea600000|  0%| F|  |TAMS 0x00000000ea500000, 0x00000000ea500000| Untracked 
| 166|0x00000000ea600000, 0x00000000ea600000, 0x00000000ea700000|  0%| F|  |TAMS 0x00000000ea600000, 0x00000000ea600000| Untracked 
| 167|0x00000000ea700000, 0x00000000ea700000, 0x00000000ea800000|  0%| F|  |TAMS 0x00000000ea700000, 0x00000000ea700000| Untracked 
| 168|0x00000000ea800000, 0x00000000ea800000, 0x00000000ea900000|  0%| F|  |TAMS 0x00000000ea800000, 0x00000000ea800000| Untracked 
| 169|0x00000000ea900000, 0x00000000ea900000, 0x00000000eaa00000|  0%| F|  |TAMS 0x00000000ea900000, 0x00000000ea900000| Untracked 
| 170|0x00000000eaa00000, 0x00000000eaa00000, 0x00000000eab00000|  0%| F|  |TAMS 0x00000000eaa00000, 0x00000000eaa00000| Untracked 
| 171|0x00000000eab00000, 0x00000000eab00000, 0x00000000eac00000|  0%| F|  |TAMS 0x00000000eab00000, 0x00000000eab00000| Untracked 
| 172|0x00000000eac00000, 0x00000000eac00000, 0x00000000ead00000|  0%| F|  |TAMS 0x00000000eac00000, 0x00000000eac00000| Untracked 
| 173|0x00000000ead00000, 0x00000000ead00000, 0x00000000eae00000|  0%| F|  |TAMS 0x00000000ead00000, 0x00000000ead00000| Untracked 
| 174|0x00000000eae00000, 0x00000000eae00000, 0x00000000eaf00000|  0%| F|  |TAMS 0x00000000eae00000, 0x00000000eae00000| Untracked 
| 175|0x00000000eaf00000, 0x00000000eaf00000, 0x00000000eb000000|  0%| F|  |TAMS 0x00000000eaf00000, 0x00000000eaf00000| Untracked 
| 176|0x00000000eb000000, 0x00000000eb000000, 0x00000000eb100000|  0%| F|  |TAMS 0x00000000eb000000, 0x00000000eb000000| Untracked 
| 177|0x00000000eb100000, 0x00000000eb100000, 0x00000000eb200000|  0%| F|  |TAMS 0x00000000eb100000, 0x00000000eb100000| Untracked 
| 178|0x00000000eb200000, 0x00000000eb200000, 0x00000000eb300000|  0%| F|  |TAMS 0x00000000eb200000, 0x00000000eb200000| Untracked 
| 179|0x00000000eb300000, 0x00000000eb300000, 0x00000000eb400000|  0%| F|  |TAMS 0x00000000eb300000, 0x00000000eb300000| Untracked 
| 180|0x00000000eb400000, 0x00000000eb400000, 0x00000000eb500000|  0%| F|  |TAMS 0x00000000eb400000, 0x00000000eb400000| Untracked 
| 181|0x00000000eb500000, 0x00000000eb500000, 0x00000000eb600000|  0%| F|  |TAMS 0x00000000eb500000, 0x00000000eb500000| Untracked 
| 182|0x00000000eb600000, 0x00000000eb600000, 0x00000000eb700000|  0%| F|  |TAMS 0x00000000eb600000, 0x00000000eb600000| Untracked 
| 183|0x00000000eb700000, 0x00000000eb700000, 0x00000000eb800000|  0%| F|  |TAMS 0x00000000eb700000, 0x00000000eb700000| Untracked 
| 184|0x00000000eb800000, 0x00000000eb800000, 0x00000000eb900000|  0%| F|  |TAMS 0x00000000eb800000, 0x00000000eb800000| Untracked 
| 185|0x00000000eb900000, 0x00000000eb900000, 0x00000000eba00000|  0%| F|  |TAMS 0x00000000eb900000, 0x00000000eb900000| Untracked 
| 186|0x00000000eba00000, 0x00000000eba00000, 0x00000000ebb00000|  0%| F|  |TAMS 0x00000000eba00000, 0x00000000eba00000| Untracked 
| 187|0x00000000ebb00000, 0x00000000ebb00000, 0x00000000ebc00000|  0%| F|  |TAMS 0x00000000ebb00000, 0x00000000ebb00000| Untracked 
| 188|0x00000000ebc00000, 0x00000000ebc00000, 0x00000000ebd00000|  0%| F|  |TAMS 0x00000000ebc00000, 0x00000000ebc00000| Untracked 
| 189|0x00000000ebd00000, 0x00000000ebd00000, 0x00000000ebe00000|  0%| F|  |TAMS 0x00000000ebd00000, 0x00000000ebd00000| Untracked 
| 190|0x00000000ebe00000, 0x00000000ebe00000, 0x00000000ebf00000|  0%| F|  |TAMS 0x00000000ebe00000, 0x00000000ebe00000| Untracked 
| 191|0x00000000ebf00000, 0x00000000ebf00000, 0x00000000ec000000|  0%| F|  |TAMS 0x00000000ebf00000, 0x00000000ebf00000| Untracked 
| 192|0x00000000ec000000, 0x00000000ec000000, 0x00000000ec100000|  0%| F|  |TAMS 0x00000000ec000000, 0x00000000ec000000| Untracked 
| 193|0x00000000ec100000, 0x00000000ec100000, 0x00000000ec200000|  0%| F|  |TAMS 0x00000000ec100000, 0x00000000ec100000| Untracked 
| 194|0x00000000ec200000, 0x00000000ec200000, 0x00000000ec300000|  0%| F|  |TAMS 0x00000000ec200000, 0x00000000ec200000| Untracked 
| 195|0x00000000ec300000, 0x00000000ec300000, 0x00000000ec400000|  0%| F|  |TAMS 0x00000000ec300000, 0x00000000ec300000| Untracked 
| 196|0x00000000ec400000, 0x00000000ec400000, 0x00000000ec500000|  0%| F|  |TAMS 0x00000000ec400000, 0x00000000ec400000| Untracked 
| 197|0x00000000ec500000, 0x00000000ec500000, 0x00000000ec600000|  0%| F|  |TAMS 0x00000000ec500000, 0x00000000ec500000| Untracked 
| 198|0x00000000ec600000, 0x00000000ec600000, 0x00000000ec700000|  0%| F|  |TAMS 0x00000000ec600000, 0x00000000ec600000| Untracked 
| 199|0x00000000ec700000, 0x00000000ec700000, 0x00000000ec800000|  0%| F|  |TAMS 0x00000000ec700000, 0x00000000ec700000| Untracked 
| 200|0x00000000ec800000, 0x00000000ec800000, 0x00000000ec900000|  0%| F|  |TAMS 0x00000000ec800000, 0x00000000ec800000| Untracked 
| 201|0x00000000ec900000, 0x00000000ec900000, 0x00000000eca00000|  0%| F|  |TAMS 0x00000000ec900000, 0x00000000ec900000| Untracked 
| 202|0x00000000eca00000, 0x00000000eca00000, 0x00000000ecb00000|  0%| F|  |TAMS 0x00000000eca00000, 0x00000000eca00000| Untracked 
| 203|0x00000000ecb00000, 0x00000000ecb00000, 0x00000000ecc00000|  0%| F|  |TAMS 0x00000000ecb00000, 0x00000000ecb00000| Untracked 
| 204|0x00000000ecc00000, 0x00000000ecc00000, 0x00000000ecd00000|  0%| F|  |TAMS 0x00000000ecc00000, 0x00000000ecc00000| Untracked 
| 205|0x00000000ecd00000, 0x00000000ecd00000, 0x00000000ece00000|  0%| F|  |TAMS 0x00000000ecd00000, 0x00000000ecd00000| Untracked 
| 206|0x00000000ece00000, 0x00000000ece00000, 0x00000000ecf00000|  0%| F|  |TAMS 0x00000000ece00000, 0x00000000ece00000| Untracked 
| 207|0x00000000ecf00000, 0x00000000ecf00000, 0x00000000ed000000|  0%| F|  |TAMS 0x00000000ecf00000, 0x00000000ecf00000| Untracked 
| 208|0x00000000ed000000, 0x00000000ed000000, 0x00000000ed100000|  0%| F|  |TAMS 0x00000000ed000000, 0x00000000ed000000| Untracked 
| 209|0x00000000ed100000, 0x00000000ed100000, 0x00000000ed200000|  0%| F|  |TAMS 0x00000000ed100000, 0x00000000ed100000| Untracked 
| 210|0x00000000ed200000, 0x00000000ed200000, 0x00000000ed300000|  0%| F|  |TAMS 0x00000000ed200000, 0x00000000ed200000| Untracked 
| 211|0x00000000ed300000, 0x00000000ed300000, 0x00000000ed400000|  0%| F|  |TAMS 0x00000000ed300000, 0x00000000ed300000| Untracked 
| 212|0x00000000ed400000, 0x00000000ed400000, 0x00000000ed500000|  0%| F|  |TAMS 0x00000000ed400000, 0x00000000ed400000| Untracked 
| 213|0x00000000ed500000, 0x00000000ed500000, 0x00000000ed600000|  0%| F|  |TAMS 0x00000000ed500000, 0x00000000ed500000| Untracked 
| 214|0x00000000ed600000, 0x00000000ed600000, 0x00000000ed700000|  0%| F|  |TAMS 0x00000000ed600000, 0x00000000ed600000| Untracked 
| 215|0x00000000ed700000, 0x00000000ed700000, 0x00000000ed800000|  0%| F|  |TAMS 0x00000000ed700000, 0x00000000ed700000| Untracked 
| 216|0x00000000ed800000, 0x00000000ed800000, 0x00000000ed900000|  0%| F|  |TAMS 0x00000000ed800000, 0x00000000ed800000| Untracked 
| 217|0x00000000ed900000, 0x00000000ed900000, 0x00000000eda00000|  0%| F|  |TAMS 0x00000000ed900000, 0x00000000ed900000| Untracked 
| 218|0x00000000eda00000, 0x00000000eda00000, 0x00000000edb00000|  0%| F|  |TAMS 0x00000000eda00000, 0x00000000eda00000| Untracked 
| 219|0x00000000edb00000, 0x00000000edb00000, 0x00000000edc00000|  0%| F|  |TAMS 0x00000000edb00000, 0x00000000edb00000| Untracked 
| 220|0x00000000edc00000, 0x00000000edc00000, 0x00000000edd00000|  0%| F|  |TAMS 0x00000000edc00000, 0x00000000edc00000| Untracked 
| 221|0x00000000edd00000, 0x00000000edd00000, 0x00000000ede00000|  0%| F|  |TAMS 0x00000000edd00000, 0x00000000edd00000| Untracked 
| 222|0x00000000ede00000, 0x00000000ede00000, 0x00000000edf00000|  0%| F|  |TAMS 0x00000000ede00000, 0x00000000ede00000| Untracked 
| 223|0x00000000edf00000, 0x00000000edf00000, 0x00000000ee000000|  0%| F|  |TAMS 0x00000000edf00000, 0x00000000edf00000| Untracked 
| 224|0x00000000ee000000, 0x00000000ee000000, 0x00000000ee100000|  0%| F|  |TAMS 0x00000000ee000000, 0x00000000ee000000| Untracked 
| 225|0x00000000ee100000, 0x00000000ee100000, 0x00000000ee200000|  0%| F|  |TAMS 0x00000000ee100000, 0x00000000ee100000| Untracked 
| 226|0x00000000ee200000, 0x00000000ee200000, 0x00000000ee300000|  0%| F|  |TAMS 0x00000000ee200000, 0x00000000ee200000| Untracked 
| 227|0x00000000ee300000, 0x00000000ee300000, 0x00000000ee400000|  0%| F|  |TAMS 0x00000000ee300000, 0x00000000ee300000| Untracked 
| 228|0x00000000ee400000, 0x00000000ee400000, 0x00000000ee500000|  0%| F|  |TAMS 0x00000000ee400000, 0x00000000ee400000| Untracked 
| 229|0x00000000ee500000, 0x00000000ee500000, 0x00000000ee600000|  0%| F|  |TAMS 0x00000000ee500000, 0x00000000ee500000| Untracked 
| 230|0x00000000ee600000, 0x00000000ee600000, 0x00000000ee700000|  0%| F|  |TAMS 0x00000000ee600000, 0x00000000ee600000| Untracked 
| 231|0x00000000ee700000, 0x00000000ee700000, 0x00000000ee800000|  0%| F|  |TAMS 0x00000000ee700000, 0x00000000ee700000| Untracked 
| 232|0x00000000ee800000, 0x00000000ee800000, 0x00000000ee900000|  0%| F|  |TAMS 0x00000000ee800000, 0x00000000ee800000| Untracked 
| 233|0x00000000ee900000, 0x00000000ee900000, 0x00000000eea00000|  0%| F|  |TAMS 0x00000000ee900000, 0x00000000ee900000| Untracked 
| 234|0x00000000eea00000, 0x00000000eea00000, 0x00000000eeb00000|  0%| F|  |TAMS 0x00000000eea00000, 0x00000000eea00000| Untracked 
| 235|0x00000000eeb00000, 0x00000000eeb00000, 0x00000000eec00000|  0%| F|  |TAMS 0x00000000eeb00000, 0x00000000eeb00000| Untracked 
| 236|0x00000000eec00000, 0x00000000eec00000, 0x00000000eed00000|  0%| F|  |TAMS 0x00000000eec00000, 0x00000000eec00000| Untracked 
| 237|0x00000000eed00000, 0x00000000eed00000, 0x00000000eee00000|  0%| F|  |TAMS 0x00000000eed00000, 0x00000000eed00000| Untracked 
| 238|0x00000000eee00000, 0x00000000eee87270, 0x00000000eef00000| 52%| E|  |TAMS 0x00000000eee00000, 0x00000000eee00000| Complete 
| 239|0x00000000eef00000, 0x00000000ef000000, 0x00000000ef000000|100%| E|CS|TAMS 0x00000000eef00000, 0x00000000eef00000| Complete 
| 240|0x00000000ef000000, 0x00000000ef100000, 0x00000000ef100000|100%| E|CS|TAMS 0x00000000ef000000, 0x00000000ef000000| Complete 
| 241|0x00000000ef100000, 0x00000000ef200000, 0x00000000ef200000|100%| E|CS|TAMS 0x00000000ef100000, 0x00000000ef100000| Complete 
| 242|0x00000000ef200000, 0x00000000ef300000, 0x00000000ef300000|100%| E|CS|TAMS 0x00000000ef200000, 0x00000000ef200000| Complete 
| 243|0x00000000ef300000, 0x00000000ef400000, 0x00000000ef400000|100%| E|CS|TAMS 0x00000000ef300000, 0x00000000ef300000| Complete 
| 244|0x00000000ef400000, 0x00000000ef500000, 0x00000000ef500000|100%| E|CS|TAMS 0x00000000ef400000, 0x00000000ef400000| Complete 
| 245|0x00000000ef500000, 0x00000000ef600000, 0x00000000ef600000|100%| E|CS|TAMS 0x00000000ef500000, 0x00000000ef500000| Complete 
| 246|0x00000000ef600000, 0x00000000ef700000, 0x00000000ef700000|100%| E|CS|TAMS 0x00000000ef600000, 0x00000000ef600000| Complete 
| 247|0x00000000ef700000, 0x00000000ef7cc150, 0x00000000ef800000| 79%| S|CS|TAMS 0x00000000ef700000, 0x00000000ef700000| Complete 
| 248|0x00000000ef800000, 0x00000000ef900000, 0x00000000ef900000|100%| E|CS|TAMS 0x00000000ef800000, 0x00000000ef800000| Complete 
| 249|0x00000000ef900000, 0x00000000efa00000, 0x00000000efa00000|100%| E|CS|TAMS 0x00000000ef900000, 0x00000000ef900000| Complete 
| 250|0x00000000efa00000, 0x00000000efb00000, 0x00000000efb00000|100%| E|CS|TAMS 0x00000000efa00000, 0x00000000efa00000| Complete 
| 251|0x00000000efb00000, 0x00000000efc00000, 0x00000000efc00000|100%| E|CS|TAMS 0x00000000efb00000, 0x00000000efb00000| Complete 
| 252|0x00000000efc00000, 0x00000000efd00000, 0x00000000efd00000|100%| E|CS|TAMS 0x00000000efc00000, 0x00000000efc00000| Complete 
| 253|0x00000000efd00000, 0x00000000efe00000, 0x00000000efe00000|100%| E|CS|TAMS 0x00000000efd00000, 0x00000000efd00000| Complete 
| 254|0x00000000efe00000, 0x00000000eff00000, 0x00000000eff00000|100%| E|CS|TAMS 0x00000000efe00000, 0x00000000efe00000| Complete 
| 255|0x00000000eff00000, 0x00000000f0000000, 0x00000000f0000000|100%| E|CS|TAMS 0x00000000eff00000, 0x00000000eff00000| Complete 

Card table byte_map: [0x0000016618d40000,0x0000016618e40000] _byte_map_base: 0x0000016618640000

Marking Bits (Prev, Next): (CMBitMap*) 0x0000016601e1b3a0, (CMBitMap*) 0x0000016601e1b3e0
 Prev Bits: [0x0000016618f40000, 0x0000016619740000)
 Next Bits: [0x0000016619740000, 0x0000016619f40000)

Polling page: 0x00000166015a0000

Metaspace:

Usage:
  Non-class:     37.39 MB used.
      Class:      6.10 MB used.
       Both:     43.49 MB used.

Virtual space:
  Non-class space:       64.00 MB reserved,      37.62 MB ( 59%) committed,  1 nodes.
      Class space:      320.00 MB reserved,       6.31 MB (  2%) committed,  1 nodes.
             Both:      384.00 MB reserved,      43.94 MB ( 11%) committed. 

Chunk freelists:
   Non-Class:  9.67 MB
       Class:  9.57 MB
        Both:  19.24 MB

MaxMetaspaceSize: 384.00 MB
CompressedClassSpaceSize: 320.00 MB
Initial GC threshold: 21.00 MB
Current GC threshold: 59.19 MB
CDS: on
MetaspaceReclaimPolicy: balanced
 - commit_granule_bytes: 65536.
 - commit_granule_words: 8192.
 - virtual_space_node_default_size: 8388608.
 - enlarge_chunks_in_place: 1.
 - new_chunks_are_fully_committed: 0.
 - uncommit_free_chunks: 1.
 - use_allocation_guard: 0.
 - handle_deallocations: 1.


Internal statistics:

num_allocs_failed_limit: 6.
num_arena_births: 514.
num_arena_deaths: 0.
num_vsnodes_births: 2.
num_vsnodes_deaths: 0.
num_space_committed: 703.
num_space_uncommitted: 0.
num_chunks_returned_to_freelist: 6.
num_chunks_taken_from_freelist: 2243.
num_chunk_merges: 6.
num_chunk_splits: 1481.
num_chunks_enlarged: 1013.
num_inconsistent_stats: 0.

CodeHeap 'non-profiled nmethods': size=120000Kb used=2643Kb max_used=3316Kb free=117356Kb
 bounds [0x00000166113e0000, 0x0000016611720000, 0x0000016618910000]
CodeHeap 'profiled nmethods': size=120000Kb used=8659Kb max_used=10613Kb free=111340Kb
 bounds [0x0000016609910000, 0x000001660a370000, 0x0000016610e40000]
CodeHeap 'non-nmethods': size=5760Kb used=2313Kb max_used=2378Kb free=3446Kb
 bounds [0x0000016610e40000, 0x00000166110b0000, 0x00000166113e0000]
 total_blobs=5328 nmethods=4500 adapters=741
 compilation: enabled
              stopped_count=0, restarted_count=0
 full_count=0

Compilation events (20 events):
Event: 649.495 Thread 0x000001661ca800f0 5382       1       java.util.Collections$EmptyMap::containsKey (2 bytes)
Event: 649.495 Thread 0x000001661ca800f0 nmethod 5382 0x0000016611439c10 code [0x0000016611439da0, 0x0000016611439e78]
Event: 649.520 Thread 0x000001661c979ed0 nmethod 5386 0x0000016611448a90 code [0x0000016611448c80, 0x00000166114499c8]
Event: 651.088 Thread 0x000001661ca800f0 5387       3       com.google.common.collect.AbstractMapBasedMultimap$WrappedCollection::<init> (44 bytes)
Event: 651.089 Thread 0x000001661ca800f0 nmethod 5387 0x0000016609fc3b10 code [0x0000016609fc3cc0, 0x0000016609fc4158]
Event: 651.177 Thread 0x000001661ca800f0 5388       3       java.io.File::getParentFile (41 bytes)
Event: 651.178 Thread 0x000001661ca800f0 nmethod 5388 0x0000016609cf2c90 code [0x0000016609cf2e60, 0x0000016609cf3278]
Event: 651.254 Thread 0x000001661ca800f0 5389       1       org.gradle.api.internal.artifacts.dependencies.DefaultImmutableVersionConstraint::getStrictVersion (5 bytes)
Event: 651.254 Thread 0x000001661ca800f0 nmethod 5389 0x0000016611439810 code [0x00000166114399a0, 0x0000016611439a78]
Event: 651.254 Thread 0x000001661ca800f0 5390       1       org.gradle.api.internal.artifacts.dependencies.DefaultImmutableVersionConstraint::hashCode (5 bytes)
Event: 651.254 Thread 0x000001661ca800f0 nmethod 5390 0x0000016611456090 code [0x0000016611456220, 0x00000166114562f8]
Event: 651.255 Thread 0x000001661ca800f0 5391       3       java.util.HashMap::putAll (7 bytes)
Event: 651.255 Thread 0x000001661ca800f0 nmethod 5391 0x0000016609c23d10 code [0x0000016609c23ea0, 0x0000016609c23fe8]
Event: 651.255 Thread 0x000001661ca800f0 5392       3       com.google.common.collect.IndexedImmutableSet::iterator (8 bytes)
Event: 651.255 Thread 0x000001661ca800f0 nmethod 5392 0x0000016609e45b90 code [0x0000016609e45d80, 0x0000016609e464a8]
Event: 651.255 Thread 0x000001661ca800f0 5393       3       com.google.common.collect.IndexedImmutableSet::iterator (5 bytes)
Event: 651.256 Thread 0x000001661ca800f0 nmethod 5393 0x0000016609a69790 code [0x0000016609a69980, 0x0000016609a6a188]
Event: 651.256 Thread 0x000001661ca800f0 5394       3       org.gradle.cache.internal.btree.CachingBlockStore::read (56 bytes)
Event: 651.330 Thread 0x000001661ca800f0 nmethod 5394 0x000001660a002390 code [0x000001660a002680, 0x000001660a0038e8]
Event: 651.538 Thread 0x000001661ca800f0 5395       3       org.gradle.internal.snapshot.impl.StringValueSnapshot::getValue (5 bytes)

GC Heap History (20 events):
Event: 242.800 GC heap before
{Heap before GC invocations=4 (full 0):
 garbage-first heap   total 262144K, used 26672K [0x00000000e0000000, 0x0000000100000000)
  region size 1024K, 12 young (12288K), 2 survivors (2048K)
 Metaspace       used 5040K, committed 5248K, reserved 393216K
  class space    used 668K, committed 768K, reserved 327680K
}
Event: 242.818 GC heap after
{Heap after GC invocations=5 (full 0):
 garbage-first heap   total 262144K, used 17469K [0x00000000e0000000, 0x0000000100000000)
  region size 1024K, 1 young (1024K), 1 survivors (1024K)
 Metaspace       used 5040K, committed 5248K, reserved 393216K
  class space    used 668K, committed 768K, reserved 327680K
}
Event: 260.291 GC heap before
{Heap before GC invocations=5 (full 0):
 garbage-first heap   total 262144K, used 28733K [0x00000000e0000000, 0x0000000100000000)
  region size 1024K, 12 young (12288K), 1 survivors (1024K)
 Metaspace       used 8027K, committed 8256K, reserved 393216K
  class space    used 1085K, committed 1216K, reserved 327680K
}
Event: 260.304 GC heap after
{Heap after GC invocations=6 (full 0):
 garbage-first heap   total 262144K, used 18980K [0x00000000e0000000, 0x0000000100000000)
  region size 1024K, 2 young (2048K), 2 survivors (2048K)
 Metaspace       used 8027K, committed 8256K, reserved 393216K
  class space    used 1085K, committed 1216K, reserved 327680K
}
Event: 282.481 GC heap before
{Heap before GC invocations=6 (full 0):
 garbage-first heap   total 262144K, used 29220K [0x00000000e0000000, 0x0000000100000000)
  region size 1024K, 12 young (12288K), 2 survivors (2048K)
 Metaspace       used 10419K, committed 10688K, reserved 393216K
  class space    used 1413K, committed 1536K, reserved 327680K
}
Event: 282.492 GC heap after
{Heap after GC invocations=7 (full 0):
 garbage-first heap   total 262144K, used 20550K [0x00000000e0000000, 0x0000000100000000)
  region size 1024K, 2 young (2048K), 2 survivors (2048K)
 Metaspace       used 10419K, committed 10688K, reserved 393216K
  class space    used 1413K, committed 1536K, reserved 327680K
}
Event: 296.728 GC heap before
{Heap before GC invocations=7 (full 0):
 garbage-first heap   total 262144K, used 40006K [0x00000000e0000000, 0x0000000100000000)
  region size 1024K, 21 young (21504K), 2 survivors (2048K)
 Metaspace       used 13855K, committed 14144K, reserved 393216K
  class space    used 1918K, committed 2048K, reserved 327680K
}
Event: 296.767 GC heap after
{Heap after GC invocations=8 (full 0):
 garbage-first heap   total 262144K, used 21414K [0x00000000e0000000, 0x0000000100000000)
  region size 1024K, 3 young (3072K), 3 survivors (3072K)
 Metaspace       used 13855K, committed 14144K, reserved 393216K
  class space    used 1918K, committed 2048K, reserved 327680K
}
Event: 307.111 GC heap before
{Heap before GC invocations=8 (full 0):
 garbage-first heap   total 262144K, used 45990K [0x00000000e0000000, 0x0000000100000000)
  region size 1024K, 27 young (27648K), 3 survivors (3072K)
 Metaspace       used 17344K, committed 17600K, reserved 393216K
  class space    used 2472K, committed 2560K, reserved 327680K
}
Event: 307.188 GC heap after
{Heap after GC invocations=9 (full 0):
 garbage-first heap   total 262144K, used 22677K [0x00000000e0000000, 0x0000000100000000)
  region size 1024K, 3 young (3072K), 3 survivors (3072K)
 Metaspace       used 17344K, committed 17600K, reserved 393216K
  class space    used 2472K, committed 2560K, reserved 327680K
}
Event: 315.824 GC heap before
{Heap before GC invocations=9 (full 0):
 garbage-first heap   total 262144K, used 53397K [0x00000000e0000000, 0x0000000100000000)
  region size 1024K, 34 young (34816K), 3 survivors (3072K)
 Metaspace       used 21167K, committed 21504K, reserved 393216K
  class space    used 3104K, committed 3264K, reserved 327680K
}
Event: 315.863 GC heap after
{Heap after GC invocations=10 (full 0):
 garbage-first heap   total 262144K, used 24366K [0x00000000e0000000, 0x0000000100000000)
  region size 1024K, 4 young (4096K), 4 survivors (4096K)
 Metaspace       used 21167K, committed 21504K, reserved 393216K
  class space    used 3104K, committed 3264K, reserved 327680K
}
Event: 485.424 GC heap before
{Heap before GC invocations=11 (full 0):
 garbage-first heap   total 262144K, used 139054K [0x00000000e0000000, 0x0000000100000000)
  region size 1024K, 112 young (114688K), 4 survivors (4096K)
 Metaspace       used 34442K, committed 34752K, reserved 393216K
  class space    used 4759K, committed 4928K, reserved 327680K
}
Event: 485.749 GC heap after
{Heap after GC invocations=12 (full 0):
 garbage-first heap   total 262144K, used 31576K [0x00000000e0000000, 0x0000000100000000)
  region size 1024K, 11 young (11264K), 11 survivors (11264K)
 Metaspace       used 34442K, committed 34752K, reserved 393216K
  class space    used 4759K, committed 4928K, reserved 327680K
}
Event: 528.540 GC heap before
{Heap before GC invocations=12 (full 0):
 garbage-first heap   total 262144K, used 48984K [0x00000000e0000000, 0x0000000100000000)
  region size 1024K, 30 young (30720K), 11 survivors (11264K)
 Metaspace       used 35907K, committed 36288K, reserved 393216K
  class space    used 4966K, committed 5184K, reserved 327680K
}
Event: 528.741 GC heap after
{Heap after GC invocations=13 (full 0):
 garbage-first heap   total 262144K, used 33049K [0x00000000e0000000, 0x0000000100000000)
  region size 1024K, 3 young (3072K), 3 survivors (3072K)
 Metaspace       used 35907K, committed 36288K, reserved 393216K
  class space    used 4966K, committed 5184K, reserved 327680K
}
Event: 590.945 GC heap before
{Heap before GC invocations=14 (full 0):
 garbage-first heap   total 262144K, used 89369K [0x00000000e0000000, 0x0000000100000000)
  region size 1024K, 57 young (58368K), 3 survivors (3072K)
 Metaspace       used 41932K, committed 42368K, reserved 393216K
  class space    used 5821K, committed 6016K, reserved 327680K
}
Event: 591.489 GC heap after
{Heap after GC invocations=15 (full 0):
 garbage-first heap   total 262144K, used 34609K [0x00000000e0000000, 0x0000000100000000)
  region size 1024K, 4 young (4096K), 4 survivors (4096K)
 Metaspace       used 41932K, committed 42368K, reserved 393216K
  class space    used 5821K, committed 6016K, reserved 327680K
}
Event: 603.875 GC heap before
{Heap before GC invocations=15 (full 0):
 garbage-first heap   total 262144K, used 41777K [0x00000000e0000000, 0x0000000100000000)
  region size 1024K, 12 young (12288K), 4 survivors (4096K)
 Metaspace       used 42798K, committed 43264K, reserved 393216K
  class space    used 5963K, committed 6144K, reserved 327680K
}
Event: 603.965 GC heap after
{Heap after GC invocations=16 (full 0):
 garbage-first heap   total 262144K, used 35156K [0x00000000e0000000, 0x0000000100000000)
  region size 1024K, 1 young (1024K), 1 survivors (1024K)
 Metaspace       used 42798K, committed 43264K, reserved 393216K
  class space    used 5963K, committed 6144K, reserved 327680K
}

Dll operation events (15 events):
Event: 0.631 Loaded shared library C:\Users\USER\.jdks\temurin-17.0.11\bin\java.dll
Event: 0.695 Loaded shared library C:\Users\USER\.jdks\temurin-17.0.11\bin\jsvml.dll
Event: 1.628 Loaded shared library C:\Users\USER\.jdks\temurin-17.0.11\bin\zip.dll
Event: 1.636 Loaded shared library C:\Users\USER\.jdks\temurin-17.0.11\bin\instrument.dll
Event: 1.646 Loaded shared library C:\Users\USER\.jdks\temurin-17.0.11\bin\net.dll
Event: 1.650 Loaded shared library C:\Users\USER\.jdks\temurin-17.0.11\bin\nio.dll
Event: 1.706 Loaded shared library C:\Users\USER\.jdks\temurin-17.0.11\bin\zip.dll
Event: 68.808 Loaded shared library C:\Users\USER\.jdks\temurin-17.0.11\bin\jimage.dll
Event: 79.026 Loaded shared library C:\Users\USER\.jdks\temurin-17.0.11\bin\verify.dll
Event: 85.471 Loaded shared library C:\Users\USER\.gradle\native\c067742578af261105cb4f569cf0c3c89f3d7b1fecec35dd04571415982c5e48\windows-amd64\native-platform.dll
Event: 85.550 Loaded shared library C:\Users\USER\.gradle\native\100fb08df4bc3b14c8652ba06237920a3bd2aa13389f12d3474272988ae205f9\windows-amd64\native-platform-file-events.dll
Event: 251.577 Loaded shared library C:\Users\USER\.jdks\temurin-17.0.11\bin\management.dll
Event: 251.975 Loaded shared library C:\Users\USER\.jdks\temurin-17.0.11\bin\management_ext.dll
Event: 260.266 Loaded shared library C:\Users\USER\.jdks\temurin-17.0.11\bin\extnet.dll
Event: 277.778 Loaded shared library C:\Users\USER\.jdks\temurin-17.0.11\bin\sunmscapi.dll

Deoptimization events (20 events):
Event: 612.990 Thread 0x0000016636dc4e70 Uncommon trap: trap_request=0xffffff45 fr.pc=0x00000166116d5acc relative=0x000000000000030c
Event: 612.990 Thread 0x0000016636dc4e70 Uncommon trap: reason=unstable_if action=reinterpret pc=0x00000166116d5acc method=org.gradle.internal.instantiation.generator.AbstractClassGenerator$InjectionAnnotationValidator.validateMethod(Ljava/lang/reflect/Method;Lorg/gradle/internal/reflect/Propert
Event: 612.990 Thread 0x0000016636dc4e70 DEOPT PACKING pc=0x00000166116d5acc sp=0x000000156abf8df0
Event: 612.990 Thread 0x0000016636dc4e70 DEOPT UNPACKING pc=0x0000016610e969a3 sp=0x000000156abf8db8 mode 2
Event: 613.356 Thread 0x0000016636dc4e70 Uncommon trap: trap_request=0xffffffde fr.pc=0x000001661171b234 relative=0x00000000000004b4
Event: 613.356 Thread 0x0000016636dc4e70 Uncommon trap: reason=class_check action=maybe_recompile pc=0x000001661171b234 method=org.gradle.internal.instantiation.generator.AbstractClassGenerator$InjectionAnnotationValidator.validateMethod(Ljava/lang/reflect/Method;Lorg/gradle/internal/reflect/Pro
Event: 613.357 Thread 0x0000016636dc4e70 DEOPT PACKING pc=0x000001661171b234 sp=0x000000156abf8d40
Event: 613.369 Thread 0x0000016636dc4e70 DEOPT UNPACKING pc=0x0000016610e969a3 sp=0x000000156abf8d10 mode 2
Event: 627.102 Thread 0x0000016636dc4e70 Uncommon trap: trap_request=0xffffffde fr.pc=0x000001661171b234 relative=0x00000000000004b4
Event: 627.103 Thread 0x0000016636dc4e70 Uncommon trap: reason=class_check action=maybe_recompile pc=0x000001661171b234 method=org.gradle.internal.instantiation.generator.AbstractClassGenerator$InjectionAnnotationValidator.validateMethod(Ljava/lang/reflect/Method;Lorg/gradle/internal/reflect/Pro
Event: 627.103 Thread 0x0000016636dc4e70 DEOPT PACKING pc=0x000001661171b234 sp=0x000000156abf8d40
Event: 627.103 Thread 0x0000016636dc4e70 DEOPT UNPACKING pc=0x0000016610e969a3 sp=0x000000156abf8d10 mode 2
Event: 627.655 Thread 0x0000016636dc4e70 Uncommon trap: trap_request=0xffffffde fr.pc=0x000001661171b234 relative=0x00000000000004b4
Event: 627.655 Thread 0x0000016636dc4e70 Uncommon trap: reason=class_check action=maybe_recompile pc=0x000001661171b234 method=org.gradle.internal.instantiation.generator.AbstractClassGenerator$InjectionAnnotationValidator.validateMethod(Ljava/lang/reflect/Method;Lorg/gradle/internal/reflect/Pro
Event: 627.655 Thread 0x0000016636dc4e70 DEOPT PACKING pc=0x000001661171b234 sp=0x000000156abf8cb0
Event: 627.655 Thread 0x0000016636dc4e70 DEOPT UNPACKING pc=0x0000016610e969a3 sp=0x000000156abf8c80 mode 2
Event: 627.742 Thread 0x0000016636dc4e70 Uncommon trap: trap_request=0xffffffde fr.pc=0x000001661171b234 relative=0x00000000000004b4
Event: 627.742 Thread 0x0000016636dc4e70 Uncommon trap: reason=class_check action=maybe_recompile pc=0x000001661171b234 method=org.gradle.internal.instantiation.generator.AbstractClassGenerator$InjectionAnnotationValidator.validateMethod(Ljava/lang/reflect/Method;Lorg/gradle/internal/reflect/Pro
Event: 627.742 Thread 0x0000016636dc4e70 DEOPT PACKING pc=0x000001661171b234 sp=0x000000156abf8c60
Event: 627.742 Thread 0x0000016636dc4e70 DEOPT UNPACKING pc=0x0000016610e969a3 sp=0x000000156abf8c08 mode 2

Classes unloaded (0 events):
No events

Classes redefined (0 events):
No events

Internal exceptions (20 events):
Event: 595.929 Thread 0x0000016636dc4e70 Exception <a 'java/lang/NoSuchMethodError'{0x00000000efb91068}: 'java.lang.Object java.lang.invoke.DirectMethodHandle$Holder.invokeSpecial(java.lang.Object, java.lang.Object, java.lang.Object, java.lang.Object, java.lang.Object, java.lang.Object, int)'> (0x00000000efb91068) 
thrown [s\src\hotspot\share\interpreter\linkResolver.cpp, line 759]
Event: 596.430 Thread 0x0000016636dc4e70 Exception <a 'java/lang/NoSuchMethodError'{0x00000000efbefdf0}: 'java.lang.Object java.lang.invoke.DirectMethodHandle$Holder.invokeSpecial(java.lang.Object, java.lang.Object, java.lang.Object, java.lang.Object, java.lang.Object, long)'> (0x00000000efbefdf0) 
thrown [s\src\hotspot\share\interpreter\linkResolver.cpp, line 759]
Event: 596.456 Thread 0x0000016636dc4e70 Exception <a 'java/lang/NoSuchMethodError'{0x00000000efa1afd0}: 'void java.lang.invoke.DirectMethodHandle$Holder.invokeStatic(java.lang.Object, java.lang.Object, java.lang.Object, int, java.lang.Object)'> (0x00000000efa1afd0) 
thrown [s\src\hotspot\share\interpreter\linkResolver.cpp, line 759]
Event: 607.464 Thread 0x0000016636dc4e70 Exception <a 'java/lang/NoSuchMethodError'{0x00000000efcce298}: 'java.lang.Object java.lang.invoke.DirectMethodHandle$Holder.invokeSpecial(java.lang.Object, java.lang.Object, java.lang.Object, java.lang.Object, int, java.lang.Object)'> (0x00000000efcce298) 
thrown [s\src\hotspot\share\interpreter\linkResolver.cpp, line 759]
Event: 607.470 Thread 0x0000016636dc4e70 Exception <a 'java/lang/NoSuchMethodError'{0x00000000efcd6d20}: 'java.lang.Object java.lang.invoke.DirectMethodHandle$Holder.newInvokeSpecial(java.lang.Object, java.lang.Object, java.lang.Object, java.lang.Object, int)'> (0x00000000efcd6d20) 
thrown [s\src\hotspot\share\interpreter\linkResolver.cpp, line 759]
Event: 607.471 Thread 0x0000016636dc4e70 Exception <a 'java/lang/NoSuchMethodError'{0x00000000efcdbbd0}: 'java.lang.Object java.lang.invoke.DirectMethodHandle$Holder.invokeSpecial(java.lang.Object, java.lang.Object, java.lang.Object, java.lang.Object, java.lang.Object, int)'> (0x00000000efcdbbd0) 
thrown [s\src\hotspot\share\interpreter\linkResolver.cpp, line 759]
Event: 607.472 Thread 0x0000016636dc4e70 Exception <a 'java/lang/NoSuchMethodError'{0x00000000efce03b8}: 'java.lang.Object java.lang.invoke.Invokers$Holder.linkToTargetMethod(java.lang.Object, java.lang.Object, java.lang.Object, int, java.lang.Object)'> (0x00000000efce03b8) 
thrown [s\src\hotspot\share\interpreter\linkResolver.cpp, line 759]
Event: 608.716 Thread 0x0000016637d93f90 Exception <a 'java/lang/NoSuchMethodError'{0x00000000efa5be60}: 'void java.lang.invoke.DirectMethodHandle$Holder.invokeSpecial(java.lang.Object, java.lang.Object, java.lang.Object, int)'> (0x00000000efa5be60) 
thrown [s\src\hotspot\share\interpreter\linkResolver.cpp, line 759]
Event: 609.756 Thread 0x0000016637d93f90 Exception <a 'java/lang/NoSuchMethodError'{0x00000000ef997d88}: static Lorg/gradle/launcher/daemon/protocol/Command;.<clinit>()V> (0x00000000ef997d88) 
thrown [s\src\hotspot\share\prims\jni.cpp, line 1112]
Event: 609.764 Thread 0x0000016637d93f90 Exception <a 'java/lang/NoSuchMethodError'{0x00000000ef9a3190}: static Lorg/gradle/launcher/daemon/protocol/InvalidateVirtualFileSystemAfterChange;.<clinit>()V> (0x00000000ef9a3190) 
thrown [s\src\hotspot\share\prims\jni.cpp, line 1112]
Event: 611.054 Thread 0x0000016636dc4e70 Exception <a 'java/lang/NoSuchMethodError'{0x00000000ef9e6c88}: 'int java.lang.invoke.DirectMethodHandle$Holder.invokeInterface(java.lang.Object, java.lang.Object, java.lang.Object, java.lang.Object)'> (0x00000000ef9e6c88) 
thrown [s\src\hotspot\share\interpreter\linkResolver.cpp, line 759]
Event: 625.868 Thread 0x0000016636dc4e70 Exception <a 'java/lang/NoSuchMethodError'{0x00000000ef6eb118}: 'java.lang.Object java.lang.invoke.DirectMethodHandle$Holder.invokeStatic(java.lang.Object, long, java.lang.Object)'> (0x00000000ef6eb118) 
thrown [s\src\hotspot\share\interpreter\linkResolver.cpp, line 759]
Event: 626.633 Thread 0x0000016636dc4e70 Exception <a 'java/lang/NoSuchMethodError'{0x00000000ef6f2e50}: 'java.lang.Object java.lang.invoke.DirectMethodHandle$Holder.newInvokeSpecial(java.lang.Object, long)'> (0x00000000ef6f2e50) 
thrown [s\src\hotspot\share\interpreter\linkResolver.cpp, line 759]
Event: 627.278 Thread 0x0000016636dc4e70 Exception <a 'java/lang/NoSuchMethodError'{0x00000000ef5d9960}: 'java.lang.Object java.lang.invoke.DirectMethodHandle$Holder.newInvokeSpecial(java.lang.Object, java.lang.Object, java.lang.Object, java.lang.Object, java.lang.Object, long)'> (0x00000000ef5d9960) 
thrown [s\src\hotspot\share\interpreter\linkResolver.cpp, line 759]
Event: 627.280 Thread 0x0000016636dc4e70 Exception <a 'java/lang/NoSuchMethodError'{0x00000000ef5de828}: 'java.lang.Object java.lang.invoke.DirectMethodHandle$Holder.invokeSpecial(java.lang.Object, java.lang.Object, java.lang.Object, java.lang.Object, java.lang.Object, java.lang.Object, long)'> (0x00000000ef5de828) 
thrown [s\src\hotspot\share\interpreter\linkResolver.cpp, line 759]
Event: 627.329 Thread 0x0000016636dc4e70 Exception <a 'java/lang/NoSuchMethodError'{0x00000000ef42af00}: 'java.lang.Object java.lang.invoke.DirectMethodHandle$Holder.newInvokeSpecial(java.lang.Object, java.lang.Object, java.lang.Object, long)'> (0x00000000ef42af00) 
thrown [s\src\hotspot\share\interpreter\linkResolver.cpp, line 759]
Event: 627.332 Thread 0x0000016636dc4e70 Exception <a 'java/lang/NoSuchMethodError'{0x00000000ef42fef8}: 'java.lang.Object java.lang.invoke.DirectMethodHandle$Holder.invokeSpecial(java.lang.Object, java.lang.Object, java.lang.Object, java.lang.Object, long)'> (0x00000000ef42fef8) 
thrown [s\src\hotspot\share\interpreter\linkResolver.cpp, line 759]
Event: 627.336 Thread 0x0000016636dc4e70 Exception <a 'java/lang/NoSuchMethodError'{0x00000000ef4345d8}: 'java.lang.Object java.lang.invoke.Invokers$Holder.linkToTargetMethod(java.lang.Object, java.lang.Object, long, java.lang.Object)'> (0x00000000ef4345d8) 
thrown [s\src\hotspot\share\interpreter\linkResolver.cpp, line 759]
Event: 640.879 Thread 0x0000016636dc4e70 Exception <a 'java/lang/NoSuchMethodError'{0x00000000ef2b0e50}: 'java.lang.Object java.lang.invoke.DirectMethodHandle$Holder.invokeSpecial(java.lang.Object, java.lang.Object, long, java.lang.Object, java.lang.Object)'> (0x00000000ef2b0e50) 
thrown [s\src\hotspot\share\interpreter\linkResolver.cpp, line 759]
Event: 644.742 Thread 0x0000016636dc4e70 Exception <a 'java/lang/NoSuchMethodError'{0x00000000ef088e30}: 'java.lang.Object java.lang.invoke.DirectMethodHandle$Holder.newInvokeSpecial(java.lang.Object, java.lang.Object, int)'> (0x00000000ef088e30) 
thrown [s\src\hotspot\share\interpreter\linkResolver.cpp, line 759]

VM Operations (20 events):
Event: 632.491 Executing VM operation: Cleanup
Event: 632.520 Executing VM operation: Cleanup done
Event: 640.597 Executing VM operation: Cleanup
Event: 640.628 Executing VM operation: Cleanup done
Event: 641.640 Executing VM operation: Cleanup
Event: 641.640 Executing VM operation: Cleanup done
Event: 643.662 Executing VM operation: Cleanup
Event: 643.662 Executing VM operation: Cleanup done
Event: 644.672 Executing VM operation: Cleanup
Event: 644.688 Executing VM operation: Cleanup done
Event: 645.690 Executing VM operation: Cleanup
Event: 645.709 Executing VM operation: Cleanup done
Event: 647.730 Executing VM operation: Cleanup
Event: 647.731 Executing VM operation: Cleanup done
Event: 648.739 Executing VM operation: Cleanup
Event: 648.739 Executing VM operation: Cleanup done
Event: 649.749 Executing VM operation: Cleanup
Event: 649.780 Executing VM operation: Cleanup done
Event: 650.787 Executing VM operation: Cleanup
Event: 650.818 Executing VM operation: Cleanup done

Events (20 events):
Event: 610.293 Thread 0x000001661c9bbb90 flushing nmethod 0x000001660a0c9a90
Event: 610.294 Thread 0x000001661c9bbb90 flushing nmethod 0x000001660a0d1a10
Event: 610.295 Thread 0x000001661c9bbb90 flushing nmethod 0x000001660a0e2390
Event: 610.296 Thread 0x000001661c9bbb90 flushing nmethod 0x000001660a115390
Event: 610.297 Thread 0x000001661c9bbb90 flushing nmethod 0x000001660a12ce10
Event: 610.298 Thread 0x000001661c9bbb90 flushing nmethod 0x000001660a172210
Event: 610.301 Thread 0x000001661c9bbb90 flushing nmethod 0x000001660a250090
Event: 610.301 Thread 0x000001661c9bbb90 flushing nmethod 0x000001660a260610
Event: 610.301 Thread 0x000001661c9bbb90 flushing nmethod 0x000001660a261990
Event: 610.302 Thread 0x000001661c9bbb90 flushing nmethod 0x000001660a27ab90
Event: 610.302 Thread 0x000001661c9bbb90 flushing nmethod 0x000001660a27bf10
Event: 610.302 Thread 0x000001661c9bbb90 flushing nmethod 0x000001660a285510
Event: 610.302 Thread 0x000001661c9bbb90 flushing nmethod 0x000001660a285910
Event: 610.302 Thread 0x000001661c9bbb90 flushing nmethod 0x000001660a286710
Event: 610.302 Thread 0x000001661c9bbb90 flushing nmethod 0x000001660a286c10
Event: 610.302 Thread 0x000001661c9bbb90 flushing nmethod 0x000001660a287390
Event: 610.302 Thread 0x000001661c9bbb90 flushing nmethod 0x000001660a287810
Event: 610.303 Thread 0x000001661c9bbb90 flushing nmethod 0x000001660a2bb690
Event: 611.304 Thread 0x0000016637d95df0 Thread exited: 0x0000016637d95df0
Event: 611.307 Thread 0x0000016637d93f90 Thread exited: 0x0000016637d93f90


Dynamic libraries:
0x00007ff7d87f0000 - 0x00007ff7d87fe000 	C:\Users\USER\.jdks\temurin-17.0.11\bin\java.exe
0x00007ffa53ed0000 - 0x00007ffa540e7000 	C:\WINDOWS\SYSTEM32\ntdll.dll
0x00007ffa530d0000 - 0x00007ffa53194000 	C:\WINDOWS\System32\KERNEL32.DLL
0x00007ffa515d0000 - 0x00007ffa5197d000 	C:\WINDOWS\System32\KERNELBASE.dll
0x00007ffa514b0000 - 0x00007ffa515c1000 	C:\WINDOWS\System32\ucrtbase.dll
0x00007ffa49310000 - 0x00007ffa49327000 	C:\Users\USER\.jdks\temurin-17.0.11\bin\jli.dll
0x00007ffa532b0000 - 0x00007ffa5345e000 	C:\WINDOWS\System32\USER32.dll
0x00007ffa51320000 - 0x00007ffa51346000 	C:\WINDOWS\System32\win32u.dll
0x00007ffa53ca0000 - 0x00007ffa53cc9000 	C:\WINDOWS\System32\GDI32.dll
0x00007ffa51980000 - 0x00007ffa51a99000 	C:\WINDOWS\System32\gdi32full.dll
0x00007ffa51350000 - 0x00007ffa513ea000 	C:\WINDOWS\System32\msvcp_win.dll
0x00007ffa3a830000 - 0x00007ffa3aac3000 	C:\WINDOWS\WinSxS\amd64_microsoft.windows.common-controls_6595b64144ccf1df_6.0.22621.3672_none_2713b9d173822955\COMCTL32.dll
0x00007ffa457a0000 - 0x00007ffa457bb000 	C:\Users\USER\.jdks\temurin-17.0.11\bin\VCRUNTIME140.dll
0x00007ffa526a0000 - 0x00007ffa52747000 	C:\WINDOWS\System32\msvcrt.dll
0x00007ffa52e30000 - 0x00007ffa52e61000 	C:\WINDOWS\System32\IMM32.DLL
0x00007ffa48fb0000 - 0x00007ffa48fbc000 	C:\Users\USER\.jdks\temurin-17.0.11\bin\vcruntime140_1.dll
0x00007ffa1c4e0000 - 0x00007ffa1c56d000 	C:\Users\USER\.jdks\temurin-17.0.11\bin\msvcp140.dll
0x00007ff9e1620000 - 0x00007ff9e2282000 	C:\Users\USER\.jdks\temurin-17.0.11\bin\server\jvm.dll
0x00007ffa53540000 - 0x00007ffa535f2000 	C:\WINDOWS\System32\ADVAPI32.dll
0x00007ffa53010000 - 0x00007ffa530b9000 	C:\WINDOWS\System32\sechost.dll
0x00007ffa512f0000 - 0x00007ffa51318000 	C:\WINDOWS\System32\bcrypt.dll
0x00007ffa51c70000 - 0x00007ffa51d84000 	C:\WINDOWS\System32\RPCRT4.dll
0x00007ffa50090000 - 0x00007ffa500dd000 	C:\WINDOWS\SYSTEM32\POWRPROF.dll
0x00007ffa437c0000 - 0x00007ffa437c9000 	C:\WINDOWS\SYSTEM32\WSOCK32.dll
0x00007ffa53a00000 - 0x00007ffa53a71000 	C:\WINDOWS\System32\WS2_32.dll
0x00007ffa48330000 - 0x00007ffa48364000 	C:\WINDOWS\SYSTEM32\WINMM.dll
0x00007ffa456f0000 - 0x00007ffa456fa000 	C:\WINDOWS\SYSTEM32\VERSION.dll
0x00007ffa50070000 - 0x00007ffa50083000 	C:\WINDOWS\SYSTEM32\UMPDC.dll
0x00007ffa50320000 - 0x00007ffa50338000 	C:\WINDOWS\SYSTEM32\kernel.appcore.dll
0x00007ffa48d10000 - 0x00007ffa48d1a000 	C:\Users\USER\.jdks\temurin-17.0.11\bin\jimage.dll
0x00007ffa4eb50000 - 0x00007ffa4ed82000 	C:\WINDOWS\SYSTEM32\DBGHELP.DLL
0x00007ffa53670000 - 0x00007ffa539f8000 	C:\WINDOWS\System32\combase.dll
0x00007ffa53460000 - 0x00007ffa53537000 	C:\WINDOWS\System32\OLEAUT32.dll
0x00007ffa337c0000 - 0x00007ffa337f2000 	C:\WINDOWS\SYSTEM32\dbgcore.DLL
0x00007ffa51270000 - 0x00007ffa512eb000 	C:\WINDOWS\System32\bcryptPrimitives.dll
0x00007ffa44f60000 - 0x00007ffa44f6e000 	C:\Users\USER\.jdks\temurin-17.0.11\bin\instrument.dll
0x00007ffa1d430000 - 0x00007ffa1d455000 	C:\Users\USER\.jdks\temurin-17.0.11\bin\java.dll
0x00007ffa0e280000 - 0x00007ffa0e357000 	C:\Users\USER\.jdks\temurin-17.0.11\bin\jsvml.dll
0x00007ffa51e40000 - 0x00007ffa5269f000 	C:\WINDOWS\System32\SHELL32.dll
0x00007ffa4f160000 - 0x00007ffa4fa5c000 	C:\WINDOWS\SYSTEM32\windows.storage.dll
0x00007ffa4f020000 - 0x00007ffa4f15f000 	C:\WINDOWS\SYSTEM32\wintypes.dll
0x00007ffa528b0000 - 0x00007ffa529a4000 	C:\WINDOWS\System32\SHCORE.dll
0x00007ffa51c10000 - 0x00007ffa51c6e000 	C:\WINDOWS\System32\shlwapi.dll
0x00007ffa51130000 - 0x00007ffa51151000 	C:\WINDOWS\SYSTEM32\profapi.dll
0x00007ffa38580000 - 0x00007ffa38598000 	C:\Users\USER\.jdks\temurin-17.0.11\bin\zip.dll
0x00007ffa38430000 - 0x00007ffa38449000 	C:\Users\USER\.jdks\temurin-17.0.11\bin\net.dll
0x00007ffa490d0000 - 0x00007ffa49206000 	C:\WINDOWS\SYSTEM32\WINHTTP.dll
0x00007ffa50790000 - 0x00007ffa507f9000 	C:\WINDOWS\system32\mswsock.dll
0x00007ffa37130000 - 0x00007ffa37146000 	C:\Users\USER\.jdks\temurin-17.0.11\bin\nio.dll
0x00007ffa44f40000 - 0x00007ffa44f50000 	C:\Users\USER\.jdks\temurin-17.0.11\bin\verify.dll
0x00007ffa20bb0000 - 0x00007ffa20bd7000 	C:\Users\USER\.gradle\native\c067742578af261105cb4f569cf0c3c89f3d7b1fecec35dd04571415982c5e48\windows-amd64\native-platform.dll
0x00007ffa02360000 - 0x00007ffa024a4000 	C:\Users\USER\.gradle\native\100fb08df4bc3b14c8652ba06237920a3bd2aa13389f12d3474272988ae205f9\windows-amd64\native-platform-file-events.dll
0x00007ffa43bd0000 - 0x00007ffa43bd9000 	C:\Users\USER\.jdks\temurin-17.0.11\bin\management.dll
0x00007ffa431d0000 - 0x00007ffa431db000 	C:\Users\USER\.jdks\temurin-17.0.11\bin\management_ext.dll
0x00007ffa52e70000 - 0x00007ffa52e78000 	C:\WINDOWS\System32\PSAPI.DLL
0x00007ffa509f0000 - 0x00007ffa50a0b000 	C:\WINDOWS\SYSTEM32\CRYPTSP.dll
0x00007ffa50280000 - 0x00007ffa502b5000 	C:\WINDOWS\system32\rsaenh.dll
0x00007ffa50890000 - 0x00007ffa508b8000 	C:\WINDOWS\SYSTEM32\USERENV.dll
0x00007ffa50a10000 - 0x00007ffa50a1c000 	C:\WINDOWS\SYSTEM32\CRYPTBASE.dll
0x00007ffa4fd70000 - 0x00007ffa4fd9d000 	C:\WINDOWS\SYSTEM32\IPHLPAPI.DLL
0x00007ffa530c0000 - 0x00007ffa530c9000 	C:\WINDOWS\System32\NSI.dll
0x00007ffa49420000 - 0x00007ffa49439000 	C:\WINDOWS\SYSTEM32\dhcpcsvc6.DLL
0x00007ffa49020000 - 0x00007ffa4903f000 	C:\WINDOWS\SYSTEM32\dhcpcsvc.DLL
0x00007ffa4fda0000 - 0x00007ffa4fe98000 	C:\WINDOWS\SYSTEM32\DNSAPI.dll
0x00007ffa3c630000 - 0x00007ffa3c639000 	C:\Users\USER\.jdks\temurin-17.0.11\bin\extnet.dll
0x00007ffa3b380000 - 0x00007ffa3b38e000 	C:\Users\USER\.jdks\temurin-17.0.11\bin\sunmscapi.dll
0x00007ffa51aa0000 - 0x00007ffa51c07000 	C:\WINDOWS\System32\CRYPT32.dll
0x00007ffa50b90000 - 0x00007ffa50bbe000 	C:\WINDOWS\SYSTEM32\ncrypt.dll
0x00007ffa50b50000 - 0x00007ffa50b87000 	C:\WINDOWS\SYSTEM32\NTASN1.dll
0x00007ffa44070000 - 0x00007ffa44078000 	C:\WINDOWS\system32\wshunix.dll

dbghelp: loaded successfully - version: 4.0.5 - missing functions: none
symbol engine: initialized successfully - sym options: 0x614 - pdb path: .;C:\Users\USER\.jdks\temurin-17.0.11\bin;C:\WINDOWS\SYSTEM32;C:\WINDOWS\WinSxS\amd64_microsoft.windows.common-controls_6595b64144ccf1df_6.0.22621.3672_none_2713b9d173822955;C:\Users\USER\.jdks\temurin-17.0.11\bin\server;C:\Users\USER\.gradle\native\c067742578af261105cb4f569cf0c3c89f3d7b1fecec35dd04571415982c5e48\windows-amd64;C:\Users\USER\.gradle\native\100fb08df4bc3b14c8652ba06237920a3bd2aa13389f12d3474272988ae205f9\windows-amd64

VM Arguments:
jvm_args: --add-opens=java.base/java.util=ALL-UNNAMED --add-opens=java.base/java.lang=ALL-UNNAMED --add-opens=java.base/java.lang.invoke=ALL-UNNAMED --add-opens=java.prefs/java.util.prefs=ALL-UNNAMED --add-opens=java.base/java.nio.charset=ALL-UNNAMED --add-opens=java.base/java.net=ALL-UNNAMED --add-opens=java.base/java.util.concurrent.atomic=ALL-UNNAMED -XX:MaxMetaspaceSize=384m -XX:+HeapDumpOnOutOfMemoryError -Xms256m -Xmx512m -Dfile.encoding=UTF-8 -Duser.country=KR -Duser.language=ko -Duser.variant -javaagent:C:\Users\USER\.gradle\wrapper\dists\gradle-8.8-bin\dl7vupf4psengwqhwktix4v1\gradle-8.8\lib\agents\gradle-instrumentation-agent-8.8.jar 
java_command: org.gradle.launcher.daemon.bootstrap.GradleDaemon 8.8
java_class_path (initial): C:\Users\USER\.gradle\wrapper\dists\gradle-8.8-bin\dl7vupf4psengwqhwktix4v1\gradle-8.8\lib\gradle-launcher-8.8.jar
Launcher Type: SUN_STANDARD

[Global flags]
     intx CICompilerCount                          = 4                                         {product} {ergonomic}
   size_t CompressedClassSpaceSize                 = 335544320                                 {product} {ergonomic}
     uint ConcGCThreads                            = 2                                         {product} {ergonomic}
     uint G1ConcRefinementThreads                  = 8                                         {product} {ergonomic}
   size_t G1HeapRegionSize                         = 1048576                                   {product} {ergonomic}
    uintx GCDrainStackTargetSize                   = 64                                        {product} {ergonomic}
     bool HeapDumpOnOutOfMemoryError               = true                                   {manageable} {command line}
   size_t InitialHeapSize                          = 268435456                                 {product} {command line}
   size_t MarkStackSize                            = 4194304                                   {product} {ergonomic}
   size_t MaxHeapSize                              = 536870912                                 {product} {command line}
   size_t MaxMetaspaceSize                         = 402653184                                 {product} {command line}
   size_t MaxNewSize                               = 321912832                                 {product} {ergonomic}
   size_t MinHeapDeltaBytes                        = 1048576                                   {product} {ergonomic}
   size_t MinHeapSize                              = 268435456                                 {product} {command line}
    uintx NonNMethodCodeHeapSize                   = 5839372                                {pd product} {ergonomic}
    uintx NonProfiledCodeHeapSize                  = 122909434                              {pd product} {ergonomic}
    uintx ProfiledCodeHeapSize                     = 122909434                              {pd product} {ergonomic}
    uintx ReservedCodeCacheSize                    = 251658240                              {pd product} {ergonomic}
     bool SegmentedCodeCache                       = true                                      {product} {ergonomic}
   size_t SoftMaxHeapSize                          = 536870912                              {manageable} {ergonomic}
     bool UseCompressedClassPointers               = true                           {product lp64_product} {ergonomic}
     bool UseCompressedOops                        = true                           {product lp64_product} {ergonomic}
     bool UseG1GC                                  = true                                      {product} {ergonomic}
     bool UseLargePagesIndividualAllocation        = false                                  {pd product} {ergonomic}

Logging:
Log output configuration:
 #0: stdout all=warning uptime,level,tags
 #1: stderr all=off uptime,level,tags

Environment Variables:
JAVA_HOME=C:\Users\USER\Java\jdk-1.8
CLASSPATH=%classpath%;;;
PATH=C:\Program Files\nodejs;C:\Program Files\Microsoft SQL Server\150\DTS\Binn\;C:\Program Files\Microsoft SQL Server\Client SDK\ODBC\170\Tools\Binn\;C:\Program Files\Microsoft SQL Server\160\DTS\Binn\;C:\Users\USER\Java\jdk-1.8bin;C:\Users\USER\AppData\Local\Programs\Microsoft VS Code\bin;C:\Users\USER\AppData\Local\Microsoft\WindowsApps;C:\Users\USER\AppData\Roaming\npm;C:\Program Files\JetBrains\IntelliJ IDEA 2024.1.2\bin;;C:\Program Files\Git\cmd;
USERNAME=USER
OS=Windows_NT
PROCESSOR_IDENTIFIER=Intel64 Family 6 Model 142 Stepping 10, GenuineIntel
TMP=C:\Users\USER\AppData\Local\Temp
TEMP=C:\Users\USER\AppData\Local\Temp



Periodic native trim disabled


---------------  S Y S T E M  ---------------

OS:
 Windows 11 , 64 bit Build 22621 (10.0.22621.3672)
OS uptime: 8 days 1:02 hours

CPU: total 8 (initial active 8) (4 cores per cpu, 2 threads per core) family 6 model 142 stepping 10 microcode 0xe0, cx8, cmov, fxsr, ht, mmx, 3dnowpref, sse, sse2, sse3, ssse3, sse4.1, sse4.2, popcnt, lzcnt, tsc, tscinvbit, avx, avx2, aes, erms, clmul, bmi1, bmi2, adx, fma, vzeroupper, clflush, clflushopt
Processor Information for all 8 processors :
  Max Mhz: 1800, Current Mhz: 1600, Mhz Limit: 1584

Memory: 4k page, system-wide physical 8106M (513M free)
TotalPageFile size 32682M (AvailPageFile size 266M)
current process WorkingSet (physical memory assigned to process): 55M, peak: 153M
current process commit charge ("private bytes"): 446M, peak: 453M

vm_info: OpenJDK 64-Bit Server VM (17.0.11+9) for windows-amd64 JRE (17.0.11+9), built on Apr 17 2024 06:07:48 by "admin" with MS VC++ 16.10 / 16.11 (VS2019)

END.
