#
# There is insufficient memory for the Java Runtime Environment to continue.
# Native memory allocation (malloc) failed to allocate 1254720 bytes. Error detail: Chunk::new
# Possible reasons:
#   The system is out of physical RAM or swap space
#   This process is running with CompressedOops enabled, and the Java Heap may be blocking the growth of the native heap
# Possible solutions:
#   Reduce memory load on the system
#   Increase physical memory or swap space
#   Check if swap backing store is full
#   Decrease Java heap size (-Xmx/-Xms)
#   Decrease number of Java threads
#   Decrease Java thread stack sizes (-Xss)
#   Set larger code cache with -XX:ReservedCodeCacheSize=
#   JVM is running with Unscaled Compressed Oops mode in which the Java heap is
#     placed in the first 4GB address space. The Java Heap base address is the
#     maximum limit for the native heap growth. Please use -XX:HeapBaseMinAddress
#     to set the Java Heap base and to place the Java Heap above 4GB virtual address.
# This output file may be truncated or incomplete.
#
#  Out of Memory Error (arena.cpp:191), pid=37268, tid=12228
#
# JRE version: OpenJDK Runtime Environment Temurin-17.0.11+9 (17.0.11+9) (build 17.0.11+9)
# Java VM: OpenJDK 64-Bit Server VM Temurin-17.0.11+9 (17.0.11+9, mixed mode, sharing, tiered, compressed oops, compressed class ptrs, g1 gc, windows-amd64)
# No core dump will be written. Minidumps are not enabled by default on client versions of Windows
#

---------------  S U M M A R Y ------------

Command Line: --add-opens=java.base/java.util=ALL-UNNAMED --add-opens=java.base/java.lang=ALL-UNNAMED --add-opens=java.base/java.lang.invoke=ALL-UNNAMED --add-opens=java.prefs/java.util.prefs=ALL-UNNAMED --add-opens=java.base/java.nio.charset=ALL-UNNAMED --add-opens=java.base/java.net=ALL-UNNAMED --add-opens=java.base/java.util.concurrent.atomic=ALL-UNNAMED -XX:MaxMetaspaceSize=384m -XX:+HeapDumpOnOutOfMemoryError -Xms256m -Xmx512m -Dfile.encoding=UTF-8 -Duser.country=KR -Duser.language=ko -Duser.variant -javaagent:C:\Users\USER\.gradle\wrapper\dists\gradle-8.8-bin\dl7vupf4psengwqhwktix4v1\gradle-8.8\lib\agents\gradle-instrumentation-agent-8.8.jar org.gradle.launcher.daemon.bootstrap.GradleDaemon 8.8

Host: Intel(R) Core(TM) i5-8250U CPU @ 1.60GHz, 8 cores, 7G,  Windows 11 , 64 bit Build 22621 (10.0.22621.3672)
Time: Fri Jul 19 10:31:17 2024  Windows 11 , 64 bit Build 22621 (10.0.22621.3672) elapsed time: 343.010481 seconds (0d 0h 5m 43s)

---------------  T H R E A D  ---------------

Current thread (0x000001625ef7c0e0):  JavaThread "C2 CompilerThread0" daemon [_thread_in_native, id=12228, stack(0x0000005dc0700000,0x0000005dc0800000)]


Current CompileTask:
C2: 343010 4343       4       javax.management.ObjectName::construct (1135 bytes)

Stack: [0x0000005dc0700000,0x0000005dc0800000]
Native frames: (J=compiled Java code, j=interpreted, Vv=VM code, C=native code)
V  [jvm.dll+0x67d429]
V  [jvm.dll+0x834b7a]
V  [jvm.dll+0x83663e]
V  [jvm.dll+0x836ca3]
V  [jvm.dll+0x247dbf]
V  [jvm.dll+0xac534]
V  [jvm.dll+0xacb7c]
V  [jvm.dll+0x366647]
V  [jvm.dll+0x330bba]
V  [jvm.dll+0x33005a]
V  [jvm.dll+0x21a471]
V  [jvm.dll+0x2198b1]
V  [jvm.dll+0x1a534d]
V  [jvm.dll+0x2295cd]
V  [jvm.dll+0x22779c]
V  [jvm.dll+0x7e9d07]
V  [jvm.dll+0x7e410a]
V  [jvm.dll+0x67c315]
C  [ucrtbase.dll+0x29333]
C  [KERNEL32.DLL+0x1257d]
C  [ntdll.dll+0x5af28]


---------------  P R O C E S S  ---------------

Threads class SMR info:
_java_thread_list=0x000001627b4ad250, length=37, elements={
0x00000162443db2b0, 0x000001625ef60de0, 0x000001625ef61c60, 0x000001625ef773e0,
0x000001625ef77db0, 0x000001625ef78970, 0x000001625ef7b340, 0x000001625ef7c0e0,
0x000001625ef7cb90, 0x00000162780d0020, 0x000001627815fb30, 0x00000162781defb0,
0x0000016278988610, 0x00000162792a25f0, 0x0000016278c41780, 0x0000016278960240,
0x00000162787daee0, 0x000001627828b7f0, 0x0000016278289480, 0x000001627828add0,
0x000001627828a8c0, 0x0000016278289990, 0x0000016278288f70, 0x000001627828bd00,
0x000001627828c720, 0x000001627a0b9010, 0x000001627a0bd6f0, 0x000001627a0be620,
0x000001627a0bfa60, 0x000001627a0bccd0, 0x000001627a0ba960, 0x000001627a0b8b00,
0x000001627a0bb890, 0x000001627a0bbda0, 0x000001627a0b9a30, 0x000001627a0beb30,
0x000001627a0bf040
}

Java Threads: ( => current thread )
  0x00000162443db2b0 JavaThread "main" [_thread_blocked, id=7852, stack(0x0000005dbfa00000,0x0000005dbfb00000)]
  0x000001625ef60de0 JavaThread "Reference Handler" daemon [_thread_blocked, id=20748, stack(0x0000005dc0100000,0x0000005dc0200000)]
  0x000001625ef61c60 JavaThread "Finalizer" daemon [_thread_blocked, id=12352, stack(0x0000005dc0200000,0x0000005dc0300000)]
  0x000001625ef773e0 JavaThread "Signal Dispatcher" daemon [_thread_blocked, id=37796, stack(0x0000005dc0300000,0x0000005dc0400000)]
  0x000001625ef77db0 JavaThread "Attach Listener" daemon [_thread_blocked, id=11988, stack(0x0000005dc0400000,0x0000005dc0500000)]
  0x000001625ef78970 JavaThread "Service Thread" daemon [_thread_blocked, id=37096, stack(0x0000005dc0500000,0x0000005dc0600000)]
  0x000001625ef7b340 JavaThread "Monitor Deflation Thread" daemon [_thread_blocked, id=19020, stack(0x0000005dc0600000,0x0000005dc0700000)]
=>0x000001625ef7c0e0 JavaThread "C2 CompilerThread0" daemon [_thread_in_native, id=12228, stack(0x0000005dc0700000,0x0000005dc0800000)]
  0x000001625ef7cb90 JavaThread "C1 CompilerThread0" daemon [_thread_blocked, id=35356, stack(0x0000005dc0800000,0x0000005dc0900000)]
  0x00000162780d0020 JavaThread "Sweeper thread" daemon [_thread_blocked, id=4036, stack(0x0000005dc0900000,0x0000005dc0a00000)]
  0x000001627815fb30 JavaThread "Common-Cleaner" daemon [_thread_blocked, id=23296, stack(0x0000005dc0a00000,0x0000005dc0b00000)]
  0x00000162781defb0 JavaThread "Notification Thread" daemon [_thread_blocked, id=25396, stack(0x0000005dc0b00000,0x0000005dc0c00000)]
  0x0000016278988610 JavaThread "Daemon health stats" [_thread_blocked, id=27908, stack(0x0000005dc1000000,0x0000005dc1100000)]
  0x00000162792a25f0 JavaThread "Incoming local TCP Connector on port 1333" [_thread_in_native, id=15192, stack(0x0000005dc1400000,0x0000005dc1500000)]
  0x0000016278c41780 JavaThread "Daemon periodic checks" [_thread_in_native, id=18792, stack(0x0000005dc1500000,0x0000005dc1600000)]
  0x0000016278960240 JavaThread "Daemon" [_thread_blocked, id=20332, stack(0x0000005dc1600000,0x0000005dc1700000)]
  0x00000162787daee0 JavaThread "Handler for socket connection from /127.0.0.1:1333 to /127.0.0.1:1341" [_thread_in_native, id=18160, stack(0x0000005dc1700000,0x0000005dc1800000)]
  0x000001627828b7f0 JavaThread "Cancel handler" [_thread_blocked, id=36512, stack(0x0000005dc1800000,0x0000005dc1900000)]
  0x0000016278289480 JavaThread "Daemon worker" [_thread_in_Java, id=16820, stack(0x0000005dc1900000,0x0000005dc1a00000)]
  0x000001627828add0 JavaThread "Asynchronous log dispatcher for DefaultDaemonConnection: socket connection from /127.0.0.1:1333 to /127.0.0.1:1341" [_thread_blocked, id=38444, stack(0x0000005dc1a00000,0x0000005dc1b00000)]
  0x000001627828a8c0 JavaThread "Stdin handler" [_thread_blocked, id=37708, stack(0x0000005dc1b00000,0x0000005dc1c00000)]
  0x0000016278289990 JavaThread "Daemon client event forwarder" [_thread_blocked, id=15916, stack(0x0000005dc1c00000,0x0000005dc1d00000)]
  0x0000016278288f70 JavaThread "Cache worker for journal cache (C:\Users\USER\.gradle\caches\journal-1)" [_thread_blocked, id=10960, stack(0x0000005dc1d00000,0x0000005dc1e00000)]
  0x000001627828bd00 JavaThread "File lock request listener" [_thread_in_native, id=21316, stack(0x0000005dc1e00000,0x0000005dc1f00000)]
  0x000001627828c720 JavaThread "File lock release action executor" [_thread_blocked, id=15876, stack(0x0000005dc1f00000,0x0000005dc2000000)]
  0x000001627a0b9010 JavaThread "Cache worker for file hash cache (C:\Users\USER\.gradle\caches\8.8\fileHashes)" [_thread_blocked, id=37600, stack(0x0000005dc2000000,0x0000005dc2100000)]
  0x000001627a0bd6f0 JavaThread "Cache worker for file hash cache (C:\otk\spring\demo\.gradle\8.8\fileHashes)" [_thread_blocked, id=37100, stack(0x0000005dc2100000,0x0000005dc2200000)]
  0x000001627a0be620 JavaThread "File watcher server" daemon [_thread_in_native, id=15236, stack(0x0000005dc2200000,0x0000005dc2300000)]
  0x000001627a0bfa60 JavaThread "File watcher consumer" daemon [_thread_blocked, id=9568, stack(0x0000005dc2300000,0x0000005dc2400000)]
  0x000001627a0bccd0 JavaThread "Cache worker for checksums cache (C:\otk\spring\demo\.gradle\8.8\checksums)" [_thread_blocked, id=27184, stack(0x0000005dc2500000,0x0000005dc2600000)]
  0x000001627a0ba960 JavaThread "Cache worker for file content cache (C:\Users\USER\.gradle\caches\8.8\fileContent)" [_thread_blocked, id=38016, stack(0x0000005dc2600000,0x0000005dc2700000)]
  0x000001627a0b8b00 JavaThread "Cache worker for cache directory md-rule (C:\Users\USER\.gradle\caches\8.8\md-rule)" [_thread_blocked, id=37048, stack(0x0000005dc2700000,0x0000005dc2800000)]
  0x000001627a0bb890 JavaThread "Cache worker for cache directory md-supplier (C:\Users\USER\.gradle\caches\8.8\md-supplier)" [_thread_blocked, id=34992, stack(0x0000005dc2900000,0x0000005dc2a00000)]
  0x000001627a0bbda0 JavaThread "jar transforms" [_thread_blocked, id=37480, stack(0x0000005dc2c00000,0x0000005dc2d00000)]
  0x000001627a0b9a30 JavaThread "jar transforms Thread 2" [_thread_blocked, id=37492, stack(0x0000005dc2d00000,0x0000005dc2e00000)]
  0x000001627a0beb30 JavaThread "jar transforms Thread 3" [_thread_blocked, id=23236, stack(0x0000005dc0f00000,0x0000005dc1000000)]
  0x000001627a0bf040 JavaThread "jar transforms Thread 4" [_thread_blocked, id=38656, stack(0x0000005dc1100000,0x0000005dc1200000)]

Other Threads:
  0x000001625ef58a60 VMThread "VM Thread" [stack: 0x0000005dc0000000,0x0000005dc0100000] [id=37836]
  0x00000162443dc130 WatcherThread [stack: 0x0000005dc0c00000,0x0000005dc0d00000] [id=14932]
  0x0000016244408b30 GCTaskThread "GC Thread#0" [stack: 0x0000005dbfb00000,0x0000005dbfc00000] [id=15548]
  0x00000162787dc2a0 GCTaskThread "GC Thread#1" [stack: 0x0000005dbf700000,0x0000005dbf800000] [id=15368]
  0x0000016278681c40 GCTaskThread "GC Thread#2" [stack: 0x0000005dbf800000,0x0000005dbf900000] [id=10100]
  0x00000162789075c0 GCTaskThread "GC Thread#3" [stack: 0x0000005dbf900000,0x0000005dbfa00000] [id=16600]
  0x0000016278681f00 GCTaskThread "GC Thread#4" [stack: 0x0000005dc0d00000,0x0000005dc0e00000] [id=29072]
  0x00000162786821c0 GCTaskThread "GC Thread#5" [stack: 0x0000005dc0e00000,0x0000005dc0f00000] [id=34020]
  0x0000016279584170 GCTaskThread "GC Thread#6" [stack: 0x0000005dc1200000,0x0000005dc1300000] [id=31572]
  0x00000162786513e0 GCTaskThread "GC Thread#7" [stack: 0x0000005dc1300000,0x0000005dc1400000] [id=36080]
  0x000001624440da80 ConcurrentGCThread "G1 Main Marker" [stack: 0x0000005dbfc00000,0x0000005dbfd00000] [id=2364]
  0x000001624440e4a0 ConcurrentGCThread "G1 Conc#0" [stack: 0x0000005dbfd00000,0x0000005dbfe00000] [id=26116]
  0x000001627a41b530 ConcurrentGCThread "G1 Conc#1" [stack: 0x0000005dc2400000,0x0000005dc2500000] [id=7848]
  0x000001625ee1c520 ConcurrentGCThread "G1 Refine#0" [stack: 0x0000005dbfe00000,0x0000005dbff00000] [id=37812]
  0x000001627b0ea6c0 ConcurrentGCThread "G1 Refine#1" [stack: 0x0000005dc2800000,0x0000005dc2900000] [id=13644]
  0x000001625ee1dd70 ConcurrentGCThread "G1 Service" [stack: 0x0000005dbff00000,0x0000005dc0000000] [id=33408]

Threads with active compile tasks:
C2 CompilerThread0   343564 4343       4       javax.management.ObjectName::construct (1135 bytes)

VM state: not at safepoint (normal execution)

VM Mutex/Monitor currently owned by a thread: None

Heap address: 0x00000000e0000000, size: 512 MB, Compressed Oops mode: 32-bit

CDS archive(s) mapped at: [0x000001625f000000-0x000001625fbb0000-0x000001625fbb0000), size 12255232, SharedBaseAddress: 0x000001625f000000, ArchiveRelocationMode: 1.
Compressed class space mapped at: 0x0000016260000000-0x0000016274000000, reserved size: 335544320
Narrow klass base: 0x000001625f000000, Narrow klass shift: 0, Narrow klass range: 0x100000000

GC Precious Log:
 CPUs: 8 total, 8 available
 Memory: 8106M
 Large Page Support: Disabled
 NUMA Support: Disabled
 Compressed Oops: Enabled (32-bit)
 Heap Region Size: 1M
 Heap Min Capacity: 256M
 Heap Initial Capacity: 256M
 Heap Max Capacity: 512M
 Pre-touch: Disabled
 Parallel Workers: 8
 Concurrent Workers: 2
 Concurrent Refinement Workers: 8
 Periodic GC: Disabled

Heap:
 garbage-first heap   total 262144K, used 56489K [0x00000000e0000000, 0x0000000100000000)
  region size 1024K, 22 young (22528K), 1 survivors (1024K)
 Metaspace       used 34525K, committed 34880K, reserved 393216K
  class space    used 4773K, committed 4928K, reserved 327680K

Heap Regions: E=young(eden), S=young(survivor), O=old, HS=humongous(starts), HC=humongous(continues), CS=collection set, F=free, OA=open archive, CA=closed archive, TAMS=top-at-mark-start (previous, next)
|   0|0x00000000e0000000, 0x00000000e0100000, 0x00000000e0100000|100%|HS|  |TAMS 0x00000000e0100000, 0x00000000e0000000| Complete 
|   1|0x00000000e0100000, 0x00000000e0200000, 0x00000000e0200000|100%|HC|  |TAMS 0x00000000e0200000, 0x00000000e0100000| Complete 
|   2|0x00000000e0200000, 0x00000000e0300000, 0x00000000e0300000|100%|HC|  |TAMS 0x00000000e0300000, 0x00000000e0200000| Complete 
|   3|0x00000000e0300000, 0x00000000e0400000, 0x00000000e0400000|100%|HC|  |TAMS 0x00000000e0400000, 0x00000000e0300000| Complete 
|   4|0x00000000e0400000, 0x00000000e0500000, 0x00000000e0500000|100%| O|  |TAMS 0x00000000e0500000, 0x00000000e0400000| Untracked 
|   5|0x00000000e0500000, 0x00000000e0600000, 0x00000000e0600000|100%| O|  |TAMS 0x00000000e0600000, 0x00000000e0500000| Untracked 
|   6|0x00000000e0600000, 0x00000000e0700000, 0x00000000e0700000|100%| O|  |TAMS 0x00000000e0700000, 0x00000000e0600000| Untracked 
|   7|0x00000000e0700000, 0x00000000e0800000, 0x00000000e0800000|100%| O|  |TAMS 0x00000000e0800000, 0x00000000e0700000| Untracked 
|   8|0x00000000e0800000, 0x00000000e0900000, 0x00000000e0900000|100%| O|  |TAMS 0x00000000e0900000, 0x00000000e0800000| Untracked 
|   9|0x00000000e0900000, 0x00000000e0a00000, 0x00000000e0a00000|100%| O|  |TAMS 0x00000000e0a00000, 0x00000000e0900000| Untracked 
|  10|0x00000000e0a00000, 0x00000000e0b00000, 0x00000000e0b00000|100%| O|  |TAMS 0x00000000e0b00000, 0x00000000e0a00000| Untracked 
|  11|0x00000000e0b00000, 0x00000000e0c00000, 0x00000000e0c00000|100%| O|  |TAMS 0x00000000e0c00000, 0x00000000e0b00000| Untracked 
|  12|0x00000000e0c00000, 0x00000000e0d00000, 0x00000000e0d00000|100%|HS|  |TAMS 0x00000000e0d00000, 0x00000000e0c00000| Complete 
|  13|0x00000000e0d00000, 0x00000000e0e00000, 0x00000000e0e00000|100%| O|  |TAMS 0x00000000e0e00000, 0x00000000e0d00000| Untracked 
|  14|0x00000000e0e00000, 0x00000000e0f00000, 0x00000000e0f00000|100%| O|  |TAMS 0x00000000e0f00000, 0x00000000e0e00000| Untracked 
|  15|0x00000000e0f00000, 0x00000000e1000000, 0x00000000e1000000|100%| O|  |TAMS 0x00000000e1000000, 0x00000000e0f00000| Untracked 
|  16|0x00000000e1000000, 0x00000000e1100000, 0x00000000e1100000|100%| O|  |TAMS 0x00000000e1100000, 0x00000000e1000000| Untracked 
|  17|0x00000000e1100000, 0x00000000e1200000, 0x00000000e1200000|100%| O|  |TAMS 0x00000000e1200000, 0x00000000e1100000| Untracked 
|  18|0x00000000e1200000, 0x00000000e1300000, 0x00000000e1300000|100%| O|  |TAMS 0x00000000e1300000, 0x00000000e1200000| Untracked 
|  19|0x00000000e1300000, 0x00000000e1400000, 0x00000000e1400000|100%| O|  |TAMS 0x00000000e1400000, 0x00000000e1300000| Untracked 
|  20|0x00000000e1400000, 0x00000000e1500000, 0x00000000e1500000|100%| O|  |TAMS 0x00000000e1436800, 0x00000000e1400000| Untracked 
|  21|0x00000000e1500000, 0x00000000e1600000, 0x00000000e1600000|100%| O|  |TAMS 0x00000000e1500000, 0x00000000e1500000| Untracked 
|  22|0x00000000e1600000, 0x00000000e1700000, 0x00000000e1700000|100%| O|  |TAMS 0x00000000e1600000, 0x00000000e1600000| Untracked 
|  23|0x00000000e1700000, 0x00000000e1800000, 0x00000000e1800000|100%| O|  |TAMS 0x00000000e1700000, 0x00000000e1700000| Untracked 
|  24|0x00000000e1800000, 0x00000000e1900000, 0x00000000e1900000|100%| O|  |TAMS 0x00000000e1800000, 0x00000000e1800000| Untracked 
|  25|0x00000000e1900000, 0x00000000e1a00000, 0x00000000e1a00000|100%| O|  |TAMS 0x00000000e1900000, 0x00000000e1900000| Untracked 
|  26|0x00000000e1a00000, 0x00000000e1b00000, 0x00000000e1b00000|100%| O|  |TAMS 0x00000000e1a00000, 0x00000000e1a00000| Untracked 
|  27|0x00000000e1b00000, 0x00000000e1c00000, 0x00000000e1c00000|100%| O|  |TAMS 0x00000000e1b00000, 0x00000000e1b00000| Untracked 
|  28|0x00000000e1c00000, 0x00000000e1d00000, 0x00000000e1d00000|100%| O|  |TAMS 0x00000000e1c00000, 0x00000000e1c00000| Untracked 
|  29|0x00000000e1d00000, 0x00000000e1d2a400, 0x00000000e1e00000| 16%| O|  |TAMS 0x00000000e1d00000, 0x00000000e1d00000| Untracked 
|  30|0x00000000e1e00000, 0x00000000e1f00000, 0x00000000e1f00000|100%|HS|  |TAMS 0x00000000e1e00000, 0x00000000e1e00000| Complete 
|  31|0x00000000e1f00000, 0x00000000e2000000, 0x00000000e2000000|100%|HS|  |TAMS 0x00000000e1f00000, 0x00000000e1f00000| Complete 
|  32|0x00000000e2000000, 0x00000000e2100000, 0x00000000e2100000|100%|HC|  |TAMS 0x00000000e2000000, 0x00000000e2000000| Complete 
|  33|0x00000000e2100000, 0x00000000e2200000, 0x00000000e2200000|100%|HS|  |TAMS 0x00000000e2100000, 0x00000000e2100000| Complete 
|  34|0x00000000e2200000, 0x00000000e2300000, 0x00000000e2300000|100%|HC|  |TAMS 0x00000000e2200000, 0x00000000e2200000| Complete 
|  35|0x00000000e2300000, 0x00000000e2300000, 0x00000000e2400000|  0%| F|  |TAMS 0x00000000e2300000, 0x00000000e2300000| Untracked 
|  36|0x00000000e2400000, 0x00000000e2400000, 0x00000000e2500000|  0%| F|  |TAMS 0x00000000e2400000, 0x00000000e2400000| Untracked 
|  37|0x00000000e2500000, 0x00000000e2500000, 0x00000000e2600000|  0%| F|  |TAMS 0x00000000e2500000, 0x00000000e2500000| Untracked 
|  38|0x00000000e2600000, 0x00000000e2600000, 0x00000000e2700000|  0%| F|  |TAMS 0x00000000e2600000, 0x00000000e2600000| Untracked 
|  39|0x00000000e2700000, 0x00000000e2700000, 0x00000000e2800000|  0%| F|  |TAMS 0x00000000e2700000, 0x00000000e2700000| Untracked 
|  40|0x00000000e2800000, 0x00000000e2800000, 0x00000000e2900000|  0%| F|  |TAMS 0x00000000e2800000, 0x00000000e2800000| Untracked 
|  41|0x00000000e2900000, 0x00000000e2900000, 0x00000000e2a00000|  0%| F|  |TAMS 0x00000000e2900000, 0x00000000e2900000| Untracked 
|  42|0x00000000e2a00000, 0x00000000e2a00000, 0x00000000e2b00000|  0%| F|  |TAMS 0x00000000e2a00000, 0x00000000e2a00000| Untracked 
|  43|0x00000000e2b00000, 0x00000000e2b00000, 0x00000000e2c00000|  0%| F|  |TAMS 0x00000000e2b00000, 0x00000000e2b00000| Untracked 
|  44|0x00000000e2c00000, 0x00000000e2c00000, 0x00000000e2d00000|  0%| F|  |TAMS 0x00000000e2c00000, 0x00000000e2c00000| Untracked 
|  45|0x00000000e2d00000, 0x00000000e2d00000, 0x00000000e2e00000|  0%| F|  |TAMS 0x00000000e2d00000, 0x00000000e2d00000| Untracked 
|  46|0x00000000e2e00000, 0x00000000e2e00000, 0x00000000e2f00000|  0%| F|  |TAMS 0x00000000e2e00000, 0x00000000e2e00000| Untracked 
|  47|0x00000000e2f00000, 0x00000000e2f00000, 0x00000000e3000000|  0%| F|  |TAMS 0x00000000e2f00000, 0x00000000e2f00000| Untracked 
|  48|0x00000000e3000000, 0x00000000e3000000, 0x00000000e3100000|  0%| F|  |TAMS 0x00000000e3000000, 0x00000000e3000000| Untracked 
|  49|0x00000000e3100000, 0x00000000e3100000, 0x00000000e3200000|  0%| F|  |TAMS 0x00000000e3100000, 0x00000000e3100000| Untracked 
|  50|0x00000000e3200000, 0x00000000e3200000, 0x00000000e3300000|  0%| F|  |TAMS 0x00000000e3200000, 0x00000000e3200000| Untracked 
|  51|0x00000000e3300000, 0x00000000e3300000, 0x00000000e3400000|  0%| F|  |TAMS 0x00000000e3300000, 0x00000000e3300000| Untracked 
|  52|0x00000000e3400000, 0x00000000e3400000, 0x00000000e3500000|  0%| F|  |TAMS 0x00000000e3400000, 0x00000000e3400000| Untracked 
|  53|0x00000000e3500000, 0x00000000e3500000, 0x00000000e3600000|  0%| F|  |TAMS 0x00000000e3500000, 0x00000000e3500000| Untracked 
|  54|0x00000000e3600000, 0x00000000e3600000, 0x00000000e3700000|  0%| F|  |TAMS 0x00000000e3600000, 0x00000000e3600000| Untracked 
|  55|0x00000000e3700000, 0x00000000e3700000, 0x00000000e3800000|  0%| F|  |TAMS 0x00000000e3700000, 0x00000000e3700000| Untracked 
|  56|0x00000000e3800000, 0x00000000e3800000, 0x00000000e3900000|  0%| F|  |TAMS 0x00000000e3800000, 0x00000000e3800000| Untracked 
|  57|0x00000000e3900000, 0x00000000e3900000, 0x00000000e3a00000|  0%| F|  |TAMS 0x00000000e3900000, 0x00000000e3900000| Untracked 
|  58|0x00000000e3a00000, 0x00000000e3a00000, 0x00000000e3b00000|  0%| F|  |TAMS 0x00000000e3a00000, 0x00000000e3a00000| Untracked 
|  59|0x00000000e3b00000, 0x00000000e3b00000, 0x00000000e3c00000|  0%| F|  |TAMS 0x00000000e3b00000, 0x00000000e3b00000| Untracked 
|  60|0x00000000e3c00000, 0x00000000e3c00000, 0x00000000e3d00000|  0%| F|  |TAMS 0x00000000e3c00000, 0x00000000e3c00000| Untracked 
|  61|0x00000000e3d00000, 0x00000000e3d00000, 0x00000000e3e00000|  0%| F|  |TAMS 0x00000000e3d00000, 0x00000000e3d00000| Untracked 
|  62|0x00000000e3e00000, 0x00000000e3e00000, 0x00000000e3f00000|  0%| F|  |TAMS 0x00000000e3e00000, 0x00000000e3e00000| Untracked 
|  63|0x00000000e3f00000, 0x00000000e3f00000, 0x00000000e4000000|  0%| F|  |TAMS 0x00000000e3f00000, 0x00000000e3f00000| Untracked 
|  64|0x00000000e4000000, 0x00000000e4000000, 0x00000000e4100000|  0%| F|  |TAMS 0x00000000e4000000, 0x00000000e4000000| Untracked 
|  65|0x00000000e4100000, 0x00000000e4100000, 0x00000000e4200000|  0%| F|  |TAMS 0x00000000e4100000, 0x00000000e4100000| Untracked 
|  66|0x00000000e4200000, 0x00000000e4200000, 0x00000000e4300000|  0%| F|  |TAMS 0x00000000e4200000, 0x00000000e4200000| Untracked 
|  67|0x00000000e4300000, 0x00000000e4300000, 0x00000000e4400000|  0%| F|  |TAMS 0x00000000e4300000, 0x00000000e4300000| Untracked 
|  68|0x00000000e4400000, 0x00000000e4400000, 0x00000000e4500000|  0%| F|  |TAMS 0x00000000e4400000, 0x00000000e4400000| Untracked 
|  69|0x00000000e4500000, 0x00000000e4500000, 0x00000000e4600000|  0%| F|  |TAMS 0x00000000e4500000, 0x00000000e4500000| Untracked 
|  70|0x00000000e4600000, 0x00000000e4600000, 0x00000000e4700000|  0%| F|  |TAMS 0x00000000e4600000, 0x00000000e4600000| Untracked 
|  71|0x00000000e4700000, 0x00000000e4700000, 0x00000000e4800000|  0%| F|  |TAMS 0x00000000e4700000, 0x00000000e4700000| Untracked 
|  72|0x00000000e4800000, 0x00000000e4800000, 0x00000000e4900000|  0%| F|  |TAMS 0x00000000e4800000, 0x00000000e4800000| Untracked 
|  73|0x00000000e4900000, 0x00000000e4900000, 0x00000000e4a00000|  0%| F|  |TAMS 0x00000000e4900000, 0x00000000e4900000| Untracked 
|  74|0x00000000e4a00000, 0x00000000e4a00000, 0x00000000e4b00000|  0%| F|  |TAMS 0x00000000e4a00000, 0x00000000e4a00000| Untracked 
|  75|0x00000000e4b00000, 0x00000000e4b00000, 0x00000000e4c00000|  0%| F|  |TAMS 0x00000000e4b00000, 0x00000000e4b00000| Untracked 
|  76|0x00000000e4c00000, 0x00000000e4c00000, 0x00000000e4d00000|  0%| F|  |TAMS 0x00000000e4c00000, 0x00000000e4c00000| Untracked 
|  77|0x00000000e4d00000, 0x00000000e4d00000, 0x00000000e4e00000|  0%| F|  |TAMS 0x00000000e4d00000, 0x00000000e4d00000| Untracked 
|  78|0x00000000e4e00000, 0x00000000e4e00000, 0x00000000e4f00000|  0%| F|  |TAMS 0x00000000e4e00000, 0x00000000e4e00000| Untracked 
|  79|0x00000000e4f00000, 0x00000000e4f00000, 0x00000000e5000000|  0%| F|  |TAMS 0x00000000e4f00000, 0x00000000e4f00000| Untracked 
|  80|0x00000000e5000000, 0x00000000e5000000, 0x00000000e5100000|  0%| F|  |TAMS 0x00000000e5000000, 0x00000000e5000000| Untracked 
|  81|0x00000000e5100000, 0x00000000e5100000, 0x00000000e5200000|  0%| F|  |TAMS 0x00000000e5100000, 0x00000000e5100000| Untracked 
|  82|0x00000000e5200000, 0x00000000e5200000, 0x00000000e5300000|  0%| F|  |TAMS 0x00000000e5200000, 0x00000000e5200000| Untracked 
|  83|0x00000000e5300000, 0x00000000e5300000, 0x00000000e5400000|  0%| F|  |TAMS 0x00000000e5300000, 0x00000000e5300000| Untracked 
|  84|0x00000000e5400000, 0x00000000e5400000, 0x00000000e5500000|  0%| F|  |TAMS 0x00000000e5400000, 0x00000000e5400000| Untracked 
|  85|0x00000000e5500000, 0x00000000e5500000, 0x00000000e5600000|  0%| F|  |TAMS 0x00000000e5500000, 0x00000000e5500000| Untracked 
|  86|0x00000000e5600000, 0x00000000e5600000, 0x00000000e5700000|  0%| F|  |TAMS 0x00000000e5600000, 0x00000000e5600000| Untracked 
|  87|0x00000000e5700000, 0x00000000e5700000, 0x00000000e5800000|  0%| F|  |TAMS 0x00000000e5700000, 0x00000000e5700000| Untracked 
|  88|0x00000000e5800000, 0x00000000e5800000, 0x00000000e5900000|  0%| F|  |TAMS 0x00000000e5800000, 0x00000000e5800000| Untracked 
|  89|0x00000000e5900000, 0x00000000e5900000, 0x00000000e5a00000|  0%| F|  |TAMS 0x00000000e5900000, 0x00000000e5900000| Untracked 
|  90|0x00000000e5a00000, 0x00000000e5a00000, 0x00000000e5b00000|  0%| F|  |TAMS 0x00000000e5a00000, 0x00000000e5a00000| Untracked 
|  91|0x00000000e5b00000, 0x00000000e5b00000, 0x00000000e5c00000|  0%| F|  |TAMS 0x00000000e5b00000, 0x00000000e5b00000| Untracked 
|  92|0x00000000e5c00000, 0x00000000e5c00000, 0x00000000e5d00000|  0%| F|  |TAMS 0x00000000e5c00000, 0x00000000e5c00000| Untracked 
|  93|0x00000000e5d00000, 0x00000000e5d00000, 0x00000000e5e00000|  0%| F|  |TAMS 0x00000000e5d00000, 0x00000000e5d00000| Untracked 
|  94|0x00000000e5e00000, 0x00000000e5e00000, 0x00000000e5f00000|  0%| F|  |TAMS 0x00000000e5e00000, 0x00000000e5e00000| Untracked 
|  95|0x00000000e5f00000, 0x00000000e5f00000, 0x00000000e6000000|  0%| F|  |TAMS 0x00000000e5f00000, 0x00000000e5f00000| Untracked 
|  96|0x00000000e6000000, 0x00000000e6000000, 0x00000000e6100000|  0%| F|  |TAMS 0x00000000e6000000, 0x00000000e6000000| Untracked 
|  97|0x00000000e6100000, 0x00000000e6100000, 0x00000000e6200000|  0%| F|  |TAMS 0x00000000e6100000, 0x00000000e6100000| Untracked 
|  98|0x00000000e6200000, 0x00000000e6200000, 0x00000000e6300000|  0%| F|  |TAMS 0x00000000e6200000, 0x00000000e6200000| Untracked 
|  99|0x00000000e6300000, 0x00000000e6300000, 0x00000000e6400000|  0%| F|  |TAMS 0x00000000e6300000, 0x00000000e6300000| Untracked 
| 100|0x00000000e6400000, 0x00000000e6400000, 0x00000000e6500000|  0%| F|  |TAMS 0x00000000e6400000, 0x00000000e6400000| Untracked 
| 101|0x00000000e6500000, 0x00000000e6500000, 0x00000000e6600000|  0%| F|  |TAMS 0x00000000e6500000, 0x00000000e6500000| Untracked 
| 102|0x00000000e6600000, 0x00000000e6600000, 0x00000000e6700000|  0%| F|  |TAMS 0x00000000e6600000, 0x00000000e6600000| Untracked 
| 103|0x00000000e6700000, 0x00000000e6700000, 0x00000000e6800000|  0%| F|  |TAMS 0x00000000e6700000, 0x00000000e6700000| Untracked 
| 104|0x00000000e6800000, 0x00000000e6800000, 0x00000000e6900000|  0%| F|  |TAMS 0x00000000e6800000, 0x00000000e6800000| Untracked 
| 105|0x00000000e6900000, 0x00000000e6900000, 0x00000000e6a00000|  0%| F|  |TAMS 0x00000000e6900000, 0x00000000e6900000| Untracked 
| 106|0x00000000e6a00000, 0x00000000e6a00000, 0x00000000e6b00000|  0%| F|  |TAMS 0x00000000e6a00000, 0x00000000e6a00000| Untracked 
| 107|0x00000000e6b00000, 0x00000000e6b00000, 0x00000000e6c00000|  0%| F|  |TAMS 0x00000000e6b00000, 0x00000000e6b00000| Untracked 
| 108|0x00000000e6c00000, 0x00000000e6c00000, 0x00000000e6d00000|  0%| F|  |TAMS 0x00000000e6c00000, 0x00000000e6c00000| Untracked 
| 109|0x00000000e6d00000, 0x00000000e6d00000, 0x00000000e6e00000|  0%| F|  |TAMS 0x00000000e6d00000, 0x00000000e6d00000| Untracked 
| 110|0x00000000e6e00000, 0x00000000e6e00000, 0x00000000e6f00000|  0%| F|  |TAMS 0x00000000e6e00000, 0x00000000e6e00000| Untracked 
| 111|0x00000000e6f00000, 0x00000000e6f00000, 0x00000000e7000000|  0%| F|  |TAMS 0x00000000e6f00000, 0x00000000e6f00000| Untracked 
| 112|0x00000000e7000000, 0x00000000e7000000, 0x00000000e7100000|  0%| F|  |TAMS 0x00000000e7000000, 0x00000000e7000000| Untracked 
| 113|0x00000000e7100000, 0x00000000e7100000, 0x00000000e7200000|  0%| F|  |TAMS 0x00000000e7100000, 0x00000000e7100000| Untracked 
| 114|0x00000000e7200000, 0x00000000e7200000, 0x00000000e7300000|  0%| F|  |TAMS 0x00000000e7200000, 0x00000000e7200000| Untracked 
| 115|0x00000000e7300000, 0x00000000e7300000, 0x00000000e7400000|  0%| F|  |TAMS 0x00000000e7300000, 0x00000000e7300000| Untracked 
| 116|0x00000000e7400000, 0x00000000e7400000, 0x00000000e7500000|  0%| F|  |TAMS 0x00000000e7400000, 0x00000000e7400000| Untracked 
| 117|0x00000000e7500000, 0x00000000e7500000, 0x00000000e7600000|  0%| F|  |TAMS 0x00000000e7500000, 0x00000000e7500000| Untracked 
| 118|0x00000000e7600000, 0x00000000e7600000, 0x00000000e7700000|  0%| F|  |TAMS 0x00000000e7600000, 0x00000000e7600000| Untracked 
| 119|0x00000000e7700000, 0x00000000e7700000, 0x00000000e7800000|  0%| F|  |TAMS 0x00000000e7700000, 0x00000000e7700000| Untracked 
| 120|0x00000000e7800000, 0x00000000e7800000, 0x00000000e7900000|  0%| F|  |TAMS 0x00000000e7800000, 0x00000000e7800000| Untracked 
| 121|0x00000000e7900000, 0x00000000e7900000, 0x00000000e7a00000|  0%| F|  |TAMS 0x00000000e7900000, 0x00000000e7900000| Untracked 
| 122|0x00000000e7a00000, 0x00000000e7a00000, 0x00000000e7b00000|  0%| F|  |TAMS 0x00000000e7a00000, 0x00000000e7a00000| Untracked 
| 123|0x00000000e7b00000, 0x00000000e7b00000, 0x00000000e7c00000|  0%| F|  |TAMS 0x00000000e7b00000, 0x00000000e7b00000| Untracked 
| 124|0x00000000e7c00000, 0x00000000e7c00000, 0x00000000e7d00000|  0%| F|  |TAMS 0x00000000e7c00000, 0x00000000e7c00000| Untracked 
| 125|0x00000000e7d00000, 0x00000000e7d00000, 0x00000000e7e00000|  0%| F|  |TAMS 0x00000000e7d00000, 0x00000000e7d00000| Untracked 
| 126|0x00000000e7e00000, 0x00000000e7e00000, 0x00000000e7f00000|  0%| F|  |TAMS 0x00000000e7e00000, 0x00000000e7e00000| Untracked 
| 127|0x00000000e7f00000, 0x00000000e7f00000, 0x00000000e8000000|  0%| F|  |TAMS 0x00000000e7f00000, 0x00000000e7f00000| Untracked 
| 128|0x00000000e8000000, 0x00000000e8000000, 0x00000000e8100000|  0%| F|  |TAMS 0x00000000e8000000, 0x00000000e8000000| Untracked 
| 129|0x00000000e8100000, 0x00000000e8100000, 0x00000000e8200000|  0%| F|  |TAMS 0x00000000e8100000, 0x00000000e8100000| Untracked 
| 130|0x00000000e8200000, 0x00000000e8200000, 0x00000000e8300000|  0%| F|  |TAMS 0x00000000e8200000, 0x00000000e8200000| Untracked 
| 131|0x00000000e8300000, 0x00000000e8300000, 0x00000000e8400000|  0%| F|  |TAMS 0x00000000e8300000, 0x00000000e8300000| Untracked 
| 132|0x00000000e8400000, 0x00000000e8400000, 0x00000000e8500000|  0%| F|  |TAMS 0x00000000e8400000, 0x00000000e8400000| Untracked 
| 133|0x00000000e8500000, 0x00000000e8500000, 0x00000000e8600000|  0%| F|  |TAMS 0x00000000e8500000, 0x00000000e8500000| Untracked 
| 134|0x00000000e8600000, 0x00000000e8600000, 0x00000000e8700000|  0%| F|  |TAMS 0x00000000e8600000, 0x00000000e8600000| Untracked 
| 135|0x00000000e8700000, 0x00000000e8700000, 0x00000000e8800000|  0%| F|  |TAMS 0x00000000e8700000, 0x00000000e8700000| Untracked 
| 136|0x00000000e8800000, 0x00000000e8800000, 0x00000000e8900000|  0%| F|  |TAMS 0x00000000e8800000, 0x00000000e8800000| Untracked 
| 137|0x00000000e8900000, 0x00000000e8900000, 0x00000000e8a00000|  0%| F|  |TAMS 0x00000000e8900000, 0x00000000e8900000| Untracked 
| 138|0x00000000e8a00000, 0x00000000e8a00000, 0x00000000e8b00000|  0%| F|  |TAMS 0x00000000e8a00000, 0x00000000e8a00000| Untracked 
| 139|0x00000000e8b00000, 0x00000000e8b00000, 0x00000000e8c00000|  0%| F|  |TAMS 0x00000000e8b00000, 0x00000000e8b00000| Untracked 
| 140|0x00000000e8c00000, 0x00000000e8c00000, 0x00000000e8d00000|  0%| F|  |TAMS 0x00000000e8c00000, 0x00000000e8c00000| Untracked 
| 141|0x00000000e8d00000, 0x00000000e8d00000, 0x00000000e8e00000|  0%| F|  |TAMS 0x00000000e8d00000, 0x00000000e8d00000| Untracked 
| 142|0x00000000e8e00000, 0x00000000e8e00000, 0x00000000e8f00000|  0%| F|  |TAMS 0x00000000e8e00000, 0x00000000e8e00000| Untracked 
| 143|0x00000000e8f00000, 0x00000000e8f00000, 0x00000000e9000000|  0%| F|  |TAMS 0x00000000e8f00000, 0x00000000e8f00000| Untracked 
| 144|0x00000000e9000000, 0x00000000e9000000, 0x00000000e9100000|  0%| F|  |TAMS 0x00000000e9000000, 0x00000000e9000000| Untracked 
| 145|0x00000000e9100000, 0x00000000e9100000, 0x00000000e9200000|  0%| F|  |TAMS 0x00000000e9100000, 0x00000000e9100000| Untracked 
| 146|0x00000000e9200000, 0x00000000e9200000, 0x00000000e9300000|  0%| F|  |TAMS 0x00000000e9200000, 0x00000000e9200000| Untracked 
| 147|0x00000000e9300000, 0x00000000e9300000, 0x00000000e9400000|  0%| F|  |TAMS 0x00000000e9300000, 0x00000000e9300000| Untracked 
| 148|0x00000000e9400000, 0x00000000e9400000, 0x00000000e9500000|  0%| F|  |TAMS 0x00000000e9400000, 0x00000000e9400000| Untracked 
| 149|0x00000000e9500000, 0x00000000e9500000, 0x00000000e9600000|  0%| F|  |TAMS 0x00000000e9500000, 0x00000000e9500000| Untracked 
| 150|0x00000000e9600000, 0x00000000e9600000, 0x00000000e9700000|  0%| F|  |TAMS 0x00000000e9600000, 0x00000000e9600000| Untracked 
| 151|0x00000000e9700000, 0x00000000e9700000, 0x00000000e9800000|  0%| F|  |TAMS 0x00000000e9700000, 0x00000000e9700000| Untracked 
| 152|0x00000000e9800000, 0x00000000e9800000, 0x00000000e9900000|  0%| F|  |TAMS 0x00000000e9800000, 0x00000000e9800000| Untracked 
| 153|0x00000000e9900000, 0x00000000e9900000, 0x00000000e9a00000|  0%| F|  |TAMS 0x00000000e9900000, 0x00000000e9900000| Untracked 
| 154|0x00000000e9a00000, 0x00000000e9a00000, 0x00000000e9b00000|  0%| F|  |TAMS 0x00000000e9a00000, 0x00000000e9a00000| Untracked 
| 155|0x00000000e9b00000, 0x00000000e9b00000, 0x00000000e9c00000|  0%| F|  |TAMS 0x00000000e9b00000, 0x00000000e9b00000| Untracked 
| 156|0x00000000e9c00000, 0x00000000e9c00000, 0x00000000e9d00000|  0%| F|  |TAMS 0x00000000e9c00000, 0x00000000e9c00000| Untracked 
| 157|0x00000000e9d00000, 0x00000000e9d00000, 0x00000000e9e00000|  0%| F|  |TAMS 0x00000000e9d00000, 0x00000000e9d00000| Untracked 
| 158|0x00000000e9e00000, 0x00000000e9e00000, 0x00000000e9f00000|  0%| F|  |TAMS 0x00000000e9e00000, 0x00000000e9e00000| Untracked 
| 159|0x00000000e9f00000, 0x00000000e9f00000, 0x00000000ea000000|  0%| F|  |TAMS 0x00000000e9f00000, 0x00000000e9f00000| Untracked 
| 160|0x00000000ea000000, 0x00000000ea000000, 0x00000000ea100000|  0%| F|  |TAMS 0x00000000ea000000, 0x00000000ea000000| Untracked 
| 161|0x00000000ea100000, 0x00000000ea100000, 0x00000000ea200000|  0%| F|  |TAMS 0x00000000ea100000, 0x00000000ea100000| Untracked 
| 162|0x00000000ea200000, 0x00000000ea200000, 0x00000000ea300000|  0%| F|  |TAMS 0x00000000ea200000, 0x00000000ea200000| Untracked 
| 163|0x00000000ea300000, 0x00000000ea300000, 0x00000000ea400000|  0%| F|  |TAMS 0x00000000ea300000, 0x00000000ea300000| Untracked 
| 164|0x00000000ea400000, 0x00000000ea400000, 0x00000000ea500000|  0%| F|  |TAMS 0x00000000ea400000, 0x00000000ea400000| Untracked 
| 165|0x00000000ea500000, 0x00000000ea500000, 0x00000000ea600000|  0%| F|  |TAMS 0x00000000ea500000, 0x00000000ea500000| Untracked 
| 166|0x00000000ea600000, 0x00000000ea600000, 0x00000000ea700000|  0%| F|  |TAMS 0x00000000ea600000, 0x00000000ea600000| Untracked 
| 167|0x00000000ea700000, 0x00000000ea700000, 0x00000000ea800000|  0%| F|  |TAMS 0x00000000ea700000, 0x00000000ea700000| Untracked 
| 168|0x00000000ea800000, 0x00000000ea800000, 0x00000000ea900000|  0%| F|  |TAMS 0x00000000ea800000, 0x00000000ea800000| Untracked 
| 169|0x00000000ea900000, 0x00000000ea900000, 0x00000000eaa00000|  0%| F|  |TAMS 0x00000000ea900000, 0x00000000ea900000| Untracked 
| 170|0x00000000eaa00000, 0x00000000eaa00000, 0x00000000eab00000|  0%| F|  |TAMS 0x00000000eaa00000, 0x00000000eaa00000| Untracked 
| 171|0x00000000eab00000, 0x00000000eab00000, 0x00000000eac00000|  0%| F|  |TAMS 0x00000000eab00000, 0x00000000eab00000| Untracked 
| 172|0x00000000eac00000, 0x00000000eac00000, 0x00000000ead00000|  0%| F|  |TAMS 0x00000000eac00000, 0x00000000eac00000| Untracked 
| 173|0x00000000ead00000, 0x00000000ead00000, 0x00000000eae00000|  0%| F|  |TAMS 0x00000000ead00000, 0x00000000ead00000| Untracked 
| 174|0x00000000eae00000, 0x00000000eae00000, 0x00000000eaf00000|  0%| F|  |TAMS 0x00000000eae00000, 0x00000000eae00000| Untracked 
| 175|0x00000000eaf00000, 0x00000000eaf00000, 0x00000000eb000000|  0%| F|  |TAMS 0x00000000eaf00000, 0x00000000eaf00000| Untracked 
| 176|0x00000000eb000000, 0x00000000eb000000, 0x00000000eb100000|  0%| F|  |TAMS 0x00000000eb000000, 0x00000000eb000000| Untracked 
| 177|0x00000000eb100000, 0x00000000eb100000, 0x00000000eb200000|  0%| F|  |TAMS 0x00000000eb100000, 0x00000000eb100000| Untracked 
| 178|0x00000000eb200000, 0x00000000eb200000, 0x00000000eb300000|  0%| F|  |TAMS 0x00000000eb200000, 0x00000000eb200000| Untracked 
| 179|0x00000000eb300000, 0x00000000eb300000, 0x00000000eb400000|  0%| F|  |TAMS 0x00000000eb300000, 0x00000000eb300000| Untracked 
| 180|0x00000000eb400000, 0x00000000eb400000, 0x00000000eb500000|  0%| F|  |TAMS 0x00000000eb400000, 0x00000000eb400000| Untracked 
| 181|0x00000000eb500000, 0x00000000eb500000, 0x00000000eb600000|  0%| F|  |TAMS 0x00000000eb500000, 0x00000000eb500000| Untracked 
| 182|0x00000000eb600000, 0x00000000eb600000, 0x00000000eb700000|  0%| F|  |TAMS 0x00000000eb600000, 0x00000000eb600000| Untracked 
| 183|0x00000000eb700000, 0x00000000eb700000, 0x00000000eb800000|  0%| F|  |TAMS 0x00000000eb700000, 0x00000000eb700000| Untracked 
| 184|0x00000000eb800000, 0x00000000eb800000, 0x00000000eb900000|  0%| F|  |TAMS 0x00000000eb800000, 0x00000000eb800000| Untracked 
| 185|0x00000000eb900000, 0x00000000eb900000, 0x00000000eba00000|  0%| F|  |TAMS 0x00000000eb900000, 0x00000000eb900000| Untracked 
| 186|0x00000000eba00000, 0x00000000eba00000, 0x00000000ebb00000|  0%| F|  |TAMS 0x00000000eba00000, 0x00000000eba00000| Untracked 
| 187|0x00000000ebb00000, 0x00000000ebb00000, 0x00000000ebc00000|  0%| F|  |TAMS 0x00000000ebb00000, 0x00000000ebb00000| Untracked 
| 188|0x00000000ebc00000, 0x00000000ebc00000, 0x00000000ebd00000|  0%| F|  |TAMS 0x00000000ebc00000, 0x00000000ebc00000| Untracked 
| 189|0x00000000ebd00000, 0x00000000ebd00000, 0x00000000ebe00000|  0%| F|  |TAMS 0x00000000ebd00000, 0x00000000ebd00000| Untracked 
| 190|0x00000000ebe00000, 0x00000000ebe00000, 0x00000000ebf00000|  0%| F|  |TAMS 0x00000000ebe00000, 0x00000000ebe00000| Untracked 
| 191|0x00000000ebf00000, 0x00000000ebf00000, 0x00000000ec000000|  0%| F|  |TAMS 0x00000000ebf00000, 0x00000000ebf00000| Untracked 
| 192|0x00000000ec000000, 0x00000000ec000000, 0x00000000ec100000|  0%| F|  |TAMS 0x00000000ec000000, 0x00000000ec000000| Untracked 
| 193|0x00000000ec100000, 0x00000000ec100000, 0x00000000ec200000|  0%| F|  |TAMS 0x00000000ec100000, 0x00000000ec100000| Untracked 
| 194|0x00000000ec200000, 0x00000000ec200000, 0x00000000ec300000|  0%| F|  |TAMS 0x00000000ec200000, 0x00000000ec200000| Untracked 
| 195|0x00000000ec300000, 0x00000000ec300000, 0x00000000ec400000|  0%| F|  |TAMS 0x00000000ec300000, 0x00000000ec300000| Untracked 
| 196|0x00000000ec400000, 0x00000000ec400000, 0x00000000ec500000|  0%| F|  |TAMS 0x00000000ec400000, 0x00000000ec400000| Untracked 
| 197|0x00000000ec500000, 0x00000000ec500000, 0x00000000ec600000|  0%| F|  |TAMS 0x00000000ec500000, 0x00000000ec500000| Untracked 
| 198|0x00000000ec600000, 0x00000000ec600000, 0x00000000ec700000|  0%| F|  |TAMS 0x00000000ec600000, 0x00000000ec600000| Untracked 
| 199|0x00000000ec700000, 0x00000000ec700000, 0x00000000ec800000|  0%| F|  |TAMS 0x00000000ec700000, 0x00000000ec700000| Untracked 
| 200|0x00000000ec800000, 0x00000000ec800000, 0x00000000ec900000|  0%| F|  |TAMS 0x00000000ec800000, 0x00000000ec800000| Untracked 
| 201|0x00000000ec900000, 0x00000000ec900000, 0x00000000eca00000|  0%| F|  |TAMS 0x00000000ec900000, 0x00000000ec900000| Untracked 
| 202|0x00000000eca00000, 0x00000000eca00000, 0x00000000ecb00000|  0%| F|  |TAMS 0x00000000eca00000, 0x00000000eca00000| Untracked 
| 203|0x00000000ecb00000, 0x00000000ecb00000, 0x00000000ecc00000|  0%| F|  |TAMS 0x00000000ecb00000, 0x00000000ecb00000| Untracked 
| 204|0x00000000ecc00000, 0x00000000ecc00000, 0x00000000ecd00000|  0%| F|  |TAMS 0x00000000ecc00000, 0x00000000ecc00000| Untracked 
| 205|0x00000000ecd00000, 0x00000000ecd00000, 0x00000000ece00000|  0%| F|  |TAMS 0x00000000ecd00000, 0x00000000ecd00000| Untracked 
| 206|0x00000000ece00000, 0x00000000ece00000, 0x00000000ecf00000|  0%| F|  |TAMS 0x00000000ece00000, 0x00000000ece00000| Untracked 
| 207|0x00000000ecf00000, 0x00000000ecf00000, 0x00000000ed000000|  0%| F|  |TAMS 0x00000000ecf00000, 0x00000000ecf00000| Untracked 
| 208|0x00000000ed000000, 0x00000000ed000000, 0x00000000ed100000|  0%| F|  |TAMS 0x00000000ed000000, 0x00000000ed000000| Untracked 
| 209|0x00000000ed100000, 0x00000000ed100000, 0x00000000ed200000|  0%| F|  |TAMS 0x00000000ed100000, 0x00000000ed100000| Untracked 
| 210|0x00000000ed200000, 0x00000000ed200000, 0x00000000ed300000|  0%| F|  |TAMS 0x00000000ed200000, 0x00000000ed200000| Untracked 
| 211|0x00000000ed300000, 0x00000000ed300000, 0x00000000ed400000|  0%| F|  |TAMS 0x00000000ed300000, 0x00000000ed300000| Untracked 
| 212|0x00000000ed400000, 0x00000000ed400000, 0x00000000ed500000|  0%| F|  |TAMS 0x00000000ed400000, 0x00000000ed400000| Untracked 
| 213|0x00000000ed500000, 0x00000000ed500000, 0x00000000ed600000|  0%| F|  |TAMS 0x00000000ed500000, 0x00000000ed500000| Untracked 
| 214|0x00000000ed600000, 0x00000000ed600000, 0x00000000ed700000|  0%| F|  |TAMS 0x00000000ed600000, 0x00000000ed600000| Untracked 
| 215|0x00000000ed700000, 0x00000000ed700000, 0x00000000ed800000|  0%| F|  |TAMS 0x00000000ed700000, 0x00000000ed700000| Untracked 
| 216|0x00000000ed800000, 0x00000000ed800000, 0x00000000ed900000|  0%| F|  |TAMS 0x00000000ed800000, 0x00000000ed800000| Untracked 
| 217|0x00000000ed900000, 0x00000000ed900000, 0x00000000eda00000|  0%| F|  |TAMS 0x00000000ed900000, 0x00000000ed900000| Untracked 
| 218|0x00000000eda00000, 0x00000000eda00000, 0x00000000edb00000|  0%| F|  |TAMS 0x00000000eda00000, 0x00000000eda00000| Untracked 
| 219|0x00000000edb00000, 0x00000000edb00000, 0x00000000edc00000|  0%| F|  |TAMS 0x00000000edb00000, 0x00000000edb00000| Untracked 
| 220|0x00000000edc00000, 0x00000000edc00000, 0x00000000edd00000|  0%| F|  |TAMS 0x00000000edc00000, 0x00000000edc00000| Untracked 
| 221|0x00000000edd00000, 0x00000000edd00000, 0x00000000ede00000|  0%| F|  |TAMS 0x00000000edd00000, 0x00000000edd00000| Untracked 
| 222|0x00000000ede00000, 0x00000000ede00000, 0x00000000edf00000|  0%| F|  |TAMS 0x00000000ede00000, 0x00000000ede00000| Untracked 
| 223|0x00000000edf00000, 0x00000000edf00000, 0x00000000ee000000|  0%| F|  |TAMS 0x00000000edf00000, 0x00000000edf00000| Untracked 
| 224|0x00000000ee000000, 0x00000000ee000000, 0x00000000ee100000|  0%| F|  |TAMS 0x00000000ee000000, 0x00000000ee000000| Untracked 
| 225|0x00000000ee100000, 0x00000000ee100000, 0x00000000ee200000|  0%| F|  |TAMS 0x00000000ee100000, 0x00000000ee100000| Untracked 
| 226|0x00000000ee200000, 0x00000000ee200000, 0x00000000ee300000|  0%| F|  |TAMS 0x00000000ee200000, 0x00000000ee200000| Untracked 
| 227|0x00000000ee300000, 0x00000000ee300000, 0x00000000ee400000|  0%| F|  |TAMS 0x00000000ee300000, 0x00000000ee300000| Untracked 
| 228|0x00000000ee400000, 0x00000000ee400000, 0x00000000ee500000|  0%| F|  |TAMS 0x00000000ee400000, 0x00000000ee400000| Untracked 
| 229|0x00000000ee500000, 0x00000000ee500000, 0x00000000ee600000|  0%| F|  |TAMS 0x00000000ee500000, 0x00000000ee500000| Untracked 
| 230|0x00000000ee600000, 0x00000000ee600000, 0x00000000ee700000|  0%| F|  |TAMS 0x00000000ee600000, 0x00000000ee600000| Untracked 
| 231|0x00000000ee700000, 0x00000000ee700000, 0x00000000ee800000|  0%| F|  |TAMS 0x00000000ee700000, 0x00000000ee700000| Untracked 
| 232|0x00000000ee800000, 0x00000000ee800000, 0x00000000ee900000|  0%| F|  |TAMS 0x00000000ee800000, 0x00000000ee800000| Untracked 
| 233|0x00000000ee900000, 0x00000000ee900000, 0x00000000eea00000|  0%| F|  |TAMS 0x00000000ee900000, 0x00000000ee900000| Untracked 
| 234|0x00000000eea00000, 0x00000000eea855c8, 0x00000000eeb00000| 52%| E|  |TAMS 0x00000000eea00000, 0x00000000eea00000| Complete 
| 235|0x00000000eeb00000, 0x00000000eec00000, 0x00000000eec00000|100%| E|CS|TAMS 0x00000000eeb00000, 0x00000000eeb00000| Complete 
| 236|0x00000000eec00000, 0x00000000eed00000, 0x00000000eed00000|100%| E|CS|TAMS 0x00000000eec00000, 0x00000000eec00000| Complete 
| 237|0x00000000eed00000, 0x00000000eee00000, 0x00000000eee00000|100%| E|CS|TAMS 0x00000000eed00000, 0x00000000eed00000| Complete 
| 238|0x00000000eee00000, 0x00000000eef00000, 0x00000000eef00000|100%| E|CS|TAMS 0x00000000eee00000, 0x00000000eee00000| Complete 
| 239|0x00000000eef00000, 0x00000000ef000000, 0x00000000ef000000|100%| E|CS|TAMS 0x00000000eef00000, 0x00000000eef00000| Complete 
| 240|0x00000000ef000000, 0x00000000ef100000, 0x00000000ef100000|100%| E|CS|TAMS 0x00000000ef000000, 0x00000000ef000000| Complete 
| 241|0x00000000ef100000, 0x00000000ef200000, 0x00000000ef200000|100%| E|CS|TAMS 0x00000000ef100000, 0x00000000ef100000| Complete 
| 242|0x00000000ef200000, 0x00000000ef300000, 0x00000000ef300000|100%| E|CS|TAMS 0x00000000ef200000, 0x00000000ef200000| Complete 
| 243|0x00000000ef300000, 0x00000000ef400000, 0x00000000ef400000|100%| E|CS|TAMS 0x00000000ef300000, 0x00000000ef300000| Complete 
| 244|0x00000000ef400000, 0x00000000ef500000, 0x00000000ef500000|100%| E|CS|TAMS 0x00000000ef400000, 0x00000000ef400000| Complete 
| 245|0x00000000ef500000, 0x00000000ef600000, 0x00000000ef600000|100%| E|CS|TAMS 0x00000000ef500000, 0x00000000ef500000| Complete 
| 246|0x00000000ef600000, 0x00000000ef700000, 0x00000000ef700000|100%| E|CS|TAMS 0x00000000ef600000, 0x00000000ef600000| Complete 
| 247|0x00000000ef700000, 0x00000000ef800000, 0x00000000ef800000|100%| E|CS|TAMS 0x00000000ef700000, 0x00000000ef700000| Complete 
| 248|0x00000000ef800000, 0x00000000ef900000, 0x00000000ef900000|100%| E|CS|TAMS 0x00000000ef800000, 0x00000000ef800000| Complete 
| 249|0x00000000ef900000, 0x00000000efa00000, 0x00000000efa00000|100%| E|CS|TAMS 0x00000000ef900000, 0x00000000ef900000| Complete 
| 250|0x00000000efa00000, 0x00000000efb00000, 0x00000000efb00000|100%| S|CS|TAMS 0x00000000efa00000, 0x00000000efa00000| Complete 
| 251|0x00000000efb00000, 0x00000000efc00000, 0x00000000efc00000|100%| E|CS|TAMS 0x00000000efb00000, 0x00000000efb00000| Complete 
| 252|0x00000000efc00000, 0x00000000efd00000, 0x00000000efd00000|100%| E|CS|TAMS 0x00000000efc00000, 0x00000000efc00000| Complete 
| 253|0x00000000efd00000, 0x00000000efe00000, 0x00000000efe00000|100%| E|CS|TAMS 0x00000000efd00000, 0x00000000efd00000| Complete 
| 254|0x00000000efe00000, 0x00000000eff00000, 0x00000000eff00000|100%| E|CS|TAMS 0x00000000efe00000, 0x00000000efe00000| Complete 
| 255|0x00000000eff00000, 0x00000000f0000000, 0x00000000f0000000|100%| E|CS|TAMS 0x00000000eff00000, 0x00000000eff00000| Complete 

Card table byte_map: [0x000001625b330000,0x000001625b430000] _byte_map_base: 0x000001625ac30000

Marking Bits (Prev, Next): (CMBitMap*) 0x0000016244409190, (CMBitMap*) 0x0000016244409150
 Prev Bits: [0x000001625bd30000, 0x000001625c530000)
 Next Bits: [0x000001625b530000, 0x000001625bd30000)

Polling page: 0x0000016242550000

Metaspace:

Usage:
  Non-class:     29.06 MB used.
      Class:      4.66 MB used.
       Both:     33.72 MB used.

Virtual space:
  Non-class space:       64.00 MB reserved,      29.25 MB ( 46%) committed,  1 nodes.
      Class space:      320.00 MB reserved,       4.81 MB (  2%) committed,  1 nodes.
             Both:      384.00 MB reserved,      34.06 MB (  9%) committed. 

Chunk freelists:
   Non-Class:  2.26 MB
       Class:  11.00 MB
        Both:  13.26 MB

MaxMetaspaceSize: 384.00 MB
CompressedClassSpaceSize: 320.00 MB
Initial GC threshold: 21.00 MB
Current GC threshold: 35.12 MB
CDS: on
MetaspaceReclaimPolicy: balanced
 - commit_granule_bytes: 65536.
 - commit_granule_words: 8192.
 - virtual_space_node_default_size: 8388608.
 - enlarge_chunks_in_place: 1.
 - new_chunks_are_fully_committed: 0.
 - uncommit_free_chunks: 1.
 - use_allocation_guard: 0.
 - handle_deallocations: 1.


Internal statistics:

num_allocs_failed_limit: 3.
num_arena_births: 346.
num_arena_deaths: 0.
num_vsnodes_births: 2.
num_vsnodes_deaths: 0.
num_space_committed: 545.
num_space_uncommitted: 0.
num_chunks_returned_to_freelist: 3.
num_chunks_taken_from_freelist: 1613.
num_chunk_merges: 3.
num_chunk_splits: 1054.
num_chunks_enlarged: 758.
num_inconsistent_stats: 0.

CodeHeap 'non-profiled nmethods': size=120000Kb used=2598Kb max_used=2598Kb free=117401Kb
 bounds [0x00000162539d0000, 0x0000016253c60000, 0x000001625af00000]
CodeHeap 'profiled nmethods': size=120000Kb used=8938Kb max_used=8938Kb free=111061Kb
 bounds [0x000001624bf00000, 0x000001624c7c0000, 0x0000016253430000]
CodeHeap 'non-nmethods': size=5760Kb used=2288Kb max_used=2342Kb free=3471Kb
 bounds [0x0000016253430000, 0x00000162536a0000, 0x00000162539d0000]
 total_blobs=5116 nmethods=4320 adapters=708
 compilation: enabled
              stopped_count=0, restarted_count=0
 full_count=0

Compilation events (20 events):
Event: 339.928 Thread 0x000001625ef7cb90 4334       3       groovy.lang.MetaClassImpl::establishStaticMetaProperty (262 bytes)
Event: 339.930 Thread 0x000001625ef7cb90 nmethod 4334 0x000001624c7ac210 code [0x000001624c7ac4c0, 0x000001624c7add38]
Event: 340.275 Thread 0x000001625ef7cb90 4336       3       org.gradle.internal.event.AbstractBroadcastDispatch::<init> (10 bytes)
Event: 340.275 Thread 0x000001625ef7cb90 nmethod 4336 0x000001624c7ae290 code [0x000001624c7ae420, 0x000001624c7ae5d8]
Event: 340.366 Thread 0x000001625ef7c0e0 nmethod 4330 0x0000016253c50390 code [0x0000016253c50820, 0x0000016253c55a18]
Event: 340.366 Thread 0x000001625ef7c0e0 4335       4       java.lang.ThreadLocal::get (38 bytes)
Event: 340.369 Thread 0x000001625ef7c0e0 nmethod 4335 0x0000016253c57e10 code [0x0000016253c57fa0, 0x0000016253c580f8]
Event: 340.925 Thread 0x000001625ef7c0e0 4337       4       java.lang.String::<init> (14 bytes)
Event: 340.939 Thread 0x000001625ef7c0e0 nmethod 4337 0x0000016253c58290 code [0x0000016253c58420, 0x0000016253c58b58]
Event: 341.440 Thread 0x000001625ef7cb90 4338       3       jdk.internal.org.objectweb.asm.SymbolTable$Entry::<init> (18 bytes)
Event: 341.449 Thread 0x000001625ef7cb90 nmethod 4338 0x000001624c7ae690 code [0x000001624c7ae840, 0x000001624c7ae9c8]
Event: 341.473 Thread 0x000001625ef7c0e0 4339       4       jdk.internal.org.objectweb.asm.Frame::merge (317 bytes)
Event: 341.482 Thread 0x000001625ef7cb90 4340       3       java.lang.reflect.ProxyGenerator$ProxyMethod::generateMethod (548 bytes)
Event: 341.505 Thread 0x000001625ef7cb90 nmethod 4340 0x000001624c7aea90 code [0x000001624c7af020, 0x000001624c7b2238]
Event: 341.505 Thread 0x000001625ef7cb90 4342       3       java.lang.reflect.ProxyGenerator$ProxyMethod::codeFieldInitialization (165 bytes)
Event: 341.507 Thread 0x000001625ef7cb90 nmethod 4342 0x000001624c7b3190 code [0x000001624c7b3440, 0x000001624c7b4128]
Event: 341.507 Thread 0x000001625ef7cb90 4341       3       java.lang.reflect.ProxyGenerator::computeUniqueCatchList (163 bytes)
Event: 341.509 Thread 0x000001625ef7c0e0 nmethod 4339 0x0000016253c58e10 code [0x0000016253c58fe0, 0x0000016253c59528]
Event: 341.510 Thread 0x000001625ef7cb90 nmethod 4341 0x000001624c7b4590 code [0x000001624c7b48e0, 0x000001624c7b5f58]
Event: 341.677 Thread 0x000001625ef7c0e0 4343       4       javax.management.ObjectName::construct (1135 bytes)

GC Heap History (20 events):
Event: 242.165 GC heap before
{Heap before GC invocations=4 (full 0):
 garbage-first heap   total 262144K, used 26985K [0x00000000e0000000, 0x0000000100000000)
  region size 1024K, 12 young (12288K), 2 survivors (2048K)
 Metaspace       used 4851K, committed 5056K, reserved 393216K
  class space    used 646K, committed 768K, reserved 327680K
}
Event: 242.170 GC heap after
{Heap after GC invocations=5 (full 0):
 garbage-first heap   total 262144K, used 17508K [0x00000000e0000000, 0x0000000100000000)
  region size 1024K, 1 young (1024K), 1 survivors (1024K)
 Metaspace       used 4851K, committed 5056K, reserved 393216K
  class space    used 646K, committed 768K, reserved 327680K
}
Event: 247.517 GC heap before
{Heap before GC invocations=5 (full 0):
 garbage-first heap   total 262144K, used 28772K [0x00000000e0000000, 0x0000000100000000)
  region size 1024K, 12 young (12288K), 1 survivors (1024K)
 Metaspace       used 7787K, committed 8064K, reserved 393216K
  class space    used 1054K, committed 1216K, reserved 327680K
}
Event: 247.520 GC heap after
{Heap after GC invocations=6 (full 0):
 garbage-first heap   total 262144K, used 19065K [0x00000000e0000000, 0x0000000100000000)
  region size 1024K, 2 young (2048K), 2 survivors (2048K)
 Metaspace       used 7787K, committed 8064K, reserved 393216K
  class space    used 1054K, committed 1216K, reserved 327680K
}
Event: 261.470 GC heap before
{Heap before GC invocations=6 (full 0):
 garbage-first heap   total 262144K, used 28281K [0x00000000e0000000, 0x0000000100000000)
  region size 1024K, 12 young (12288K), 2 survivors (2048K)
 Metaspace       used 10293K, committed 10560K, reserved 393216K
  class space    used 1388K, committed 1536K, reserved 327680K
}
Event: 261.477 GC heap after
{Heap after GC invocations=7 (full 0):
 garbage-first heap   total 262144K, used 20615K [0x00000000e0000000, 0x0000000100000000)
  region size 1024K, 2 young (2048K), 2 survivors (2048K)
 Metaspace       used 10293K, committed 10560K, reserved 393216K
  class space    used 1388K, committed 1536K, reserved 327680K
}
Event: 261.940 GC heap before
{Heap before GC invocations=7 (full 0):
 garbage-first heap   total 262144K, used 29831K [0x00000000e0000000, 0x0000000100000000)
  region size 1024K, 12 young (12288K), 2 survivors (2048K)
 Metaspace       used 12323K, committed 12544K, reserved 393216K
  class space    used 1674K, committed 1792K, reserved 327680K
}
Event: 261.943 GC heap after
{Heap after GC invocations=8 (full 0):
 garbage-first heap   total 262144K, used 21280K [0x00000000e0000000, 0x0000000100000000)
  region size 1024K, 1 young (1024K), 1 survivors (1024K)
 Metaspace       used 12323K, committed 12544K, reserved 393216K
  class space    used 1674K, committed 1792K, reserved 327680K
}
Event: 262.831 GC heap before
{Heap before GC invocations=8 (full 0):
 garbage-first heap   total 262144K, used 31520K [0x00000000e0000000, 0x0000000100000000)
  region size 1024K, 12 young (12288K), 1 survivors (1024K)
 Metaspace       used 14076K, committed 14336K, reserved 393216K
  class space    used 1942K, committed 2048K, reserved 327680K
}
Event: 262.833 GC heap after
{Heap after GC invocations=9 (full 0):
 garbage-first heap   total 262144K, used 21824K [0x00000000e0000000, 0x0000000100000000)
  region size 1024K, 2 young (2048K), 2 survivors (2048K)
 Metaspace       used 14076K, committed 14336K, reserved 393216K
  class space    used 1942K, committed 2048K, reserved 327680K
}
Event: 264.371 GC heap before
{Heap before GC invocations=9 (full 0):
 garbage-first heap   total 262144K, used 44352K [0x00000000e0000000, 0x0000000100000000)
  region size 1024K, 25 young (25600K), 2 survivors (2048K)
 Metaspace       used 17453K, committed 17728K, reserved 393216K
  class space    used 2509K, committed 2624K, reserved 327680K
}
Event: 264.380 GC heap after
{Heap after GC invocations=10 (full 0):
 garbage-first heap   total 262144K, used 22897K [0x00000000e0000000, 0x0000000100000000)
  region size 1024K, 3 young (3072K), 3 survivors (3072K)
 Metaspace       used 17453K, committed 17728K, reserved 393216K
  class space    used 2509K, committed 2624K, reserved 327680K
}
Event: 268.710 GC heap before
{Heap before GC invocations=10 (full 0):
 garbage-first heap   total 262144K, used 51569K [0x00000000e0000000, 0x0000000100000000)
  region size 1024K, 32 young (32768K), 3 survivors (3072K)
 Metaspace       used 21141K, committed 21504K, reserved 393216K
  class space    used 3103K, committed 3264K, reserved 327680K
}
Event: 268.718 GC heap after
{Heap after GC invocations=11 (full 0):
 garbage-first heap   total 262144K, used 24698K [0x00000000e0000000, 0x0000000100000000)
  region size 1024K, 4 young (4096K), 4 survivors (4096K)
 Metaspace       used 21141K, committed 21504K, reserved 393216K
  class space    used 3103K, committed 3264K, reserved 327680K
}
Event: 276.317 GC heap before
{Heap before GC invocations=12 (full 0):
 garbage-first heap   total 262144K, used 55418K [0x00000000e0000000, 0x0000000100000000)
  region size 1024K, 34 young (34816K), 4 survivors (4096K)
 Metaspace       used 24700K, committed 25088K, reserved 393216K
  class space    used 3669K, committed 3840K, reserved 327680K
}
Event: 276.326 GC heap after
{Heap after GC invocations=13 (full 0):
 garbage-first heap   total 262144K, used 25947K [0x00000000e0000000, 0x0000000100000000)
  region size 1024K, 4 young (4096K), 4 survivors (4096K)
 Metaspace       used 24700K, committed 25088K, reserved 393216K
  class space    used 3669K, committed 3840K, reserved 327680K
}
Event: 317.287 GC heap before
{Heap before GC invocations=13 (full 0):
 garbage-first heap   total 262144K, used 77147K [0x00000000e0000000, 0x0000000100000000)
  region size 1024K, 55 young (56320K), 4 survivors (4096K)
 Metaspace       used 32834K, committed 33216K, reserved 393216K
  class space    used 4664K, committed 4864K, reserved 327680K
}
Event: 317.691 GC heap after
{Heap after GC invocations=14 (full 0):
 garbage-first heap   total 262144K, used 30437K [0x00000000e0000000, 0x0000000100000000)
  region size 1024K, 7 young (7168K), 7 survivors (7168K)
 Metaspace       used 32834K, committed 33216K, reserved 393216K
  class space    used 4664K, committed 4864K, reserved 327680K
}
Event: 317.850 GC heap before
{Heap before GC invocations=14 (full 0):
 garbage-first heap   total 262144K, used 35557K [0x00000000e0000000, 0x0000000100000000)
  region size 1024K, 12 young (12288K), 7 survivors (7168K)
 Metaspace       used 32835K, committed 33216K, reserved 393216K
  class space    used 4664K, committed 4864K, reserved 327680K
}
Event: 317.863 GC heap after
{Heap after GC invocations=15 (full 0):
 garbage-first heap   total 262144K, used 30889K [0x00000000e0000000, 0x0000000100000000)
  region size 1024K, 1 young (1024K), 1 survivors (1024K)
 Metaspace       used 32835K, committed 33216K, reserved 393216K
  class space    used 4664K, committed 4864K, reserved 327680K
}

Dll operation events (15 events):
Event: 0.278 Loaded shared library C:\Users\USER\.jdks\temurin-17.0.11\bin\java.dll
Event: 0.772 Loaded shared library C:\Users\USER\.jdks\temurin-17.0.11\bin\jsvml.dll
Event: 1.700 Loaded shared library C:\Users\USER\.jdks\temurin-17.0.11\bin\zip.dll
Event: 1.742 Loaded shared library C:\Users\USER\.jdks\temurin-17.0.11\bin\instrument.dll
Event: 1.769 Loaded shared library C:\Users\USER\.jdks\temurin-17.0.11\bin\net.dll
Event: 1.778 Loaded shared library C:\Users\USER\.jdks\temurin-17.0.11\bin\nio.dll
Event: 1.810 Loaded shared library C:\Users\USER\.jdks\temurin-17.0.11\bin\zip.dll
Event: 49.619 Loaded shared library C:\Users\USER\.jdks\temurin-17.0.11\bin\jimage.dll
Event: 59.245 Loaded shared library C:\Users\USER\.jdks\temurin-17.0.11\bin\verify.dll
Event: 65.530 Loaded shared library C:\Users\USER\.gradle\native\c067742578af261105cb4f569cf0c3c89f3d7b1fecec35dd04571415982c5e48\windows-amd64\native-platform.dll
Event: 65.575 Loaded shared library C:\Users\USER\.gradle\native\100fb08df4bc3b14c8652ba06237920a3bd2aa13389f12d3474272988ae205f9\windows-amd64\native-platform-file-events.dll
Event: 243.603 Loaded shared library C:\Users\USER\.jdks\temurin-17.0.11\bin\management.dll
Event: 243.629 Loaded shared library C:\Users\USER\.jdks\temurin-17.0.11\bin\management_ext.dll
Event: 247.816 Loaded shared library C:\Users\USER\.jdks\temurin-17.0.11\bin\extnet.dll
Event: 254.316 Loaded shared library C:\Users\USER\.jdks\temurin-17.0.11\bin\sunmscapi.dll

Deoptimization events (20 events):
Event: 330.014 Thread 0x0000016278289480 DEOPT PACKING pc=0x0000016253bc25d0 sp=0x0000005dc19f9050
Event: 330.014 Thread 0x0000016278289480 DEOPT UNPACKING pc=0x00000162534869a3 sp=0x0000005dc19f9010 mode 2
Event: 332.580 Thread 0x0000016278289480 Uncommon trap: trap_request=0xffffffde fr.pc=0x0000016253c1caa4 relative=0x0000000000000444
Event: 332.580 Thread 0x0000016278289480 Uncommon trap: reason=class_check action=maybe_recompile pc=0x0000016253c1caa4 method=java.util.regex.Pattern$Start.match(Ljava/util/regex/Matcher;ILjava/lang/CharSequence;)Z @ 44 c2
Event: 332.580 Thread 0x0000016278289480 DEOPT PACKING pc=0x0000016253c1caa4 sp=0x0000005dc19f93d0
Event: 332.580 Thread 0x0000016278289480 DEOPT UNPACKING pc=0x00000162534869a3 sp=0x0000005dc19f9298 mode 2
Event: 332.581 Thread 0x0000016278289480 Uncommon trap: trap_request=0xffffffde fr.pc=0x0000016253c1caa4 relative=0x0000000000000444
Event: 332.581 Thread 0x0000016278289480 Uncommon trap: reason=class_check action=maybe_recompile pc=0x0000016253c1caa4 method=java.util.regex.Pattern$Start.match(Ljava/util/regex/Matcher;ILjava/lang/CharSequence;)Z @ 44 c2
Event: 332.581 Thread 0x0000016278289480 DEOPT PACKING pc=0x0000016253c1caa4 sp=0x0000005dc19f93d0
Event: 332.581 Thread 0x0000016278289480 DEOPT UNPACKING pc=0x00000162534869a3 sp=0x0000005dc19f9298 mode 2
Event: 332.582 Thread 0x0000016278289480 Uncommon trap: trap_request=0xffffffde fr.pc=0x0000016253c15104 relative=0x0000000000000424
Event: 332.582 Thread 0x0000016278289480 Uncommon trap: reason=class_check action=maybe_recompile pc=0x0000016253c15104 method=java.util.regex.Pattern$Start.match(Ljava/util/regex/Matcher;ILjava/lang/CharSequence;)Z @ 44 c2
Event: 332.582 Thread 0x0000016278289480 DEOPT PACKING pc=0x0000016253c15104 sp=0x0000005dc19f9360
Event: 332.582 Thread 0x0000016278289480 DEOPT UNPACKING pc=0x00000162534869a3 sp=0x0000005dc19f92a0 mode 2
Event: 332.582 Thread 0x0000016278289480 Uncommon trap: trap_request=0xffffffde fr.pc=0x0000016253c15c2c relative=0x00000000000002ec
Event: 332.582 Thread 0x0000016278289480 Uncommon trap: reason=class_check action=maybe_recompile pc=0x0000016253c15c2c method=java.util.regex.Pattern$Start.match(Ljava/util/regex/Matcher;ILjava/lang/CharSequence;)Z @ 44 c2
Event: 332.582 Thread 0x0000016278289480 DEOPT PACKING pc=0x0000016253c15c2c sp=0x0000005dc19f92e0
Event: 332.582 Thread 0x0000016278289480 DEOPT UNPACKING pc=0x00000162534869a3 sp=0x0000005dc19f92a0 mode 2
Event: 338.877 Thread 0x0000016278289480 DEOPT PACKING pc=0x000001624c3945dc sp=0x0000005dc19fa050
Event: 338.881 Thread 0x0000016278289480 DEOPT UNPACKING pc=0x0000016253487143 sp=0x0000005dc19f95d0 mode 0

Classes unloaded (0 events):
No events

Classes redefined (0 events):
No events

Internal exceptions (20 events):
Event: 319.120 Thread 0x0000016278289480 Exception <a 'java/lang/ClassNotFoundException'{0x00000000ef635690}: org/gradle/groovy/scripts/ScriptCustomizer> (0x00000000ef635690) 
thrown [s\src\hotspot\share\classfile\systemDictionary.cpp, line 256]
Event: 319.135 Thread 0x0000016278289480 Exception <a 'java/lang/ClassNotFoundException'{0x00000000ef645e48}: org/gradle/groovy/scripts/BasicScriptCustomizer> (0x00000000ef645e48) 
thrown [s\src\hotspot\share\classfile\systemDictionary.cpp, line 256]
Event: 319.139 Thread 0x0000016278289480 Exception <a 'java/lang/ClassNotFoundException'{0x00000000ef65c240}: org/gradle/groovy/scripts/DefaultScriptCustomizer> (0x00000000ef65c240) 
thrown [s\src\hotspot\share\classfile\systemDictionary.cpp, line 256]
Event: 319.434 Thread 0x0000016278289480 Exception <a 'java/lang/ClassNotFoundException'{0x00000000ef683b28}: org/gradle/initialization/InitScriptCustomizer> (0x00000000ef683b28) 
thrown [s\src\hotspot\share\classfile\systemDictionary.cpp, line 256]
Event: 319.437 Thread 0x0000016278289480 Exception <a 'java/lang/ClassNotFoundException'{0x00000000ef692598}: ijMapper1_63gu5e1vzat34b9mfun49jhcnCustomizer> (0x00000000ef692598) 
thrown [s\src\hotspot\share\classfile\systemDictionary.cpp, line 256]
Event: 320.909 Thread 0x0000016278289480 Exception <a 'java/lang/ClassNotFoundException'{0x00000000ef557548}: org/gradle/internal/extensibility/DefaultExtraPropertiesExtensionBeanInfo> (0x00000000ef557548) 
thrown [s\src\hotspot\share\classfile\systemDictionary.cpp, line 256]
Event: 320.927 Thread 0x0000016278289480 Exception <a 'java/lang/ClassNotFoundException'{0x00000000ef5615f0}: org/gradle/internal/extensibility/DefaultExtraPropertiesExtensionCustomizer> (0x00000000ef5615f0) 
thrown [s\src\hotspot\share\classfile\systemDictionary.cpp, line 256]
Event: 325.035 Thread 0x0000016278289480 Exception <a 'java/lang/NoSuchMethodError'{0x00000000ef5ca5e0}: 'void java.lang.invoke.Invokers$Holder.invoke_MT(java.lang.Object, java.lang.Object, java.lang.Object, java.lang.Object)'> (0x00000000ef5ca5e0) 
thrown [s\src\hotspot\share\interpreter\linkResolver.cpp, line 759]
Event: 329.989 Thread 0x0000016278289480 Exception <a 'java/lang/ClassNotFoundException'{0x00000000ef35b908}: org/gradle/invocation/DefaultGradle_DecoratedBeanInfo> (0x00000000ef35b908) 
thrown [s\src\hotspot\share\classfile\systemDictionary.cpp, line 256]
Event: 330.014 Thread 0x0000016278289480 Exception <a 'java/lang/ClassNotFoundException'{0x00000000ef36a230}: org/gradle/invocation/DefaultGradleBeanInfo> (0x00000000ef36a230) 
thrown [s\src\hotspot\share\classfile\systemDictionary.cpp, line 256]
Event: 330.018 Thread 0x0000016278289480 Exception <a 'java/lang/ClassNotFoundException'{0x00000000ef379190}: org/gradle/api/internal/project/AbstractPluginAwareBeanInfo> (0x00000000ef379190) 
thrown [s\src\hotspot\share\classfile\systemDictionary.cpp, line 256]
Event: 330.021 Thread 0x0000016278289480 Exception <a 'java/lang/ClassNotFoundException'{0x00000000ef38ab00}: org/gradle/api/internal/project/AbstractPluginAwareCustomizer> (0x00000000ef38ab00) 
thrown [s\src\hotspot\share\classfile\systemDictionary.cpp, line 256]
Event: 330.063 Thread 0x0000016278289480 Exception <a 'java/lang/ClassNotFoundException'{0x00000000ef39f048}: org/gradle/invocation/DefaultGradleCustomizer> (0x00000000ef39f048) 
thrown [s\src\hotspot\share\classfile\systemDictionary.cpp, line 256]
Event: 330.077 Thread 0x0000016278289480 Exception <a 'java/lang/ClassNotFoundException'{0x00000000ef3df0b0}: org/gradle/invocation/DefaultGradle_DecoratedCustomizer> (0x00000000ef3df0b0) 
thrown [s\src\hotspot\share\classfile\systemDictionary.cpp, line 256]
Event: 332.568 Thread 0x0000016278289480 Exception <a 'java/lang/ClassNotFoundException'{0x00000000eefce108}: groovy/lang/Closure$1BeanInfo> (0x00000000eefce108) 
thrown [s\src\hotspot\share\classfile\systemDictionary.cpp, line 256]
Event: 332.571 Thread 0x0000016278289480 Exception <a 'java/lang/ClassNotFoundException'{0x00000000eefe9eb0}: groovy/lang/ClosureBeanInfo> (0x00000000eefe9eb0) 
thrown [s\src\hotspot\share\classfile\systemDictionary.cpp, line 256]
Event: 332.573 Thread 0x0000016278289480 Exception <a 'java/lang/ClassNotFoundException'{0x00000000eee08c80}: groovy/lang/ClosureCustomizer> (0x00000000eee08c80) 
thrown [s\src\hotspot\share\classfile\systemDictionary.cpp, line 256]
Event: 332.684 Thread 0x0000016278289480 Exception <a 'java/lang/ClassNotFoundException'{0x00000000eee47e10}: groovy/lang/Closure$1Customizer> (0x00000000eee47e10) 
thrown [s\src\hotspot\share\classfile\systemDictionary.cpp, line 256]
Event: 339.824 Thread 0x0000016278289480 Exception <a 'java/lang/ClassNotFoundException'{0x00000000eeb25180}: ijresolvers1_e3ial72obwj2e9tnoj8cnwp59BeanInfo> (0x00000000eeb25180) 
thrown [s\src\hotspot\share\classfile\systemDictionary.cpp, line 256]
Event: 339.882 Thread 0x0000016278289480 Exception <a 'java/lang/ClassNotFoundException'{0x00000000eeb2b758}: ijresolvers1_e3ial72obwj2e9tnoj8cnwp59Customizer> (0x00000000eeb2b758) 
thrown [s\src\hotspot\share\classfile\systemDictionary.cpp, line 256]

VM Operations (20 events):
Event: 330.641 Executing VM operation: Cleanup
Event: 330.723 Executing VM operation: Cleanup done
Event: 332.743 Executing VM operation: Cleanup
Event: 332.744 Executing VM operation: Cleanup done
Event: 333.755 Executing VM operation: Cleanup
Event: 333.776 Executing VM operation: Cleanup done
Event: 335.782 Executing VM operation: Cleanup
Event: 335.783 Executing VM operation: Cleanup done
Event: 336.788 Executing VM operation: Cleanup
Event: 336.835 Executing VM operation: Cleanup done
Event: 337.838 Executing VM operation: Cleanup
Event: 338.261 Executing VM operation: Cleanup done
Event: 339.275 Executing VM operation: Cleanup
Event: 339.276 Executing VM operation: Cleanup done
Event: 340.279 Executing VM operation: Cleanup
Event: 340.300 Executing VM operation: Cleanup done
Event: 341.303 Executing VM operation: Cleanup
Event: 341.364 Executing VM operation: Cleanup done
Event: 342.364 Executing VM operation: Cleanup
Event: 342.612 Executing VM operation: Cleanup done

Events (20 events):
Event: 316.085 loading class jdk/internal/jimage/ImageReader$Resource
Event: 316.089 loading class jdk/internal/jimage/ImageReader$Resource done
Event: 318.155 loading class java/util/WeakHashMap$KeyIterator
Event: 318.619 loading class java/util/WeakHashMap$HashIterator
Event: 318.647 loading class java/util/WeakHashMap$HashIterator done
Event: 318.647 loading class java/util/WeakHashMap$KeyIterator done
Event: 330.257 loading class jdk/internal/reflect/UnsafeObjectFieldAccessorImpl
Event: 330.262 loading class jdk/internal/reflect/UnsafeObjectFieldAccessorImpl done
Event: 331.948 loading class sun/reflect/MagicAccessorImpl
Event: 331.948 loading class sun/reflect/MagicAccessorImpl done
Event: 332.684 loading class com/sun/beans/finder/MethodFinder
Event: 332.697 loading class com/sun/beans/finder/AbstractFinder
Event: 332.702 loading class com/sun/beans/finder/AbstractFinder done
Event: 332.702 loading class com/sun/beans/finder/MethodFinder done
Event: 332.702 loading class com/sun/beans/finder/MethodFinder$1
Event: 332.703 loading class com/sun/beans/finder/MethodFinder$1 done
Event: 332.703 loading class com/sun/beans/finder/FinderUtils
Event: 332.704 loading class com/sun/beans/finder/FinderUtils done
Event: 336.881 Thread 0x000001627a0beb30 Thread added: 0x000001627a0beb30
Event: 337.640 Thread 0x000001627a0bf040 Thread added: 0x000001627a0bf040


Dynamic libraries:
0x00007ff7d87f0000 - 0x00007ff7d87fe000 	C:\Users\USER\.jdks\temurin-17.0.11\bin\java.exe
0x00007ffa53ed0000 - 0x00007ffa540e7000 	C:\WINDOWS\SYSTEM32\ntdll.dll
0x00007ffa530d0000 - 0x00007ffa53194000 	C:\WINDOWS\System32\KERNEL32.DLL
0x00007ffa515d0000 - 0x00007ffa5197d000 	C:\WINDOWS\System32\KERNELBASE.dll
0x00007ffa514b0000 - 0x00007ffa515c1000 	C:\WINDOWS\System32\ucrtbase.dll
0x00007ffa49310000 - 0x00007ffa49327000 	C:\Users\USER\.jdks\temurin-17.0.11\bin\jli.dll
0x00007ffa532b0000 - 0x00007ffa5345e000 	C:\WINDOWS\System32\USER32.dll
0x00007ffa51320000 - 0x00007ffa51346000 	C:\WINDOWS\System32\win32u.dll
0x00007ffa53ca0000 - 0x00007ffa53cc9000 	C:\WINDOWS\System32\GDI32.dll
0x00007ffa51980000 - 0x00007ffa51a99000 	C:\WINDOWS\System32\gdi32full.dll
0x00007ffa51350000 - 0x00007ffa513ea000 	C:\WINDOWS\System32\msvcp_win.dll
0x00007ffa457a0000 - 0x00007ffa457bb000 	C:\Users\USER\.jdks\temurin-17.0.11\bin\VCRUNTIME140.dll
0x00007ffa3a830000 - 0x00007ffa3aac3000 	C:\WINDOWS\WinSxS\amd64_microsoft.windows.common-controls_6595b64144ccf1df_6.0.22621.3672_none_2713b9d173822955\COMCTL32.dll
0x00007ffa526a0000 - 0x00007ffa52747000 	C:\WINDOWS\System32\msvcrt.dll
0x00007ffa52e30000 - 0x00007ffa52e61000 	C:\WINDOWS\System32\IMM32.DLL
0x00007ffa48fb0000 - 0x00007ffa48fbc000 	C:\Users\USER\.jdks\temurin-17.0.11\bin\vcruntime140_1.dll
0x00007ffa1c4e0000 - 0x00007ffa1c56d000 	C:\Users\USER\.jdks\temurin-17.0.11\bin\msvcp140.dll
0x00007ff9e1620000 - 0x00007ff9e2282000 	C:\Users\USER\.jdks\temurin-17.0.11\bin\server\jvm.dll
0x00007ffa53540000 - 0x00007ffa535f2000 	C:\WINDOWS\System32\ADVAPI32.dll
0x00007ffa53010000 - 0x00007ffa530b9000 	C:\WINDOWS\System32\sechost.dll
0x00007ffa512f0000 - 0x00007ffa51318000 	C:\WINDOWS\System32\bcrypt.dll
0x00007ffa51c70000 - 0x00007ffa51d84000 	C:\WINDOWS\System32\RPCRT4.dll
0x00007ffa50090000 - 0x00007ffa500dd000 	C:\WINDOWS\SYSTEM32\POWRPROF.dll
0x00007ffa437c0000 - 0x00007ffa437c9000 	C:\WINDOWS\SYSTEM32\WSOCK32.dll
0x00007ffa53a00000 - 0x00007ffa53a71000 	C:\WINDOWS\System32\WS2_32.dll
0x00007ffa48330000 - 0x00007ffa48364000 	C:\WINDOWS\SYSTEM32\WINMM.dll
0x00007ffa456f0000 - 0x00007ffa456fa000 	C:\WINDOWS\SYSTEM32\VERSION.dll
0x00007ffa50070000 - 0x00007ffa50083000 	C:\WINDOWS\SYSTEM32\UMPDC.dll
0x00007ffa50320000 - 0x00007ffa50338000 	C:\WINDOWS\SYSTEM32\kernel.appcore.dll
0x00007ffa48d10000 - 0x00007ffa48d1a000 	C:\Users\USER\.jdks\temurin-17.0.11\bin\jimage.dll
0x00007ffa4eb50000 - 0x00007ffa4ed82000 	C:\WINDOWS\SYSTEM32\DBGHELP.DLL
0x00007ffa53670000 - 0x00007ffa539f8000 	C:\WINDOWS\System32\combase.dll
0x00007ffa53460000 - 0x00007ffa53537000 	C:\WINDOWS\System32\OLEAUT32.dll
0x00007ffa337c0000 - 0x00007ffa337f2000 	C:\WINDOWS\SYSTEM32\dbgcore.DLL
0x00007ffa51270000 - 0x00007ffa512eb000 	C:\WINDOWS\System32\bcryptPrimitives.dll
0x00007ffa44f60000 - 0x00007ffa44f6e000 	C:\Users\USER\.jdks\temurin-17.0.11\bin\instrument.dll
0x00007ffa1d430000 - 0x00007ffa1d455000 	C:\Users\USER\.jdks\temurin-17.0.11\bin\java.dll
0x00007ffa0e280000 - 0x00007ffa0e357000 	C:\Users\USER\.jdks\temurin-17.0.11\bin\jsvml.dll
0x00007ffa51e40000 - 0x00007ffa5269f000 	C:\WINDOWS\System32\SHELL32.dll
0x00007ffa4f160000 - 0x00007ffa4fa5c000 	C:\WINDOWS\SYSTEM32\windows.storage.dll
0x00007ffa4f020000 - 0x00007ffa4f15f000 	C:\WINDOWS\SYSTEM32\wintypes.dll
0x00007ffa528b0000 - 0x00007ffa529a4000 	C:\WINDOWS\System32\SHCORE.dll
0x00007ffa51c10000 - 0x00007ffa51c6e000 	C:\WINDOWS\System32\shlwapi.dll
0x00007ffa51130000 - 0x00007ffa51151000 	C:\WINDOWS\SYSTEM32\profapi.dll
0x00007ffa38580000 - 0x00007ffa38598000 	C:\Users\USER\.jdks\temurin-17.0.11\bin\zip.dll
0x00007ffa38430000 - 0x00007ffa38449000 	C:\Users\USER\.jdks\temurin-17.0.11\bin\net.dll
0x00007ffa490d0000 - 0x00007ffa49206000 	C:\WINDOWS\SYSTEM32\WINHTTP.dll
0x00007ffa50790000 - 0x00007ffa507f9000 	C:\WINDOWS\system32\mswsock.dll
0x00007ffa37130000 - 0x00007ffa37146000 	C:\Users\USER\.jdks\temurin-17.0.11\bin\nio.dll
0x00007ffa44f40000 - 0x00007ffa44f50000 	C:\Users\USER\.jdks\temurin-17.0.11\bin\verify.dll
0x00007ffa20bb0000 - 0x00007ffa20bd7000 	C:\Users\USER\.gradle\native\c067742578af261105cb4f569cf0c3c89f3d7b1fecec35dd04571415982c5e48\windows-amd64\native-platform.dll
0x00007ffa02360000 - 0x00007ffa024a4000 	C:\Users\USER\.gradle\native\100fb08df4bc3b14c8652ba06237920a3bd2aa13389f12d3474272988ae205f9\windows-amd64\native-platform-file-events.dll
0x00007ffa43bd0000 - 0x00007ffa43bd9000 	C:\Users\USER\.jdks\temurin-17.0.11\bin\management.dll
0x00007ffa431d0000 - 0x00007ffa431db000 	C:\Users\USER\.jdks\temurin-17.0.11\bin\management_ext.dll
0x00007ffa52e70000 - 0x00007ffa52e78000 	C:\WINDOWS\System32\PSAPI.DLL
0x00007ffa509f0000 - 0x00007ffa50a0b000 	C:\WINDOWS\SYSTEM32\CRYPTSP.dll
0x00007ffa50280000 - 0x00007ffa502b5000 	C:\WINDOWS\system32\rsaenh.dll
0x00007ffa50890000 - 0x00007ffa508b8000 	C:\WINDOWS\SYSTEM32\USERENV.dll
0x00007ffa50a10000 - 0x00007ffa50a1c000 	C:\WINDOWS\SYSTEM32\CRYPTBASE.dll
0x00007ffa4fd70000 - 0x00007ffa4fd9d000 	C:\WINDOWS\SYSTEM32\IPHLPAPI.DLL
0x00007ffa530c0000 - 0x00007ffa530c9000 	C:\WINDOWS\System32\NSI.dll
0x00007ffa49420000 - 0x00007ffa49439000 	C:\WINDOWS\SYSTEM32\dhcpcsvc6.DLL
0x00007ffa49020000 - 0x00007ffa4903f000 	C:\WINDOWS\SYSTEM32\dhcpcsvc.DLL
0x00007ffa4fda0000 - 0x00007ffa4fe98000 	C:\WINDOWS\SYSTEM32\DNSAPI.dll
0x00007ffa3c630000 - 0x00007ffa3c639000 	C:\Users\USER\.jdks\temurin-17.0.11\bin\extnet.dll
0x00007ffa3b380000 - 0x00007ffa3b38e000 	C:\Users\USER\.jdks\temurin-17.0.11\bin\sunmscapi.dll
0x00007ffa51aa0000 - 0x00007ffa51c07000 	C:\WINDOWS\System32\CRYPT32.dll
0x00007ffa50b90000 - 0x00007ffa50bbe000 	C:\WINDOWS\SYSTEM32\ncrypt.dll
0x00007ffa50b50000 - 0x00007ffa50b87000 	C:\WINDOWS\SYSTEM32\NTASN1.dll
0x00007ffa44070000 - 0x00007ffa44078000 	C:\WINDOWS\system32\wshunix.dll

dbghelp: loaded successfully - version: 4.0.5 - missing functions: none
symbol engine: initialized successfully - sym options: 0x614 - pdb path: .;C:\Users\USER\.jdks\temurin-17.0.11\bin;C:\WINDOWS\SYSTEM32;C:\WINDOWS\WinSxS\amd64_microsoft.windows.common-controls_6595b64144ccf1df_6.0.22621.3672_none_2713b9d173822955;C:\Users\USER\.jdks\temurin-17.0.11\bin\server;C:\Users\USER\.gradle\native\c067742578af261105cb4f569cf0c3c89f3d7b1fecec35dd04571415982c5e48\windows-amd64;C:\Users\USER\.gradle\native\100fb08df4bc3b14c8652ba06237920a3bd2aa13389f12d3474272988ae205f9\windows-amd64

VM Arguments:
jvm_args: --add-opens=java.base/java.util=ALL-UNNAMED --add-opens=java.base/java.lang=ALL-UNNAMED --add-opens=java.base/java.lang.invoke=ALL-UNNAMED --add-opens=java.prefs/java.util.prefs=ALL-UNNAMED --add-opens=java.base/java.nio.charset=ALL-UNNAMED --add-opens=java.base/java.net=ALL-UNNAMED --add-opens=java.base/java.util.concurrent.atomic=ALL-UNNAMED -XX:MaxMetaspaceSize=384m -XX:+HeapDumpOnOutOfMemoryError -Xms256m -Xmx512m -Dfile.encoding=UTF-8 -Duser.country=KR -Duser.language=ko -Duser.variant -javaagent:C:\Users\USER\.gradle\wrapper\dists\gradle-8.8-bin\dl7vupf4psengwqhwktix4v1\gradle-8.8\lib\agents\gradle-instrumentation-agent-8.8.jar 
java_command: org.gradle.launcher.daemon.bootstrap.GradleDaemon 8.8
java_class_path (initial): C:\Users\USER\.gradle\wrapper\dists\gradle-8.8-bin\dl7vupf4psengwqhwktix4v1\gradle-8.8\lib\gradle-launcher-8.8.jar
Launcher Type: SUN_STANDARD

[Global flags]
     intx CICompilerCount                          = 4                                         {product} {ergonomic}
   size_t CompressedClassSpaceSize                 = 335544320                                 {product} {ergonomic}
     uint ConcGCThreads                            = 2                                         {product} {ergonomic}
     uint G1ConcRefinementThreads                  = 8                                         {product} {ergonomic}
   size_t G1HeapRegionSize                         = 1048576                                   {product} {ergonomic}
    uintx GCDrainStackTargetSize                   = 64                                        {product} {ergonomic}
     bool HeapDumpOnOutOfMemoryError               = true                                   {manageable} {command line}
   size_t InitialHeapSize                          = 268435456                                 {product} {command line}
   size_t MarkStackSize                            = 4194304                                   {product} {ergonomic}
   size_t MaxHeapSize                              = 536870912                                 {product} {command line}
   size_t MaxMetaspaceSize                         = 402653184                                 {product} {command line}
   size_t MaxNewSize                               = 321912832                                 {product} {ergonomic}
   size_t MinHeapDeltaBytes                        = 1048576                                   {product} {ergonomic}
   size_t MinHeapSize                              = 268435456                                 {product} {command line}
    uintx NonNMethodCodeHeapSize                   = 5839372                                {pd product} {ergonomic}
    uintx NonProfiledCodeHeapSize                  = 122909434                              {pd product} {ergonomic}
    uintx ProfiledCodeHeapSize                     = 122909434                              {pd product} {ergonomic}
    uintx ReservedCodeCacheSize                    = 251658240                              {pd product} {ergonomic}
     bool SegmentedCodeCache                       = true                                      {product} {ergonomic}
   size_t SoftMaxHeapSize                          = 536870912                              {manageable} {ergonomic}
     bool UseCompressedClassPointers               = true                           {product lp64_product} {ergonomic}
     bool UseCompressedOops                        = true                           {product lp64_product} {ergonomic}
     bool UseG1GC                                  = true                                      {product} {ergonomic}
     bool UseLargePagesIndividualAllocation        = false                                  {pd product} {ergonomic}

Logging:
Log output configuration:
 #0: stdout all=warning uptime,level,tags
 #1: stderr all=off uptime,level,tags

Environment Variables:
JAVA_HOME=C:\Users\USER\Java\jdk-1.8
CLASSPATH=%classpath%;;;
PATH=C:\Program Files\nodejs;C:\Program Files\Microsoft SQL Server\150\DTS\Binn\;C:\Program Files\Microsoft SQL Server\Client SDK\ODBC\170\Tools\Binn\;C:\Program Files\Microsoft SQL Server\160\DTS\Binn\;C:\Users\USER\Java\jdk-1.8bin;C:\Users\USER\AppData\Local\Programs\Microsoft VS Code\bin;C:\Users\USER\AppData\Local\Microsoft\WindowsApps;C:\Users\USER\AppData\Roaming\npm;C:\Program Files\JetBrains\IntelliJ IDEA 2024.1.2\bin;;C:\Program Files\Git\cmd;
USERNAME=USER
OS=Windows_NT
PROCESSOR_IDENTIFIER=Intel64 Family 6 Model 142 Stepping 10, GenuineIntel
TMP=C:\Users\USER\AppData\Local\Temp
TEMP=C:\Users\USER\AppData\Local\Temp



Periodic native trim disabled


---------------  S Y S T E M  ---------------

OS:
 Windows 11 , 64 bit Build 22621 (10.0.22621.3672)
OS uptime: 8 days 1:01 hours

CPU: total 8 (initial active 8) (4 cores per cpu, 2 threads per core) family 6 model 142 stepping 10 microcode 0xe0, cx8, cmov, fxsr, ht, mmx, 3dnowpref, sse, sse2, sse3, ssse3, sse4.1, sse4.2, popcnt, lzcnt, tsc, tscinvbit, avx, avx2, aes, erms, clmul, bmi1, bmi2, adx, fma, vzeroupper, clflush, clflushopt
Processor Information for all 8 processors :
  Max Mhz: 1800, Current Mhz: 1600, Mhz Limit: 1584

Memory: 4k page, system-wide physical 8106M (2M free)
TotalPageFile size 32682M (AvailPageFile size 19M)
current process WorkingSet (physical memory assigned to process): 3M, peak: 154M
current process commit charge ("private bytes"): 430M, peak: 432M

vm_info: OpenJDK 64-Bit Server VM (17.0.11+9) for windows-amd64 JRE (17.0.11+9), built on Apr 17 2024 06:07:48 by "admin" with MS VC++ 16.10 / 16.11 (VS2019)

END.
