#
# There is insufficient memory for the Java Runtime Environment to continue.
# Native memory allocation (malloc) failed to allocate 32744 bytes. Error detail: ChunkPool::allocate
# Possible reasons:
#   The system is out of physical RAM or swap space
#   This process is running with CompressedOops enabled, and the Java Heap may be blocking the growth of the native heap
# Possible solutions:
#   Reduce memory load on the system
#   Increase physical memory or swap space
#   Check if swap backing store is full
#   Decrease Java heap size (-Xmx/-Xms)
#   Decrease number of Java threads
#   Decrease Java thread stack sizes (-Xss)
#   Set larger code cache with -XX:ReservedCodeCacheSize=
#   JVM is running with Unscaled Compressed Oops mode in which the Java heap is
#     placed in the first 4GB address space. The Java Heap base address is the
#     maximum limit for the native heap growth. Please use -XX:HeapBaseMinAddress
#     to set the Java Heap base and to place the Java Heap above 4GB virtual address.
# This output file may be truncated or incomplete.
#
#  Out of Memory Error (arena.cpp:79), pid=11756, tid=29664
#
# JRE version: OpenJDK Runtime Environment Temurin-17.0.11+9 (17.0.11+9) (build 17.0.11+9)
# Java VM: OpenJDK 64-Bit Server VM Temurin-17.0.11+9 (17.0.11+9, mixed mode, sharing, tiered, compressed oops, compressed class ptrs, g1 gc, windows-amd64)
# No core dump will be written. Minidumps are not enabled by default on client versions of Windows
#

---------------  S U M M A R Y ------------

Command Line: --add-opens=java.base/java.util=ALL-UNNAMED --add-opens=java.base/java.lang=ALL-UNNAMED --add-opens=java.base/java.lang.invoke=ALL-UNNAMED --add-opens=java.prefs/java.util.prefs=ALL-UNNAMED --add-opens=java.base/java.nio.charset=ALL-UNNAMED --add-opens=java.base/java.net=ALL-UNNAMED --add-opens=java.base/java.util.concurrent.atomic=ALL-UNNAMED -XX:MaxMetaspaceSize=384m -XX:+HeapDumpOnOutOfMemoryError -Xms256m -Xmx512m -Dfile.encoding=UTF-8 -Duser.country=KR -Duser.language=ko -Duser.variant -javaagent:C:\Users\USER\.gradle\wrapper\dists\gradle-8.8-bin\dl7vupf4psengwqhwktix4v1\gradle-8.8\lib\agents\gradle-instrumentation-agent-8.8.jar org.gradle.launcher.daemon.bootstrap.GradleDaemon 8.8

Host: Intel(R) Core(TM) i5-8250U CPU @ 1.60GHz, 8 cores, 7G,  Windows 11 , 64 bit Build 22621 (10.0.22621.3672)
Time: Fri Jul 19 10:32:21 2024  Windows 11 , 64 bit Build 22621 (10.0.22621.3672) elapsed time: 454.472534 seconds (0d 0h 7m 34s)

---------------  T H R E A D  ---------------

Current thread (0x00000228ad6bae90):  JavaThread "C2 CompilerThread0" daemon [_thread_in_native, id=29664, stack(0x0000003975500000,0x0000003975600000)]


Current CompileTask:
C2: 454472 7008       4       org.gradle.internal.reflect.ClassInspector::inspectClass (179 bytes)

Stack: [0x0000003975500000,0x0000003975600000]
Native frames: (J=compiled Java code, j=interpreted, Vv=VM code, C=native code)
V  [jvm.dll+0x67d429]
V  [jvm.dll+0x834b7a]
V  [jvm.dll+0x83663e]
V  [jvm.dll+0x836ca3]
V  [jvm.dll+0x247dbf]
V  [jvm.dll+0xac731]
V  [jvm.dll+0xacb7c]
V  [jvm.dll+0x2b4440]
V  [jvm.dll+0x6402ba]
V  [jvm.dll+0x63fe42]
V  [jvm.dll+0x1d00ed]
V  [jvm.dll+0x345f68]
V  [jvm.dll+0x2adfb8]
V  [jvm.dll+0x695875]
V  [jvm.dll+0x68d82b]
V  [jvm.dll+0x68ce67]
V  [jvm.dll+0x68ad52]
V  [jvm.dll+0x1a85ac]
V  [jvm.dll+0x2ae4e4]
V  [jvm.dll+0x695875]
V  [jvm.dll+0x68d82b]
V  [jvm.dll+0x68ce67]
V  [jvm.dll+0x68ad52]
V  [jvm.dll+0x1a85ac]
V  [jvm.dll+0x2ae4e4]
V  [jvm.dll+0x695875]
V  [jvm.dll+0x68d82b]
V  [jvm.dll+0x68ce67]
V  [jvm.dll+0x68ad52]
V  [jvm.dll+0x1a85ac]
V  [jvm.dll+0x219468]
V  [jvm.dll+0x1a534d]
V  [jvm.dll+0x2295cd]
V  [jvm.dll+0x22779c]
V  [jvm.dll+0x7e9d07]
V  [jvm.dll+0x7e410a]
V  [jvm.dll+0x67c315]
C  [ucrtbase.dll+0x29333]
C  [KERNEL32.DLL+0x1257d]
C  [ntdll.dll+0x5af28]


---------------  P R O C E S S  ---------------

Threads class SMR info:
_java_thread_list=0x00000228caaa3060, length=66, elements={
0x0000022892b1b520, 0x00000228ad6a3a50, 0x00000228ad6a48d0, 0x00000228ad6b5180,
0x00000228ad6b5b50, 0x00000228ad6b6710, 0x00000228ad6ba0f0, 0x00000228ad6bae90,
0x00000228ad6bb940, 0x00000228ad758050, 0x00000228ad68cb70, 0x00000228ad8acaf0,
0x00000228ada99200, 0x00000228c80b8060, 0x00000228ad9075e0, 0x00000228c8387870,
0x00000228c752ff90, 0x0000022892b26f90, 0x00000228c7ba6c00, 0x00000228c76d0ab0,
0x00000228c76d1ef0, 0x00000228c76d3840, 0x00000228c76d0090, 0x00000228c76d0fc0,
0x00000228c76d14d0, 0x00000228c76d2910, 0x00000228c76d19e0, 0x00000228c76d2e20,
0x00000228c91f7090, 0x00000228c91f1f90, 0x00000228c91f7ab0, 0x00000228c91f84d0,
0x00000228c91f5230, 0x00000228c91f4d20, 0x00000228c91f1570, 0x00000228c91f24a0,
0x00000228c91f33d0, 0x00000228c91f3df0, 0x00000228c91f1a80, 0x00000228c91f89e0,
0x00000228c91f4300, 0x00000228c91f2ec0, 0x00000228c91f5740, 0x00000228c91f38e0,
0x00000228c91f4810, 0x00000228c91f6160, 0x00000228c76d05a0, 0x00000228c8445900,
0x00000228c84444c0, 0x00000228c8441c40, 0x00000228c8445e10, 0x00000228c8442b70,
0x00000228c8447760, 0x00000228c8446d40, 0x00000228c8443080, 0x00000228c8443590,
0x00000228c8448ba0, 0x00000228c8443aa0, 0x00000228c8441730, 0x00000228c84453f0,
0x00000228c8442660, 0x00000228c8443fb0, 0x00000228c8446320, 0x00000228c84449d0,
0x00000228c8442150, 0x00000228c8446830
}

Java Threads: ( => current thread )
  0x0000022892b1b520 JavaThread "main" [_thread_blocked, id=22456, stack(0x0000003974800000,0x0000003974900000)]
  0x00000228ad6a3a50 JavaThread "Reference Handler" daemon [_thread_blocked, id=33540, stack(0x0000003974f00000,0x0000003975000000)]
  0x00000228ad6a48d0 JavaThread "Finalizer" daemon [_thread_blocked, id=4572, stack(0x0000003975000000,0x0000003975100000)]
  0x00000228ad6b5180 JavaThread "Signal Dispatcher" daemon [_thread_blocked, id=10828, stack(0x0000003975100000,0x0000003975200000)]
  0x00000228ad6b5b50 JavaThread "Attach Listener" daemon [_thread_blocked, id=33008, stack(0x0000003975200000,0x0000003975300000)]
  0x00000228ad6b6710 JavaThread "Service Thread" daemon [_thread_blocked, id=25468, stack(0x0000003975300000,0x0000003975400000)]
  0x00000228ad6ba0f0 JavaThread "Monitor Deflation Thread" daemon [_thread_blocked, id=17788, stack(0x0000003975400000,0x0000003975500000)]
=>0x00000228ad6bae90 JavaThread "C2 CompilerThread0" daemon [_thread_in_native, id=29664, stack(0x0000003975500000,0x0000003975600000)]
  0x00000228ad6bb940 JavaThread "C1 CompilerThread0" daemon [_thread_blocked, id=3972, stack(0x0000003975600000,0x0000003975700000)]
  0x00000228ad758050 JavaThread "Sweeper thread" daemon [_thread_blocked, id=14680, stack(0x0000003975700000,0x0000003975800000)]
  0x00000228ad68cb70 JavaThread "Common-Cleaner" daemon [_thread_blocked, id=5728, stack(0x0000003975800000,0x0000003975900000)]
  0x00000228ad8acaf0 JavaThread "Notification Thread" daemon [_thread_blocked, id=25056, stack(0x0000003975900000,0x0000003975a00000)]
  0x00000228ada99200 JavaThread "Daemon health stats" [_thread_blocked, id=37768, stack(0x0000003974600000,0x0000003974700000)]
  0x00000228c80b8060 JavaThread "Incoming local TCP Connector on port 1270" [_thread_in_native, id=20824, stack(0x0000003976000000,0x0000003976100000)]
  0x00000228ad9075e0 JavaThread "Daemon periodic checks" [_thread_blocked, id=37444, stack(0x0000003976100000,0x0000003976200000)]
  0x00000228c8387870 JavaThread "Daemon" [_thread_blocked, id=36936, stack(0x0000003976200000,0x0000003976300000)]
  0x00000228c752ff90 JavaThread "Handler for socket connection from /127.0.0.1:1270 to /127.0.0.1:1274" [_thread_in_native, id=30332, stack(0x0000003976300000,0x0000003976400000)]
  0x0000022892b26f90 JavaThread "Cancel handler" [_thread_blocked, id=37244, stack(0x0000003976400000,0x0000003976500000)]
  0x00000228c7ba6c00 JavaThread "Daemon worker" [_thread_in_Java, id=32360, stack(0x0000003976500000,0x0000003976600000)]
  0x00000228c76d0ab0 JavaThread "Asynchronous log dispatcher for DefaultDaemonConnection: socket connection from /127.0.0.1:1270 to /127.0.0.1:1274" [_thread_blocked, id=37416, stack(0x0000003976600000,0x0000003976700000)]
  0x00000228c76d1ef0 JavaThread "Stdin handler" [_thread_blocked, id=37156, stack(0x0000003976700000,0x0000003976800000)]
  0x00000228c76d3840 JavaThread "Daemon client event forwarder" [_thread_blocked, id=31824, stack(0x0000003976800000,0x0000003976900000)]
  0x00000228c76d0090 JavaThread "Cache worker for journal cache (C:\Users\USER\.gradle\caches\journal-1)" [_thread_blocked, id=20376, stack(0x0000003976b00000,0x0000003976c00000)]
  0x00000228c76d0fc0 JavaThread "File lock request listener" [_thread_in_native, id=37236, stack(0x0000003976c00000,0x0000003976d00000)]
  0x00000228c76d14d0 JavaThread "Cache worker for file hash cache (C:\Users\USER\.gradle\caches\8.8\fileHashes)" [_thread_blocked, id=21132, stack(0x0000003976d00000,0x0000003976e00000)]
  0x00000228c76d2910 JavaThread "Cache worker for file hash cache (C:\otk\spring\demo\.gradle\8.8\fileHashes)" [_thread_blocked, id=37720, stack(0x0000003977100000,0x0000003977200000)]
  0x00000228c76d19e0 JavaThread "File watcher server" daemon [_thread_in_native, id=12992, stack(0x0000003977200000,0x0000003977300000)]
  0x00000228c76d2e20 JavaThread "File watcher consumer" daemon [_thread_blocked, id=37008, stack(0x0000003977300000,0x0000003977400000)]
  0x00000228c91f7090 JavaThread "Cache worker for checksums cache (C:\otk\spring\demo\.gradle\8.8\checksums)" [_thread_blocked, id=25220, stack(0x0000003977500000,0x0000003977600000)]
  0x00000228c91f1f90 JavaThread "Cache worker for file content cache (C:\Users\USER\.gradle\caches\8.8\fileContent)" [_thread_blocked, id=25588, stack(0x0000003977600000,0x0000003977700000)]
  0x00000228c91f7ab0 JavaThread "Cache worker for cache directory md-rule (C:\Users\USER\.gradle\caches\8.8\md-rule)" [_thread_blocked, id=33328, stack(0x0000003977700000,0x0000003977800000)]
  0x00000228c91f84d0 JavaThread "Cache worker for cache directory md-supplier (C:\Users\USER\.gradle\caches\8.8\md-supplier)" [_thread_blocked, id=37176, stack(0x0000003977800000,0x0000003977900000)]
  0x00000228c91f5230 JavaThread "jar transforms" [_thread_blocked, id=37840, stack(0x0000003977900000,0x0000003977a00000)]
  0x00000228c91f4d20 JavaThread "jar transforms Thread 2" [_thread_blocked, id=35560, stack(0x0000003977a00000,0x0000003977b00000)]
  0x00000228c91f1570 JavaThread "jar transforms Thread 3" [_thread_blocked, id=38112, stack(0x0000003974500000,0x0000003974600000)]
  0x00000228c91f24a0 JavaThread "File lock release action executor Thread 2" [_thread_blocked, id=4228, stack(0x0000003974700000,0x0000003974800000)]
  0x00000228c91f33d0 JavaThread "jar transforms Thread 4" [_thread_blocked, id=1832, stack(0x0000003976e00000,0x0000003976f00000)]
  0x00000228c91f3df0 JavaThread "jar transforms Thread 5" [_thread_blocked, id=13772, stack(0x0000003977b00000,0x0000003977c00000)]
  0x00000228c91f1a80 JavaThread "jar transforms Thread 6" [_thread_blocked, id=6300, stack(0x0000003977c00000,0x0000003977d00000)]
  0x00000228c91f89e0 JavaThread "Cache worker for Build Output Cleanup Cache (C:\otk\spring\demo\.gradle\buildOutputCleanup)" [_thread_blocked, id=34572, stack(0x0000003977d00000,0x0000003977e00000)]
  0x00000228c91f4300 JavaThread "jar transforms Thread 7" [_thread_blocked, id=16220, stack(0x0000003977e00000,0x0000003977f00000)]
  0x00000228c91f2ec0 JavaThread "Unconstrained build operations" [_thread_blocked, id=29028, stack(0x0000003977f00000,0x0000003978000000)]
  0x00000228c91f5740 JavaThread "Unconstrained build operations Thread 2" [_thread_blocked, id=21076, stack(0x0000003978000000,0x0000003978100000)]
  0x00000228c91f38e0 JavaThread "Unconstrained build operations Thread 3" [_thread_blocked, id=31312, stack(0x0000003978100000,0x0000003978200000)]
  0x00000228c91f4810 JavaThread "Unconstrained build operations Thread 4" [_thread_blocked, id=4156, stack(0x0000003978200000,0x0000003978300000)]
  0x00000228c91f6160 JavaThread "Unconstrained build operations Thread 5" [_thread_blocked, id=27280, stack(0x0000003978300000,0x0000003978400000)]
  0x00000228c76d05a0 JavaThread "Unconstrained build operations Thread 6" [_thread_blocked, id=25616, stack(0x0000003978400000,0x0000003978500000)]
  0x00000228c8445900 JavaThread "Unconstrained build operations Thread 7" [_thread_blocked, id=18144, stack(0x0000003978500000,0x0000003978600000)]
  0x00000228c84444c0 JavaThread "Unconstrained build operations Thread 8" [_thread_blocked, id=30000, stack(0x0000003978600000,0x0000003978700000)]
  0x00000228c8441c40 JavaThread "Unconstrained build operations Thread 9" [_thread_blocked, id=34328, stack(0x0000003978700000,0x0000003978800000)]
  0x00000228c8445e10 JavaThread "Unconstrained build operations Thread 10" [_thread_blocked, id=13220, stack(0x0000003978800000,0x0000003978900000)]
  0x00000228c8442b70 JavaThread "Unconstrained build operations Thread 11" [_thread_blocked, id=21320, stack(0x0000003978900000,0x0000003978a00000)]
  0x00000228c8447760 JavaThread "Unconstrained build operations Thread 12" [_thread_blocked, id=31436, stack(0x0000003978a00000,0x0000003978b00000)]
  0x00000228c8446d40 JavaThread "Unconstrained build operations Thread 13" [_thread_blocked, id=1684, stack(0x0000003978b00000,0x0000003978c00000)]
  0x00000228c8443080 JavaThread "Unconstrained build operations Thread 14" [_thread_blocked, id=37744, stack(0x0000003978c00000,0x0000003978d00000)]
  0x00000228c8443590 JavaThread "Unconstrained build operations Thread 15" [_thread_blocked, id=38688, stack(0x0000003978d00000,0x0000003978e00000)]
  0x00000228c8448ba0 JavaThread "Unconstrained build operations Thread 16" [_thread_blocked, id=31680, stack(0x0000003978e00000,0x0000003978f00000)]
  0x00000228c8443aa0 JavaThread "Unconstrained build operations Thread 17" [_thread_blocked, id=15244, stack(0x0000003978f00000,0x0000003979000000)]
  0x00000228c8441730 JavaThread "Unconstrained build operations Thread 18" [_thread_blocked, id=18292, stack(0x0000003979000000,0x0000003979100000)]
  0x00000228c84453f0 JavaThread "Unconstrained build operations Thread 19" [_thread_blocked, id=34036, stack(0x0000003979100000,0x0000003979200000)]
  0x00000228c8442660 JavaThread "Unconstrained build operations Thread 20" [_thread_blocked, id=12532, stack(0x0000003979200000,0x0000003979300000)]
  0x00000228c8443fb0 JavaThread "Unconstrained build operations Thread 21" [_thread_blocked, id=14700, stack(0x0000003979300000,0x0000003979400000)]
  0x00000228c8446320 JavaThread "Memory manager" [_thread_in_Java, id=38424, stack(0x0000003979400000,0x0000003979500000)]
  0x00000228c84449d0 JavaThread "jar transforms Thread 8" [_thread_blocked, id=35044, stack(0x0000003979500000,0x0000003979600000)]
  0x00000228c8442150 JavaThread "Daemon Thread 2" [_thread_blocked, id=27692, stack(0x0000003979700000,0x0000003979800000)]
  0x00000228c8446830 JavaThread "Daemon Thread 3" [_thread_blocked, id=9856, stack(0x0000003979900000,0x0000003979a00000)]

Other Threads:
  0x00000228ad69be70 VMThread "VM Thread" [stack: 0x0000003974e00000,0x0000003974f00000] [id=25756]
  0x0000022892b1c3a0 WatcherThread [stack: 0x0000003975a00000,0x0000003975b00000] [id=36204]
  0x0000022892b48d70 GCTaskThread "GC Thread#0" [stack: 0x0000003974900000,0x0000003974a00000] [id=35060]
  0x00000228c75e1990 GCTaskThread "GC Thread#1" [stack: 0x0000003975b00000,0x0000003975c00000] [id=37884]
  0x00000228c79d0530 GCTaskThread "GC Thread#2" [stack: 0x0000003975c00000,0x0000003975d00000] [id=16948]
  0x00000228c79d07f0 GCTaskThread "GC Thread#3" [stack: 0x0000003975d00000,0x0000003975e00000] [id=11572]
  0x00000228c79d0ab0 GCTaskThread "GC Thread#4" [stack: 0x0000003975e00000,0x0000003975f00000] [id=26992]
  0x00000228c75c7d80 GCTaskThread "GC Thread#5" [stack: 0x0000003975f00000,0x0000003976000000] [id=31860]
  0x00000228c7530c10 GCTaskThread "GC Thread#6" [stack: 0x0000003976900000,0x0000003976a00000] [id=37776]
  0x00000228c76d4050 GCTaskThread "GC Thread#7" [stack: 0x0000003976a00000,0x0000003976b00000] [id=37496]
  0x0000022892b4dcc0 ConcurrentGCThread "G1 Main Marker" [stack: 0x0000003974a00000,0x0000003974b00000] [id=952]
  0x0000022892b4e6e0 ConcurrentGCThread "G1 Conc#0" [stack: 0x0000003974b00000,0x0000003974c00000] [id=21712]
  0x00000228ca24c6b0 ConcurrentGCThread "G1 Conc#1" [stack: 0x0000003977400000,0x0000003977500000] [id=32004]
  0x0000022892bcd4c0 ConcurrentGCThread "G1 Refine#0" [stack: 0x0000003974c00000,0x0000003974d00000] [id=25648]
  0x00000228c7a148d0 ConcurrentGCThread "G1 Refine#1" [stack: 0x0000003979600000,0x0000003979700000] [id=21636]
  0x00000228ad560140 ConcurrentGCThread "G1 Service" [stack: 0x0000003974d00000,0x0000003974e00000] [id=2948]

Threads with active compile tasks:
C2 CompilerThread0   455218 7008       4       org.gradle.internal.reflect.ClassInspector::inspectClass (179 bytes)

VM state: not at safepoint (normal execution)

VM Mutex/Monitor currently owned by a thread: None

Heap address: 0x00000000e0000000, size: 512 MB, Compressed Oops mode: 32-bit

CDS archive(s) mapped at: [0x00000228ae000000-0x00000228aebb0000-0x00000228aebb0000), size 12255232, SharedBaseAddress: 0x00000228ae000000, ArchiveRelocationMode: 1.
Compressed class space mapped at: 0x00000228af000000-0x00000228c3000000, reserved size: 335544320
Narrow klass base: 0x00000228ae000000, Narrow klass shift: 0, Narrow klass range: 0x100000000

GC Precious Log:
 CPUs: 8 total, 8 available
 Memory: 8106M
 Large Page Support: Disabled
 NUMA Support: Disabled
 Compressed Oops: Enabled (32-bit)
 Heap Region Size: 1M
 Heap Min Capacity: 256M
 Heap Initial Capacity: 256M
 Heap Max Capacity: 512M
 Pre-touch: Disabled
 Parallel Workers: 8
 Concurrent Workers: 2
 Concurrent Refinement Workers: 8
 Periodic GC: Disabled

Heap:
 garbage-first heap   total 262144K, used 51269K [0x00000000e0000000, 0x0000000100000000)
  region size 1024K, 10 young (10240K), 2 survivors (2048K)
 Metaspace       used 50446K, committed 50944K, reserved 393216K
  class space    used 7173K, committed 7424K, reserved 327680K

Heap Regions: E=young(eden), S=young(survivor), O=old, HS=humongous(starts), HC=humongous(continues), CS=collection set, F=free, OA=open archive, CA=closed archive, TAMS=top-at-mark-start (previous, next)
|   0|0x00000000e0000000, 0x00000000e0100000, 0x00000000e0100000|100%|HS|  |TAMS 0x00000000e0100000, 0x00000000e0000000| Complete 
|   1|0x00000000e0100000, 0x00000000e0200000, 0x00000000e0200000|100%|HC|  |TAMS 0x00000000e0200000, 0x00000000e0100000| Complete 
|   2|0x00000000e0200000, 0x00000000e0300000, 0x00000000e0300000|100%|HC|  |TAMS 0x00000000e0300000, 0x00000000e0200000| Complete 
|   3|0x00000000e0300000, 0x00000000e0400000, 0x00000000e0400000|100%|HC|  |TAMS 0x00000000e0400000, 0x00000000e0300000| Complete 
|   4|0x00000000e0400000, 0x00000000e0500000, 0x00000000e0500000|100%| O|  |TAMS 0x00000000e0500000, 0x00000000e0400000| Untracked 
|   5|0x00000000e0500000, 0x00000000e0600000, 0x00000000e0600000|100%| O|  |TAMS 0x00000000e0600000, 0x00000000e0500000| Untracked 
|   6|0x00000000e0600000, 0x00000000e0700000, 0x00000000e0700000|100%| O|  |TAMS 0x00000000e0700000, 0x00000000e0600000| Untracked 
|   7|0x00000000e0700000, 0x00000000e0800000, 0x00000000e0800000|100%| O|  |TAMS 0x00000000e0800000, 0x00000000e0700000| Untracked 
|   8|0x00000000e0800000, 0x00000000e0900000, 0x00000000e0900000|100%| O|  |TAMS 0x00000000e0800000, 0x00000000e0800000| Untracked 
|   9|0x00000000e0900000, 0x00000000e0a00000, 0x00000000e0a00000|100%| O|  |TAMS 0x00000000e0a00000, 0x00000000e0900000| Untracked 
|  10|0x00000000e0a00000, 0x00000000e0b00000, 0x00000000e0b00000|100%| O|  |TAMS 0x00000000e0b00000, 0x00000000e0a00000| Untracked 
|  11|0x00000000e0b00000, 0x00000000e0c00000, 0x00000000e0c00000|100%|HS|  |TAMS 0x00000000e0c00000, 0x00000000e0b00000| Complete 
|  12|0x00000000e0c00000, 0x00000000e0d00000, 0x00000000e0d00000|100%| O|  |TAMS 0x00000000e0d00000, 0x00000000e0c00000| Untracked 
|  13|0x00000000e0d00000, 0x00000000e0e00000, 0x00000000e0e00000|100%| O|  |TAMS 0x00000000e0e00000, 0x00000000e0d00000| Untracked 
|  14|0x00000000e0e00000, 0x00000000e0f00000, 0x00000000e0f00000|100%| O|  |TAMS 0x00000000e0f00000, 0x00000000e0e00000| Untracked 
|  15|0x00000000e0f00000, 0x00000000e1000000, 0x00000000e1000000|100%| O|  |TAMS 0x00000000e1000000, 0x00000000e0f00000| Untracked 
|  16|0x00000000e1000000, 0x00000000e1100000, 0x00000000e1100000|100%| O|  |TAMS 0x00000000e1100000, 0x00000000e1000000| Untracked 
|  17|0x00000000e1100000, 0x00000000e1200000, 0x00000000e1200000|100%| O|  |TAMS 0x00000000e1200000, 0x00000000e1100000| Untracked 
|  18|0x00000000e1200000, 0x00000000e1300000, 0x00000000e1300000|100%| O|  |TAMS 0x00000000e1300000, 0x00000000e1200000| Untracked 
|  19|0x00000000e1300000, 0x00000000e1400000, 0x00000000e1400000|100%| O|  |TAMS 0x00000000e1400000, 0x00000000e1300000| Untracked 
|  20|0x00000000e1400000, 0x00000000e1500000, 0x00000000e1500000|100%| O|  |TAMS 0x00000000e1500000, 0x00000000e1400000| Untracked 
|  21|0x00000000e1500000, 0x00000000e1600000, 0x00000000e1600000|100%| O|  |TAMS 0x00000000e1600000, 0x00000000e1500000| Untracked 
|  22|0x00000000e1600000, 0x00000000e1700000, 0x00000000e1700000|100%| O|  |TAMS 0x00000000e1700000, 0x00000000e1600000| Untracked 
|  23|0x00000000e1700000, 0x00000000e1800000, 0x00000000e1800000|100%| O|  |TAMS 0x00000000e1800000, 0x00000000e1700000| Untracked 
|  24|0x00000000e1800000, 0x00000000e1900000, 0x00000000e1900000|100%| O|  |TAMS 0x00000000e1900000, 0x00000000e1800000| Untracked 
|  25|0x00000000e1900000, 0x00000000e1a00000, 0x00000000e1a00000|100%| O|  |TAMS 0x00000000e1a00000, 0x00000000e1900000| Untracked 
|  26|0x00000000e1a00000, 0x00000000e1b00000, 0x00000000e1b00000|100%| O|  |TAMS 0x00000000e1b00000, 0x00000000e1a00000| Untracked 
|  27|0x00000000e1b00000, 0x00000000e1c00000, 0x00000000e1c00000|100%| O|  |TAMS 0x00000000e1c00000, 0x00000000e1b00000| Untracked 
|  28|0x00000000e1c00000, 0x00000000e1d00000, 0x00000000e1d00000|100%| O|  |TAMS 0x00000000e1d00000, 0x00000000e1c00000| Untracked 
|  29|0x00000000e1d00000, 0x00000000e1e00000, 0x00000000e1e00000|100%| O|  |TAMS 0x00000000e1e00000, 0x00000000e1d00000| Untracked 
|  30|0x00000000e1e00000, 0x00000000e1f00000, 0x00000000e1f00000|100%| O|  |TAMS 0x00000000e1f00000, 0x00000000e1e00000| Untracked 
|  31|0x00000000e1f00000, 0x00000000e2000000, 0x00000000e2000000|100%| O|  |TAMS 0x00000000e1fa6e00, 0x00000000e1f00000| Untracked 
|  32|0x00000000e2000000, 0x00000000e2100000, 0x00000000e2100000|100%| O|  |TAMS 0x00000000e2000000, 0x00000000e2000000| Untracked 
|  33|0x00000000e2100000, 0x00000000e2200000, 0x00000000e2200000|100%| O|  |TAMS 0x00000000e2100000, 0x00000000e2100000| Untracked 
|  34|0x00000000e2200000, 0x00000000e2300000, 0x00000000e2300000|100%| O|  |TAMS 0x00000000e2200000, 0x00000000e2200000| Untracked 
|  35|0x00000000e2300000, 0x00000000e2400000, 0x00000000e2400000|100%| O|  |TAMS 0x00000000e2300000, 0x00000000e2300000| Untracked 
|  36|0x00000000e2400000, 0x00000000e2500000, 0x00000000e2500000|100%| O|  |TAMS 0x00000000e2400000, 0x00000000e2400000| Untracked 
|  37|0x00000000e2500000, 0x00000000e2600000, 0x00000000e2600000|100%| O|  |TAMS 0x00000000e2500000, 0x00000000e2500000| Untracked 
|  38|0x00000000e2600000, 0x00000000e2700000, 0x00000000e2700000|100%| O|  |TAMS 0x00000000e2600000, 0x00000000e2600000| Untracked 
|  39|0x00000000e2700000, 0x00000000e2800000, 0x00000000e2800000|100%| O|  |TAMS 0x00000000e2700000, 0x00000000e2700000| Untracked 
|  40|0x00000000e2800000, 0x00000000e2900000, 0x00000000e2900000|100%| O|  |TAMS 0x00000000e2800000, 0x00000000e2800000| Untracked 
|  41|0x00000000e2900000, 0x00000000e2911400, 0x00000000e2a00000|  6%| O|  |TAMS 0x00000000e2900000, 0x00000000e2900000| Untracked 
|  42|0x00000000e2a00000, 0x00000000e2a00000, 0x00000000e2b00000|  0%| F|  |TAMS 0x00000000e2a00000, 0x00000000e2a00000| Untracked 
|  43|0x00000000e2b00000, 0x00000000e2b00000, 0x00000000e2c00000|  0%| F|  |TAMS 0x00000000e2b00000, 0x00000000e2b00000| Untracked 
|  44|0x00000000e2c00000, 0x00000000e2c00000, 0x00000000e2d00000|  0%| F|  |TAMS 0x00000000e2c00000, 0x00000000e2c00000| Untracked 
|  45|0x00000000e2d00000, 0x00000000e2d00000, 0x00000000e2e00000|  0%| F|  |TAMS 0x00000000e2d00000, 0x00000000e2d00000| Untracked 
|  46|0x00000000e2e00000, 0x00000000e2e00000, 0x00000000e2f00000|  0%| F|  |TAMS 0x00000000e2e00000, 0x00000000e2e00000| Untracked 
|  47|0x00000000e2f00000, 0x00000000e2f00000, 0x00000000e3000000|  0%| F|  |TAMS 0x00000000e2f00000, 0x00000000e2f00000| Untracked 
|  48|0x00000000e3000000, 0x00000000e3000000, 0x00000000e3100000|  0%| F|  |TAMS 0x00000000e3000000, 0x00000000e3000000| Untracked 
|  49|0x00000000e3100000, 0x00000000e3100000, 0x00000000e3200000|  0%| F|  |TAMS 0x00000000e3100000, 0x00000000e3100000| Untracked 
|  50|0x00000000e3200000, 0x00000000e3200000, 0x00000000e3300000|  0%| F|  |TAMS 0x00000000e3200000, 0x00000000e3200000| Untracked 
|  51|0x00000000e3300000, 0x00000000e3300000, 0x00000000e3400000|  0%| F|  |TAMS 0x00000000e3300000, 0x00000000e3300000| Untracked 
|  52|0x00000000e3400000, 0x00000000e3400000, 0x00000000e3500000|  0%| F|  |TAMS 0x00000000e3400000, 0x00000000e3400000| Untracked 
|  53|0x00000000e3500000, 0x00000000e3500000, 0x00000000e3600000|  0%| F|  |TAMS 0x00000000e3500000, 0x00000000e3500000| Untracked 
|  54|0x00000000e3600000, 0x00000000e3600000, 0x00000000e3700000|  0%| F|  |TAMS 0x00000000e3600000, 0x00000000e3600000| Untracked 
|  55|0x00000000e3700000, 0x00000000e3700000, 0x00000000e3800000|  0%| F|  |TAMS 0x00000000e3700000, 0x00000000e3700000| Untracked 
|  56|0x00000000e3800000, 0x00000000e3800000, 0x00000000e3900000|  0%| F|  |TAMS 0x00000000e3800000, 0x00000000e3800000| Untracked 
|  57|0x00000000e3900000, 0x00000000e3900000, 0x00000000e3a00000|  0%| F|  |TAMS 0x00000000e3900000, 0x00000000e3900000| Untracked 
|  58|0x00000000e3a00000, 0x00000000e3a00000, 0x00000000e3b00000|  0%| F|  |TAMS 0x00000000e3a00000, 0x00000000e3a00000| Untracked 
|  59|0x00000000e3b00000, 0x00000000e3b00000, 0x00000000e3c00000|  0%| F|  |TAMS 0x00000000e3b00000, 0x00000000e3b00000| Untracked 
|  60|0x00000000e3c00000, 0x00000000e3c00000, 0x00000000e3d00000|  0%| F|  |TAMS 0x00000000e3c00000, 0x00000000e3c00000| Untracked 
|  61|0x00000000e3d00000, 0x00000000e3d00000, 0x00000000e3e00000|  0%| F|  |TAMS 0x00000000e3d00000, 0x00000000e3d00000| Untracked 
|  62|0x00000000e3e00000, 0x00000000e3e00000, 0x00000000e3f00000|  0%| F|  |TAMS 0x00000000e3e00000, 0x00000000e3e00000| Untracked 
|  63|0x00000000e3f00000, 0x00000000e3f00000, 0x00000000e4000000|  0%| F|  |TAMS 0x00000000e3f00000, 0x00000000e3f00000| Untracked 
|  64|0x00000000e4000000, 0x00000000e4000000, 0x00000000e4100000|  0%| F|  |TAMS 0x00000000e4000000, 0x00000000e4000000| Untracked 
|  65|0x00000000e4100000, 0x00000000e4100000, 0x00000000e4200000|  0%| F|  |TAMS 0x00000000e4100000, 0x00000000e4100000| Untracked 
|  66|0x00000000e4200000, 0x00000000e4200000, 0x00000000e4300000|  0%| F|  |TAMS 0x00000000e4200000, 0x00000000e4200000| Untracked 
|  67|0x00000000e4300000, 0x00000000e4300000, 0x00000000e4400000|  0%| F|  |TAMS 0x00000000e4300000, 0x00000000e4300000| Untracked 
|  68|0x00000000e4400000, 0x00000000e4400000, 0x00000000e4500000|  0%| F|  |TAMS 0x00000000e4400000, 0x00000000e4400000| Untracked 
|  69|0x00000000e4500000, 0x00000000e4500000, 0x00000000e4600000|  0%| F|  |TAMS 0x00000000e4500000, 0x00000000e4500000| Untracked 
|  70|0x00000000e4600000, 0x00000000e4600000, 0x00000000e4700000|  0%| F|  |TAMS 0x00000000e4600000, 0x00000000e4600000| Untracked 
|  71|0x00000000e4700000, 0x00000000e4700000, 0x00000000e4800000|  0%| F|  |TAMS 0x00000000e4700000, 0x00000000e4700000| Untracked 
|  72|0x00000000e4800000, 0x00000000e4800000, 0x00000000e4900000|  0%| F|  |TAMS 0x00000000e4800000, 0x00000000e4800000| Untracked 
|  73|0x00000000e4900000, 0x00000000e4900000, 0x00000000e4a00000|  0%| F|  |TAMS 0x00000000e4900000, 0x00000000e4900000| Untracked 
|  74|0x00000000e4a00000, 0x00000000e4a00000, 0x00000000e4b00000|  0%| F|  |TAMS 0x00000000e4a00000, 0x00000000e4a00000| Untracked 
|  75|0x00000000e4b00000, 0x00000000e4b00000, 0x00000000e4c00000|  0%| F|  |TAMS 0x00000000e4b00000, 0x00000000e4b00000| Untracked 
|  76|0x00000000e4c00000, 0x00000000e4c00000, 0x00000000e4d00000|  0%| F|  |TAMS 0x00000000e4c00000, 0x00000000e4c00000| Untracked 
|  77|0x00000000e4d00000, 0x00000000e4d00000, 0x00000000e4e00000|  0%| F|  |TAMS 0x00000000e4d00000, 0x00000000e4d00000| Untracked 
|  78|0x00000000e4e00000, 0x00000000e4e00000, 0x00000000e4f00000|  0%| F|  |TAMS 0x00000000e4e00000, 0x00000000e4e00000| Untracked 
|  79|0x00000000e4f00000, 0x00000000e4f00000, 0x00000000e5000000|  0%| F|  |TAMS 0x00000000e4f00000, 0x00000000e4f00000| Untracked 
|  80|0x00000000e5000000, 0x00000000e5000000, 0x00000000e5100000|  0%| F|  |TAMS 0x00000000e5000000, 0x00000000e5000000| Untracked 
|  81|0x00000000e5100000, 0x00000000e5100000, 0x00000000e5200000|  0%| F|  |TAMS 0x00000000e5100000, 0x00000000e5100000| Untracked 
|  82|0x00000000e5200000, 0x00000000e5200000, 0x00000000e5300000|  0%| F|  |TAMS 0x00000000e5200000, 0x00000000e5200000| Untracked 
|  83|0x00000000e5300000, 0x00000000e5300000, 0x00000000e5400000|  0%| F|  |TAMS 0x00000000e5300000, 0x00000000e5300000| Untracked 
|  84|0x00000000e5400000, 0x00000000e5400000, 0x00000000e5500000|  0%| F|  |TAMS 0x00000000e5400000, 0x00000000e5400000| Untracked 
|  85|0x00000000e5500000, 0x00000000e5500000, 0x00000000e5600000|  0%| F|  |TAMS 0x00000000e5500000, 0x00000000e5500000| Untracked 
|  86|0x00000000e5600000, 0x00000000e5600000, 0x00000000e5700000|  0%| F|  |TAMS 0x00000000e5600000, 0x00000000e5600000| Untracked 
|  87|0x00000000e5700000, 0x00000000e5700000, 0x00000000e5800000|  0%| F|  |TAMS 0x00000000e5700000, 0x00000000e5700000| Untracked 
|  88|0x00000000e5800000, 0x00000000e5800000, 0x00000000e5900000|  0%| F|  |TAMS 0x00000000e5800000, 0x00000000e5800000| Untracked 
|  89|0x00000000e5900000, 0x00000000e5900000, 0x00000000e5a00000|  0%| F|  |TAMS 0x00000000e5900000, 0x00000000e5900000| Untracked 
|  90|0x00000000e5a00000, 0x00000000e5a00000, 0x00000000e5b00000|  0%| F|  |TAMS 0x00000000e5a00000, 0x00000000e5a00000| Untracked 
|  91|0x00000000e5b00000, 0x00000000e5b00000, 0x00000000e5c00000|  0%| F|  |TAMS 0x00000000e5b00000, 0x00000000e5b00000| Untracked 
|  92|0x00000000e5c00000, 0x00000000e5c00000, 0x00000000e5d00000|  0%| F|  |TAMS 0x00000000e5c00000, 0x00000000e5c00000| Untracked 
|  93|0x00000000e5d00000, 0x00000000e5d00000, 0x00000000e5e00000|  0%| F|  |TAMS 0x00000000e5d00000, 0x00000000e5d00000| Untracked 
|  94|0x00000000e5e00000, 0x00000000e5e00000, 0x00000000e5f00000|  0%| F|  |TAMS 0x00000000e5e00000, 0x00000000e5e00000| Untracked 
|  95|0x00000000e5f00000, 0x00000000e5f00000, 0x00000000e6000000|  0%| F|  |TAMS 0x00000000e5f00000, 0x00000000e5f00000| Untracked 
|  96|0x00000000e6000000, 0x00000000e6000000, 0x00000000e6100000|  0%| F|  |TAMS 0x00000000e6000000, 0x00000000e6000000| Untracked 
|  97|0x00000000e6100000, 0x00000000e6100000, 0x00000000e6200000|  0%| F|  |TAMS 0x00000000e6100000, 0x00000000e6100000| Untracked 
|  98|0x00000000e6200000, 0x00000000e6200000, 0x00000000e6300000|  0%| F|  |TAMS 0x00000000e6200000, 0x00000000e6200000| Untracked 
|  99|0x00000000e6300000, 0x00000000e6300000, 0x00000000e6400000|  0%| F|  |TAMS 0x00000000e6300000, 0x00000000e6300000| Untracked 
| 100|0x00000000e6400000, 0x00000000e6400000, 0x00000000e6500000|  0%| F|  |TAMS 0x00000000e6400000, 0x00000000e6400000| Untracked 
| 101|0x00000000e6500000, 0x00000000e6500000, 0x00000000e6600000|  0%| F|  |TAMS 0x00000000e6500000, 0x00000000e6500000| Untracked 
| 102|0x00000000e6600000, 0x00000000e6600000, 0x00000000e6700000|  0%| F|  |TAMS 0x00000000e6600000, 0x00000000e6600000| Untracked 
| 103|0x00000000e6700000, 0x00000000e6700000, 0x00000000e6800000|  0%| F|  |TAMS 0x00000000e6700000, 0x00000000e6700000| Untracked 
| 104|0x00000000e6800000, 0x00000000e6800000, 0x00000000e6900000|  0%| F|  |TAMS 0x00000000e6800000, 0x00000000e6800000| Untracked 
| 105|0x00000000e6900000, 0x00000000e6900000, 0x00000000e6a00000|  0%| F|  |TAMS 0x00000000e6900000, 0x00000000e6900000| Untracked 
| 106|0x00000000e6a00000, 0x00000000e6a00000, 0x00000000e6b00000|  0%| F|  |TAMS 0x00000000e6a00000, 0x00000000e6a00000| Untracked 
| 107|0x00000000e6b00000, 0x00000000e6b00000, 0x00000000e6c00000|  0%| F|  |TAMS 0x00000000e6b00000, 0x00000000e6b00000| Untracked 
| 108|0x00000000e6c00000, 0x00000000e6c00000, 0x00000000e6d00000|  0%| F|  |TAMS 0x00000000e6c00000, 0x00000000e6c00000| Untracked 
| 109|0x00000000e6d00000, 0x00000000e6d00000, 0x00000000e6e00000|  0%| F|  |TAMS 0x00000000e6d00000, 0x00000000e6d00000| Untracked 
| 110|0x00000000e6e00000, 0x00000000e6e00000, 0x00000000e6f00000|  0%| F|  |TAMS 0x00000000e6e00000, 0x00000000e6e00000| Untracked 
| 111|0x00000000e6f00000, 0x00000000e6f00000, 0x00000000e7000000|  0%| F|  |TAMS 0x00000000e6f00000, 0x00000000e6f00000| Untracked 
| 112|0x00000000e7000000, 0x00000000e7000000, 0x00000000e7100000|  0%| F|  |TAMS 0x00000000e7000000, 0x00000000e7000000| Untracked 
| 113|0x00000000e7100000, 0x00000000e7100000, 0x00000000e7200000|  0%| F|  |TAMS 0x00000000e7100000, 0x00000000e7100000| Untracked 
| 114|0x00000000e7200000, 0x00000000e7200000, 0x00000000e7300000|  0%| F|  |TAMS 0x00000000e7200000, 0x00000000e7200000| Untracked 
| 115|0x00000000e7300000, 0x00000000e7300000, 0x00000000e7400000|  0%| F|  |TAMS 0x00000000e7300000, 0x00000000e7300000| Untracked 
| 116|0x00000000e7400000, 0x00000000e7400000, 0x00000000e7500000|  0%| F|  |TAMS 0x00000000e7400000, 0x00000000e7400000| Untracked 
| 117|0x00000000e7500000, 0x00000000e7500000, 0x00000000e7600000|  0%| F|  |TAMS 0x00000000e7500000, 0x00000000e7500000| Untracked 
| 118|0x00000000e7600000, 0x00000000e7600000, 0x00000000e7700000|  0%| F|  |TAMS 0x00000000e7600000, 0x00000000e7600000| Untracked 
| 119|0x00000000e7700000, 0x00000000e7700000, 0x00000000e7800000|  0%| F|  |TAMS 0x00000000e7700000, 0x00000000e7700000| Untracked 
| 120|0x00000000e7800000, 0x00000000e7800000, 0x00000000e7900000|  0%| F|  |TAMS 0x00000000e7800000, 0x00000000e7800000| Untracked 
| 121|0x00000000e7900000, 0x00000000e7900000, 0x00000000e7a00000|  0%| F|  |TAMS 0x00000000e7900000, 0x00000000e7900000| Untracked 
| 122|0x00000000e7a00000, 0x00000000e7a00000, 0x00000000e7b00000|  0%| F|  |TAMS 0x00000000e7a00000, 0x00000000e7a00000| Untracked 
| 123|0x00000000e7b00000, 0x00000000e7b00000, 0x00000000e7c00000|  0%| F|  |TAMS 0x00000000e7b00000, 0x00000000e7b00000| Untracked 
| 124|0x00000000e7c00000, 0x00000000e7c00000, 0x00000000e7d00000|  0%| F|  |TAMS 0x00000000e7c00000, 0x00000000e7c00000| Untracked 
| 125|0x00000000e7d00000, 0x00000000e7d00000, 0x00000000e7e00000|  0%| F|  |TAMS 0x00000000e7d00000, 0x00000000e7d00000| Untracked 
| 126|0x00000000e7e00000, 0x00000000e7e00000, 0x00000000e7f00000|  0%| F|  |TAMS 0x00000000e7e00000, 0x00000000e7e00000| Untracked 
| 127|0x00000000e7f00000, 0x00000000e7f00000, 0x00000000e8000000|  0%| F|  |TAMS 0x00000000e7f00000, 0x00000000e7f00000| Untracked 
| 128|0x00000000e8000000, 0x00000000e8000000, 0x00000000e8100000|  0%| F|  |TAMS 0x00000000e8000000, 0x00000000e8000000| Untracked 
| 129|0x00000000e8100000, 0x00000000e8100000, 0x00000000e8200000|  0%| F|  |TAMS 0x00000000e8100000, 0x00000000e8100000| Untracked 
| 130|0x00000000e8200000, 0x00000000e8200000, 0x00000000e8300000|  0%| F|  |TAMS 0x00000000e8200000, 0x00000000e8200000| Untracked 
| 131|0x00000000e8300000, 0x00000000e8300000, 0x00000000e8400000|  0%| F|  |TAMS 0x00000000e8300000, 0x00000000e8300000| Untracked 
| 132|0x00000000e8400000, 0x00000000e8400000, 0x00000000e8500000|  0%| F|  |TAMS 0x00000000e8400000, 0x00000000e8400000| Untracked 
| 133|0x00000000e8500000, 0x00000000e8500000, 0x00000000e8600000|  0%| F|  |TAMS 0x00000000e8500000, 0x00000000e8500000| Untracked 
| 134|0x00000000e8600000, 0x00000000e8600000, 0x00000000e8700000|  0%| F|  |TAMS 0x00000000e8600000, 0x00000000e8600000| Untracked 
| 135|0x00000000e8700000, 0x00000000e8700000, 0x00000000e8800000|  0%| F|  |TAMS 0x00000000e8700000, 0x00000000e8700000| Untracked 
| 136|0x00000000e8800000, 0x00000000e8800000, 0x00000000e8900000|  0%| F|  |TAMS 0x00000000e8800000, 0x00000000e8800000| Untracked 
| 137|0x00000000e8900000, 0x00000000e8900000, 0x00000000e8a00000|  0%| F|  |TAMS 0x00000000e8900000, 0x00000000e8900000| Untracked 
| 138|0x00000000e8a00000, 0x00000000e8a00000, 0x00000000e8b00000|  0%| F|  |TAMS 0x00000000e8a00000, 0x00000000e8a00000| Untracked 
| 139|0x00000000e8b00000, 0x00000000e8b00000, 0x00000000e8c00000|  0%| F|  |TAMS 0x00000000e8b00000, 0x00000000e8b00000| Untracked 
| 140|0x00000000e8c00000, 0x00000000e8c00000, 0x00000000e8d00000|  0%| F|  |TAMS 0x00000000e8c00000, 0x00000000e8c00000| Untracked 
| 141|0x00000000e8d00000, 0x00000000e8d00000, 0x00000000e8e00000|  0%| F|  |TAMS 0x00000000e8d00000, 0x00000000e8d00000| Untracked 
| 142|0x00000000e8e00000, 0x00000000e8e00000, 0x00000000e8f00000|  0%| F|  |TAMS 0x00000000e8e00000, 0x00000000e8e00000| Untracked 
| 143|0x00000000e8f00000, 0x00000000e8f00000, 0x00000000e9000000|  0%| F|  |TAMS 0x00000000e8f00000, 0x00000000e8f00000| Untracked 
| 144|0x00000000e9000000, 0x00000000e9000000, 0x00000000e9100000|  0%| F|  |TAMS 0x00000000e9000000, 0x00000000e9000000| Untracked 
| 145|0x00000000e9100000, 0x00000000e9100000, 0x00000000e9200000|  0%| F|  |TAMS 0x00000000e9100000, 0x00000000e9100000| Untracked 
| 146|0x00000000e9200000, 0x00000000e9200000, 0x00000000e9300000|  0%| F|  |TAMS 0x00000000e9200000, 0x00000000e9200000| Untracked 
| 147|0x00000000e9300000, 0x00000000e9300000, 0x00000000e9400000|  0%| F|  |TAMS 0x00000000e9300000, 0x00000000e9300000| Untracked 
| 148|0x00000000e9400000, 0x00000000e9400000, 0x00000000e9500000|  0%| F|  |TAMS 0x00000000e9400000, 0x00000000e9400000| Untracked 
| 149|0x00000000e9500000, 0x00000000e9500000, 0x00000000e9600000|  0%| F|  |TAMS 0x00000000e9500000, 0x00000000e9500000| Untracked 
| 150|0x00000000e9600000, 0x00000000e9600000, 0x00000000e9700000|  0%| F|  |TAMS 0x00000000e9600000, 0x00000000e9600000| Untracked 
| 151|0x00000000e9700000, 0x00000000e9700000, 0x00000000e9800000|  0%| F|  |TAMS 0x00000000e9700000, 0x00000000e9700000| Untracked 
| 152|0x00000000e9800000, 0x00000000e9800000, 0x00000000e9900000|  0%| F|  |TAMS 0x00000000e9800000, 0x00000000e9800000| Untracked 
| 153|0x00000000e9900000, 0x00000000e9900000, 0x00000000e9a00000|  0%| F|  |TAMS 0x00000000e9900000, 0x00000000e9900000| Untracked 
| 154|0x00000000e9a00000, 0x00000000e9a00000, 0x00000000e9b00000|  0%| F|  |TAMS 0x00000000e9a00000, 0x00000000e9a00000| Untracked 
| 155|0x00000000e9b00000, 0x00000000e9b00000, 0x00000000e9c00000|  0%| F|  |TAMS 0x00000000e9b00000, 0x00000000e9b00000| Untracked 
| 156|0x00000000e9c00000, 0x00000000e9c00000, 0x00000000e9d00000|  0%| F|  |TAMS 0x00000000e9c00000, 0x00000000e9c00000| Untracked 
| 157|0x00000000e9d00000, 0x00000000e9d00000, 0x00000000e9e00000|  0%| F|  |TAMS 0x00000000e9d00000, 0x00000000e9d00000| Untracked 
| 158|0x00000000e9e00000, 0x00000000e9e00000, 0x00000000e9f00000|  0%| F|  |TAMS 0x00000000e9e00000, 0x00000000e9e00000| Untracked 
| 159|0x00000000e9f00000, 0x00000000e9f00000, 0x00000000ea000000|  0%| F|  |TAMS 0x00000000e9f00000, 0x00000000e9f00000| Untracked 
| 160|0x00000000ea000000, 0x00000000ea000000, 0x00000000ea100000|  0%| F|  |TAMS 0x00000000ea000000, 0x00000000ea000000| Untracked 
| 161|0x00000000ea100000, 0x00000000ea100000, 0x00000000ea200000|  0%| F|  |TAMS 0x00000000ea100000, 0x00000000ea100000| Untracked 
| 162|0x00000000ea200000, 0x00000000ea200000, 0x00000000ea300000|  0%| F|  |TAMS 0x00000000ea200000, 0x00000000ea200000| Untracked 
| 163|0x00000000ea300000, 0x00000000ea300000, 0x00000000ea400000|  0%| F|  |TAMS 0x00000000ea300000, 0x00000000ea300000| Untracked 
| 164|0x00000000ea400000, 0x00000000ea400000, 0x00000000ea500000|  0%| F|  |TAMS 0x00000000ea400000, 0x00000000ea400000| Untracked 
| 165|0x00000000ea500000, 0x00000000ea500000, 0x00000000ea600000|  0%| F|  |TAMS 0x00000000ea500000, 0x00000000ea500000| Untracked 
| 166|0x00000000ea600000, 0x00000000ea600000, 0x00000000ea700000|  0%| F|  |TAMS 0x00000000ea600000, 0x00000000ea600000| Untracked 
| 167|0x00000000ea700000, 0x00000000ea700000, 0x00000000ea800000|  0%| F|  |TAMS 0x00000000ea700000, 0x00000000ea700000| Untracked 
| 168|0x00000000ea800000, 0x00000000ea800000, 0x00000000ea900000|  0%| F|  |TAMS 0x00000000ea800000, 0x00000000ea800000| Untracked 
| 169|0x00000000ea900000, 0x00000000ea900000, 0x00000000eaa00000|  0%| F|  |TAMS 0x00000000ea900000, 0x00000000ea900000| Untracked 
| 170|0x00000000eaa00000, 0x00000000eaa00000, 0x00000000eab00000|  0%| F|  |TAMS 0x00000000eaa00000, 0x00000000eaa00000| Untracked 
| 171|0x00000000eab00000, 0x00000000eab00000, 0x00000000eac00000|  0%| F|  |TAMS 0x00000000eab00000, 0x00000000eab00000| Untracked 
| 172|0x00000000eac00000, 0x00000000eac00000, 0x00000000ead00000|  0%| F|  |TAMS 0x00000000eac00000, 0x00000000eac00000| Untracked 
| 173|0x00000000ead00000, 0x00000000ead00000, 0x00000000eae00000|  0%| F|  |TAMS 0x00000000ead00000, 0x00000000ead00000| Untracked 
| 174|0x00000000eae00000, 0x00000000eae00000, 0x00000000eaf00000|  0%| F|  |TAMS 0x00000000eae00000, 0x00000000eae00000| Untracked 
| 175|0x00000000eaf00000, 0x00000000eaf00000, 0x00000000eb000000|  0%| F|  |TAMS 0x00000000eaf00000, 0x00000000eaf00000| Untracked 
| 176|0x00000000eb000000, 0x00000000eb000000, 0x00000000eb100000|  0%| F|  |TAMS 0x00000000eb000000, 0x00000000eb000000| Untracked 
| 177|0x00000000eb100000, 0x00000000eb100000, 0x00000000eb200000|  0%| F|  |TAMS 0x00000000eb100000, 0x00000000eb100000| Untracked 
| 178|0x00000000eb200000, 0x00000000eb200000, 0x00000000eb300000|  0%| F|  |TAMS 0x00000000eb200000, 0x00000000eb200000| Untracked 
| 179|0x00000000eb300000, 0x00000000eb300000, 0x00000000eb400000|  0%| F|  |TAMS 0x00000000eb300000, 0x00000000eb300000| Untracked 
| 180|0x00000000eb400000, 0x00000000eb400000, 0x00000000eb500000|  0%| F|  |TAMS 0x00000000eb400000, 0x00000000eb400000| Untracked 
| 181|0x00000000eb500000, 0x00000000eb500000, 0x00000000eb600000|  0%| F|  |TAMS 0x00000000eb500000, 0x00000000eb500000| Untracked 
| 182|0x00000000eb600000, 0x00000000eb600000, 0x00000000eb700000|  0%| F|  |TAMS 0x00000000eb600000, 0x00000000eb600000| Untracked 
| 183|0x00000000eb700000, 0x00000000eb700000, 0x00000000eb800000|  0%| F|  |TAMS 0x00000000eb700000, 0x00000000eb700000| Untracked 
| 184|0x00000000eb800000, 0x00000000eb800000, 0x00000000eb900000|  0%| F|  |TAMS 0x00000000eb800000, 0x00000000eb800000| Untracked 
| 185|0x00000000eb900000, 0x00000000eb900000, 0x00000000eba00000|  0%| F|  |TAMS 0x00000000eb900000, 0x00000000eb900000| Untracked 
| 186|0x00000000eba00000, 0x00000000eba00000, 0x00000000ebb00000|  0%| F|  |TAMS 0x00000000eba00000, 0x00000000eba00000| Untracked 
| 187|0x00000000ebb00000, 0x00000000ebb00000, 0x00000000ebc00000|  0%| F|  |TAMS 0x00000000ebb00000, 0x00000000ebb00000| Untracked 
| 188|0x00000000ebc00000, 0x00000000ebc00000, 0x00000000ebd00000|  0%| F|  |TAMS 0x00000000ebc00000, 0x00000000ebc00000| Untracked 
| 189|0x00000000ebd00000, 0x00000000ebd00000, 0x00000000ebe00000|  0%| F|  |TAMS 0x00000000ebd00000, 0x00000000ebd00000| Untracked 
| 190|0x00000000ebe00000, 0x00000000ebe00000, 0x00000000ebf00000|  0%| F|  |TAMS 0x00000000ebe00000, 0x00000000ebe00000| Untracked 
| 191|0x00000000ebf00000, 0x00000000ebf00000, 0x00000000ec000000|  0%| F|  |TAMS 0x00000000ebf00000, 0x00000000ebf00000| Untracked 
| 192|0x00000000ec000000, 0x00000000ec000000, 0x00000000ec100000|  0%| F|  |TAMS 0x00000000ec000000, 0x00000000ec000000| Untracked 
| 193|0x00000000ec100000, 0x00000000ec100000, 0x00000000ec200000|  0%| F|  |TAMS 0x00000000ec100000, 0x00000000ec100000| Untracked 
| 194|0x00000000ec200000, 0x00000000ec200000, 0x00000000ec300000|  0%| F|  |TAMS 0x00000000ec200000, 0x00000000ec200000| Untracked 
| 195|0x00000000ec300000, 0x00000000ec300000, 0x00000000ec400000|  0%| F|  |TAMS 0x00000000ec300000, 0x00000000ec300000| Untracked 
| 196|0x00000000ec400000, 0x00000000ec400000, 0x00000000ec500000|  0%| F|  |TAMS 0x00000000ec400000, 0x00000000ec400000| Untracked 
| 197|0x00000000ec500000, 0x00000000ec500000, 0x00000000ec600000|  0%| F|  |TAMS 0x00000000ec500000, 0x00000000ec500000| Untracked 
| 198|0x00000000ec600000, 0x00000000ec600000, 0x00000000ec700000|  0%| F|  |TAMS 0x00000000ec600000, 0x00000000ec600000| Untracked 
| 199|0x00000000ec700000, 0x00000000ec700000, 0x00000000ec800000|  0%| F|  |TAMS 0x00000000ec700000, 0x00000000ec700000| Untracked 
| 200|0x00000000ec800000, 0x00000000ec800000, 0x00000000ec900000|  0%| F|  |TAMS 0x00000000ec800000, 0x00000000ec800000| Untracked 
| 201|0x00000000ec900000, 0x00000000ec900000, 0x00000000eca00000|  0%| F|  |TAMS 0x00000000ec900000, 0x00000000ec900000| Untracked 
| 202|0x00000000eca00000, 0x00000000eca00000, 0x00000000ecb00000|  0%| F|  |TAMS 0x00000000eca00000, 0x00000000eca00000| Untracked 
| 203|0x00000000ecb00000, 0x00000000ecb00000, 0x00000000ecc00000|  0%| F|  |TAMS 0x00000000ecb00000, 0x00000000ecb00000| Untracked 
| 204|0x00000000ecc00000, 0x00000000ecc00000, 0x00000000ecd00000|  0%| F|  |TAMS 0x00000000ecc00000, 0x00000000ecc00000| Untracked 
| 205|0x00000000ecd00000, 0x00000000ecd00000, 0x00000000ece00000|  0%| F|  |TAMS 0x00000000ecd00000, 0x00000000ecd00000| Untracked 
| 206|0x00000000ece00000, 0x00000000ece00000, 0x00000000ecf00000|  0%| F|  |TAMS 0x00000000ece00000, 0x00000000ece00000| Untracked 
| 207|0x00000000ecf00000, 0x00000000ecf00000, 0x00000000ed000000|  0%| F|  |TAMS 0x00000000ecf00000, 0x00000000ecf00000| Untracked 
| 208|0x00000000ed000000, 0x00000000ed000000, 0x00000000ed100000|  0%| F|  |TAMS 0x00000000ed000000, 0x00000000ed000000| Untracked 
| 209|0x00000000ed100000, 0x00000000ed100000, 0x00000000ed200000|  0%| F|  |TAMS 0x00000000ed100000, 0x00000000ed100000| Untracked 
| 210|0x00000000ed200000, 0x00000000ed200000, 0x00000000ed300000|  0%| F|  |TAMS 0x00000000ed200000, 0x00000000ed200000| Untracked 
| 211|0x00000000ed300000, 0x00000000ed300000, 0x00000000ed400000|  0%| F|  |TAMS 0x00000000ed300000, 0x00000000ed300000| Untracked 
| 212|0x00000000ed400000, 0x00000000ed400000, 0x00000000ed500000|  0%| F|  |TAMS 0x00000000ed400000, 0x00000000ed400000| Untracked 
| 213|0x00000000ed500000, 0x00000000ed500000, 0x00000000ed600000|  0%| F|  |TAMS 0x00000000ed500000, 0x00000000ed500000| Untracked 
| 214|0x00000000ed600000, 0x00000000ed600000, 0x00000000ed700000|  0%| F|  |TAMS 0x00000000ed600000, 0x00000000ed600000| Untracked 
| 215|0x00000000ed700000, 0x00000000ed700000, 0x00000000ed800000|  0%| F|  |TAMS 0x00000000ed700000, 0x00000000ed700000| Untracked 
| 216|0x00000000ed800000, 0x00000000ed800000, 0x00000000ed900000|  0%| F|  |TAMS 0x00000000ed800000, 0x00000000ed800000| Untracked 
| 217|0x00000000ed900000, 0x00000000ed900000, 0x00000000eda00000|  0%| F|  |TAMS 0x00000000ed900000, 0x00000000ed900000| Untracked 
| 218|0x00000000eda00000, 0x00000000eda00000, 0x00000000edb00000|  0%| F|  |TAMS 0x00000000eda00000, 0x00000000eda00000| Untracked 
| 219|0x00000000edb00000, 0x00000000edb00000, 0x00000000edc00000|  0%| F|  |TAMS 0x00000000edb00000, 0x00000000edb00000| Untracked 
| 220|0x00000000edc00000, 0x00000000edc00000, 0x00000000edd00000|  0%| F|  |TAMS 0x00000000edc00000, 0x00000000edc00000| Untracked 
| 221|0x00000000edd00000, 0x00000000edd00000, 0x00000000ede00000|  0%| F|  |TAMS 0x00000000edd00000, 0x00000000edd00000| Untracked 
| 222|0x00000000ede00000, 0x00000000ede00000, 0x00000000edf00000|  0%| F|  |TAMS 0x00000000ede00000, 0x00000000ede00000| Untracked 
| 223|0x00000000edf00000, 0x00000000edf00000, 0x00000000ee000000|  0%| F|  |TAMS 0x00000000edf00000, 0x00000000edf00000| Untracked 
| 224|0x00000000ee000000, 0x00000000ee000000, 0x00000000ee100000|  0%| F|  |TAMS 0x00000000ee000000, 0x00000000ee000000| Untracked 
| 225|0x00000000ee100000, 0x00000000ee100000, 0x00000000ee200000|  0%| F|  |TAMS 0x00000000ee100000, 0x00000000ee100000| Untracked 
| 226|0x00000000ee200000, 0x00000000ee200000, 0x00000000ee300000|  0%| F|  |TAMS 0x00000000ee200000, 0x00000000ee200000| Untracked 
| 227|0x00000000ee300000, 0x00000000ee300000, 0x00000000ee400000|  0%| F|  |TAMS 0x00000000ee300000, 0x00000000ee300000| Untracked 
| 228|0x00000000ee400000, 0x00000000ee400000, 0x00000000ee500000|  0%| F|  |TAMS 0x00000000ee400000, 0x00000000ee400000| Untracked 
| 229|0x00000000ee500000, 0x00000000ee500000, 0x00000000ee600000|  0%| F|  |TAMS 0x00000000ee500000, 0x00000000ee500000| Untracked 
| 230|0x00000000ee600000, 0x00000000ee600000, 0x00000000ee700000|  0%| F|  |TAMS 0x00000000ee600000, 0x00000000ee600000| Untracked 
| 231|0x00000000ee700000, 0x00000000ee700000, 0x00000000ee800000|  0%| F|  |TAMS 0x00000000ee700000, 0x00000000ee700000| Untracked 
| 232|0x00000000ee800000, 0x00000000ee800000, 0x00000000ee900000|  0%| F|  |TAMS 0x00000000ee800000, 0x00000000ee800000| Untracked 
| 233|0x00000000ee900000, 0x00000000ee900000, 0x00000000eea00000|  0%| F|  |TAMS 0x00000000ee900000, 0x00000000ee900000| Untracked 
| 234|0x00000000eea00000, 0x00000000eea00000, 0x00000000eeb00000|  0%| F|  |TAMS 0x00000000eea00000, 0x00000000eea00000| Untracked 
| 235|0x00000000eeb00000, 0x00000000eeb00000, 0x00000000eec00000|  0%| F|  |TAMS 0x00000000eeb00000, 0x00000000eeb00000| Untracked 
| 236|0x00000000eec00000, 0x00000000eec00000, 0x00000000eed00000|  0%| F|  |TAMS 0x00000000eec00000, 0x00000000eec00000| Untracked 
| 237|0x00000000eed00000, 0x00000000eed00000, 0x00000000eee00000|  0%| F|  |TAMS 0x00000000eed00000, 0x00000000eed00000| Untracked 
| 238|0x00000000eee00000, 0x00000000eee00000, 0x00000000eef00000|  0%| F|  |TAMS 0x00000000eee00000, 0x00000000eee00000| Untracked 
| 239|0x00000000eef00000, 0x00000000eef00000, 0x00000000ef000000|  0%| F|  |TAMS 0x00000000eef00000, 0x00000000eef00000| Untracked 
| 240|0x00000000ef000000, 0x00000000ef000000, 0x00000000ef100000|  0%| F|  |TAMS 0x00000000ef000000, 0x00000000ef000000| Untracked 
| 241|0x00000000ef100000, 0x00000000ef100000, 0x00000000ef200000|  0%| F|  |TAMS 0x00000000ef100000, 0x00000000ef100000| Untracked 
| 242|0x00000000ef200000, 0x00000000ef200000, 0x00000000ef300000|  0%| F|  |TAMS 0x00000000ef200000, 0x00000000ef200000| Untracked 
| 243|0x00000000ef300000, 0x00000000ef300000, 0x00000000ef400000|  0%| F|  |TAMS 0x00000000ef300000, 0x00000000ef300000| Untracked 
| 244|0x00000000ef400000, 0x00000000ef500000, 0x00000000ef500000|100%| S|CS|TAMS 0x00000000ef400000, 0x00000000ef400000| Complete 
| 245|0x00000000ef500000, 0x00000000ef600000, 0x00000000ef600000|100%| S|CS|TAMS 0x00000000ef500000, 0x00000000ef500000| Complete 
| 246|0x00000000ef600000, 0x00000000ef600000, 0x00000000ef700000|  0%| F|  |TAMS 0x00000000ef600000, 0x00000000ef600000| Untracked 
| 247|0x00000000ef700000, 0x00000000ef700000, 0x00000000ef800000|  0%| F|  |TAMS 0x00000000ef700000, 0x00000000ef700000| Untracked 
| 248|0x00000000ef800000, 0x00000000ef900000, 0x00000000ef900000|100%| E|  |TAMS 0x00000000ef800000, 0x00000000ef800000| Complete 
| 249|0x00000000ef900000, 0x00000000efa00000, 0x00000000efa00000|100%| E|CS|TAMS 0x00000000ef900000, 0x00000000ef900000| Complete 
| 250|0x00000000efa00000, 0x00000000efb00000, 0x00000000efb00000|100%| E|CS|TAMS 0x00000000efa00000, 0x00000000efa00000| Complete 
| 251|0x00000000efb00000, 0x00000000efc00000, 0x00000000efc00000|100%| E|CS|TAMS 0x00000000efb00000, 0x00000000efb00000| Complete 
| 252|0x00000000efc00000, 0x00000000efd00000, 0x00000000efd00000|100%| E|CS|TAMS 0x00000000efc00000, 0x00000000efc00000| Complete 
| 253|0x00000000efd00000, 0x00000000efe00000, 0x00000000efe00000|100%| E|CS|TAMS 0x00000000efd00000, 0x00000000efd00000| Complete 
| 254|0x00000000efe00000, 0x00000000eff00000, 0x00000000eff00000|100%| E|CS|TAMS 0x00000000efe00000, 0x00000000efe00000| Complete 
| 255|0x00000000eff00000, 0x00000000f0000000, 0x00000000f0000000|100%| E|CS|TAMS 0x00000000eff00000, 0x00000000eff00000| Complete 

Card table byte_map: [0x00000228a9a70000,0x00000228a9b70000] _byte_map_base: 0x00000228a9370000

Marking Bits (Prev, Next): (CMBitMap*) 0x0000022892b49390, (CMBitMap*) 0x0000022892b493d0
 Prev Bits: [0x00000228a9c70000, 0x00000228aa470000)
 Next Bits: [0x00000228aa470000, 0x00000228aac70000)

Polling page: 0x0000022890aa0000

Metaspace:

Usage:
  Non-class:     42.26 MB used.
      Class:      7.01 MB used.
       Both:     49.26 MB used.

Virtual space:
  Non-class space:       64.00 MB reserved,      42.50 MB ( 66%) committed,  1 nodes.
      Class space:      320.00 MB reserved,       7.25 MB (  2%) committed,  1 nodes.
             Both:      384.00 MB reserved,      49.75 MB ( 13%) committed. 

Chunk freelists:
   Non-Class:  5.50 MB
       Class:  8.66 MB
        Both:  14.16 MB

MaxMetaspaceSize: 384.00 MB
CompressedClassSpaceSize: 320.00 MB
Initial GC threshold: 21.00 MB
Current GC threshold: 59.50 MB
CDS: on
MetaspaceReclaimPolicy: balanced
 - commit_granule_bytes: 65536.
 - commit_granule_words: 8192.
 - virtual_space_node_default_size: 8388608.
 - enlarge_chunks_in_place: 1.
 - new_chunks_are_fully_committed: 0.
 - uncommit_free_chunks: 1.
 - use_allocation_guard: 0.
 - handle_deallocations: 1.


Internal statistics:

num_allocs_failed_limit: 9.
num_arena_births: 588.
num_arena_deaths: 0.
num_vsnodes_births: 2.
num_vsnodes_deaths: 0.
num_space_committed: 796.
num_space_uncommitted: 0.
num_chunks_returned_to_freelist: 9.
num_chunks_taken_from_freelist: 2642.
num_chunk_merges: 6.
num_chunk_splits: 1708.
num_chunks_enlarged: 1121.
num_inconsistent_stats: 0.

CodeHeap 'non-profiled nmethods': size=120000Kb used=3731Kb max_used=3731Kb free=116268Kb
 bounds [0x00000228a2110000, 0x00000228a24c0000, 0x00000228a9640000]
CodeHeap 'profiled nmethods': size=120000Kb used=11925Kb max_used=11925Kb free=108074Kb
 bounds [0x000002289a640000, 0x000002289b1f0000, 0x00000228a1b70000]
CodeHeap 'non-nmethods': size=5760Kb used=2322Kb max_used=2410Kb free=3437Kb
 bounds [0x00000228a1b70000, 0x00000228a1de0000, 0x00000228a2110000]
 total_blobs=6960 nmethods=6124 adapters=748
 compilation: enabled
              stopped_count=0, restarted_count=0
 full_count=0

Compilation events (20 events):
Event: 448.610 Thread 0x00000228ad6bb940 7004       1       org.gradle.internal.instantiation.generator.AsmBackedClassGenerator$ClassBuilderImpl::access$7100 (5 bytes)
Event: 448.610 Thread 0x00000228ad6bb940 nmethod 7004 0x00000228a24aa210 code [0x00000228a24aa3a0, 0x00000228a24aa458]
Event: 448.696 Thread 0x00000228ad6bb940 7005       3       org.gradle.internal.instantiation.generator.AsmBackedClassGenerator$ClassBuilderImpl::access$2800 (4 bytes)
Event: 448.696 Thread 0x00000228ad6bb940 nmethod 7005 0x000002289b1e3f90 code [0x000002289b1e4120, 0x000002289b1e4218]
Event: 448.701 Thread 0x00000228ad6bb940 7006       3       com.google.common.collect.ImmutableCollection::toArray (67 bytes)
Event: 448.702 Thread 0x00000228ad6bb940 nmethod 7006 0x000002289b1e4290 code [0x000002289b1e4520, 0x000002289b1e5208]
Event: 448.760 Thread 0x00000228ad6bae90 nmethod 6943% 0x00000228a24aa510 code [0x00000228a24aa980, 0x00000228a24afb00]
Event: 448.761 Thread 0x00000228ad6bae90 7003       4       org.gradle.internal.instantiation.generator.AbstractClassGenerator$MethodMetadata::getReturnType (8 bytes)
Event: 448.855 Thread 0x00000228ad6bae90 nmethod 7003 0x00000228a24b2e90 code [0x00000228a24b3000, 0x00000228a24b3098]
Event: 448.855 Thread 0x00000228ad6bae90 6959       4       java.util.TreeMap::get (19 bytes)
Event: 448.878 Thread 0x00000228ad6bae90 nmethod 6959 0x00000228a24b3190 code [0x00000228a24b3340, 0x00000228a24b3938]
Event: 448.879 Thread 0x00000228ad6bae90 6931   !   4       org.codehaus.groovy.vmplugin.v8.Java8::checkCanSetAccessible (49 bytes)
Event: 448.880 Thread 0x00000228ad6bae90 nmethod 6931 0x00000228a24b3c10 code [0x00000228a24b3da0, 0x00000228a24b3e98]
Event: 448.880 Thread 0x00000228ad6bae90 6916       4       java.util.Hashtable$Enumerator::next (27 bytes)
Event: 448.915 Thread 0x00000228ad6bae90 nmethod 6916 0x00000228a24b3f90 code [0x00000228a24b4120, 0x00000228a24b44f8]
Event: 448.916 Thread 0x00000228ad6bae90 6985       4       org.gradle.internal.reflect.PropertyAccessorType::takesSingleParameter (14 bytes)
Event: 448.916 Thread 0x00000228ad6bae90 nmethod 6985 0x00000228a24b4690 code [0x00000228a24b4800, 0x00000228a24b4898]
Event: 453.440 Thread 0x00000228ad6bae90 7007       4       java.lang.CharacterDataLatin1::isUpperCase (16 bytes)
Event: 453.531 Thread 0x00000228ad6bae90 nmethod 7007 0x00000228a24b4990 code [0x00000228a24b4b00, 0x00000228a24b4bb8]
Event: 453.531 Thread 0x00000228ad6bae90 7008       4       org.gradle.internal.reflect.ClassInspector::inspectClass (179 bytes)

GC Heap History (20 events):
Event: 114.367 GC heap before
{Heap before GC invocations=4 (full 0):
 garbage-first heap   total 262144K, used 58731K [0x00000000e0000000, 0x0000000100000000)
  region size 1024K, 39 young (39936K), 2 survivors (2048K)
 Metaspace       used 21175K, committed 21504K, reserved 393216K
  class space    used 3110K, committed 3328K, reserved 327680K
}
Event: 114.377 GC heap after
{Heap after GC invocations=5 (full 0):
 garbage-first heap   total 262144K, used 23923K [0x00000000e0000000, 0x0000000100000000)
  region size 1024K, 4 young (4096K), 4 survivors (4096K)
 Metaspace       used 21175K, committed 21504K, reserved 393216K
  class space    used 3110K, committed 3328K, reserved 327680K
}
Event: 303.176 GC heap before
{Heap before GC invocations=6 (full 0):
 garbage-first heap   total 262144K, used 156019K [0x00000000e0000000, 0x0000000100000000)
  region size 1024K, 130 young (133120K), 4 survivors (4096K)
 Metaspace       used 35767K, committed 36160K, reserved 393216K
  class space    used 4957K, committed 5120K, reserved 327680K
}
Event: 303.298 GC heap after
{Heap after GC invocations=7 (full 0):
 garbage-first heap   total 262144K, used 32719K [0x00000000e0000000, 0x0000000100000000)
  region size 1024K, 13 young (13312K), 13 survivors (13312K)
 Metaspace       used 35767K, committed 36160K, reserved 393216K
  class space    used 4957K, committed 5120K, reserved 327680K
}
Event: 303.443 GC heap before
{Heap before GC invocations=7 (full 0):
 garbage-first heap   total 262144K, used 33743K [0x00000000e0000000, 0x0000000100000000)
  region size 1024K, 14 young (14336K), 13 survivors (13312K)
 Metaspace       used 35871K, committed 36288K, reserved 393216K
  class space    used 4973K, committed 5184K, reserved 327680K
}
Event: 303.482 GC heap after
{Heap after GC invocations=8 (full 0):
 garbage-first heap   total 262144K, used 33096K [0x00000000e0000000, 0x0000000100000000)
  region size 1024K, 2 young (2048K), 2 survivors (2048K)
 Metaspace       used 35871K, committed 36288K, reserved 393216K
  class space    used 4973K, committed 5184K, reserved 327680K
}
Event: 303.701 GC heap before
{Heap before GC invocations=8 (full 0):
 garbage-first heap   total 262144K, used 35144K [0x00000000e0000000, 0x0000000100000000)
  region size 1024K, 5 young (5120K), 2 survivors (2048K)
 Metaspace       used 36128K, committed 36480K, reserved 393216K
  class space    used 5019K, committed 5184K, reserved 327680K
}
Event: 303.707 GC heap after
{Heap after GC invocations=9 (full 0):
 garbage-first heap   total 262144K, used 31908K [0x00000000e0000000, 0x0000000100000000)
  region size 1024K, 1 young (1024K), 1 survivors (1024K)
 Metaspace       used 36128K, committed 36480K, reserved 393216K
  class space    used 5019K, committed 5184K, reserved 327680K
}
Event: 403.575 GC heap before
{Heap before GC invocations=10 (full 0):
 garbage-first heap   total 262144K, used 188580K [0x00000000e0000000, 0x0000000100000000)
  region size 1024K, 153 young (156672K), 1 survivors (1024K)
 Metaspace       used 48981K, committed 49536K, reserved 393216K
  class space    used 6933K, committed 7168K, reserved 327680K
}
Event: 405.335 GC heap after
{Heap after GC invocations=11 (full 0):
 garbage-first heap   total 262144K, used 39318K [0x00000000e0000000, 0x0000000100000000)
  region size 1024K, 8 young (8192K), 8 survivors (8192K)
 Metaspace       used 48981K, committed 49536K, reserved 393216K
  class space    used 6933K, committed 7168K, reserved 327680K
}
Event: 413.636 GC heap before
{Heap before GC invocations=11 (full 0):
 garbage-first heap   total 262144K, used 43414K [0x00000000e0000000, 0x0000000100000000)
  region size 1024K, 12 young (12288K), 8 survivors (8192K)
 Metaspace       used 48997K, committed 49536K, reserved 393216K
  class space    used 6933K, committed 7168K, reserved 327680K
}
Event: 413.719 GC heap after
{Heap after GC invocations=12 (full 0):
 garbage-first heap   total 262144K, used 40560K [0x00000000e0000000, 0x0000000100000000)
  region size 1024K, 2 young (2048K), 2 survivors (2048K)
 Metaspace       used 48997K, committed 49536K, reserved 393216K
  class space    used 6933K, committed 7168K, reserved 327680K
}
Event: 434.045 GC heap before
{Heap before GC invocations=12 (full 0):
 garbage-first heap   total 262144K, used 50800K [0x00000000e0000000, 0x0000000100000000)
  region size 1024K, 12 young (12288K), 2 survivors (2048K)
 Metaspace       used 49048K, committed 49536K, reserved 393216K
  class space    used 6938K, committed 7168K, reserved 327680K
}
Event: 434.805 GC heap after
{Heap after GC invocations=13 (full 0):
 garbage-first heap   total 262144K, used 41126K [0x00000000e0000000, 0x0000000100000000)
  region size 1024K, 2 young (2048K), 2 survivors (2048K)
 Metaspace       used 49048K, committed 49536K, reserved 393216K
  class space    used 6938K, committed 7168K, reserved 327680K
}
Event: 443.589 GC heap before
{Heap before GC invocations=13 (full 0):
 garbage-first heap   total 262144K, used 51366K [0x00000000e0000000, 0x0000000100000000)
  region size 1024K, 12 young (12288K), 2 survivors (2048K)
 Metaspace       used 49090K, committed 49600K, reserved 393216K
  class space    used 6944K, committed 7168K, reserved 327680K
}
Event: 443.601 GC heap after
{Heap after GC invocations=14 (full 0):
 garbage-first heap   total 262144K, used 41737K [0x00000000e0000000, 0x0000000100000000)
  region size 1024K, 2 young (2048K), 2 survivors (2048K)
 Metaspace       used 49090K, committed 49600K, reserved 393216K
  class space    used 6944K, committed 7168K, reserved 327680K
}
Event: 444.992 GC heap before
{Heap before GC invocations=14 (full 0):
 garbage-first heap   total 262144K, used 51977K [0x00000000e0000000, 0x0000000100000000)
  region size 1024K, 12 young (12288K), 2 survivors (2048K)
 Metaspace       used 49383K, committed 49856K, reserved 393216K
  class space    used 6998K, committed 7232K, reserved 327680K
}
Event: 444.997 GC heap after
{Heap after GC invocations=15 (full 0):
 garbage-first heap   total 262144K, used 42808K [0x00000000e0000000, 0x0000000100000000)
  region size 1024K, 2 young (2048K), 2 survivors (2048K)
 Metaspace       used 49383K, committed 49856K, reserved 393216K
  class space    used 6998K, committed 7232K, reserved 327680K
}
Event: 445.921 GC heap before
{Heap before GC invocations=15 (full 0):
 garbage-first heap   total 262144K, used 53048K [0x00000000e0000000, 0x0000000100000000)
  region size 1024K, 12 young (12288K), 2 survivors (2048K)
 Metaspace       used 49766K, committed 50304K, reserved 393216K
  class space    used 7054K, committed 7296K, reserved 327680K
}
Event: 445.925 GC heap after
{Heap after GC invocations=16 (full 0):
 garbage-first heap   total 262144K, used 44101K [0x00000000e0000000, 0x0000000100000000)
  region size 1024K, 2 young (2048K), 2 survivors (2048K)
 Metaspace       used 49766K, committed 50304K, reserved 393216K
  class space    used 7054K, committed 7296K, reserved 327680K
}

Dll operation events (15 events):
Event: 0.086 Loaded shared library C:\Users\USER\.jdks\temurin-17.0.11\bin\java.dll
Event: 0.628 Loaded shared library C:\Users\USER\.jdks\temurin-17.0.11\bin\jsvml.dll
Event: 1.178 Loaded shared library C:\Users\USER\.jdks\temurin-17.0.11\bin\zip.dll
Event: 1.185 Loaded shared library C:\Users\USER\.jdks\temurin-17.0.11\bin\instrument.dll
Event: 1.195 Loaded shared library C:\Users\USER\.jdks\temurin-17.0.11\bin\net.dll
Event: 1.200 Loaded shared library C:\Users\USER\.jdks\temurin-17.0.11\bin\nio.dll
Event: 1.211 Loaded shared library C:\Users\USER\.jdks\temurin-17.0.11\bin\zip.dll
Event: 28.215 Loaded shared library C:\Users\USER\.jdks\temurin-17.0.11\bin\jimage.dll
Event: 31.600 Loaded shared library C:\Users\USER\.jdks\temurin-17.0.11\bin\verify.dll
Event: 33.040 Loaded shared library C:\Users\USER\.gradle\native\c067742578af261105cb4f569cf0c3c89f3d7b1fecec35dd04571415982c5e48\windows-amd64\native-platform.dll
Event: 33.106 Loaded shared library C:\Users\USER\.gradle\native\100fb08df4bc3b14c8652ba06237920a3bd2aa13389f12d3474272988ae205f9\windows-amd64\native-platform-file-events.dll
Event: 75.521 Loaded shared library C:\Users\USER\.jdks\temurin-17.0.11\bin\management.dll
Event: 75.540 Loaded shared library C:\Users\USER\.jdks\temurin-17.0.11\bin\management_ext.dll
Event: 81.086 Loaded shared library C:\Users\USER\.jdks\temurin-17.0.11\bin\extnet.dll
Event: 90.407 Loaded shared library C:\Users\USER\.jdks\temurin-17.0.11\bin\sunmscapi.dll

Deoptimization events (20 events):
Event: 447.385 Thread 0x00000228c8447250 Uncommon trap: trap_request=0xffffffde fr.pc=0x00000228a218b060 relative=0x0000000000000160
Event: 447.385 Thread 0x00000228c8447250 Uncommon trap: reason=class_check action=maybe_recompile pc=0x00000228a218b060 method=java.lang.reflect.Array.newInstance(Ljava/lang/Class;I)Ljava/lang/Object; @ 2 c2
Event: 447.385 Thread 0x00000228c8447250 DEOPT PACKING pc=0x00000228a218b060 sp=0x0000003979afeca0
Event: 447.385 Thread 0x00000228c8447250 DEOPT UNPACKING pc=0x00000228a1bc69a3 sp=0x0000003979afec38 mode 2
Event: 447.467 Thread 0x00000228c8447250 Uncommon trap: trap_request=0xffffff45 fr.pc=0x00000228a220d618 relative=0x00000000000001f8
Event: 447.467 Thread 0x00000228c8447250 Uncommon trap: reason=unstable_if action=reinterpret pc=0x00000228a220d618 method=com.esotericsoftware.kryo.io.Input.require(I)I @ 180 c2
Event: 447.467 Thread 0x00000228c8447250 DEOPT PACKING pc=0x00000228a220d618 sp=0x0000003979aff120
Event: 447.467 Thread 0x00000228c8447250 DEOPT UNPACKING pc=0x00000228a1bc69a3 sp=0x0000003979aff0c8 mode 2
Event: 447.470 Thread 0x00000228c8446830 Uncommon trap: trap_request=0xffffff45 fr.pc=0x00000228a232abb0 relative=0x0000000000000670
Event: 447.470 Thread 0x00000228c8446830 Uncommon trap: reason=unstable_if action=reinterpret pc=0x00000228a232abb0 method=java.util.HashMap$HashIterator.<init>(Ljava/util/HashMap;)V @ 45 c2
Event: 447.470 Thread 0x00000228c8446830 DEOPT PACKING pc=0x00000228a232abb0 sp=0x00000039799feab0
Event: 447.470 Thread 0x00000228c8446830 DEOPT UNPACKING pc=0x00000228a1bc69a3 sp=0x00000039799fe940 mode 2
Event: 447.716 Thread 0x00000228c8444ee0 Uncommon trap: trap_request=0xffffff45 fr.pc=0x00000228a213ef4c relative=0x000000000000004c
Event: 447.716 Thread 0x00000228c8444ee0 Uncommon trap: reason=unstable_if action=reinterpret pc=0x00000228a213ef4c method=java.lang.Thread.interrupted()Z @ 10 c2
Event: 447.716 Thread 0x00000228c8444ee0 DEOPT PACKING pc=0x00000228a213ef4c sp=0x00000039798feec0
Event: 447.716 Thread 0x00000228c8444ee0 DEOPT UNPACKING pc=0x00000228a1bc69a3 sp=0x00000039798fee50 mode 2
Event: 447.957 Thread 0x00000228c7ba6c00 Uncommon trap: trap_request=0xffffff45 fr.pc=0x00000228a2275b88 relative=0x0000000000000088
Event: 447.957 Thread 0x00000228c7ba6c00 Uncommon trap: reason=unstable_if action=reinterpret pc=0x00000228a2275b88 method=java.util.regex.Pattern$LastNode.match(Ljava/util/regex/Matcher;ILjava/lang/CharSequence;)Z @ 13 c2
Event: 447.957 Thread 0x00000228c7ba6c00 DEOPT PACKING pc=0x00000228a2275b88 sp=0x00000039765fa870
Event: 447.957 Thread 0x00000228c7ba6c00 DEOPT UNPACKING pc=0x00000228a1bc69a3 sp=0x00000039765fa7e8 mode 2

Classes unloaded (0 events):
No events

Classes redefined (0 events):
No events

Internal exceptions (20 events):
Event: 445.188 Thread 0x00000228c8444ee0 Exception <a 'java/lang/NoSuchMethodError'{0x00000000eff09318}: 'void java.lang.invoke.DirectMethodHandle$Holder.invokeSpecial(java.lang.Object, java.lang.Object, java.lang.Object, int)'> (0x00000000eff09318) 
thrown [s\src\hotspot\share\interpreter\linkResolver.cpp, line 759]
Event: 445.269 Thread 0x00000228c7ba6c00 Exception <a 'java/lang/ClassNotFoundException'{0x00000000ef959808}: org/gradle/api/tasks/Exec_DecoratedBeanInfo> (0x00000000ef959808) 
thrown [s\src\hotspot\share\classfile\systemDictionary.cpp, line 256]
Event: 445.531 Thread 0x00000228c7ba6c00 Exception <a 'java/lang/ClassNotFoundException'{0x00000000ef974990}: org/gradle/api/tasks/ExecBeanInfo> (0x00000000ef974990) 
thrown [s\src\hotspot\share\classfile\systemDictionary.cpp, line 256]
Event: 445.536 Thread 0x00000228c7ba6c00 Exception <a 'java/lang/ClassNotFoundException'{0x00000000ef9885f0}: org/gradle/api/tasks/AbstractExecTaskBeanInfo> (0x00000000ef9885f0) 
thrown [s\src\hotspot\share\classfile\systemDictionary.cpp, line 256]
Event: 445.554 Thread 0x00000228c8444ee0 Exception <a 'java/lang/NoSuchMethodError'{0x00000000ef9c2660}: static Lorg/gradle/launcher/daemon/protocol/Command;.<clinit>()V> (0x00000000ef9c2660) 
thrown [s\src\hotspot\share\prims\jni.cpp, line 1112]
Event: 445.581 Thread 0x00000228c7ba6c00 Exception <a 'java/lang/ClassNotFoundException'{0x00000000ef9cf298}: org/gradle/api/tasks/AbstractExecTaskCustomizer> (0x00000000ef9cf298) 
thrown [s\src\hotspot\share\classfile\systemDictionary.cpp, line 256]
Event: 445.586 Thread 0x00000228c7ba6c00 Exception <a 'java/lang/ClassNotFoundException'{0x00000000ef81b228}: org/gradle/api/tasks/ExecCustomizer> (0x00000000ef81b228) 
thrown [s\src\hotspot\share\classfile\systemDictionary.cpp, line 256]
Event: 445.589 Thread 0x00000228c7ba6c00 Exception <a 'java/lang/ClassNotFoundException'{0x00000000ef841ed0}: org/gradle/api/tasks/Exec_DecoratedCustomizer> (0x00000000ef841ed0) 
thrown [s\src\hotspot\share\classfile\systemDictionary.cpp, line 256]
Event: 445.609 Thread 0x00000228c7ba6c00 Exception <a 'java/lang/ClassNotFoundException'{0x00000000ef8bd9e0}: org/gradle/api/internal/tasks/DefaultTaskInputsBeanInfo> (0x00000000ef8bd9e0) 
thrown [s\src\hotspot\share\classfile\systemDictionary.cpp, line 256]
Event: 445.610 Thread 0x00000228c7ba6c00 Exception <a 'java/lang/ClassNotFoundException'{0x00000000ef8d1eb8}: org/gradle/api/internal/tasks/DefaultTaskInputsCustomizer> (0x00000000ef8d1eb8) 
thrown [s\src\hotspot\share\classfile\systemDictionary.cpp, line 256]
Event: 445.666 Thread 0x00000228c7ba6c00 Exception <a 'java/lang/ClassNotFoundException'{0x00000000ef71f6e0}: org/gradle/api/plugins/BasePluginBeanInfo> (0x00000000ef71f6e0) 
thrown [s\src\hotspot\share\classfile\systemDictionary.cpp, line 256]
Event: 445.670 Thread 0x00000228c7ba6c00 Exception <a 'java/lang/ClassNotFoundException'{0x00000000ef734a50}: org/gradle/api/plugins/BasePluginCustomizer> (0x00000000ef734a50) 
thrown [s\src\hotspot\share\classfile\systemDictionary.cpp, line 256]
Event: 445.703 Thread 0x00000228c7ba6c00 Exception <a 'java/lang/ClassNotFoundException'{0x00000000ef764c18}: java/util/LocaleBeanInfo> (0x00000000ef764c18) 
thrown [s\src\hotspot\share\classfile\systemDictionary.cpp, line 256]
Event: 445.713 Thread 0x00000228c7ba6c00 Exception <a 'java/lang/ClassNotFoundException'{0x00000000ef76b7e8}: java/util/LocaleCustomizer> (0x00000000ef76b7e8) 
thrown [s\src\hotspot\share\classfile\systemDictionary.cpp, line 256]
Event: 445.770 Thread 0x00000228c7ba6c00 Exception <a 'java/lang/ClassNotFoundException'{0x00000000ef6cfcb8}: java/lang/StringBeanInfo> (0x00000000ef6cfcb8) 
thrown [s\src\hotspot\share\classfile\systemDictionary.cpp, line 256]
Event: 445.771 Thread 0x00000228c7ba6c00 Exception <a 'java/lang/ClassNotFoundException'{0x00000000ef6d6dd8}: java/lang/StringCustomizer> (0x00000000ef6d6dd8) 
thrown [s\src\hotspot\share\classfile\systemDictionary.cpp, line 256]
Event: 445.930 Thread 0x00000228c7ba6c00 Implicit null exception at 0x00000228a2353012 to 0x00000228a235344c
Event: 445.936 Thread 0x00000228c8444ee0 Exception <a 'java/lang/NoSuchMethodError'{0x00000000eff3b8c0}: static Lorg/gradle/launcher/daemon/protocol/InvalidateVirtualFileSystemAfterChange;.<clinit>()V> (0x00000000eff3b8c0) 
thrown [s\src\hotspot\share\prims\jni.cpp, line 1112]
Event: 447.414 Thread 0x00000228c7ba6c00 Exception <a 'java/lang/ClassNotFoundException'{0x00000000efee1140}: org/gradle/api/tasks/Copy_DecoratedBeanInfo> (0x00000000efee1140) 
thrown [s\src\hotspot\share\classfile\systemDictionary.cpp, line 256]
Event: 447.418 Thread 0x00000228c7ba6c00 Exception <a 'java/lang/ClassNotFoundException'{0x00000000efef4fe0}: org/gradle/api/tasks/Copy_DecoratedCustomizer> (0x00000000efef4fe0) 
thrown [s\src\hotspot\share\classfile\systemDictionary.cpp, line 256]

VM Operations (20 events):
Event: 440.170 Executing VM operation: Cleanup
Event: 440.703 Executing VM operation: Cleanup done
Event: 443.589 Executing VM operation: G1CollectForAllocation
Event: 443.601 Executing VM operation: G1CollectForAllocation done
Event: 444.616 Executing VM operation: Cleanup
Event: 444.832 Executing VM operation: Cleanup done
Event: 444.855 Executing VM operation: G1CollectForAllocation
Event: 445.093 Executing VM operation: G1CollectForAllocation done
Event: 445.775 Executing VM operation: G1CollectForAllocation
Event: 445.929 Executing VM operation: G1CollectForAllocation done
Event: 446.932 Executing VM operation: Cleanup
Event: 447.306 Executing VM operation: Cleanup done
Event: 447.306 Executing VM operation: HandshakeAllThreads
Event: 447.352 Executing VM operation: HandshakeAllThreads done
Event: 448.361 Executing VM operation: Cleanup
Event: 448.361 Executing VM operation: Cleanup done
Event: 449.363 Executing VM operation: Cleanup
Event: 449.733 Executing VM operation: Cleanup done
Event: 453.764 Executing VM operation: Cleanup
Event: 453.795 Executing VM operation: Cleanup done

Events (20 events):
Event: 445.771 loading class java/lang/StringCustomizer
Event: 445.771 loading class java/lang/StringCustomizer done
Event: 445.936 loading class java/util/ArrayList$SubList$1
Event: 445.936 loading class java/io/ObjectStreamClass$ClassDataSlot
Event: 445.936 loading class java/util/ArrayList$SubList$1 done
Event: 445.937 loading class java/io/ObjectStreamClass$ClassDataSlot done
Event: 445.937 loading class java/io/ObjectInputStream$FieldValues
Event: 445.938 loading class java/io/ObjectInputStream$GetField
Event: 445.938 loading class java/io/ObjectInputStream$GetField done
Event: 445.938 loading class java/io/ObjectInputStream$FieldValues done
Event: 445.940 loading class jdk/internal/reflect/UnsafeQualifiedStaticLongFieldAccessorImpl
Event: 445.941 loading class jdk/internal/reflect/UnsafeQualifiedStaticLongFieldAccessorImpl done
Event: 445.943 loading class java/io/ObjectStreamClass$ExceptionInfo
Event: 445.943 loading class java/io/ObjectStreamClass$ExceptionInfo done
Event: 445.946 loading class java/io/SerialCallbackContext
Event: 445.946 loading class java/io/SerialCallbackContext done
Event: 446.870 Thread 0x00000228c8446830 Thread added: 0x00000228c8446830
Event: 447.337 Thread 0x00000228c8447250 Thread added: 0x00000228c8447250
Event: 447.470 Thread 0x00000228c8447250 Thread exited: 0x00000228c8447250
Event: 447.717 Thread 0x00000228c8444ee0 Thread exited: 0x00000228c8444ee0


Dynamic libraries:
0x00007ff7d87f0000 - 0x00007ff7d87fe000 	C:\Users\USER\.jdks\temurin-17.0.11\bin\java.exe
0x00007ffa53ed0000 - 0x00007ffa540e7000 	C:\WINDOWS\SYSTEM32\ntdll.dll
0x00007ffa530d0000 - 0x00007ffa53194000 	C:\WINDOWS\System32\KERNEL32.DLL
0x00007ffa515d0000 - 0x00007ffa5197d000 	C:\WINDOWS\System32\KERNELBASE.dll
0x00007ffa514b0000 - 0x00007ffa515c1000 	C:\WINDOWS\System32\ucrtbase.dll
0x00007ffa49310000 - 0x00007ffa49327000 	C:\Users\USER\.jdks\temurin-17.0.11\bin\jli.dll
0x00007ffa457a0000 - 0x00007ffa457bb000 	C:\Users\USER\.jdks\temurin-17.0.11\bin\VCRUNTIME140.dll
0x00007ffa532b0000 - 0x00007ffa5345e000 	C:\WINDOWS\System32\USER32.dll
0x00007ffa51320000 - 0x00007ffa51346000 	C:\WINDOWS\System32\win32u.dll
0x00007ffa53ca0000 - 0x00007ffa53cc9000 	C:\WINDOWS\System32\GDI32.dll
0x00007ffa51980000 - 0x00007ffa51a99000 	C:\WINDOWS\System32\gdi32full.dll
0x00007ffa51350000 - 0x00007ffa513ea000 	C:\WINDOWS\System32\msvcp_win.dll
0x00007ffa3a830000 - 0x00007ffa3aac3000 	C:\WINDOWS\WinSxS\amd64_microsoft.windows.common-controls_6595b64144ccf1df_6.0.22621.3672_none_2713b9d173822955\COMCTL32.dll
0x00007ffa526a0000 - 0x00007ffa52747000 	C:\WINDOWS\System32\msvcrt.dll
0x00007ffa52e30000 - 0x00007ffa52e61000 	C:\WINDOWS\System32\IMM32.DLL
0x00007ffa48fb0000 - 0x00007ffa48fbc000 	C:\Users\USER\.jdks\temurin-17.0.11\bin\vcruntime140_1.dll
0x00007ffa1c4e0000 - 0x00007ffa1c56d000 	C:\Users\USER\.jdks\temurin-17.0.11\bin\msvcp140.dll
0x00007ff9e1620000 - 0x00007ff9e2282000 	C:\Users\USER\.jdks\temurin-17.0.11\bin\server\jvm.dll
0x00007ffa53540000 - 0x00007ffa535f2000 	C:\WINDOWS\System32\ADVAPI32.dll
0x00007ffa53010000 - 0x00007ffa530b9000 	C:\WINDOWS\System32\sechost.dll
0x00007ffa512f0000 - 0x00007ffa51318000 	C:\WINDOWS\System32\bcrypt.dll
0x00007ffa51c70000 - 0x00007ffa51d84000 	C:\WINDOWS\System32\RPCRT4.dll
0x00007ffa50090000 - 0x00007ffa500dd000 	C:\WINDOWS\SYSTEM32\POWRPROF.dll
0x00007ffa437c0000 - 0x00007ffa437c9000 	C:\WINDOWS\SYSTEM32\WSOCK32.dll
0x00007ffa53a00000 - 0x00007ffa53a71000 	C:\WINDOWS\System32\WS2_32.dll
0x00007ffa48330000 - 0x00007ffa48364000 	C:\WINDOWS\SYSTEM32\WINMM.dll
0x00007ffa456f0000 - 0x00007ffa456fa000 	C:\WINDOWS\SYSTEM32\VERSION.dll
0x00007ffa50070000 - 0x00007ffa50083000 	C:\WINDOWS\SYSTEM32\UMPDC.dll
0x00007ffa50320000 - 0x00007ffa50338000 	C:\WINDOWS\SYSTEM32\kernel.appcore.dll
0x00007ffa48d10000 - 0x00007ffa48d1a000 	C:\Users\USER\.jdks\temurin-17.0.11\bin\jimage.dll
0x00007ffa4eb50000 - 0x00007ffa4ed82000 	C:\WINDOWS\SYSTEM32\DBGHELP.DLL
0x00007ffa53670000 - 0x00007ffa539f8000 	C:\WINDOWS\System32\combase.dll
0x00007ffa53460000 - 0x00007ffa53537000 	C:\WINDOWS\System32\OLEAUT32.dll
0x00007ffa337c0000 - 0x00007ffa337f2000 	C:\WINDOWS\SYSTEM32\dbgcore.DLL
0x00007ffa51270000 - 0x00007ffa512eb000 	C:\WINDOWS\System32\bcryptPrimitives.dll
0x00007ffa44f60000 - 0x00007ffa44f6e000 	C:\Users\USER\.jdks\temurin-17.0.11\bin\instrument.dll
0x00007ffa1d430000 - 0x00007ffa1d455000 	C:\Users\USER\.jdks\temurin-17.0.11\bin\java.dll
0x00007ffa0e280000 - 0x00007ffa0e357000 	C:\Users\USER\.jdks\temurin-17.0.11\bin\jsvml.dll
0x00007ffa51e40000 - 0x00007ffa5269f000 	C:\WINDOWS\System32\SHELL32.dll
0x00007ffa4f160000 - 0x00007ffa4fa5c000 	C:\WINDOWS\SYSTEM32\windows.storage.dll
0x00007ffa4f020000 - 0x00007ffa4f15f000 	C:\WINDOWS\SYSTEM32\wintypes.dll
0x00007ffa528b0000 - 0x00007ffa529a4000 	C:\WINDOWS\System32\SHCORE.dll
0x00007ffa51c10000 - 0x00007ffa51c6e000 	C:\WINDOWS\System32\shlwapi.dll
0x00007ffa51130000 - 0x00007ffa51151000 	C:\WINDOWS\SYSTEM32\profapi.dll
0x00007ffa38580000 - 0x00007ffa38598000 	C:\Users\USER\.jdks\temurin-17.0.11\bin\zip.dll
0x00007ffa38430000 - 0x00007ffa38449000 	C:\Users\USER\.jdks\temurin-17.0.11\bin\net.dll
0x00007ffa490d0000 - 0x00007ffa49206000 	C:\WINDOWS\SYSTEM32\WINHTTP.dll
0x00007ffa50790000 - 0x00007ffa507f9000 	C:\WINDOWS\system32\mswsock.dll
0x00007ffa37130000 - 0x00007ffa37146000 	C:\Users\USER\.jdks\temurin-17.0.11\bin\nio.dll
0x00007ffa44f40000 - 0x00007ffa44f50000 	C:\Users\USER\.jdks\temurin-17.0.11\bin\verify.dll
0x00007ffa20bb0000 - 0x00007ffa20bd7000 	C:\Users\USER\.gradle\native\c067742578af261105cb4f569cf0c3c89f3d7b1fecec35dd04571415982c5e48\windows-amd64\native-platform.dll
0x00007ffa02360000 - 0x00007ffa024a4000 	C:\Users\USER\.gradle\native\100fb08df4bc3b14c8652ba06237920a3bd2aa13389f12d3474272988ae205f9\windows-amd64\native-platform-file-events.dll
0x00007ffa43bd0000 - 0x00007ffa43bd9000 	C:\Users\USER\.jdks\temurin-17.0.11\bin\management.dll
0x00007ffa431d0000 - 0x00007ffa431db000 	C:\Users\USER\.jdks\temurin-17.0.11\bin\management_ext.dll
0x00007ffa52e70000 - 0x00007ffa52e78000 	C:\WINDOWS\System32\PSAPI.DLL
0x00007ffa509f0000 - 0x00007ffa50a0b000 	C:\WINDOWS\SYSTEM32\CRYPTSP.dll
0x00007ffa50280000 - 0x00007ffa502b5000 	C:\WINDOWS\system32\rsaenh.dll
0x00007ffa50890000 - 0x00007ffa508b8000 	C:\WINDOWS\SYSTEM32\USERENV.dll
0x00007ffa50a10000 - 0x00007ffa50a1c000 	C:\WINDOWS\SYSTEM32\CRYPTBASE.dll
0x00007ffa4fd70000 - 0x00007ffa4fd9d000 	C:\WINDOWS\SYSTEM32\IPHLPAPI.DLL
0x00007ffa530c0000 - 0x00007ffa530c9000 	C:\WINDOWS\System32\NSI.dll
0x00007ffa49420000 - 0x00007ffa49439000 	C:\WINDOWS\SYSTEM32\dhcpcsvc6.DLL
0x00007ffa49020000 - 0x00007ffa4903f000 	C:\WINDOWS\SYSTEM32\dhcpcsvc.DLL
0x00007ffa4fda0000 - 0x00007ffa4fe98000 	C:\WINDOWS\SYSTEM32\DNSAPI.dll
0x00007ffa3c630000 - 0x00007ffa3c639000 	C:\Users\USER\.jdks\temurin-17.0.11\bin\extnet.dll
0x00007ffa3b380000 - 0x00007ffa3b38e000 	C:\Users\USER\.jdks\temurin-17.0.11\bin\sunmscapi.dll
0x00007ffa51aa0000 - 0x00007ffa51c07000 	C:\WINDOWS\System32\CRYPT32.dll
0x00007ffa50b90000 - 0x00007ffa50bbe000 	C:\WINDOWS\SYSTEM32\ncrypt.dll
0x00007ffa50b50000 - 0x00007ffa50b87000 	C:\WINDOWS\SYSTEM32\NTASN1.dll
0x00007ffa44070000 - 0x00007ffa44078000 	C:\WINDOWS\system32\wshunix.dll

dbghelp: loaded successfully - version: 4.0.5 - missing functions: none
symbol engine: initialized successfully - sym options: 0x614 - pdb path: .;C:\Users\USER\.jdks\temurin-17.0.11\bin;C:\WINDOWS\SYSTEM32;C:\WINDOWS\WinSxS\amd64_microsoft.windows.common-controls_6595b64144ccf1df_6.0.22621.3672_none_2713b9d173822955;C:\Users\USER\.jdks\temurin-17.0.11\bin\server;C:\Users\USER\.gradle\native\c067742578af261105cb4f569cf0c3c89f3d7b1fecec35dd04571415982c5e48\windows-amd64;C:\Users\USER\.gradle\native\100fb08df4bc3b14c8652ba06237920a3bd2aa13389f12d3474272988ae205f9\windows-amd64

VM Arguments:
jvm_args: --add-opens=java.base/java.util=ALL-UNNAMED --add-opens=java.base/java.lang=ALL-UNNAMED --add-opens=java.base/java.lang.invoke=ALL-UNNAMED --add-opens=java.prefs/java.util.prefs=ALL-UNNAMED --add-opens=java.base/java.nio.charset=ALL-UNNAMED --add-opens=java.base/java.net=ALL-UNNAMED --add-opens=java.base/java.util.concurrent.atomic=ALL-UNNAMED -XX:MaxMetaspaceSize=384m -XX:+HeapDumpOnOutOfMemoryError -Xms256m -Xmx512m -Dfile.encoding=UTF-8 -Duser.country=KR -Duser.language=ko -Duser.variant -javaagent:C:\Users\USER\.gradle\wrapper\dists\gradle-8.8-bin\dl7vupf4psengwqhwktix4v1\gradle-8.8\lib\agents\gradle-instrumentation-agent-8.8.jar 
java_command: org.gradle.launcher.daemon.bootstrap.GradleDaemon 8.8
java_class_path (initial): C:\Users\USER\.gradle\wrapper\dists\gradle-8.8-bin\dl7vupf4psengwqhwktix4v1\gradle-8.8\lib\gradle-launcher-8.8.jar
Launcher Type: SUN_STANDARD

[Global flags]
     intx CICompilerCount                          = 4                                         {product} {ergonomic}
   size_t CompressedClassSpaceSize                 = 335544320                                 {product} {ergonomic}
     uint ConcGCThreads                            = 2                                         {product} {ergonomic}
     uint G1ConcRefinementThreads                  = 8                                         {product} {ergonomic}
   size_t G1HeapRegionSize                         = 1048576                                   {product} {ergonomic}
    uintx GCDrainStackTargetSize                   = 64                                        {product} {ergonomic}
     bool HeapDumpOnOutOfMemoryError               = true                                   {manageable} {command line}
   size_t InitialHeapSize                          = 268435456                                 {product} {command line}
   size_t MarkStackSize                            = 4194304                                   {product} {ergonomic}
   size_t MaxHeapSize                              = 536870912                                 {product} {command line}
   size_t MaxMetaspaceSize                         = 402653184                                 {product} {command line}
   size_t MaxNewSize                               = 321912832                                 {product} {ergonomic}
   size_t MinHeapDeltaBytes                        = 1048576                                   {product} {ergonomic}
   size_t MinHeapSize                              = 268435456                                 {product} {command line}
    uintx NonNMethodCodeHeapSize                   = 5839372                                {pd product} {ergonomic}
    uintx NonProfiledCodeHeapSize                  = 122909434                              {pd product} {ergonomic}
    uintx ProfiledCodeHeapSize                     = 122909434                              {pd product} {ergonomic}
    uintx ReservedCodeCacheSize                    = 251658240                              {pd product} {ergonomic}
     bool SegmentedCodeCache                       = true                                      {product} {ergonomic}
   size_t SoftMaxHeapSize                          = 536870912                              {manageable} {ergonomic}
     bool UseCompressedClassPointers               = true                           {product lp64_product} {ergonomic}
     bool UseCompressedOops                        = true                           {product lp64_product} {ergonomic}
     bool UseG1GC                                  = true                                      {product} {ergonomic}
     bool UseLargePagesIndividualAllocation        = false                                  {pd product} {ergonomic}

Logging:
Log output configuration:
 #0: stdout all=warning uptime,level,tags
 #1: stderr all=off uptime,level,tags

Environment Variables:
JAVA_HOME=C:\Users\USER\Java\jdk-1.8
CLASSPATH=%classpath%;;;
PATH=C:\Program Files\nodejs;C:\Program Files\Microsoft SQL Server\150\DTS\Binn\;C:\Program Files\Microsoft SQL Server\Client SDK\ODBC\170\Tools\Binn\;C:\Program Files\Microsoft SQL Server\160\DTS\Binn\;C:\Users\USER\Java\jdk-1.8bin;C:\Users\USER\AppData\Local\Programs\Microsoft VS Code\bin;C:\Users\USER\AppData\Local\Microsoft\WindowsApps;C:\Users\USER\AppData\Roaming\npm;C:\Program Files\JetBrains\IntelliJ IDEA 2024.1.2\bin;;C:\Program Files\Git\cmd;
USERNAME=USER
OS=Windows_NT
PROCESSOR_IDENTIFIER=Intel64 Family 6 Model 142 Stepping 10, GenuineIntel
TMP=C:\Users\USER\AppData\Local\Temp
TEMP=C:\Users\USER\AppData\Local\Temp



Periodic native trim disabled


---------------  S Y S T E M  ---------------

OS:
 Windows 11 , 64 bit Build 22621 (10.0.22621.3672)
OS uptime: 8 days 1:02 hours

CPU: total 8 (initial active 8) (4 cores per cpu, 2 threads per core) family 6 model 142 stepping 10 microcode 0xe0, cx8, cmov, fxsr, ht, mmx, 3dnowpref, sse, sse2, sse3, ssse3, sse4.1, sse4.2, popcnt, lzcnt, tsc, tscinvbit, avx, avx2, aes, erms, clmul, bmi1, bmi2, adx, fma, vzeroupper, clflush, clflushopt
Processor Information for all 8 processors :
  Max Mhz: 1800, Current Mhz: 1600, Mhz Limit: 1584

Memory: 4k page, system-wide physical 8106M (534M free)
TotalPageFile size 32682M (AvailPageFile size 281M)
current process WorkingSet (physical memory assigned to process): 55M, peak: 234M
current process commit charge ("private bytes"): 458M, peak: 473M

vm_info: OpenJDK 64-Bit Server VM (17.0.11+9) for windows-amd64 JRE (17.0.11+9), built on Apr 17 2024 06:07:48 by "admin" with MS VC++ 16.10 / 16.11 (VS2019)

END.
