#
# There is insufficient memory for the Java Runtime Environment to continue.
# Native memory allocation (malloc) failed to allocate 1229296 bytes. Error detail: Chunk::new
# Possible reasons:
#   The system is out of physical RAM or swap space
#   This process is running with CompressedOops enabled, and the Java Heap may be blocking the growth of the native heap
# Possible solutions:
#   Reduce memory load on the system
#   Increase physical memory or swap space
#   Check if swap backing store is full
#   Decrease Java heap size (-Xmx/-Xms)
#   Decrease number of Java threads
#   Decrease Java thread stack sizes (-Xss)
#   Set larger code cache with -XX:ReservedCodeCacheSize=
#   JVM is running with Unscaled Compressed Oops mode in which the Java heap is
#     placed in the first 4GB address space. The Java Heap base address is the
#     maximum limit for the native heap growth. Please use -XX:HeapBaseMinAddress
#     to set the Java Heap base and to place the Java Heap above 4GB virtual address.
# This output file may be truncated or incomplete.
#
#  Out of Memory Error (arena.cpp:191), pid=30808, tid=17988
#
# JRE version: OpenJDK Runtime Environment Temurin-17.0.11+9 (17.0.11+9) (build 17.0.11+9)
# Java VM: OpenJDK 64-Bit Server VM Temurin-17.0.11+9 (17.0.11+9, mixed mode, sharing, tiered, compressed oops, compressed class ptrs, g1 gc, windows-amd64)
# No core dump will be written. Minidumps are not enabled by default on client versions of Windows
#

---------------  S U M M A R Y ------------

Command Line: --add-opens=java.base/java.util=ALL-UNNAMED --add-opens=java.base/java.lang=ALL-UNNAMED --add-opens=java.base/java.lang.invoke=ALL-UNNAMED --add-opens=java.prefs/java.util.prefs=ALL-UNNAMED --add-opens=java.base/java.nio.charset=ALL-UNNAMED --add-opens=java.base/java.net=ALL-UNNAMED --add-opens=java.base/java.util.concurrent.atomic=ALL-UNNAMED -XX:MaxMetaspaceSize=384m -XX:+HeapDumpOnOutOfMemoryError -Xms256m -Xmx512m -Dfile.encoding=UTF-8 -Duser.country=KR -Duser.language=ko -Duser.variant -javaagent:C:\Users\USER\.gradle\wrapper\dists\gradle-8.8-bin\dl7vupf4psengwqhwktix4v1\gradle-8.8\lib\agents\gradle-instrumentation-agent-8.8.jar org.gradle.launcher.daemon.bootstrap.GradleDaemon 8.8

Host: Intel(R) Core(TM) i5-8250U CPU @ 1.60GHz, 8 cores, 7G,  Windows 11 , 64 bit Build 22621 (10.0.22621.3672)
Time: Fri Jul 19 10:29:47 2024  Windows 11 , 64 bit Build 22621 (10.0.22621.3672) elapsed time: 538.673479 seconds (0d 0h 8m 58s)

---------------  T H R E A D  ---------------

Current thread (0x000001e869258bc0):  JavaThread "C2 CompilerThread0" daemon [_thread_in_native, id=17988, stack(0x000000406d400000,0x000000406d500000)]


Current CompileTask:
C2: 538673 6481       4       java.lang.invoke.MethodType::makeImpl (109 bytes)

Stack: [0x000000406d400000,0x000000406d500000]
Native frames: (J=compiled Java code, j=interpreted, Vv=VM code, C=native code)
V  [jvm.dll+0x67d429]
V  [jvm.dll+0x834b7a]
V  [jvm.dll+0x83663e]
V  [jvm.dll+0x836ca3]
V  [jvm.dll+0x247dbf]
V  [jvm.dll+0xac534]
V  [jvm.dll+0xacb7c]
V  [jvm.dll+0x3665f2]
V  [jvm.dll+0x330bba]
V  [jvm.dll+0x33005a]
V  [jvm.dll+0x21a471]
V  [jvm.dll+0x2198b1]
V  [jvm.dll+0x1a534d]
V  [jvm.dll+0x2295cd]
V  [jvm.dll+0x22779c]
V  [jvm.dll+0x7e9d07]
V  [jvm.dll+0x7e410a]
V  [jvm.dll+0x67c315]
C  [ucrtbase.dll+0x29333]
C  [KERNEL32.DLL+0x1257d]
C  [ntdll.dll+0x5af28]


---------------  P R O C E S S  ---------------

Threads class SMR info:
_java_thread_list=0x000001e805ba4610, length=63, elements={
0x000001e84e6baf50, 0x000001e8692418f0, 0x000001e869242770, 0x000001e869253ec0,
0x000001e869254890, 0x000001e869255450, 0x000001e869257e20, 0x000001e869258bc0,
0x000001e869259e10, 0x000001e869368030, 0x000001e8693fcd00, 0x000001e869496d20,
0x000001e869db53d0, 0x000001e869db58e0, 0x000001e869db3f90, 0x000001e869db2130,
0x000001e869db3a80, 0x000001e869db44a0, 0x000001e869db49b0, 0x000001e869db4ec0,
0x000001e869db2640, 0x000001e869db2b50, 0x000001e869db3570, 0x000001e8044a93f0,
0x000001e8044af930, 0x000001e8044ad0b0, 0x000001e8044ac180, 0x000001e8044af420,
0x000001e8044ac690, 0x000001e8044ad5c0, 0x000001e8044aa320, 0x000001e8044b0350,
0x000001e8044acba0, 0x000001e8044aa830, 0x000001e8044b0860, 0x000001e8044aad40,
0x000001e8044ab250, 0x000001e8044adad0, 0x000001e8044ae4f0, 0x000001e8044adfe0,
0x000001e8044aea00, 0x000001e8044aef10, 0x000001e8044a9e10, 0x000001e8044abc70,
0x000001e869341510, 0x000001e869341000, 0x000001e869347030, 0x000001e869341f30,
0x000001e8693405e0, 0x000001e869344cc0, 0x000001e8693442a0, 0x000001e869340af0,
0x000001e869347540, 0x000001e869346610, 0x000001e8693400d0, 0x000001e869346b20,
0x000001e869342440, 0x000001e869343880, 0x000001e869343d90, 0x000001e869342950,
0x000001e8693447b0, 0x000001e869342e60, 0x000001e8693451d0
}

Java Threads: ( => current thread )
  0x000001e84e6baf50 JavaThread "main" [_thread_blocked, id=28108, stack(0x000000406c700000,0x000000406c800000)]
  0x000001e8692418f0 JavaThread "Reference Handler" daemon [_thread_blocked, id=4268, stack(0x000000406ce00000,0x000000406cf00000)]
  0x000001e869242770 JavaThread "Finalizer" daemon [_thread_blocked, id=23812, stack(0x000000406cf00000,0x000000406d000000)]
  0x000001e869253ec0 JavaThread "Signal Dispatcher" daemon [_thread_blocked, id=28692, stack(0x000000406d000000,0x000000406d100000)]
  0x000001e869254890 JavaThread "Attach Listener" daemon [_thread_blocked, id=32492, stack(0x000000406d100000,0x000000406d200000)]
  0x000001e869255450 JavaThread "Service Thread" daemon [_thread_blocked, id=35708, stack(0x000000406d200000,0x000000406d300000)]
  0x000001e869257e20 JavaThread "Monitor Deflation Thread" daemon [_thread_blocked, id=31256, stack(0x000000406d300000,0x000000406d400000)]
=>0x000001e869258bc0 JavaThread "C2 CompilerThread0" daemon [_thread_in_native, id=17988, stack(0x000000406d400000,0x000000406d500000)]
  0x000001e869259e10 JavaThread "C1 CompilerThread0" daemon [_thread_blocked, id=22164, stack(0x000000406d500000,0x000000406d600000)]
  0x000001e869368030 JavaThread "Sweeper thread" daemon [_thread_blocked, id=3012, stack(0x000000406d600000,0x000000406d700000)]
  0x000001e8693fcd00 JavaThread "Common-Cleaner" daemon [_thread_blocked, id=19260, stack(0x000000406d700000,0x000000406d800000)]
  0x000001e869496d20 JavaThread "Notification Thread" daemon [_thread_blocked, id=13644, stack(0x000000406d800000,0x000000406d900000)]
  0x000001e869db53d0 JavaThread "Daemon health stats" [_thread_blocked, id=16220, stack(0x000000406df00000,0x000000406e000000)]
  0x000001e869db58e0 JavaThread "Incoming local TCP Connector on port 1202" [_thread_in_native, id=23972, stack(0x000000406e000000,0x000000406e100000)]
  0x000001e869db3f90 JavaThread "Daemon periodic checks" [_thread_blocked, id=31612, stack(0x000000406e100000,0x000000406e200000)]
  0x000001e869db2130 JavaThread "Daemon" [_thread_blocked, id=13124, stack(0x000000406c400000,0x000000406c500000)]
  0x000001e869db3a80 JavaThread "Handler for socket connection from /127.0.0.1:1202 to /127.0.0.1:1203" [_thread_in_native, id=18224, stack(0x000000406e200000,0x000000406e300000)]
  0x000001e869db44a0 JavaThread "Cancel handler" [_thread_blocked, id=36496, stack(0x000000406e300000,0x000000406e400000)]
  0x000001e869db49b0 JavaThread "Daemon worker" [_thread_blocked, id=12052, stack(0x000000406e400000,0x000000406e500000)]
  0x000001e869db4ec0 JavaThread "Asynchronous log dispatcher for DefaultDaemonConnection: socket connection from /127.0.0.1:1202 to /127.0.0.1:1203" [_thread_blocked, id=25304, stack(0x000000406e500000,0x000000406e600000)]
  0x000001e869db2640 JavaThread "Stdin handler" [_thread_blocked, id=33496, stack(0x000000406e600000,0x000000406e700000)]
  0x000001e869db2b50 JavaThread "Daemon client event forwarder" [_thread_blocked, id=1776, stack(0x000000406e700000,0x000000406e800000)]
  0x000001e869db3570 JavaThread "Cache worker for journal cache (C:\Users\USER\.gradle\caches\journal-1)" [_thread_blocked, id=14352, stack(0x000000406e800000,0x000000406e900000)]
  0x000001e8044a93f0 JavaThread "File lock request listener" [_thread_in_native, id=14396, stack(0x000000406e900000,0x000000406ea00000)]
  0x000001e8044af930 JavaThread "Cache worker for file hash cache (C:\Users\USER\.gradle\caches\8.8\fileHashes)" [_thread_blocked, id=33648, stack(0x000000406ed00000,0x000000406ee00000)]
  0x000001e8044ad0b0 JavaThread "Cache worker for file hash cache (C:\otk\spring\demo\.gradle\8.8\fileHashes)" [_thread_blocked, id=31788, stack(0x000000406f000000,0x000000406f100000)]
  0x000001e8044ac180 JavaThread "File watcher server" daemon [_thread_in_native, id=26132, stack(0x000000406f100000,0x000000406f200000)]
  0x000001e8044af420 JavaThread "File watcher consumer" daemon [_thread_blocked, id=8692, stack(0x000000406f200000,0x000000406f300000)]
  0x000001e8044ac690 JavaThread "Cache worker for checksums cache (C:\otk\spring\demo\.gradle\8.8\checksums)" [_thread_blocked, id=34180, stack(0x000000406f400000,0x000000406f500000)]
  0x000001e8044ad5c0 JavaThread "Cache worker for file content cache (C:\Users\USER\.gradle\caches\8.8\fileContent)" [_thread_blocked, id=36400, stack(0x000000406f500000,0x000000406f600000)]
  0x000001e8044aa320 JavaThread "Cache worker for cache directory md-rule (C:\Users\USER\.gradle\caches\8.8\md-rule)" [_thread_blocked, id=20432, stack(0x000000406c500000,0x000000406c600000)]
  0x000001e8044b0350 JavaThread "Cache worker for cache directory md-supplier (C:\Users\USER\.gradle\caches\8.8\md-supplier)" [_thread_blocked, id=28476, stack(0x000000406c600000,0x000000406c700000)]
  0x000001e8044acba0 JavaThread "jar transforms" [_thread_blocked, id=31816, stack(0x000000406f600000,0x000000406f700000)]
  0x000001e8044aa830 JavaThread "jar transforms Thread 2" [_thread_blocked, id=29216, stack(0x000000406f700000,0x000000406f800000)]
  0x000001e8044b0860 JavaThread "jar transforms Thread 3" [_thread_blocked, id=29096, stack(0x000000406ec00000,0x000000406ed00000)]
  0x000001e8044aad40 JavaThread "jar transforms Thread 4" [_thread_blocked, id=30416, stack(0x000000406f900000,0x000000406fa00000)]
  0x000001e8044ab250 JavaThread "jar transforms Thread 5" [_thread_blocked, id=36920, stack(0x000000406fa00000,0x000000406fb00000)]
  0x000001e8044adad0 JavaThread "jar transforms Thread 6" [_thread_blocked, id=37648, stack(0x000000406fb00000,0x000000406fc00000)]
  0x000001e8044ae4f0 JavaThread "Cache worker for Build Output Cleanup Cache (C:\otk\spring\demo\.gradle\buildOutputCleanup)" [_thread_blocked, id=37576, stack(0x000000406fc00000,0x000000406fd00000)]
  0x000001e8044adfe0 JavaThread "jar transforms Thread 7" [_thread_blocked, id=37112, stack(0x000000406fd00000,0x000000406fe00000)]
  0x000001e8044aea00 JavaThread "Unconstrained build operations" [_thread_blocked, id=36528, stack(0x000000406fe00000,0x000000406ff00000)]
  0x000001e8044aef10 JavaThread "Unconstrained build operations Thread 2" [_thread_blocked, id=36432, stack(0x000000406ff00000,0x0000004070000000)]
  0x000001e8044a9e10 JavaThread "Unconstrained build operations Thread 3" [_thread_blocked, id=37736, stack(0x0000004070000000,0x0000004070100000)]
  0x000001e8044abc70 JavaThread "Unconstrained build operations Thread 4" [_thread_blocked, id=37256, stack(0x0000004070100000,0x0000004070200000)]
  0x000001e869341510 JavaThread "Unconstrained build operations Thread 5" [_thread_blocked, id=37172, stack(0x0000004070200000,0x0000004070300000)]
  0x000001e869341000 JavaThread "Unconstrained build operations Thread 6" [_thread_blocked, id=6696, stack(0x0000004070300000,0x0000004070400000)]
  0x000001e869347030 JavaThread "Unconstrained build operations Thread 7" [_thread_blocked, id=35312, stack(0x0000004070400000,0x0000004070500000)]
  0x000001e869341f30 JavaThread "Unconstrained build operations Thread 8" [_thread_blocked, id=37580, stack(0x0000004070500000,0x0000004070600000)]
  0x000001e8693405e0 JavaThread "Unconstrained build operations Thread 9" [_thread_blocked, id=37120, stack(0x0000004070600000,0x0000004070700000)]
  0x000001e869344cc0 JavaThread "Unconstrained build operations Thread 10" [_thread_blocked, id=35688, stack(0x0000004070700000,0x0000004070800000)]
  0x000001e8693442a0 JavaThread "Unconstrained build operations Thread 11" [_thread_blocked, id=37500, stack(0x0000004070800000,0x0000004070900000)]
  0x000001e869340af0 JavaThread "Unconstrained build operations Thread 12" [_thread_blocked, id=15552, stack(0x0000004070900000,0x0000004070a00000)]
  0x000001e869347540 JavaThread "Unconstrained build operations Thread 13" [_thread_blocked, id=26488, stack(0x0000004070a00000,0x0000004070b00000)]
  0x000001e869346610 JavaThread "Unconstrained build operations Thread 14" [_thread_blocked, id=27900, stack(0x0000004070b00000,0x0000004070c00000)]
  0x000001e8693400d0 JavaThread "Unconstrained build operations Thread 15" [_thread_blocked, id=38236, stack(0x0000004070c00000,0x0000004070d00000)]
  0x000001e869346b20 JavaThread "Unconstrained build operations Thread 16" [_thread_blocked, id=37980, stack(0x0000004070d00000,0x0000004070e00000)]
  0x000001e869342440 JavaThread "Unconstrained build operations Thread 17" [_thread_blocked, id=38368, stack(0x0000004070e00000,0x0000004070f00000)]
  0x000001e869343880 JavaThread "Unconstrained build operations Thread 18" [_thread_blocked, id=37904, stack(0x0000004070f00000,0x0000004071000000)]
  0x000001e869343d90 JavaThread "Unconstrained build operations Thread 19" [_thread_blocked, id=38272, stack(0x0000004071000000,0x0000004071100000)]
  0x000001e869342950 JavaThread "Unconstrained build operations Thread 20" [_thread_blocked, id=37632, stack(0x0000004071100000,0x0000004071200000)]
  0x000001e8693447b0 JavaThread "Unconstrained build operations Thread 21" [_thread_blocked, id=38336, stack(0x0000004071200000,0x0000004071300000)]
  0x000001e869342e60 JavaThread "File lock release action executor Thread 3" [_thread_blocked, id=37976, stack(0x000000406f800000,0x000000406f900000)]
  0x000001e8693451d0 JavaThread "Memory manager" [_thread_blocked, id=38896, stack(0x0000004071300000,0x0000004071400000)]

Other Threads:
  0x000001e86923b580 VMThread "VM Thread" [stack: 0x000000406cd00000,0x000000406ce00000] [id=16820]
  0x000001e84e6bbdd0 WatcherThread [stack: 0x000000406d900000,0x000000406da00000] [id=21376]
  0x000001e84e6e86d0 GCTaskThread "GC Thread#0" [stack: 0x000000406c800000,0x000000406c900000] [id=35956]
  0x000001e869d31f70 GCTaskThread "GC Thread#1" [stack: 0x000000406da00000,0x000000406db00000] [id=4908]
  0x000001e869d32230 GCTaskThread "GC Thread#2" [stack: 0x000000406db00000,0x000000406dc00000] [id=24376]
  0x000001e869f346e0 GCTaskThread "GC Thread#3" [stack: 0x000000406dc00000,0x000000406dd00000] [id=3696]
  0x000001e869f349a0 GCTaskThread "GC Thread#4" [stack: 0x000000406dd00000,0x000000406de00000] [id=2140]
  0x000001e869f34c60 GCTaskThread "GC Thread#5" [stack: 0x000000406de00000,0x000000406df00000] [id=15632]
  0x000001e804fd6aa0 GCTaskThread "GC Thread#6" [stack: 0x000000406ee00000,0x000000406ef00000] [id=23928]
  0x000001e87f06c5e0 GCTaskThread "GC Thread#7" [stack: 0x000000406ef00000,0x000000406f000000] [id=22824]
  0x000001e84e6ed620 ConcurrentGCThread "G1 Main Marker" [stack: 0x000000406c900000,0x000000406ca00000] [id=30876]
  0x000001e84e6ee040 ConcurrentGCThread "G1 Conc#0" [stack: 0x000000406ca00000,0x000000406cb00000] [id=23868]
  0x000001e804e3c820 ConcurrentGCThread "G1 Conc#1" [stack: 0x000000406f300000,0x000000406f400000] [id=7640]
  0x000001e84e76e5c0 ConcurrentGCThread "G1 Refine#0" [stack: 0x000000406cb00000,0x000000406cc00000] [id=5132]
  0x000001e8690fb280 ConcurrentGCThread "G1 Service" [stack: 0x000000406cc00000,0x000000406cd00000] [id=36316]

Threads with active compile tasks:
C2 CompilerThread0   538776 6481       4       java.lang.invoke.MethodType::makeImpl (109 bytes)

VM state: not at safepoint (normal execution)

VM Mutex/Monitor currently owned by a thread: None

Heap address: 0x00000000e0000000, size: 512 MB, Compressed Oops mode: 32-bit

CDS archive(s) mapped at: [0x000001e86a000000-0x000001e86abb0000-0x000001e86abb0000), size 12255232, SharedBaseAddress: 0x000001e86a000000, ArchiveRelocationMode: 1.
Compressed class space mapped at: 0x000001e86b000000-0x000001e87f000000, reserved size: 335544320
Narrow klass base: 0x000001e86a000000, Narrow klass shift: 0, Narrow klass range: 0x100000000

GC Precious Log:
 CPUs: 8 total, 8 available
 Memory: 8106M
 Large Page Support: Disabled
 NUMA Support: Disabled
 Compressed Oops: Enabled (32-bit)
 Heap Region Size: 1M
 Heap Min Capacity: 256M
 Heap Initial Capacity: 256M
 Heap Max Capacity: 512M
 Pre-touch: Disabled
 Parallel Workers: 8
 Concurrent Workers: 2
 Concurrent Refinement Workers: 8
 Periodic GC: Disabled

Heap:
 garbage-first heap   total 262144K, used 138699K [0x00000000e0000000, 0x0000000100000000)
  region size 1024K, 105 young (107520K), 3 survivors (3072K)
 Metaspace       used 47918K, committed 48448K, reserved 393216K
  class space    used 6789K, committed 7040K, reserved 327680K

Heap Regions: E=young(eden), S=young(survivor), O=old, HS=humongous(starts), HC=humongous(continues), CS=collection set, F=free, OA=open archive, CA=closed archive, TAMS=top-at-mark-start (previous, next)
|   0|0x00000000e0000000, 0x00000000e0100000, 0x00000000e0100000|100%|HS|  |TAMS 0x00000000e0100000, 0x00000000e0000000| Complete 
|   1|0x00000000e0100000, 0x00000000e0200000, 0x00000000e0200000|100%|HC|  |TAMS 0x00000000e0200000, 0x00000000e0100000| Complete 
|   2|0x00000000e0200000, 0x00000000e0300000, 0x00000000e0300000|100%|HC|  |TAMS 0x00000000e0300000, 0x00000000e0200000| Complete 
|   3|0x00000000e0300000, 0x00000000e0400000, 0x00000000e0400000|100%|HC|  |TAMS 0x00000000e0400000, 0x00000000e0300000| Complete 
|   4|0x00000000e0400000, 0x00000000e0500000, 0x00000000e0500000|100%| O|  |TAMS 0x00000000e0500000, 0x00000000e0400000| Untracked 
|   5|0x00000000e0500000, 0x00000000e0600000, 0x00000000e0600000|100%| O|  |TAMS 0x00000000e0600000, 0x00000000e0500000| Untracked 
|   6|0x00000000e0600000, 0x00000000e0700000, 0x00000000e0700000|100%| O|  |TAMS 0x00000000e0700000, 0x00000000e0600000| Untracked 
|   7|0x00000000e0700000, 0x00000000e0800000, 0x00000000e0800000|100%| O|  |TAMS 0x00000000e0800000, 0x00000000e0700000| Untracked 
|   8|0x00000000e0800000, 0x00000000e0900000, 0x00000000e0900000|100%| O|  |TAMS 0x00000000e0900000, 0x00000000e0800000| Untracked 
|   9|0x00000000e0900000, 0x00000000e0a00000, 0x00000000e0a00000|100%| O|  |TAMS 0x00000000e0a00000, 0x00000000e0900000| Untracked 
|  10|0x00000000e0a00000, 0x00000000e0b00000, 0x00000000e0b00000|100%| O|  |TAMS 0x00000000e0b00000, 0x00000000e0a00000| Untracked 
|  11|0x00000000e0b00000, 0x00000000e0c00000, 0x00000000e0c00000|100%|HS|  |TAMS 0x00000000e0c00000, 0x00000000e0b00000| Complete 
|  12|0x00000000e0c00000, 0x00000000e0d00000, 0x00000000e0d00000|100%| O|  |TAMS 0x00000000e0cfc400, 0x00000000e0c00000| Untracked 
|  13|0x00000000e0d00000, 0x00000000e0d00000, 0x00000000e0e00000|  0%| F|  |TAMS 0x00000000e0d00000, 0x00000000e0d00000| Untracked 
|  14|0x00000000e0e00000, 0x00000000e0e00000, 0x00000000e0f00000|  0%| F|  |TAMS 0x00000000e0e00000, 0x00000000e0e00000| Untracked 
|  15|0x00000000e0f00000, 0x00000000e1000000, 0x00000000e1000000|100%| O|  |TAMS 0x00000000e0f00000, 0x00000000e0f00000| Untracked 
|  16|0x00000000e1000000, 0x00000000e1100000, 0x00000000e1100000|100%| O|  |TAMS 0x00000000e1000000, 0x00000000e1000000| Untracked 
|  17|0x00000000e1100000, 0x00000000e1200000, 0x00000000e1200000|100%| O|  |TAMS 0x00000000e1100000, 0x00000000e1100000| Untracked 
|  18|0x00000000e1200000, 0x00000000e1300000, 0x00000000e1300000|100%| O|  |TAMS 0x00000000e1200000, 0x00000000e1200000| Untracked 
|  19|0x00000000e1300000, 0x00000000e1400000, 0x00000000e1400000|100%| O|  |TAMS 0x00000000e1300000, 0x00000000e1300000| Untracked 
|  20|0x00000000e1400000, 0x00000000e1500000, 0x00000000e1500000|100%| O|  |TAMS 0x00000000e1400000, 0x00000000e1400000| Untracked 
|  21|0x00000000e1500000, 0x00000000e1600000, 0x00000000e1600000|100%| O|  |TAMS 0x00000000e1500000, 0x00000000e1500000| Untracked 
|  22|0x00000000e1600000, 0x00000000e1700000, 0x00000000e1700000|100%| O|  |TAMS 0x00000000e1600000, 0x00000000e1600000| Untracked 
|  23|0x00000000e1700000, 0x00000000e1800000, 0x00000000e1800000|100%| O|  |TAMS 0x00000000e1700000, 0x00000000e1700000| Untracked 
|  24|0x00000000e1800000, 0x00000000e1900000, 0x00000000e1900000|100%| O|  |TAMS 0x00000000e1800000, 0x00000000e1800000| Untracked 
|  25|0x00000000e1900000, 0x00000000e1a00000, 0x00000000e1a00000|100%| O|  |TAMS 0x00000000e1900000, 0x00000000e1900000| Untracked 
|  26|0x00000000e1a00000, 0x00000000e1b00000, 0x00000000e1b00000|100%| O|  |TAMS 0x00000000e1a00000, 0x00000000e1a00000| Untracked 
|  27|0x00000000e1b00000, 0x00000000e1c00000, 0x00000000e1c00000|100%| O|  |TAMS 0x00000000e1b00000, 0x00000000e1b00000| Untracked 
|  28|0x00000000e1c00000, 0x00000000e1d00000, 0x00000000e1d00000|100%| O|  |TAMS 0x00000000e1c00000, 0x00000000e1c00000| Untracked 
|  29|0x00000000e1d00000, 0x00000000e1e00000, 0x00000000e1e00000|100%| O|  |TAMS 0x00000000e1d00000, 0x00000000e1d00000| Untracked 
|  30|0x00000000e1e00000, 0x00000000e1f00000, 0x00000000e1f00000|100%| O|  |TAMS 0x00000000e1e00000, 0x00000000e1e00000| Untracked 
|  31|0x00000000e1f00000, 0x00000000e2000000, 0x00000000e2000000|100%| O|  |TAMS 0x00000000e1f00000, 0x00000000e1f00000| Untracked 
|  32|0x00000000e2000000, 0x00000000e2100000, 0x00000000e2100000|100%| O|  |TAMS 0x00000000e2000000, 0x00000000e2000000| Untracked 
|  33|0x00000000e2100000, 0x00000000e21ce000, 0x00000000e2200000| 80%| O|  |TAMS 0x00000000e2100000, 0x00000000e2100000| Untracked 
|  34|0x00000000e2200000, 0x00000000e2200000, 0x00000000e2300000|  0%| F|  |TAMS 0x00000000e2200000, 0x00000000e2200000| Untracked 
|  35|0x00000000e2300000, 0x00000000e2300000, 0x00000000e2400000|  0%| F|  |TAMS 0x00000000e2300000, 0x00000000e2300000| Untracked 
|  36|0x00000000e2400000, 0x00000000e2400000, 0x00000000e2500000|  0%| F|  |TAMS 0x00000000e2400000, 0x00000000e2400000| Untracked 
|  37|0x00000000e2500000, 0x00000000e2500000, 0x00000000e2600000|  0%| F|  |TAMS 0x00000000e2500000, 0x00000000e2500000| Untracked 
|  38|0x00000000e2600000, 0x00000000e2600000, 0x00000000e2700000|  0%| F|  |TAMS 0x00000000e2600000, 0x00000000e2600000| Untracked 
|  39|0x00000000e2700000, 0x00000000e2700000, 0x00000000e2800000|  0%| F|  |TAMS 0x00000000e2700000, 0x00000000e2700000| Untracked 
|  40|0x00000000e2800000, 0x00000000e2800000, 0x00000000e2900000|  0%| F|  |TAMS 0x00000000e2800000, 0x00000000e2800000| Untracked 
|  41|0x00000000e2900000, 0x00000000e2900000, 0x00000000e2a00000|  0%| F|  |TAMS 0x00000000e2900000, 0x00000000e2900000| Untracked 
|  42|0x00000000e2a00000, 0x00000000e2a00000, 0x00000000e2b00000|  0%| F|  |TAMS 0x00000000e2a00000, 0x00000000e2a00000| Untracked 
|  43|0x00000000e2b00000, 0x00000000e2b00000, 0x00000000e2c00000|  0%| F|  |TAMS 0x00000000e2b00000, 0x00000000e2b00000| Untracked 
|  44|0x00000000e2c00000, 0x00000000e2c00000, 0x00000000e2d00000|  0%| F|  |TAMS 0x00000000e2c00000, 0x00000000e2c00000| Untracked 
|  45|0x00000000e2d00000, 0x00000000e2d00000, 0x00000000e2e00000|  0%| F|  |TAMS 0x00000000e2d00000, 0x00000000e2d00000| Untracked 
|  46|0x00000000e2e00000, 0x00000000e2e00000, 0x00000000e2f00000|  0%| F|  |TAMS 0x00000000e2e00000, 0x00000000e2e00000| Untracked 
|  47|0x00000000e2f00000, 0x00000000e2f00000, 0x00000000e3000000|  0%| F|  |TAMS 0x00000000e2f00000, 0x00000000e2f00000| Untracked 
|  48|0x00000000e3000000, 0x00000000e3000000, 0x00000000e3100000|  0%| F|  |TAMS 0x00000000e3000000, 0x00000000e3000000| Untracked 
|  49|0x00000000e3100000, 0x00000000e3100000, 0x00000000e3200000|  0%| F|  |TAMS 0x00000000e3100000, 0x00000000e3100000| Untracked 
|  50|0x00000000e3200000, 0x00000000e3200000, 0x00000000e3300000|  0%| F|  |TAMS 0x00000000e3200000, 0x00000000e3200000| Untracked 
|  51|0x00000000e3300000, 0x00000000e3300000, 0x00000000e3400000|  0%| F|  |TAMS 0x00000000e3300000, 0x00000000e3300000| Untracked 
|  52|0x00000000e3400000, 0x00000000e3400000, 0x00000000e3500000|  0%| F|  |TAMS 0x00000000e3400000, 0x00000000e3400000| Untracked 
|  53|0x00000000e3500000, 0x00000000e3500000, 0x00000000e3600000|  0%| F|  |TAMS 0x00000000e3500000, 0x00000000e3500000| Untracked 
|  54|0x00000000e3600000, 0x00000000e3600000, 0x00000000e3700000|  0%| F|  |TAMS 0x00000000e3600000, 0x00000000e3600000| Untracked 
|  55|0x00000000e3700000, 0x00000000e3700000, 0x00000000e3800000|  0%| F|  |TAMS 0x00000000e3700000, 0x00000000e3700000| Untracked 
|  56|0x00000000e3800000, 0x00000000e3800000, 0x00000000e3900000|  0%| F|  |TAMS 0x00000000e3800000, 0x00000000e3800000| Untracked 
|  57|0x00000000e3900000, 0x00000000e3900000, 0x00000000e3a00000|  0%| F|  |TAMS 0x00000000e3900000, 0x00000000e3900000| Untracked 
|  58|0x00000000e3a00000, 0x00000000e3a00000, 0x00000000e3b00000|  0%| F|  |TAMS 0x00000000e3a00000, 0x00000000e3a00000| Untracked 
|  59|0x00000000e3b00000, 0x00000000e3b00000, 0x00000000e3c00000|  0%| F|  |TAMS 0x00000000e3b00000, 0x00000000e3b00000| Untracked 
|  60|0x00000000e3c00000, 0x00000000e3c00000, 0x00000000e3d00000|  0%| F|  |TAMS 0x00000000e3c00000, 0x00000000e3c00000| Untracked 
|  61|0x00000000e3d00000, 0x00000000e3d00000, 0x00000000e3e00000|  0%| F|  |TAMS 0x00000000e3d00000, 0x00000000e3d00000| Untracked 
|  62|0x00000000e3e00000, 0x00000000e3e00000, 0x00000000e3f00000|  0%| F|  |TAMS 0x00000000e3e00000, 0x00000000e3e00000| Untracked 
|  63|0x00000000e3f00000, 0x00000000e3f00000, 0x00000000e4000000|  0%| F|  |TAMS 0x00000000e3f00000, 0x00000000e3f00000| Untracked 
|  64|0x00000000e4000000, 0x00000000e4000000, 0x00000000e4100000|  0%| F|  |TAMS 0x00000000e4000000, 0x00000000e4000000| Untracked 
|  65|0x00000000e4100000, 0x00000000e4100000, 0x00000000e4200000|  0%| F|  |TAMS 0x00000000e4100000, 0x00000000e4100000| Untracked 
|  66|0x00000000e4200000, 0x00000000e4200000, 0x00000000e4300000|  0%| F|  |TAMS 0x00000000e4200000, 0x00000000e4200000| Untracked 
|  67|0x00000000e4300000, 0x00000000e4300000, 0x00000000e4400000|  0%| F|  |TAMS 0x00000000e4300000, 0x00000000e4300000| Untracked 
|  68|0x00000000e4400000, 0x00000000e4400000, 0x00000000e4500000|  0%| F|  |TAMS 0x00000000e4400000, 0x00000000e4400000| Untracked 
|  69|0x00000000e4500000, 0x00000000e4500000, 0x00000000e4600000|  0%| F|  |TAMS 0x00000000e4500000, 0x00000000e4500000| Untracked 
|  70|0x00000000e4600000, 0x00000000e4600000, 0x00000000e4700000|  0%| F|  |TAMS 0x00000000e4600000, 0x00000000e4600000| Untracked 
|  71|0x00000000e4700000, 0x00000000e4700000, 0x00000000e4800000|  0%| F|  |TAMS 0x00000000e4700000, 0x00000000e4700000| Untracked 
|  72|0x00000000e4800000, 0x00000000e4800000, 0x00000000e4900000|  0%| F|  |TAMS 0x00000000e4800000, 0x00000000e4800000| Untracked 
|  73|0x00000000e4900000, 0x00000000e4900000, 0x00000000e4a00000|  0%| F|  |TAMS 0x00000000e4900000, 0x00000000e4900000| Untracked 
|  74|0x00000000e4a00000, 0x00000000e4a00000, 0x00000000e4b00000|  0%| F|  |TAMS 0x00000000e4a00000, 0x00000000e4a00000| Untracked 
|  75|0x00000000e4b00000, 0x00000000e4b00000, 0x00000000e4c00000|  0%| F|  |TAMS 0x00000000e4b00000, 0x00000000e4b00000| Untracked 
|  76|0x00000000e4c00000, 0x00000000e4c00000, 0x00000000e4d00000|  0%| F|  |TAMS 0x00000000e4c00000, 0x00000000e4c00000| Untracked 
|  77|0x00000000e4d00000, 0x00000000e4d00000, 0x00000000e4e00000|  0%| F|  |TAMS 0x00000000e4d00000, 0x00000000e4d00000| Untracked 
|  78|0x00000000e4e00000, 0x00000000e4e00000, 0x00000000e4f00000|  0%| F|  |TAMS 0x00000000e4e00000, 0x00000000e4e00000| Untracked 
|  79|0x00000000e4f00000, 0x00000000e4f00000, 0x00000000e5000000|  0%| F|  |TAMS 0x00000000e4f00000, 0x00000000e4f00000| Untracked 
|  80|0x00000000e5000000, 0x00000000e5000000, 0x00000000e5100000|  0%| F|  |TAMS 0x00000000e5000000, 0x00000000e5000000| Untracked 
|  81|0x00000000e5100000, 0x00000000e5100000, 0x00000000e5200000|  0%| F|  |TAMS 0x00000000e5100000, 0x00000000e5100000| Untracked 
|  82|0x00000000e5200000, 0x00000000e5200000, 0x00000000e5300000|  0%| F|  |TAMS 0x00000000e5200000, 0x00000000e5200000| Untracked 
|  83|0x00000000e5300000, 0x00000000e5300000, 0x00000000e5400000|  0%| F|  |TAMS 0x00000000e5300000, 0x00000000e5300000| Untracked 
|  84|0x00000000e5400000, 0x00000000e5400000, 0x00000000e5500000|  0%| F|  |TAMS 0x00000000e5400000, 0x00000000e5400000| Untracked 
|  85|0x00000000e5500000, 0x00000000e5500000, 0x00000000e5600000|  0%| F|  |TAMS 0x00000000e5500000, 0x00000000e5500000| Untracked 
|  86|0x00000000e5600000, 0x00000000e5600000, 0x00000000e5700000|  0%| F|  |TAMS 0x00000000e5600000, 0x00000000e5600000| Untracked 
|  87|0x00000000e5700000, 0x00000000e5700000, 0x00000000e5800000|  0%| F|  |TAMS 0x00000000e5700000, 0x00000000e5700000| Untracked 
|  88|0x00000000e5800000, 0x00000000e5800000, 0x00000000e5900000|  0%| F|  |TAMS 0x00000000e5800000, 0x00000000e5800000| Untracked 
|  89|0x00000000e5900000, 0x00000000e5900000, 0x00000000e5a00000|  0%| F|  |TAMS 0x00000000e5900000, 0x00000000e5900000| Untracked 
|  90|0x00000000e5a00000, 0x00000000e5a00000, 0x00000000e5b00000|  0%| F|  |TAMS 0x00000000e5a00000, 0x00000000e5a00000| Untracked 
|  91|0x00000000e5b00000, 0x00000000e5b00000, 0x00000000e5c00000|  0%| F|  |TAMS 0x00000000e5b00000, 0x00000000e5b00000| Untracked 
|  92|0x00000000e5c00000, 0x00000000e5c00000, 0x00000000e5d00000|  0%| F|  |TAMS 0x00000000e5c00000, 0x00000000e5c00000| Untracked 
|  93|0x00000000e5d00000, 0x00000000e5d00000, 0x00000000e5e00000|  0%| F|  |TAMS 0x00000000e5d00000, 0x00000000e5d00000| Untracked 
|  94|0x00000000e5e00000, 0x00000000e5e00000, 0x00000000e5f00000|  0%| F|  |TAMS 0x00000000e5e00000, 0x00000000e5e00000| Untracked 
|  95|0x00000000e5f00000, 0x00000000e5f00000, 0x00000000e6000000|  0%| F|  |TAMS 0x00000000e5f00000, 0x00000000e5f00000| Untracked 
|  96|0x00000000e6000000, 0x00000000e6000000, 0x00000000e6100000|  0%| F|  |TAMS 0x00000000e6000000, 0x00000000e6000000| Untracked 
|  97|0x00000000e6100000, 0x00000000e6100000, 0x00000000e6200000|  0%| F|  |TAMS 0x00000000e6100000, 0x00000000e6100000| Untracked 
|  98|0x00000000e6200000, 0x00000000e6200000, 0x00000000e6300000|  0%| F|  |TAMS 0x00000000e6200000, 0x00000000e6200000| Untracked 
|  99|0x00000000e6300000, 0x00000000e6300000, 0x00000000e6400000|  0%| F|  |TAMS 0x00000000e6300000, 0x00000000e6300000| Untracked 
| 100|0x00000000e6400000, 0x00000000e6400000, 0x00000000e6500000|  0%| F|  |TAMS 0x00000000e6400000, 0x00000000e6400000| Untracked 
| 101|0x00000000e6500000, 0x00000000e6500000, 0x00000000e6600000|  0%| F|  |TAMS 0x00000000e6500000, 0x00000000e6500000| Untracked 
| 102|0x00000000e6600000, 0x00000000e6600000, 0x00000000e6700000|  0%| F|  |TAMS 0x00000000e6600000, 0x00000000e6600000| Untracked 
| 103|0x00000000e6700000, 0x00000000e6700000, 0x00000000e6800000|  0%| F|  |TAMS 0x00000000e6700000, 0x00000000e6700000| Untracked 
| 104|0x00000000e6800000, 0x00000000e6800000, 0x00000000e6900000|  0%| F|  |TAMS 0x00000000e6800000, 0x00000000e6800000| Untracked 
| 105|0x00000000e6900000, 0x00000000e6900000, 0x00000000e6a00000|  0%| F|  |TAMS 0x00000000e6900000, 0x00000000e6900000| Untracked 
| 106|0x00000000e6a00000, 0x00000000e6a00000, 0x00000000e6b00000|  0%| F|  |TAMS 0x00000000e6a00000, 0x00000000e6a00000| Untracked 
| 107|0x00000000e6b00000, 0x00000000e6b00000, 0x00000000e6c00000|  0%| F|  |TAMS 0x00000000e6b00000, 0x00000000e6b00000| Untracked 
| 108|0x00000000e6c00000, 0x00000000e6c00000, 0x00000000e6d00000|  0%| F|  |TAMS 0x00000000e6c00000, 0x00000000e6c00000| Untracked 
| 109|0x00000000e6d00000, 0x00000000e6d00000, 0x00000000e6e00000|  0%| F|  |TAMS 0x00000000e6d00000, 0x00000000e6d00000| Untracked 
| 110|0x00000000e6e00000, 0x00000000e6e00000, 0x00000000e6f00000|  0%| F|  |TAMS 0x00000000e6e00000, 0x00000000e6e00000| Untracked 
| 111|0x00000000e6f00000, 0x00000000e6f00000, 0x00000000e7000000|  0%| F|  |TAMS 0x00000000e6f00000, 0x00000000e6f00000| Untracked 
| 112|0x00000000e7000000, 0x00000000e7000000, 0x00000000e7100000|  0%| F|  |TAMS 0x00000000e7000000, 0x00000000e7000000| Untracked 
| 113|0x00000000e7100000, 0x00000000e7100000, 0x00000000e7200000|  0%| F|  |TAMS 0x00000000e7100000, 0x00000000e7100000| Untracked 
| 114|0x00000000e7200000, 0x00000000e7200000, 0x00000000e7300000|  0%| F|  |TAMS 0x00000000e7200000, 0x00000000e7200000| Untracked 
| 115|0x00000000e7300000, 0x00000000e7300000, 0x00000000e7400000|  0%| F|  |TAMS 0x00000000e7300000, 0x00000000e7300000| Untracked 
| 116|0x00000000e7400000, 0x00000000e7400000, 0x00000000e7500000|  0%| F|  |TAMS 0x00000000e7400000, 0x00000000e7400000| Untracked 
| 117|0x00000000e7500000, 0x00000000e7500000, 0x00000000e7600000|  0%| F|  |TAMS 0x00000000e7500000, 0x00000000e7500000| Untracked 
| 118|0x00000000e7600000, 0x00000000e7600000, 0x00000000e7700000|  0%| F|  |TAMS 0x00000000e7600000, 0x00000000e7600000| Untracked 
| 119|0x00000000e7700000, 0x00000000e7700000, 0x00000000e7800000|  0%| F|  |TAMS 0x00000000e7700000, 0x00000000e7700000| Untracked 
| 120|0x00000000e7800000, 0x00000000e7800000, 0x00000000e7900000|  0%| F|  |TAMS 0x00000000e7800000, 0x00000000e7800000| Untracked 
| 121|0x00000000e7900000, 0x00000000e7900000, 0x00000000e7a00000|  0%| F|  |TAMS 0x00000000e7900000, 0x00000000e7900000| Untracked 
| 122|0x00000000e7a00000, 0x00000000e7a00000, 0x00000000e7b00000|  0%| F|  |TAMS 0x00000000e7a00000, 0x00000000e7a00000| Untracked 
| 123|0x00000000e7b00000, 0x00000000e7b00000, 0x00000000e7c00000|  0%| F|  |TAMS 0x00000000e7b00000, 0x00000000e7b00000| Untracked 
| 124|0x00000000e7c00000, 0x00000000e7c00000, 0x00000000e7d00000|  0%| F|  |TAMS 0x00000000e7c00000, 0x00000000e7c00000| Untracked 
| 125|0x00000000e7d00000, 0x00000000e7d00000, 0x00000000e7e00000|  0%| F|  |TAMS 0x00000000e7d00000, 0x00000000e7d00000| Untracked 
| 126|0x00000000e7e00000, 0x00000000e7e00000, 0x00000000e7f00000|  0%| F|  |TAMS 0x00000000e7e00000, 0x00000000e7e00000| Untracked 
| 127|0x00000000e7f00000, 0x00000000e7f00000, 0x00000000e8000000|  0%| F|  |TAMS 0x00000000e7f00000, 0x00000000e7f00000| Untracked 
| 128|0x00000000e8000000, 0x00000000e8000000, 0x00000000e8100000|  0%| F|  |TAMS 0x00000000e8000000, 0x00000000e8000000| Untracked 
| 129|0x00000000e8100000, 0x00000000e8100000, 0x00000000e8200000|  0%| F|  |TAMS 0x00000000e8100000, 0x00000000e8100000| Untracked 
| 130|0x00000000e8200000, 0x00000000e8200000, 0x00000000e8300000|  0%| F|  |TAMS 0x00000000e8200000, 0x00000000e8200000| Untracked 
| 131|0x00000000e8300000, 0x00000000e8300000, 0x00000000e8400000|  0%| F|  |TAMS 0x00000000e8300000, 0x00000000e8300000| Untracked 
| 132|0x00000000e8400000, 0x00000000e8400000, 0x00000000e8500000|  0%| F|  |TAMS 0x00000000e8400000, 0x00000000e8400000| Untracked 
| 133|0x00000000e8500000, 0x00000000e8500000, 0x00000000e8600000|  0%| F|  |TAMS 0x00000000e8500000, 0x00000000e8500000| Untracked 
| 134|0x00000000e8600000, 0x00000000e8600000, 0x00000000e8700000|  0%| F|  |TAMS 0x00000000e8600000, 0x00000000e8600000| Untracked 
| 135|0x00000000e8700000, 0x00000000e8700000, 0x00000000e8800000|  0%| F|  |TAMS 0x00000000e8700000, 0x00000000e8700000| Untracked 
| 136|0x00000000e8800000, 0x00000000e8800000, 0x00000000e8900000|  0%| F|  |TAMS 0x00000000e8800000, 0x00000000e8800000| Untracked 
| 137|0x00000000e8900000, 0x00000000e8900000, 0x00000000e8a00000|  0%| F|  |TAMS 0x00000000e8900000, 0x00000000e8900000| Untracked 
| 138|0x00000000e8a00000, 0x00000000e8a00000, 0x00000000e8b00000|  0%| F|  |TAMS 0x00000000e8a00000, 0x00000000e8a00000| Untracked 
| 139|0x00000000e8b00000, 0x00000000e8b00000, 0x00000000e8c00000|  0%| F|  |TAMS 0x00000000e8b00000, 0x00000000e8b00000| Untracked 
| 140|0x00000000e8c00000, 0x00000000e8c00000, 0x00000000e8d00000|  0%| F|  |TAMS 0x00000000e8c00000, 0x00000000e8c00000| Untracked 
| 141|0x00000000e8d00000, 0x00000000e8d00000, 0x00000000e8e00000|  0%| F|  |TAMS 0x00000000e8d00000, 0x00000000e8d00000| Untracked 
| 142|0x00000000e8e00000, 0x00000000e8e00000, 0x00000000e8f00000|  0%| F|  |TAMS 0x00000000e8e00000, 0x00000000e8e00000| Untracked 
| 143|0x00000000e8f00000, 0x00000000e8f00000, 0x00000000e9000000|  0%| F|  |TAMS 0x00000000e8f00000, 0x00000000e8f00000| Untracked 
| 144|0x00000000e9000000, 0x00000000e9000000, 0x00000000e9100000|  0%| F|  |TAMS 0x00000000e9000000, 0x00000000e9000000| Untracked 
| 145|0x00000000e9100000, 0x00000000e9100000, 0x00000000e9200000|  0%| F|  |TAMS 0x00000000e9100000, 0x00000000e9100000| Untracked 
| 146|0x00000000e9200000, 0x00000000e9200000, 0x00000000e9300000|  0%| F|  |TAMS 0x00000000e9200000, 0x00000000e9200000| Untracked 
| 147|0x00000000e9300000, 0x00000000e9300000, 0x00000000e9400000|  0%| F|  |TAMS 0x00000000e9300000, 0x00000000e9300000| Untracked 
| 148|0x00000000e9400000, 0x00000000e9400000, 0x00000000e9500000|  0%| F|  |TAMS 0x00000000e9400000, 0x00000000e9400000| Untracked 
| 149|0x00000000e9500000, 0x00000000e9500000, 0x00000000e9600000|  0%| F|  |TAMS 0x00000000e9500000, 0x00000000e9500000| Untracked 
| 150|0x00000000e9600000, 0x00000000e9600000, 0x00000000e9700000|  0%| F|  |TAMS 0x00000000e9600000, 0x00000000e9600000| Untracked 
| 151|0x00000000e9700000, 0x00000000e977fa48, 0x00000000e9800000| 49%| E|  |TAMS 0x00000000e9700000, 0x00000000e9700000| Complete 
| 152|0x00000000e9800000, 0x00000000e9900000, 0x00000000e9900000|100%| E|CS|TAMS 0x00000000e9800000, 0x00000000e9800000| Complete 
| 153|0x00000000e9900000, 0x00000000e9a00000, 0x00000000e9a00000|100%| E|CS|TAMS 0x00000000e9900000, 0x00000000e9900000| Complete 
| 154|0x00000000e9a00000, 0x00000000e9b00000, 0x00000000e9b00000|100%| E|CS|TAMS 0x00000000e9a00000, 0x00000000e9a00000| Complete 
| 155|0x00000000e9b00000, 0x00000000e9c00000, 0x00000000e9c00000|100%| E|CS|TAMS 0x00000000e9b00000, 0x00000000e9b00000| Complete 
| 156|0x00000000e9c00000, 0x00000000e9d00000, 0x00000000e9d00000|100%| E|CS|TAMS 0x00000000e9c00000, 0x00000000e9c00000| Complete 
| 157|0x00000000e9d00000, 0x00000000e9e00000, 0x00000000e9e00000|100%| E|CS|TAMS 0x00000000e9d00000, 0x00000000e9d00000| Complete 
| 158|0x00000000e9e00000, 0x00000000e9f00000, 0x00000000e9f00000|100%| E|CS|TAMS 0x00000000e9e00000, 0x00000000e9e00000| Complete 
| 159|0x00000000e9f00000, 0x00000000ea000000, 0x00000000ea000000|100%| E|CS|TAMS 0x00000000e9f00000, 0x00000000e9f00000| Complete 
| 160|0x00000000ea000000, 0x00000000ea100000, 0x00000000ea100000|100%| E|CS|TAMS 0x00000000ea000000, 0x00000000ea000000| Complete 
| 161|0x00000000ea100000, 0x00000000ea200000, 0x00000000ea200000|100%| E|CS|TAMS 0x00000000ea100000, 0x00000000ea100000| Complete 
| 162|0x00000000ea200000, 0x00000000ea300000, 0x00000000ea300000|100%| E|CS|TAMS 0x00000000ea200000, 0x00000000ea200000| Complete 
| 163|0x00000000ea300000, 0x00000000ea400000, 0x00000000ea400000|100%| E|CS|TAMS 0x00000000ea300000, 0x00000000ea300000| Complete 
| 164|0x00000000ea400000, 0x00000000ea500000, 0x00000000ea500000|100%| E|CS|TAMS 0x00000000ea400000, 0x00000000ea400000| Complete 
| 165|0x00000000ea500000, 0x00000000ea600000, 0x00000000ea600000|100%| E|CS|TAMS 0x00000000ea500000, 0x00000000ea500000| Complete 
| 166|0x00000000ea600000, 0x00000000ea700000, 0x00000000ea700000|100%| E|CS|TAMS 0x00000000ea600000, 0x00000000ea600000| Complete 
| 167|0x00000000ea700000, 0x00000000ea800000, 0x00000000ea800000|100%| E|CS|TAMS 0x00000000ea700000, 0x00000000ea700000| Complete 
| 168|0x00000000ea800000, 0x00000000ea900000, 0x00000000ea900000|100%| E|CS|TAMS 0x00000000ea800000, 0x00000000ea800000| Complete 
| 169|0x00000000ea900000, 0x00000000eaa00000, 0x00000000eaa00000|100%| E|CS|TAMS 0x00000000ea900000, 0x00000000ea900000| Complete 
| 170|0x00000000eaa00000, 0x00000000eab00000, 0x00000000eab00000|100%| E|CS|TAMS 0x00000000eaa00000, 0x00000000eaa00000| Complete 
| 171|0x00000000eab00000, 0x00000000eac00000, 0x00000000eac00000|100%| E|CS|TAMS 0x00000000eab00000, 0x00000000eab00000| Complete 
| 172|0x00000000eac00000, 0x00000000ead00000, 0x00000000ead00000|100%| E|CS|TAMS 0x00000000eac00000, 0x00000000eac00000| Complete 
| 173|0x00000000ead00000, 0x00000000eae00000, 0x00000000eae00000|100%| E|CS|TAMS 0x00000000ead00000, 0x00000000ead00000| Complete 
| 174|0x00000000eae00000, 0x00000000eaf00000, 0x00000000eaf00000|100%| E|CS|TAMS 0x00000000eae00000, 0x00000000eae00000| Complete 
| 175|0x00000000eaf00000, 0x00000000eb000000, 0x00000000eb000000|100%| E|CS|TAMS 0x00000000eaf00000, 0x00000000eaf00000| Complete 
| 176|0x00000000eb000000, 0x00000000eb100000, 0x00000000eb100000|100%| E|CS|TAMS 0x00000000eb000000, 0x00000000eb000000| Complete 
| 177|0x00000000eb100000, 0x00000000eb200000, 0x00000000eb200000|100%| E|CS|TAMS 0x00000000eb100000, 0x00000000eb100000| Complete 
| 178|0x00000000eb200000, 0x00000000eb300000, 0x00000000eb300000|100%| E|CS|TAMS 0x00000000eb200000, 0x00000000eb200000| Complete 
| 179|0x00000000eb300000, 0x00000000eb400000, 0x00000000eb400000|100%| E|CS|TAMS 0x00000000eb300000, 0x00000000eb300000| Complete 
| 180|0x00000000eb400000, 0x00000000eb500000, 0x00000000eb500000|100%| E|CS|TAMS 0x00000000eb400000, 0x00000000eb400000| Complete 
| 181|0x00000000eb500000, 0x00000000eb600000, 0x00000000eb600000|100%| E|CS|TAMS 0x00000000eb500000, 0x00000000eb500000| Complete 
| 182|0x00000000eb600000, 0x00000000eb700000, 0x00000000eb700000|100%| E|CS|TAMS 0x00000000eb600000, 0x00000000eb600000| Complete 
| 183|0x00000000eb700000, 0x00000000eb800000, 0x00000000eb800000|100%| E|CS|TAMS 0x00000000eb700000, 0x00000000eb700000| Complete 
| 184|0x00000000eb800000, 0x00000000eb900000, 0x00000000eb900000|100%| E|CS|TAMS 0x00000000eb800000, 0x00000000eb800000| Complete 
| 185|0x00000000eb900000, 0x00000000eba00000, 0x00000000eba00000|100%| E|CS|TAMS 0x00000000eb900000, 0x00000000eb900000| Complete 
| 186|0x00000000eba00000, 0x00000000ebb00000, 0x00000000ebb00000|100%| E|CS|TAMS 0x00000000eba00000, 0x00000000eba00000| Complete 
| 187|0x00000000ebb00000, 0x00000000ebc00000, 0x00000000ebc00000|100%| E|CS|TAMS 0x00000000ebb00000, 0x00000000ebb00000| Complete 
| 188|0x00000000ebc00000, 0x00000000ebd00000, 0x00000000ebd00000|100%| E|CS|TAMS 0x00000000ebc00000, 0x00000000ebc00000| Complete 
| 189|0x00000000ebd00000, 0x00000000ebe00000, 0x00000000ebe00000|100%| E|CS|TAMS 0x00000000ebd00000, 0x00000000ebd00000| Complete 
| 190|0x00000000ebe00000, 0x00000000ebf00000, 0x00000000ebf00000|100%| E|CS|TAMS 0x00000000ebe00000, 0x00000000ebe00000| Complete 
| 191|0x00000000ebf00000, 0x00000000ec000000, 0x00000000ec000000|100%| E|CS|TAMS 0x00000000ebf00000, 0x00000000ebf00000| Complete 
| 192|0x00000000ec000000, 0x00000000ec100000, 0x00000000ec100000|100%| E|CS|TAMS 0x00000000ec000000, 0x00000000ec000000| Complete 
| 193|0x00000000ec100000, 0x00000000ec200000, 0x00000000ec200000|100%| E|CS|TAMS 0x00000000ec100000, 0x00000000ec100000| Complete 
| 194|0x00000000ec200000, 0x00000000ec300000, 0x00000000ec300000|100%| E|CS|TAMS 0x00000000ec200000, 0x00000000ec200000| Complete 
| 195|0x00000000ec300000, 0x00000000ec400000, 0x00000000ec400000|100%| E|CS|TAMS 0x00000000ec300000, 0x00000000ec300000| Complete 
| 196|0x00000000ec400000, 0x00000000ec500000, 0x00000000ec500000|100%| E|CS|TAMS 0x00000000ec400000, 0x00000000ec400000| Complete 
| 197|0x00000000ec500000, 0x00000000ec600000, 0x00000000ec600000|100%| E|CS|TAMS 0x00000000ec500000, 0x00000000ec500000| Complete 
| 198|0x00000000ec600000, 0x00000000ec700000, 0x00000000ec700000|100%| E|CS|TAMS 0x00000000ec600000, 0x00000000ec600000| Complete 
| 199|0x00000000ec700000, 0x00000000ec800000, 0x00000000ec800000|100%| E|CS|TAMS 0x00000000ec700000, 0x00000000ec700000| Complete 
| 200|0x00000000ec800000, 0x00000000ec900000, 0x00000000ec900000|100%| E|CS|TAMS 0x00000000ec800000, 0x00000000ec800000| Complete 
| 201|0x00000000ec900000, 0x00000000eca00000, 0x00000000eca00000|100%| E|CS|TAMS 0x00000000ec900000, 0x00000000ec900000| Complete 
| 202|0x00000000eca00000, 0x00000000ecb00000, 0x00000000ecb00000|100%| E|CS|TAMS 0x00000000eca00000, 0x00000000eca00000| Complete 
| 203|0x00000000ecb00000, 0x00000000ecc00000, 0x00000000ecc00000|100%| E|CS|TAMS 0x00000000ecb00000, 0x00000000ecb00000| Complete 
| 204|0x00000000ecc00000, 0x00000000ecd00000, 0x00000000ecd00000|100%| E|CS|TAMS 0x00000000ecc00000, 0x00000000ecc00000| Complete 
| 205|0x00000000ecd00000, 0x00000000ece00000, 0x00000000ece00000|100%| E|CS|TAMS 0x00000000ecd00000, 0x00000000ecd00000| Complete 
| 206|0x00000000ece00000, 0x00000000ecf00000, 0x00000000ecf00000|100%| E|CS|TAMS 0x00000000ece00000, 0x00000000ece00000| Complete 
| 207|0x00000000ecf00000, 0x00000000ed000000, 0x00000000ed000000|100%| E|CS|TAMS 0x00000000ecf00000, 0x00000000ecf00000| Complete 
| 208|0x00000000ed000000, 0x00000000ed100000, 0x00000000ed100000|100%| E|CS|TAMS 0x00000000ed000000, 0x00000000ed000000| Complete 
| 209|0x00000000ed100000, 0x00000000ed200000, 0x00000000ed200000|100%| E|CS|TAMS 0x00000000ed100000, 0x00000000ed100000| Complete 
| 210|0x00000000ed200000, 0x00000000ed300000, 0x00000000ed300000|100%| E|CS|TAMS 0x00000000ed200000, 0x00000000ed200000| Complete 
| 211|0x00000000ed300000, 0x00000000ed400000, 0x00000000ed400000|100%| E|CS|TAMS 0x00000000ed300000, 0x00000000ed300000| Complete 
| 212|0x00000000ed400000, 0x00000000ed500000, 0x00000000ed500000|100%| E|CS|TAMS 0x00000000ed400000, 0x00000000ed400000| Complete 
| 213|0x00000000ed500000, 0x00000000ed600000, 0x00000000ed600000|100%| E|CS|TAMS 0x00000000ed500000, 0x00000000ed500000| Complete 
| 214|0x00000000ed600000, 0x00000000ed700000, 0x00000000ed700000|100%| E|CS|TAMS 0x00000000ed600000, 0x00000000ed600000| Complete 
| 215|0x00000000ed700000, 0x00000000ed800000, 0x00000000ed800000|100%| E|CS|TAMS 0x00000000ed700000, 0x00000000ed700000| Complete 
| 216|0x00000000ed800000, 0x00000000ed900000, 0x00000000ed900000|100%| E|CS|TAMS 0x00000000ed800000, 0x00000000ed800000| Complete 
| 217|0x00000000ed900000, 0x00000000ed9a4c28, 0x00000000eda00000| 64%| S|CS|TAMS 0x00000000ed900000, 0x00000000ed900000| Complete 
| 218|0x00000000eda00000, 0x00000000edb00000, 0x00000000edb00000|100%| S|CS|TAMS 0x00000000eda00000, 0x00000000eda00000| Complete 
| 219|0x00000000edb00000, 0x00000000edc00000, 0x00000000edc00000|100%| S|CS|TAMS 0x00000000edb00000, 0x00000000edb00000| Complete 
| 220|0x00000000edc00000, 0x00000000edd00000, 0x00000000edd00000|100%| E|CS|TAMS 0x00000000edc00000, 0x00000000edc00000| Complete 
| 221|0x00000000edd00000, 0x00000000ede00000, 0x00000000ede00000|100%| E|CS|TAMS 0x00000000edd00000, 0x00000000edd00000| Complete 
| 222|0x00000000ede00000, 0x00000000edf00000, 0x00000000edf00000|100%| E|CS|TAMS 0x00000000ede00000, 0x00000000ede00000| Complete 
| 223|0x00000000edf00000, 0x00000000ee000000, 0x00000000ee000000|100%| E|CS|TAMS 0x00000000edf00000, 0x00000000edf00000| Complete 
| 224|0x00000000ee000000, 0x00000000ee100000, 0x00000000ee100000|100%| E|CS|TAMS 0x00000000ee000000, 0x00000000ee000000| Complete 
| 225|0x00000000ee100000, 0x00000000ee200000, 0x00000000ee200000|100%| E|CS|TAMS 0x00000000ee100000, 0x00000000ee100000| Complete 
| 226|0x00000000ee200000, 0x00000000ee300000, 0x00000000ee300000|100%| E|CS|TAMS 0x00000000ee200000, 0x00000000ee200000| Complete 
| 227|0x00000000ee300000, 0x00000000ee400000, 0x00000000ee400000|100%| E|CS|TAMS 0x00000000ee300000, 0x00000000ee300000| Complete 
| 228|0x00000000ee400000, 0x00000000ee500000, 0x00000000ee500000|100%| E|CS|TAMS 0x00000000ee400000, 0x00000000ee400000| Complete 
| 229|0x00000000ee500000, 0x00000000ee600000, 0x00000000ee600000|100%| E|CS|TAMS 0x00000000ee500000, 0x00000000ee500000| Complete 
| 230|0x00000000ee600000, 0x00000000ee700000, 0x00000000ee700000|100%| E|CS|TAMS 0x00000000ee600000, 0x00000000ee600000| Complete 
| 231|0x00000000ee700000, 0x00000000ee800000, 0x00000000ee800000|100%| E|CS|TAMS 0x00000000ee700000, 0x00000000ee700000| Complete 
| 232|0x00000000ee800000, 0x00000000ee900000, 0x00000000ee900000|100%| E|CS|TAMS 0x00000000ee800000, 0x00000000ee800000| Complete 
| 233|0x00000000ee900000, 0x00000000eea00000, 0x00000000eea00000|100%| E|CS|TAMS 0x00000000ee900000, 0x00000000ee900000| Complete 
| 234|0x00000000eea00000, 0x00000000eeb00000, 0x00000000eeb00000|100%| E|CS|TAMS 0x00000000eea00000, 0x00000000eea00000| Complete 
| 235|0x00000000eeb00000, 0x00000000eec00000, 0x00000000eec00000|100%| E|CS|TAMS 0x00000000eeb00000, 0x00000000eeb00000| Complete 
| 236|0x00000000eec00000, 0x00000000eed00000, 0x00000000eed00000|100%| E|CS|TAMS 0x00000000eec00000, 0x00000000eec00000| Complete 
| 237|0x00000000eed00000, 0x00000000eee00000, 0x00000000eee00000|100%| E|CS|TAMS 0x00000000eed00000, 0x00000000eed00000| Complete 
| 238|0x00000000eee00000, 0x00000000eef00000, 0x00000000eef00000|100%| E|CS|TAMS 0x00000000eee00000, 0x00000000eee00000| Complete 
| 239|0x00000000eef00000, 0x00000000ef000000, 0x00000000ef000000|100%| E|CS|TAMS 0x00000000eef00000, 0x00000000eef00000| Complete 
| 240|0x00000000ef000000, 0x00000000ef100000, 0x00000000ef100000|100%| E|CS|TAMS 0x00000000ef000000, 0x00000000ef000000| Complete 
| 241|0x00000000ef100000, 0x00000000ef200000, 0x00000000ef200000|100%| E|CS|TAMS 0x00000000ef100000, 0x00000000ef100000| Complete 
| 242|0x00000000ef200000, 0x00000000ef300000, 0x00000000ef300000|100%| E|CS|TAMS 0x00000000ef200000, 0x00000000ef200000| Complete 
| 243|0x00000000ef300000, 0x00000000ef400000, 0x00000000ef400000|100%| E|CS|TAMS 0x00000000ef300000, 0x00000000ef300000| Complete 
| 244|0x00000000ef400000, 0x00000000ef500000, 0x00000000ef500000|100%| E|CS|TAMS 0x00000000ef400000, 0x00000000ef400000| Complete 
| 245|0x00000000ef500000, 0x00000000ef600000, 0x00000000ef600000|100%| E|CS|TAMS 0x00000000ef500000, 0x00000000ef500000| Complete 
| 246|0x00000000ef600000, 0x00000000ef700000, 0x00000000ef700000|100%| E|CS|TAMS 0x00000000ef600000, 0x00000000ef600000| Complete 
| 247|0x00000000ef700000, 0x00000000ef800000, 0x00000000ef800000|100%| E|CS|TAMS 0x00000000ef700000, 0x00000000ef700000| Complete 
| 248|0x00000000ef800000, 0x00000000ef900000, 0x00000000ef900000|100%| E|CS|TAMS 0x00000000ef800000, 0x00000000ef800000| Complete 
| 249|0x00000000ef900000, 0x00000000efa00000, 0x00000000efa00000|100%| E|CS|TAMS 0x00000000ef900000, 0x00000000ef900000| Complete 
| 250|0x00000000efa00000, 0x00000000efb00000, 0x00000000efb00000|100%| E|CS|TAMS 0x00000000efa00000, 0x00000000efa00000| Complete 
| 251|0x00000000efb00000, 0x00000000efc00000, 0x00000000efc00000|100%| E|CS|TAMS 0x00000000efb00000, 0x00000000efb00000| Complete 
| 252|0x00000000efc00000, 0x00000000efd00000, 0x00000000efd00000|100%| E|CS|TAMS 0x00000000efc00000, 0x00000000efc00000| Complete 
| 253|0x00000000efd00000, 0x00000000efe00000, 0x00000000efe00000|100%| E|CS|TAMS 0x00000000efd00000, 0x00000000efd00000| Complete 
| 254|0x00000000efe00000, 0x00000000eff00000, 0x00000000eff00000|100%| E|CS|TAMS 0x00000000efe00000, 0x00000000efe00000| Complete 
| 255|0x00000000eff00000, 0x00000000f0000000, 0x00000000f0000000|100%| E|CS|TAMS 0x00000000eff00000, 0x00000000eff00000| Complete 

Card table byte_map: [0x000001e865610000,0x000001e865710000] _byte_map_base: 0x000001e864f10000

Marking Bits (Prev, Next): (CMBitMap*) 0x000001e84e6e8cf0, (CMBitMap*) 0x000001e84e6e8d30
 Prev Bits: [0x000001e865810000, 0x000001e866010000)
 Next Bits: [0x000001e866010000, 0x000001e866810000)

Polling page: 0x000001e84c590000

Metaspace:

Usage:
  Non-class:     40.16 MB used.
      Class:      6.63 MB used.
       Both:     46.80 MB used.

Virtual space:
  Non-class space:       64.00 MB reserved,      40.44 MB ( 63%) committed,  1 nodes.
      Class space:      320.00 MB reserved,       6.88 MB (  2%) committed,  1 nodes.
             Both:      384.00 MB reserved,      47.31 MB ( 12%) committed. 

Chunk freelists:
   Non-Class:  7.23 MB
       Class:  9.03 MB
        Both:  16.27 MB

MaxMetaspaceSize: 384.00 MB
CompressedClassSpaceSize: 320.00 MB
Initial GC threshold: 21.00 MB
Current GC threshold: 58.69 MB
CDS: on
MetaspaceReclaimPolicy: balanced
 - commit_granule_bytes: 65536.
 - commit_granule_words: 8192.
 - virtual_space_node_default_size: 8388608.
 - enlarge_chunks_in_place: 1.
 - new_chunks_are_fully_committed: 0.
 - uncommit_free_chunks: 1.
 - use_allocation_guard: 0.
 - handle_deallocations: 1.


Internal statistics:

num_allocs_failed_limit: 6.
num_arena_births: 544.
num_arena_deaths: 0.
num_vsnodes_births: 2.
num_vsnodes_deaths: 0.
num_space_committed: 757.
num_space_uncommitted: 0.
num_chunks_returned_to_freelist: 6.
num_chunks_taken_from_freelist: 2472.
num_chunk_merges: 6.
num_chunk_splits: 1614.
num_chunks_enlarged: 1061.
num_inconsistent_stats: 0.

CodeHeap 'non-profiled nmethods': size=120000Kb used=3310Kb max_used=3310Kb free=116689Kb
 bounds [0x000001e85dcb0000, 0x000001e85dff0000, 0x000001e8651e0000]
CodeHeap 'profiled nmethods': size=120000Kb used=10800Kb max_used=10800Kb free=109199Kb
 bounds [0x000001e8561e0000, 0x000001e856c70000, 0x000001e85d710000]
CodeHeap 'non-nmethods': size=5760Kb used=2319Kb max_used=2398Kb free=3440Kb
 bounds [0x000001e85d710000, 0x000001e85d980000, 0x000001e85dcb0000]
 total_blobs=6409 nmethods=5574 adapters=747
 compilation: enabled
              stopped_count=0, restarted_count=0
 full_count=0

Compilation events (20 events):
Event: 533.527 Thread 0x000001e869259e10 6476       3       org.gradle.internal.instantiation.generator.AsmBackedClassGenerator$ClassBuilderImpl::access$6500 (4 bytes)
Event: 533.527 Thread 0x000001e869259e10 nmethod 6476 0x000001e856c68890 code [0x000001e856c68a20, 0x000001e856c68b18]
Event: 533.538 Thread 0x000001e869259e10 6477       3       com.google.common.collect.ImmutableSet$RegularSetBuilderImpl::hashFloodingDetected (108 bytes)
Event: 533.539 Thread 0x000001e869259e10 nmethod 6477 0x000001e856c68b90 code [0x000001e856c68d80, 0x000001e856c692a8]
Event: 533.542 Thread 0x000001e869259e10 6479       3       org.gradle.tooling.internal.provider.runner.ClientBuildEventGenerator::started (168 bytes)
Event: 533.544 Thread 0x000001e869259e10 nmethod 6479 0x000001e856c69490 code [0x000001e856c697a0, 0x000001e856c6a898]
Event: 533.588 Thread 0x000001e869258bc0 nmethod 6469 0x000001e85ddc3910 code [0x000001e85ddc3be0, 0x000001e85ddc5e40]
Event: 533.588 Thread 0x000001e869258bc0 6480       4       java.util.regex.Matcher::find (69 bytes)
Event: 533.612 Thread 0x000001e869258bc0 nmethod 6480 0x000001e85ddc2a90 code [0x000001e85ddc2c60, 0x000001e85ddc33a8]
Event: 533.612 Thread 0x000001e869258bc0 6472       4       com.google.common.reflect.TypeResolver$TypeVariableKey::equals (23 bytes)
Event: 533.621 Thread 0x000001e869258bc0 nmethod 6472 0x000001e85ddc1f90 code [0x000001e85ddc2160, 0x000001e85ddc2678]
Event: 533.621 Thread 0x000001e869258bc0 6478       4       com.google.common.collect.RegularImmutableSet::size (6 bytes)
Event: 533.621 Thread 0x000001e869258bc0 nmethod 6478 0x000001e85ddc1c90 code [0x000001e85ddc1e00, 0x000001e85ddc1e98]
Event: 533.915 Thread 0x000001e869258bc0 6481       4       java.lang.invoke.MethodType::makeImpl (109 bytes)
Event: 533.938 Thread 0x000001e869259e10 6482       3       org.gradle.tooling.internal.provider.runner.ClientBuildEventGenerator::finished (128 bytes)
Event: 533.939 Thread 0x000001e869259e10 nmethod 6482 0x000001e856c6ad90 code [0x000001e856c6b020, 0x000001e856c6be98]
Event: 533.997 Thread 0x000001e869259e10 6483       1       org.gradle.api.internal.DefaultDomainObjectCollection::getEventRegister (5 bytes)
Event: 533.997 Thread 0x000001e869259e10 nmethod 6483 0x000001e85ddc1990 code [0x000001e85ddc1b20, 0x000001e85ddc1bf8]
Event: 533.999 Thread 0x000001e869259e10 6484       1       org.gradle.api.internal.collections.DefaultCollectionEventRegister::getAddActions (5 bytes)
Event: 533.999 Thread 0x000001e869259e10 nmethod 6484 0x000001e85ddc1690 code [0x000001e85ddc1820, 0x000001e85ddc18f8]

GC Heap History (12 events):
Event: 17.239 GC heap before
{Heap before GC invocations=0 (full 0):
 garbage-first heap   total 262144K, used 26624K [0x00000000e0000000, 0x0000000100000000)
  region size 1024K, 23 young (23552K), 0 survivors (0K)
 Metaspace       used 2131K, committed 2240K, reserved 393216K
  class space    used 231K, committed 320K, reserved 327680K
}
Event: 17.534 GC heap after
{Heap after GC invocations=1 (full 0):
 garbage-first heap   total 262144K, used 10878K [0x00000000e0000000, 0x0000000100000000)
  region size 1024K, 3 young (3072K), 3 survivors (3072K)
 Metaspace       used 2131K, committed 2240K, reserved 393216K
  class space    used 231K, committed 320K, reserved 327680K
}
Event: 30.334 GC heap before
{Heap before GC invocations=1 (full 0):
 garbage-first heap   total 262144K, used 37502K [0x00000000e0000000, 0x0000000100000000)
  region size 1024K, 29 young (29696K), 3 survivors (3072K)
 Metaspace       used 4045K, committed 4224K, reserved 393216K
  class space    used 506K, committed 640K, reserved 327680K
}
Event: 30.339 GC heap after
{Heap after GC invocations=2 (full 0):
 garbage-first heap   total 262144K, used 12369K [0x00000000e0000000, 0x0000000100000000)
  region size 1024K, 2 young (2048K), 2 survivors (2048K)
 Metaspace       used 4045K, committed 4224K, reserved 393216K
  class space    used 506K, committed 640K, reserved 327680K
}
Event: 106.687 GC heap before
{Heap before GC invocations=2 (full 0):
 garbage-first heap   total 262144K, used 131153K [0x00000000e0000000, 0x0000000100000000)
  region size 1024K, 116 young (118784K), 2 survivors (2048K)
 Metaspace       used 19247K, committed 19584K, reserved 393216K
  class space    used 2784K, committed 2944K, reserved 327680K
}
Event: 106.823 GC heap after
{Heap after GC invocations=3 (full 0):
 garbage-first heap   total 262144K, used 23334K [0x00000000e0000000, 0x0000000100000000)
  region size 1024K, 11 young (11264K), 11 survivors (11264K)
 Metaspace       used 19247K, committed 19584K, reserved 393216K
  class space    used 2784K, committed 2944K, reserved 327680K
}
Event: 112.236 GC heap before
{Heap before GC invocations=3 (full 0):
 garbage-first heap   total 262144K, used 39718K [0x00000000e0000000, 0x0000000100000000)
  region size 1024K, 28 young (28672K), 11 survivors (11264K)
 Metaspace       used 21206K, committed 21504K, reserved 393216K
  class space    used 3106K, committed 3264K, reserved 327680K
}
Event: 112.325 GC heap after
{Heap after GC invocations=4 (full 0):
 garbage-first heap   total 262144K, used 24720K [0x00000000e0000000, 0x0000000100000000)
  region size 1024K, 12 young (12288K), 12 survivors (12288K)
 Metaspace       used 21206K, committed 21504K, reserved 393216K
  class space    used 3106K, committed 3264K, reserved 327680K
}
Event: 288.738 GC heap before
{Heap before GC invocations=5 (full 0):
 garbage-first heap   total 262144K, used 150672K [0x00000000e0000000, 0x0000000100000000)
  region size 1024K, 132 young (135168K), 12 survivors (12288K)
 Metaspace       used 35630K, committed 35968K, reserved 393216K
  class space    used 4933K, committed 5120K, reserved 327680K
}
Event: 289.104 GC heap after
{Heap after GC invocations=6 (full 0):
 garbage-first heap   total 262144K, used 33152K [0x00000000e0000000, 0x0000000100000000)
  region size 1024K, 10 young (10240K), 10 survivors (10240K)
 Metaspace       used 35630K, committed 35968K, reserved 393216K
  class space    used 4933K, committed 5120K, reserved 327680K
}
Event: 332.135 GC heap before
{Heap before GC invocations=7 (full 0):
 garbage-first heap   total 262144K, used 71040K [0x00000000e0000000, 0x0000000100000000)
  region size 1024K, 46 young (47104K), 10 survivors (10240K)
 Metaspace       used 39871K, committed 40256K, reserved 393216K
  class space    used 5521K, committed 5696K, reserved 327680K
}
Event: 332.282 GC heap after
{Heap after GC invocations=8 (full 0):
 garbage-first heap   total 262144K, used 35275K [0x00000000e0000000, 0x0000000100000000)
  region size 1024K, 3 young (3072K), 3 survivors (3072K)
 Metaspace       used 39871K, committed 40256K, reserved 393216K
  class space    used 5521K, committed 5696K, reserved 327680K
}

Dll operation events (15 events):
Event: 0.124 Loaded shared library C:\Users\USER\.jdks\temurin-17.0.11\bin\java.dll
Event: 0.201 Loaded shared library C:\Users\USER\.jdks\temurin-17.0.11\bin\jsvml.dll
Event: 0.657 Loaded shared library C:\Users\USER\.jdks\temurin-17.0.11\bin\zip.dll
Event: 0.720 Loaded shared library C:\Users\USER\.jdks\temurin-17.0.11\bin\instrument.dll
Event: 0.743 Loaded shared library C:\Users\USER\.jdks\temurin-17.0.11\bin\net.dll
Event: 0.751 Loaded shared library C:\Users\USER\.jdks\temurin-17.0.11\bin\nio.dll
Event: 0.813 Loaded shared library C:\Users\USER\.jdks\temurin-17.0.11\bin\zip.dll
Event: 13.793 Loaded shared library C:\Users\USER\.jdks\temurin-17.0.11\bin\jimage.dll
Event: 16.492 Loaded shared library C:\Users\USER\.jdks\temurin-17.0.11\bin\verify.dll
Event: 17.611 Loaded shared library C:\Users\USER\.gradle\native\c067742578af261105cb4f569cf0c3c89f3d7b1fecec35dd04571415982c5e48\windows-amd64\native-platform.dll
Event: 17.636 Loaded shared library C:\Users\USER\.gradle\native\100fb08df4bc3b14c8652ba06237920a3bd2aa13389f12d3474272988ae205f9\windows-amd64\native-platform-file-events.dll
Event: 52.755 Loaded shared library C:\Users\USER\.jdks\temurin-17.0.11\bin\management.dll
Event: 52.765 Loaded shared library C:\Users\USER\.jdks\temurin-17.0.11\bin\management_ext.dll
Event: 55.177 Loaded shared library C:\Users\USER\.jdks\temurin-17.0.11\bin\extnet.dll
Event: 62.060 Loaded shared library C:\Users\USER\.jdks\temurin-17.0.11\bin\sunmscapi.dll

Deoptimization events (20 events):
Event: 533.019 Thread 0x000001e869db49b0 Uncommon trap: trap_request=0xffffffde fr.pc=0x000001e85df8b914 relative=0x0000000000000694
Event: 533.019 Thread 0x000001e869db49b0 Uncommon trap: reason=class_check action=maybe_recompile pc=0x000001e85df8b914 method=java.util.regex.Matcher.search(I)Z @ 121 c2
Event: 533.019 Thread 0x000001e869db49b0 DEOPT PACKING pc=0x000001e85df8b914 sp=0x000000406e4f82c0
Event: 533.019 Thread 0x000001e869db49b0 DEOPT UNPACKING pc=0x000001e85d7669a3 sp=0x000000406e4f8228 mode 2
Event: 533.021 Thread 0x000001e869db49b0 Uncommon trap: trap_request=0xffffffde fr.pc=0x000001e85df8b914 relative=0x0000000000000694
Event: 533.021 Thread 0x000001e869db49b0 Uncommon trap: reason=class_check action=maybe_recompile pc=0x000001e85df8b914 method=java.util.regex.Matcher.search(I)Z @ 121 c2
Event: 533.021 Thread 0x000001e869db49b0 DEOPT PACKING pc=0x000001e85df8b914 sp=0x000000406e4f82c0
Event: 533.021 Thread 0x000001e869db49b0 DEOPT UNPACKING pc=0x000001e85d7669a3 sp=0x000000406e4f8228 mode 2
Event: 533.054 Thread 0x000001e869db49b0 Uncommon trap: trap_request=0xffffffde fr.pc=0x000001e85df8b914 relative=0x0000000000000694
Event: 533.054 Thread 0x000001e869db49b0 Uncommon trap: reason=class_check action=maybe_recompile pc=0x000001e85df8b914 method=java.util.regex.Matcher.search(I)Z @ 121 c2
Event: 533.054 Thread 0x000001e869db49b0 DEOPT PACKING pc=0x000001e85df8b914 sp=0x000000406e4f8260
Event: 533.054 Thread 0x000001e869db49b0 DEOPT UNPACKING pc=0x000001e85d7669a3 sp=0x000000406e4f81c8 mode 2
Event: 533.054 Thread 0x000001e869db49b0 Uncommon trap: trap_request=0xffffffde fr.pc=0x000001e85df8b914 relative=0x0000000000000694
Event: 533.054 Thread 0x000001e869db49b0 Uncommon trap: reason=class_check action=maybe_recompile pc=0x000001e85df8b914 method=java.util.regex.Matcher.search(I)Z @ 121 c2
Event: 533.054 Thread 0x000001e869db49b0 DEOPT PACKING pc=0x000001e85df8b914 sp=0x000000406e4f8260
Event: 533.054 Thread 0x000001e869db49b0 DEOPT UNPACKING pc=0x000001e85d7669a3 sp=0x000000406e4f81c8 mode 2
Event: 533.097 Thread 0x000001e869db49b0 Uncommon trap: trap_request=0xffffffde fr.pc=0x000001e85df826e0 relative=0x0000000000000680
Event: 533.097 Thread 0x000001e869db49b0 Uncommon trap: reason=class_check action=maybe_recompile pc=0x000001e85df826e0 method=java.util.regex.Matcher.search(I)Z @ 121 c2
Event: 533.097 Thread 0x000001e869db49b0 DEOPT PACKING pc=0x000001e85df826e0 sp=0x000000406e4f8240
Event: 533.097 Thread 0x000001e869db49b0 DEOPT UNPACKING pc=0x000001e85d7669a3 sp=0x000000406e4f8220 mode 2

Classes unloaded (0 events):
No events

Classes redefined (0 events):
No events

Internal exceptions (20 events):
Event: 346.555 Thread 0x000001e869db49b0 Exception <a 'java/lang/NoSuchMethodError'{0x00000000ee8ac498}: 'java.lang.Object java.lang.invoke.DirectMethodHandle$Holder.invokeSpecial(java.lang.Object, java.lang.Object, java.lang.Object, java.lang.Object, java.lang.Object, java.lang.Object, int)'> (0x00000000ee8ac498) 
thrown [s\src\hotspot\share\interpreter\linkResolver.cpp, line 759]
Event: 346.892 Thread 0x000001e869db49b0 Exception <a 'java/lang/NoSuchMethodError'{0x00000000ee709110}: 'java.lang.Object java.lang.invoke.DirectMethodHandle$Holder.invokeSpecial(java.lang.Object, java.lang.Object, java.lang.Object, java.lang.Object, java.lang.Object, long)'> (0x00000000ee709110) 
thrown [s\src\hotspot\share\interpreter\linkResolver.cpp, line 759]
Event: 346.978 Thread 0x000001e869db49b0 Exception <a 'java/lang/NoSuchMethodError'{0x00000000ee732328}: 'void java.lang.invoke.DirectMethodHandle$Holder.invokeStatic(java.lang.Object, java.lang.Object, java.lang.Object, int, java.lang.Object)'> (0x00000000ee732328) 
thrown [s\src\hotspot\share\interpreter\linkResolver.cpp, line 759]
Event: 351.740 Thread 0x000001e869db49b0 Exception <a 'java/lang/NoSuchMethodError'{0x00000000ee1b95a0}: 'java.lang.Object java.lang.invoke.DirectMethodHandle$Holder.invokeSpecial(java.lang.Object, java.lang.Object, java.lang.Object, java.lang.Object, int, java.lang.Object)'> (0x00000000ee1b95a0) 
thrown [s\src\hotspot\share\interpreter\linkResolver.cpp, line 759]
Event: 351.743 Thread 0x000001e869db49b0 Exception <a 'java/lang/NoSuchMethodError'{0x00000000ee1c1f98}: 'java.lang.Object java.lang.invoke.DirectMethodHandle$Holder.newInvokeSpecial(java.lang.Object, java.lang.Object, java.lang.Object, java.lang.Object, int)'> (0x00000000ee1c1f98) 
thrown [s\src\hotspot\share\interpreter\linkResolver.cpp, line 759]
Event: 351.745 Thread 0x000001e869db49b0 Exception <a 'java/lang/NoSuchMethodError'{0x00000000ee1c6e48}: 'java.lang.Object java.lang.invoke.DirectMethodHandle$Holder.invokeSpecial(java.lang.Object, java.lang.Object, java.lang.Object, java.lang.Object, java.lang.Object, int)'> (0x00000000ee1c6e48) 
thrown [s\src\hotspot\share\interpreter\linkResolver.cpp, line 759]
Event: 351.746 Thread 0x000001e869db49b0 Exception <a 'java/lang/NoSuchMethodError'{0x00000000ee1cb630}: 'java.lang.Object java.lang.invoke.Invokers$Holder.linkToTargetMethod(java.lang.Object, java.lang.Object, java.lang.Object, int, java.lang.Object)'> (0x00000000ee1cb630) 
thrown [s\src\hotspot\share\interpreter\linkResolver.cpp, line 759]
Event: 352.018 Thread 0x000001e869db49b0 Exception <a 'java/lang/NoSuchMethodError'{0x00000000ede01520}: 'int java.lang.invoke.DirectMethodHandle$Holder.invokeInterface(java.lang.Object, java.lang.Object, java.lang.Object, java.lang.Object)'> (0x00000000ede01520) 
thrown [s\src\hotspot\share\interpreter\linkResolver.cpp, line 759]
Event: 352.399 Thread 0x000001e869db49b0 Exception <a 'java/lang/NoSuchMethodError'{0x00000000eddc2ee8}: 'java.lang.Object java.lang.invoke.DirectMethodHandle$Holder.invokeStatic(java.lang.Object, long, java.lang.Object)'> (0x00000000eddc2ee8) 
thrown [s\src\hotspot\share\interpreter\linkResolver.cpp, line 759]
Event: 352.401 Thread 0x000001e869db49b0 Exception <a 'java/lang/NoSuchMethodError'{0x00000000eddcac20}: 'java.lang.Object java.lang.invoke.DirectMethodHandle$Holder.newInvokeSpecial(java.lang.Object, long)'> (0x00000000eddcac20) 
thrown [s\src\hotspot\share\interpreter\linkResolver.cpp, line 759]
Event: 352.453 Thread 0x000001e869db49b0 Exception <a 'java/lang/NoSuchMethodError'{0x00000000edc28440}: 'java.lang.Object java.lang.invoke.DirectMethodHandle$Holder.newInvokeSpecial(java.lang.Object, java.lang.Object, java.lang.Object, java.lang.Object, java.lang.Object, long)'> (0x00000000edc28440) 
thrown [s\src\hotspot\share\interpreter\linkResolver.cpp, line 759]
Event: 352.454 Thread 0x000001e869db49b0 Exception <a 'java/lang/NoSuchMethodError'{0x00000000edc2d308}: 'java.lang.Object java.lang.invoke.DirectMethodHandle$Holder.invokeSpecial(java.lang.Object, java.lang.Object, java.lang.Object, java.lang.Object, java.lang.Object, java.lang.Object, long)'> (0x00000000edc2d308) 
thrown [s\src\hotspot\share\interpreter\linkResolver.cpp, line 759]
Event: 352.490 Thread 0x000001e869db49b0 Exception <a 'java/lang/NoSuchMethodError'{0x00000000edc79538}: 'java.lang.Object java.lang.invoke.DirectMethodHandle$Holder.newInvokeSpecial(java.lang.Object, java.lang.Object, java.lang.Object, long)'> (0x00000000edc79538) 
thrown [s\src\hotspot\share\interpreter\linkResolver.cpp, line 759]
Event: 352.492 Thread 0x000001e869db49b0 Exception <a 'java/lang/NoSuchMethodError'{0x00000000edc7e530}: 'java.lang.Object java.lang.invoke.DirectMethodHandle$Holder.invokeSpecial(java.lang.Object, java.lang.Object, java.lang.Object, java.lang.Object, long)'> (0x00000000edc7e530) 
thrown [s\src\hotspot\share\interpreter\linkResolver.cpp, line 759]
Event: 352.493 Thread 0x000001e869db49b0 Exception <a 'java/lang/NoSuchMethodError'{0x00000000edc82e58}: 'java.lang.Object java.lang.invoke.Invokers$Holder.linkToTargetMethod(java.lang.Object, java.lang.Object, long, java.lang.Object)'> (0x00000000edc82e58) 
thrown [s\src\hotspot\share\interpreter\linkResolver.cpp, line 759]
Event: 353.010 Thread 0x000001e869db49b0 Exception <a 'java/lang/NoSuchMethodError'{0x00000000ed7ad658}: 'java.lang.Object java.lang.invoke.DirectMethodHandle$Holder.invokeSpecial(java.lang.Object, java.lang.Object, long, java.lang.Object, java.lang.Object)'> (0x00000000ed7ad658) 
thrown [s\src\hotspot\share\interpreter\linkResolver.cpp, line 759]
Event: 354.380 Thread 0x000001e869db49b0 Exception <a 'java/lang/NoSuchMethodError'{0x00000000ed575ea8}: 'java.lang.Object java.lang.invoke.DirectMethodHandle$Holder.newInvokeSpecial(java.lang.Object, java.lang.Object, int)'> (0x00000000ed575ea8) 
thrown [s\src\hotspot\share\interpreter\linkResolver.cpp, line 759]
Event: 363.483 Thread 0x000001e869db49b0 Exception <a 'java/lang/NoSuchMethodError'{0x00000000ecfc2310}: 'java.lang.Object java.lang.invoke.DirectMethodHandle$Holder.newInvokeSpecial(java.lang.Object, java.lang.Object, java.lang.Object, java.lang.Object, int, java.lang.Object)'> (0x00000000ecfc2310) 
thrown [s\src\hotspot\share\interpreter\linkResolver.cpp, line 759]
Event: 363.485 Thread 0x000001e869db49b0 Exception <a 'java/lang/NoSuchMethodError'{0x00000000ecfc7378}: 'java.lang.Object java.lang.invoke.Invokers$Holder.linkToTargetMethod(java.lang.Object, java.lang.Object, java.lang.Object, int, java.lang.Object, java.lang.Object)'> (0x00000000ecfc7378) 
thrown [s\src\hotspot\share\interpreter\linkResolver.cpp, line 759]
Event: 392.716 Thread 0x000001e869db49b0 Exception <a 'java/lang/NoSuchMethodError'{0x00000000ec408f18}: 'java.lang.Object java.lang.invoke.DirectMethodHandle$Holder.invokeSpecialIFC(java.lang.Object, java.lang.Object, java.lang.Object)'> (0x00000000ec408f18) 
thrown [s\src\hotspot\share\interpreter\linkResolver.cpp, line 759]

VM Operations (20 events):
Event: 522.921 Executing VM operation: Cleanup
Event: 522.967 Executing VM operation: Cleanup done
Event: 523.982 Executing VM operation: Cleanup
Event: 523.982 Executing VM operation: Cleanup done
Event: 524.987 Executing VM operation: Cleanup
Event: 524.987 Executing VM operation: Cleanup done
Event: 525.995 Executing VM operation: Cleanup
Event: 525.995 Executing VM operation: Cleanup done
Event: 527.009 Executing VM operation: Cleanup
Event: 527.011 Executing VM operation: Cleanup done
Event: 528.016 Executing VM operation: Cleanup
Event: 528.204 Executing VM operation: Cleanup done
Event: 529.214 Executing VM operation: Cleanup
Event: 529.215 Executing VM operation: Cleanup done
Event: 530.225 Executing VM operation: Cleanup
Event: 530.225 Executing VM operation: Cleanup done
Event: 531.233 Executing VM operation: Cleanup
Event: 531.233 Executing VM operation: Cleanup done
Event: 533.252 Executing VM operation: Cleanup
Event: 533.252 Executing VM operation: Cleanup done

Events (20 events):
Event: 530.693 loading class javax/xml/parsers/FactoryFinder done
Event: 530.727 loading class javax/xml/parsers/FactoryFinder$1
Event: 530.732 loading class javax/xml/parsers/FactoryFinder$1 done
Event: 530.773 loading class com/sun/org/apache/xerces/internal/jaxp/DocumentBuilderFactoryImpl
Event: 530.805 loading class com/sun/org/apache/xerces/internal/jaxp/DocumentBuilderFactoryImpl done
Event: 530.811 loading class com/sun/org/apache/xerces/internal/utils/XMLSecurityManager
Event: 530.815 loading class com/sun/org/apache/xerces/internal/utils/XMLSecurityManager done
Event: 530.815 loading class com/sun/org/apache/xerces/internal/utils/XMLSecurityManager$Limit
Event: 530.817 loading class com/sun/org/apache/xerces/internal/utils/XMLSecurityManager$Limit done
Event: 530.817 loading class com/sun/org/apache/xerces/internal/utils/XMLSecurityManager$NameMap
Event: 530.817 loading class com/sun/org/apache/xerces/internal/utils/XMLSecurityManager$NameMap done
Event: 530.818 loading class com/sun/org/apache/xerces/internal/utils/XMLSecurityPropertyManager
Event: 530.818 loading class com/sun/org/apache/xerces/internal/utils/XMLSecurityPropertyManager done
Event: 530.818 loading class com/sun/org/apache/xerces/internal/utils/XMLSecurityPropertyManager$State
Event: 530.818 loading class com/sun/org/apache/xerces/internal/utils/XMLSecurityPropertyManager$State done
Event: 530.818 loading class com/sun/org/apache/xerces/internal/utils/XMLSecurityPropertyManager$Property
Event: 530.819 loading class com/sun/org/apache/xerces/internal/utils/XMLSecurityPropertyManager$Property done
Event: 531.135 loading class java/util/regex/Pattern$SliceI
Event: 531.135 loading class java/util/regex/Pattern$SliceI done
Event: 531.250 Thread 0x000001e8693451d0 Thread added: 0x000001e8693451d0


Dynamic libraries:
0x00007ff7d87f0000 - 0x00007ff7d87fe000 	C:\Users\USER\.jdks\temurin-17.0.11\bin\java.exe
0x00007ffa53ed0000 - 0x00007ffa540e7000 	C:\WINDOWS\SYSTEM32\ntdll.dll
0x00007ffa530d0000 - 0x00007ffa53194000 	C:\WINDOWS\System32\KERNEL32.DLL
0x00007ffa515d0000 - 0x00007ffa5197d000 	C:\WINDOWS\System32\KERNELBASE.dll
0x00007ffa514b0000 - 0x00007ffa515c1000 	C:\WINDOWS\System32\ucrtbase.dll
0x00007ffa49310000 - 0x00007ffa49327000 	C:\Users\USER\.jdks\temurin-17.0.11\bin\jli.dll
0x00007ffa532b0000 - 0x00007ffa5345e000 	C:\WINDOWS\System32\USER32.dll
0x00007ffa51320000 - 0x00007ffa51346000 	C:\WINDOWS\System32\win32u.dll
0x00007ffa53ca0000 - 0x00007ffa53cc9000 	C:\WINDOWS\System32\GDI32.dll
0x00007ffa51980000 - 0x00007ffa51a99000 	C:\WINDOWS\System32\gdi32full.dll
0x00007ffa51350000 - 0x00007ffa513ea000 	C:\WINDOWS\System32\msvcp_win.dll
0x00007ffa3a830000 - 0x00007ffa3aac3000 	C:\WINDOWS\WinSxS\amd64_microsoft.windows.common-controls_6595b64144ccf1df_6.0.22621.3672_none_2713b9d173822955\COMCTL32.dll
0x00007ffa526a0000 - 0x00007ffa52747000 	C:\WINDOWS\System32\msvcrt.dll
0x00007ffa457a0000 - 0x00007ffa457bb000 	C:\Users\USER\.jdks\temurin-17.0.11\bin\VCRUNTIME140.dll
0x00007ffa52e30000 - 0x00007ffa52e61000 	C:\WINDOWS\System32\IMM32.DLL
0x00007ffa48fb0000 - 0x00007ffa48fbc000 	C:\Users\USER\.jdks\temurin-17.0.11\bin\vcruntime140_1.dll
0x00007ffa1c4e0000 - 0x00007ffa1c56d000 	C:\Users\USER\.jdks\temurin-17.0.11\bin\msvcp140.dll
0x00007ff9e1620000 - 0x00007ff9e2282000 	C:\Users\USER\.jdks\temurin-17.0.11\bin\server\jvm.dll
0x00007ffa53540000 - 0x00007ffa535f2000 	C:\WINDOWS\System32\ADVAPI32.dll
0x00007ffa53010000 - 0x00007ffa530b9000 	C:\WINDOWS\System32\sechost.dll
0x00007ffa512f0000 - 0x00007ffa51318000 	C:\WINDOWS\System32\bcrypt.dll
0x00007ffa51c70000 - 0x00007ffa51d84000 	C:\WINDOWS\System32\RPCRT4.dll
0x00007ffa50090000 - 0x00007ffa500dd000 	C:\WINDOWS\SYSTEM32\POWRPROF.dll
0x00007ffa437c0000 - 0x00007ffa437c9000 	C:\WINDOWS\SYSTEM32\WSOCK32.dll
0x00007ffa53a00000 - 0x00007ffa53a71000 	C:\WINDOWS\System32\WS2_32.dll
0x00007ffa48330000 - 0x00007ffa48364000 	C:\WINDOWS\SYSTEM32\WINMM.dll
0x00007ffa456f0000 - 0x00007ffa456fa000 	C:\WINDOWS\SYSTEM32\VERSION.dll
0x00007ffa50070000 - 0x00007ffa50083000 	C:\WINDOWS\SYSTEM32\UMPDC.dll
0x00007ffa50320000 - 0x00007ffa50338000 	C:\WINDOWS\SYSTEM32\kernel.appcore.dll
0x00007ffa48d10000 - 0x00007ffa48d1a000 	C:\Users\USER\.jdks\temurin-17.0.11\bin\jimage.dll
0x00007ffa4eb50000 - 0x00007ffa4ed82000 	C:\WINDOWS\SYSTEM32\DBGHELP.DLL
0x00007ffa53670000 - 0x00007ffa539f8000 	C:\WINDOWS\System32\combase.dll
0x00007ffa53460000 - 0x00007ffa53537000 	C:\WINDOWS\System32\OLEAUT32.dll
0x00007ffa337c0000 - 0x00007ffa337f2000 	C:\WINDOWS\SYSTEM32\dbgcore.DLL
0x00007ffa51270000 - 0x00007ffa512eb000 	C:\WINDOWS\System32\bcryptPrimitives.dll
0x00007ffa44f60000 - 0x00007ffa44f6e000 	C:\Users\USER\.jdks\temurin-17.0.11\bin\instrument.dll
0x00007ffa1d430000 - 0x00007ffa1d455000 	C:\Users\USER\.jdks\temurin-17.0.11\bin\java.dll
0x00007ffa0e280000 - 0x00007ffa0e357000 	C:\Users\USER\.jdks\temurin-17.0.11\bin\jsvml.dll
0x00007ffa51e40000 - 0x00007ffa5269f000 	C:\WINDOWS\System32\SHELL32.dll
0x00007ffa4f160000 - 0x00007ffa4fa5c000 	C:\WINDOWS\SYSTEM32\windows.storage.dll
0x00007ffa4f020000 - 0x00007ffa4f15f000 	C:\WINDOWS\SYSTEM32\wintypes.dll
0x00007ffa528b0000 - 0x00007ffa529a4000 	C:\WINDOWS\System32\SHCORE.dll
0x00007ffa51c10000 - 0x00007ffa51c6e000 	C:\WINDOWS\System32\shlwapi.dll
0x00007ffa51130000 - 0x00007ffa51151000 	C:\WINDOWS\SYSTEM32\profapi.dll
0x00007ffa38580000 - 0x00007ffa38598000 	C:\Users\USER\.jdks\temurin-17.0.11\bin\zip.dll
0x00007ffa38430000 - 0x00007ffa38449000 	C:\Users\USER\.jdks\temurin-17.0.11\bin\net.dll
0x00007ffa490d0000 - 0x00007ffa49206000 	C:\WINDOWS\SYSTEM32\WINHTTP.dll
0x00007ffa50790000 - 0x00007ffa507f9000 	C:\WINDOWS\system32\mswsock.dll
0x00007ffa37130000 - 0x00007ffa37146000 	C:\Users\USER\.jdks\temurin-17.0.11\bin\nio.dll
0x00007ffa44f40000 - 0x00007ffa44f50000 	C:\Users\USER\.jdks\temurin-17.0.11\bin\verify.dll
0x00007ffa20bb0000 - 0x00007ffa20bd7000 	C:\Users\USER\.gradle\native\c067742578af261105cb4f569cf0c3c89f3d7b1fecec35dd04571415982c5e48\windows-amd64\native-platform.dll
0x00007ffa02360000 - 0x00007ffa024a4000 	C:\Users\USER\.gradle\native\100fb08df4bc3b14c8652ba06237920a3bd2aa13389f12d3474272988ae205f9\windows-amd64\native-platform-file-events.dll
0x00007ffa43bd0000 - 0x00007ffa43bd9000 	C:\Users\USER\.jdks\temurin-17.0.11\bin\management.dll
0x00007ffa431d0000 - 0x00007ffa431db000 	C:\Users\USER\.jdks\temurin-17.0.11\bin\management_ext.dll
0x00007ffa52e70000 - 0x00007ffa52e78000 	C:\WINDOWS\System32\PSAPI.DLL
0x00007ffa509f0000 - 0x00007ffa50a0b000 	C:\WINDOWS\SYSTEM32\CRYPTSP.dll
0x00007ffa50280000 - 0x00007ffa502b5000 	C:\WINDOWS\system32\rsaenh.dll
0x00007ffa50890000 - 0x00007ffa508b8000 	C:\WINDOWS\SYSTEM32\USERENV.dll
0x00007ffa50a10000 - 0x00007ffa50a1c000 	C:\WINDOWS\SYSTEM32\CRYPTBASE.dll
0x00007ffa4fd70000 - 0x00007ffa4fd9d000 	C:\WINDOWS\SYSTEM32\IPHLPAPI.DLL
0x00007ffa530c0000 - 0x00007ffa530c9000 	C:\WINDOWS\System32\NSI.dll
0x00007ffa49420000 - 0x00007ffa49439000 	C:\WINDOWS\SYSTEM32\dhcpcsvc6.DLL
0x00007ffa49020000 - 0x00007ffa4903f000 	C:\WINDOWS\SYSTEM32\dhcpcsvc.DLL
0x00007ffa4fda0000 - 0x00007ffa4fe98000 	C:\WINDOWS\SYSTEM32\DNSAPI.dll
0x00007ffa3c630000 - 0x00007ffa3c639000 	C:\Users\USER\.jdks\temurin-17.0.11\bin\extnet.dll
0x00007ffa3b380000 - 0x00007ffa3b38e000 	C:\Users\USER\.jdks\temurin-17.0.11\bin\sunmscapi.dll
0x00007ffa51aa0000 - 0x00007ffa51c07000 	C:\WINDOWS\System32\CRYPT32.dll
0x00007ffa50b90000 - 0x00007ffa50bbe000 	C:\WINDOWS\SYSTEM32\ncrypt.dll
0x00007ffa50b50000 - 0x00007ffa50b87000 	C:\WINDOWS\SYSTEM32\NTASN1.dll
0x00007ffa44070000 - 0x00007ffa44078000 	C:\WINDOWS\system32\wshunix.dll

dbghelp: loaded successfully - version: 4.0.5 - missing functions: none
symbol engine: initialized successfully - sym options: 0x614 - pdb path: .;C:\Users\USER\.jdks\temurin-17.0.11\bin;C:\WINDOWS\SYSTEM32;C:\WINDOWS\WinSxS\amd64_microsoft.windows.common-controls_6595b64144ccf1df_6.0.22621.3672_none_2713b9d173822955;C:\Users\USER\.jdks\temurin-17.0.11\bin\server;C:\Users\USER\.gradle\native\c067742578af261105cb4f569cf0c3c89f3d7b1fecec35dd04571415982c5e48\windows-amd64;C:\Users\USER\.gradle\native\100fb08df4bc3b14c8652ba06237920a3bd2aa13389f12d3474272988ae205f9\windows-amd64

VM Arguments:
jvm_args: --add-opens=java.base/java.util=ALL-UNNAMED --add-opens=java.base/java.lang=ALL-UNNAMED --add-opens=java.base/java.lang.invoke=ALL-UNNAMED --add-opens=java.prefs/java.util.prefs=ALL-UNNAMED --add-opens=java.base/java.nio.charset=ALL-UNNAMED --add-opens=java.base/java.net=ALL-UNNAMED --add-opens=java.base/java.util.concurrent.atomic=ALL-UNNAMED -XX:MaxMetaspaceSize=384m -XX:+HeapDumpOnOutOfMemoryError -Xms256m -Xmx512m -Dfile.encoding=UTF-8 -Duser.country=KR -Duser.language=ko -Duser.variant -javaagent:C:\Users\USER\.gradle\wrapper\dists\gradle-8.8-bin\dl7vupf4psengwqhwktix4v1\gradle-8.8\lib\agents\gradle-instrumentation-agent-8.8.jar 
java_command: org.gradle.launcher.daemon.bootstrap.GradleDaemon 8.8
java_class_path (initial): C:\Users\USER\.gradle\wrapper\dists\gradle-8.8-bin\dl7vupf4psengwqhwktix4v1\gradle-8.8\lib\gradle-launcher-8.8.jar
Launcher Type: SUN_STANDARD

[Global flags]
     intx CICompilerCount                          = 4                                         {product} {ergonomic}
   size_t CompressedClassSpaceSize                 = 335544320                                 {product} {ergonomic}
     uint ConcGCThreads                            = 2                                         {product} {ergonomic}
     uint G1ConcRefinementThreads                  = 8                                         {product} {ergonomic}
   size_t G1HeapRegionSize                         = 1048576                                   {product} {ergonomic}
    uintx GCDrainStackTargetSize                   = 64                                        {product} {ergonomic}
     bool HeapDumpOnOutOfMemoryError               = true                                   {manageable} {command line}
   size_t InitialHeapSize                          = 268435456                                 {product} {command line}
   size_t MarkStackSize                            = 4194304                                   {product} {ergonomic}
   size_t MaxHeapSize                              = 536870912                                 {product} {command line}
   size_t MaxMetaspaceSize                         = 402653184                                 {product} {command line}
   size_t MaxNewSize                               = 321912832                                 {product} {ergonomic}
   size_t MinHeapDeltaBytes                        = 1048576                                   {product} {ergonomic}
   size_t MinHeapSize                              = 268435456                                 {product} {command line}
    uintx NonNMethodCodeHeapSize                   = 5839372                                {pd product} {ergonomic}
    uintx NonProfiledCodeHeapSize                  = 122909434                              {pd product} {ergonomic}
    uintx ProfiledCodeHeapSize                     = 122909434                              {pd product} {ergonomic}
    uintx ReservedCodeCacheSize                    = 251658240                              {pd product} {ergonomic}
     bool SegmentedCodeCache                       = true                                      {product} {ergonomic}
   size_t SoftMaxHeapSize                          = 536870912                              {manageable} {ergonomic}
     bool UseCompressedClassPointers               = true                           {product lp64_product} {ergonomic}
     bool UseCompressedOops                        = true                           {product lp64_product} {ergonomic}
     bool UseG1GC                                  = true                                      {product} {ergonomic}
     bool UseLargePagesIndividualAllocation        = false                                  {pd product} {ergonomic}

Logging:
Log output configuration:
 #0: stdout all=warning uptime,level,tags
 #1: stderr all=off uptime,level,tags

Environment Variables:
JAVA_HOME=C:\Users\USER\Java\jdk-1.8
CLASSPATH=%classpath%;;;
PATH=C:\Program Files\nodejs;C:\Program Files\Microsoft SQL Server\150\DTS\Binn\;C:\Program Files\Microsoft SQL Server\Client SDK\ODBC\170\Tools\Binn\;C:\Program Files\Microsoft SQL Server\160\DTS\Binn\;C:\Users\USER\Java\jdk-1.8bin;C:\Users\USER\AppData\Local\Programs\Microsoft VS Code\bin;C:\Users\USER\AppData\Local\Microsoft\WindowsApps;C:\Users\USER\AppData\Roaming\npm;C:\Program Files\JetBrains\IntelliJ IDEA 2024.1.2\bin;;C:\Program Files\Git\cmd;
USERNAME=USER
OS=Windows_NT
PROCESSOR_IDENTIFIER=Intel64 Family 6 Model 142 Stepping 10, GenuineIntel
TMP=C:\Users\USER\AppData\Local\Temp
TEMP=C:\Users\USER\AppData\Local\Temp



Periodic native trim disabled


---------------  S Y S T E M  ---------------

OS:
 Windows 11 , 64 bit Build 22621 (10.0.22621.3672)
OS uptime: 8 days 0:59 hours

CPU: total 8 (initial active 8) (4 cores per cpu, 2 threads per core) family 6 model 142 stepping 10 microcode 0xe0, cx8, cmov, fxsr, ht, mmx, 3dnowpref, sse, sse2, sse3, ssse3, sse4.1, sse4.2, popcnt, lzcnt, tsc, tscinvbit, avx, avx2, aes, erms, clmul, bmi1, bmi2, adx, fma, vzeroupper, clflush, clflushopt
Processor Information for all 8 processors :
  Max Mhz: 1800, Current Mhz: 1600, Mhz Limit: 1584

Memory: 4k page, system-wide physical 8106M (244M free)
TotalPageFile size 32682M (AvailPageFile size 532M)
current process WorkingSet (physical memory assigned to process): 161M, peak: 161M
current process commit charge ("private bytes"): 463M, peak: 465M

vm_info: OpenJDK 64-Bit Server VM (17.0.11+9) for windows-amd64 JRE (17.0.11+9), built on Apr 17 2024 06:07:48 by "admin" with MS VC++ 16.10 / 16.11 (VS2019)

END.
